number,value,datetime_start,datetime_complete,duration,params_ccp_alpha,params_class_weight,params_criterion,params_max_depth,params_max_features,params_min_samples_leaf,params_min_samples_split,params_splitter,user_attrs_cv_mean,user_attrs_cv_std,user_attrs_fold_scores,state
71,0.7685212206089935,2026-08-26 17:27:43.525298,2026-08-26 17:27:44.523440,0 days 00:00:00.998142,5.889840431293383e-09,,entropy,18,0.8,4,5,best,0.7685212206089935,0.009512434727999342,"[0.7650172208611233, 0.777827724192857, 0.7794452896234177, 0.7670251987625903, 0.7532906696049791]",COMPLETE
72,0.7551204751267697,2026-08-26 17:27:44.523819,2026-08-26 17:27:45.511948,0 days 00:00:00.988129,6.861070082776293e-09,,entropy,23,0.8,9,8,best,0.7551204751267697,0.006058320405101443,"[0.7562122046863803, 0.7486603998843925, 0.7655651400194067, 0.7495313933656572, 0.7556332376780118]",COMPLETE
73,0.7654656406116802,2026-08-26 17:27:45.512300,2026-08-26 17:27:46.519026,0 days 00:00:01.006726,2.9957249097817745e-08,,entropy,18,0.8,3,12,best,0.7654656406116802,0.0033615466249434698,"[0.762138490772207, 0.7719008577787093, 0.7637803888169407, 0.7650421190079535, 0.7644663466825907]",COMPLETE
74,0.7447586360556118,2026-08-26 17:27:46.519342,2026-08-26 17:27:47.468124,0 days 00:00:00.948782,2.5748671259630483e-08,,entropy,19,0.8,12,4,best,0.7447586360556118,0.008768576589114573,"[0.753807366122647, 0.741929469492102, 0.7555713539939094, 0.7402793135716145, 0.7322056770977857]",COMPLETE
75,0.7272894733129499,2026-08-26 17:27:47.468505,2026-08-26 17:27:48.392691,0 days 00:00:00.924186,8.756133319549605e-05,,entropy,21,0.8,18,11,best,0.7272894733129499,0.010965074782983064,"[0.7336253988325474, 0.7134573976016405, 0.7450841917997911, 0.7222169804999402, 0.7220633978308305]",COMPLETE
76,0.7570490551328083,2026-08-26 17:27:48.393036,2026-08-26 17:27:49.378885,0 days 00:00:00.985849,3.505959951388766e-08,,log_loss,18,0.8,6,8,best,0.7570490551328083,0.007634047795470536,"[0.7657132903203147, 0.7554685635766857, 0.7661157759607455, 0.7481984758593674, 0.7497491699469282]",COMPLETE
77,0.7632270012808073,2026-08-26 17:27:49.379288,2026-08-26 17:27:50.388188,0 days 00:00:01.008900,1.0315345425232593e-09,,entropy,20,0.8,3,17,best,0.7632270012808073,0.010221294712615157,"[0.7719659461814206, 0.7661989334939926, 0.7700811581402371, 0.7643815116364903, 0.7435074569518959]",COMPLETE
78,0.7192914764363125,2026-08-26 17:27:50.388539,2026-08-26 17:27:51.545843,0 days 00:00:01.157304,1.141282756378174e-08,,entropy,15,,21,4,best,0.7192914764363125,0.011991413237279,"[0.7129625798953653, 0.7201031304513159, 0.7408350771699282, 0.7178245723114288, 0.7047320223535244]",COMPLETE
79,0.5617159475714806,2026-08-26 17:27:51.546152,2026-08-26 17:27:51.751914,0 days 00:00:00.205762,1.6976730996739493e-08,,entropy,2,0.8,9,10,best,0.5617159475714806,0.0029603867558337773,"[0.5652296019367694, 0.5632075662595587, 0.562105735022145, 0.5617150339249046, 0.556321800714025]",COMPLETE
80,0.7140605155771544,2026-08-26 17:27:51.752214,2026-08-26 17:27:52.009280,0 days 00:00:00.257066,2.4485029889770256e-09,,entropy,25,log2,7,26,best,0.7140605155771544,0.0102583930389026,"[0.7175187833569474, 0.7104050348063365, 0.7037914110093687, 0.7323440493081733, 0.7062432994049465]",COMPLETE
81,0.7657115298760065,2026-08-26 17:27:52.009595,2026-08-26 17:27:53.027095,0 days 00:00:01.017500,6.392224745521925e-09,,entropy,19,0.8,3,14,best,0.7657115298760065,0.007059226834187853,"[0.7743551998753823, 0.7678986846018662, 0.7552593299760035, 0.7600291955491402, 0.7710152393776407]",COMPLETE
82,0.7756802069602188,2026-08-26 17:27:53.027463,2026-08-26 17:27:54.055493,0 days 00:00:01.028030,8.431724883704028e-09,,entropy,19,0.8,1,7,best,0.7756802069602188,0.00751296657574981,"[0.773142034974708, 0.7790048972837962, 0.7828704356957029, 0.7812105994899999, 0.7621730673568865]",COMPLETE
83,0.7690762357378159,2026-08-26 17:27:54.055873,2026-08-26 17:27:55.082959,0 days 00:00:01.027086,5.808647851011253e-09,,entropy,19,0.8,3,7,best,0.7690762357378159,0.0051509830341075055,"[0.7641256342091327, 0.7780666972866214, 0.771320305423289, 0.7648058778448331, 0.7670626639252035]",COMPLETE
84,0.7690762357378159,2026-08-26 17:27:55.083304,2026-08-26 17:27:56.111088,0 days 00:00:01.027784,2.9043382999402075e-09,,entropy,19,0.8,3,7,best,0.7690762357378159,0.0051509830341075055,"[0.7641256342091327, 0.7780666972866214, 0.771320305423289, 0.7648058778448331, 0.7670626639252035]",COMPLETE
85,0.7690451243941915,2026-08-26 17:27:56.111484,2026-08-26 17:27:57.123420,0 days 00:00:01.011936,1.4495938099879037e-09,,entropy,19,0.8,4,8,best,0.7690451243941915,0.009562475358559239,"[0.7694343555129474, 0.7709993100965292, 0.7849474301937599, 0.7640391675990381, 0.7558053585686829]",COMPLETE
86,0.6796094218780028,2026-08-26 17:27:57.123779,2026-08-26 17:27:57.200917,0 days 00:00:00.077138,1.4069540884841343e-09,,entropy,19,0.8,10,8,random,0.6796094218780028,0.0062147655048553395,"[0.6799968158301349, 0.6743245531949175, 0.6806485934289516, 0.6903848583125988, 0.6726922886234113]",COMPLETE
87,0.7733394159071991,2026-08-26 17:27:57.201241,2026-08-26 17:27:58.215442,0 days 00:00:01.014201,2.6777086158145835e-09,,entropy,22,0.8,4,7,best,0.7733394159071991,0.005285276934998181,"[0.7700601517940354, 0.7833758423828282, 0.7735581961730326, 0.768471665753498, 0.7712312234326011]",COMPLETE
88,0.7063822918341343,2026-08-26 17:27:58.215794,2026-08-26 17:27:58.470226,0 days 00:00:00.254432,2.524326800597001e-09,,entropy,22,sqrt,12,7,best,0.7063822918341343,0.008946270871363769,"[0.7100179749061453, 0.707437037240661, 0.7146189844239778, 0.7107457761153237, 0.6890916864845639]",COMPLETE
89,0.7655635917959975,2026-08-26 17:27:58.470527,2026-08-26 17:27:59.472397,0 days 00:00:01.001870,1.500744406471371e-09,,entropy,23,0.8,5,3,best,0.7655635917959975,0.006488588779328381,"[0.76566023609436, 0.7728475412596255, 0.770171303559063, 0.7538970092430489, 0.7652418688238907]",COMPLETE
90,0.7403005217621277,2026-08-26 17:27:59.472781,2026-08-26 17:27:59.943885,0 days 00:00:00.471104,3.084940956213892e-09,,log_loss,20,0.4,8,11,best,0.7403005217621277,0.0060240860745431205,"[0.7415865718135297, 0.7289195050257579, 0.7469398887013666, 0.7417005867390157, 0.7423560565309684]",COMPLETE
91,0.7653253892074776,2026-08-26 17:27:59.944213,2026-08-26 17:28:00.954826,0 days 00:00:01.010613,4.808242982447923e-09,,entropy,21,0.8,3,16,best,0.7653253892074776,0.0077843378136677795,"[0.7698928034324893, 0.7626699455216789, 0.7755622639441649, 0.7523056049168958, 0.766196328222159]",COMPLETE
92,0.7690762357378159,2026-08-26 17:28:00.955164,2026-08-26 17:28:01.980628,0 days 00:00:01.025464,2.5697545206159654e-09,,entropy,19,0.8,3,7,best,0.7690762357378159,0.0051509830341075055,"[0.7641256342091327, 0.7780666972866214, 0.771320305423289, 0.7648058778448331, 0.7670626639252035]",COMPLETE
93,0.7608731765037271,2026-08-26 17:28:01.980976,2026-08-26 17:28:02.977839,0 days 00:00:00.996863,2.721460831816886e-09,,entropy,20,0.8,5,6,best,0.7608731765037271,0.0066908006699236055,"[0.7586862168587668, 0.7679874175656983, 0.7672572808686189, 0.7608614333357703, 0.7495735338897811]",COMPLETE
94,0.7622463204909184,2026-08-26 17:28:02.978218,2026-08-26 17:28:03.962056,0 days 00:00:00.983838,1.1623047692601566e-09,,entropy,24,0.8,7,9,best,0.7622463204909184,0.006066023916742539,"[0.7604357387560432, 0.7564260404007778, 0.7739835280593884, 0.7596291063714222, 0.7607571888669605]",COMPLETE
95,0.746719951960035,2026-08-26 17:28:03.962420,2026-08-26 17:28:04.939428,0 days 00:00:00.977008,1.927249798408536e-09,,entropy,22,0.8,10,2,best,0.746719951960035,0.006062661457711679,"[0.7373486784358777, 0.7489771713346826, 0.7441832330932473, 0.7558961924343088, 0.7471944845020589]",COMPLETE
96,0.7736987901892468,2026-08-26 17:28:04.939837,2026-08-26 17:28:05.964596,0 days 00:00:01.024759,4.076925544199268e-09,,entropy,20,0.8,3,7,best,0.7736987901892468,0.007231959144596412,"[0.7673993578972568, 0.7831351893912929, 0.7807074059507803, 0.7726378917656552, 0.7646141059412489]",COMPLETE
97,0.7667769015465,2026-08-26 17:28:05.964974,2026-08-26 17:28:06.991237,0 days 00:00:01.026263,3.5710158818924017e-09,,entropy,21,0.8,3,12,best,0.7667769015465,0.004624670889592273,"[0.7691703404885525, 0.7698182885125154, 0.760490748845652, 0.7620995645947423, 0.7723055652910383]",COMPLETE
98,0.7756802069602188,2026-08-26 17:28:06.991647,2026-08-26 17:28:08.022131,0 days 00:00:01.030484,2.2605061340901013e-09,,entropy,19,0.8,1,7,best,0.7756802069602188,0.00751296657574981,"[0.773142034974708, 0.7790048972837962, 0.7828704356957029, 0.7812105994899999, 0.7621730673568865]",COMPLETE
99,0.7256681853292994,2026-08-26 17:28:08.022480,2026-08-26 17:28:08.123059,0 days 00:00:00.100579,2.158122913954095e-09,,entropy,20,0.8,1,8,random,0.7256681853292994,0.008731305689809177,"[0.727657401648667, 0.7166613826245882, 0.7406082154340554, 0.7262628367087758, 0.7171510902304109]",COMPLETE
100,0.7556399719616055,2026-08-26 17:28:08.123376,2026-08-26 17:28:09.157066,0 days 00:00:01.033690,1.5042299572841137e-09,,entropy,19,0.8,2,19,best,0.7556399719616055,0.010836927586315215,"[0.7576804773353155, 0.7693040679869899, 0.7587690602495929, 0.7564500202937915, 0.7359962339423375]",COMPLETE
101,0.7690451243941915,2026-08-26 17:28:09.157392,2026-08-26 17:28:10.168775,0 days 00:00:01.011383,4.256233401923353e-09,,entropy,19,0.8,4,5,best,0.7690451243941915,0.009562475358559239,"[0.7694343555129474, 0.7709993100965292, 0.7849474301937599, 0.7640391675990381, 0.7558053585686829]",COMPLETE
102,0.7639609465853691,2026-08-26 17:28:10.169168,2026-08-26 17:28:11.175830,0 days 00:00:01.006662,3.922652909032795e-09,,entropy,21,0.8,6,7,best,0.7639609465853691,0.006946936266340876,"[0.7653033876283928, 0.7624882378521437, 0.775162997385213, 0.7634525029785796, 0.7533976070825164]",COMPLETE
103,0.767666030739249,2026-08-26 17:28:11.176198,2026-08-26 17:28:12.179609,0 days 00:00:01.003411,1.0005807383803296e-09,,entropy,19,0.8,4,10,best,0.767666030739249,0.009447117313198632,"[0.7642087738769788, 0.7739785247977728, 0.7805339354318327, 0.7670587121612154, 0.7525502074284455]",COMPLETE
104,0.5804801067545204,2026-08-26 17:28:12.180000,2026-08-26 17:28:12.563391,0 days 00:00:00.383391,1.053182304869913e-08,,entropy,4,0.8,8,5,best,0.5804801067545204,0.005529324153312944,"[0.5844257670355951, 0.5746657098885274, 0.579220346544675, 0.5890089420064615, 0.5750797682973432]",COMPLETE
105,0.6388903293428617,2026-08-26 17:28:12.563690,2026-08-26 17:28:12.771796,0 days 00:00:00.208106,3.0004865366855846e-09,,entropy,20,log2,57,2,best,0.6388903293428617,0.0037481977008266424,"[0.6382584156196894, 0.6378333518503884, 0.6429601817173844, 0.6426662472209996, 0.6327334503058469]",COMPLETE
106,0.7725175786618564,2026-08-26 17:28:12.772090,2026-08-26 17:28:14.106035,0 days 00:00:01.333945,1.8148628813669156e-08,,entropy,19,,1,13,best,0.7725175786618564,0.005475682643809334,"[0.7714634773043901, 0.7807724704462076, 0.7753897116790339, 0.7707735394986779, 0.7641886943809727]",COMPLETE
107,0.7725175786618564,2026-08-26 17:28:14.106469,2026-08-26 17:28:15.440280,0 days 00:00:01.333811,4.550588509661595e-09,,entropy,19,,1,13,best,0.7725175786618564,0.005475682643809334,"[0.7714634773043901, 0.7807724704462076, 0.7753897116790339, 0.7707735394986779, 0.7641886943809727]",COMPLETE
108,0.7677294034969997,2026-08-26 17:28:15.440687,2026-08-26 17:28:16.756025,0 days 00:00:01.315338,8.006506665465023e-09,,entropy,17,,1,13,best,0.7677294034969997,0.010190800504335738,"[0.7610189916260914, 0.7850255401730372, 0.7735289374665498, 0.7614345565500197, 0.7576389916692999]",COMPLETE
109,0.763405745870631,2026-08-26 17:28:16.756334,2026-08-26 17:28:18.071503,0 days 00:00:01.315169,2.3122928326787835e-09,,entropy,21,,2,22,best,0.763405745870631,0.007120229961547643,"[0.7666365812247754, 0.7699544671345183, 0.762916086542034, 0.7676144254134627, 0.7499071690383649]",COMPLETE
110,0.7624512973961257,2026-08-26 17:28:18.071927,2026-08-26 17:28:19.353938,0 days 00:00:01.282011,1.8024286265800972e-08,,entropy,19,,6,17,best,0.7624512973961257,0.004715550417037148,"[0.7700016302644274, 0.761842221710617, 0.7607496232628002, 0.7641431916752914, 0.7555198200674923]",COMPLETE
111,0.7710657752940849,2026-08-26 17:28:19.354311,2026-08-26 17:28:20.676873,0 days 00:00:01.322562,4.6413543774152e-09,,entropy,20,,2,15,best,0.7710657752940849,0.005159313142859956,"[0.7707974932870904, 0.778863266629938, 0.771489422018896, 0.7715846936337618, 0.7625940009007385]",COMPLETE
112,0.7710657752940849,2026-08-26 17:28:20.677293,2026-08-26 17:28:22.007279,0 days 00:00:01.329986,5.465934310913288e-09,,entropy,20,,2,15,best,0.7710657752940849,0.005159313142859956,"[0.7707974932870904, 0.778863266629938, 0.771489422018896, 0.7715846936337618, 0.7625940009007385]",COMPLETE
113,0.7689184750254353,2026-08-26 17:28:22.007649,2026-08-26 17:28:23.333681,0 days 00:00:01.326032,5.456068523459869e-09,,entropy,20,,1,18,best,0.7689184750254353,0.004717878048607912,"[0.7719781063505099, 0.7715438833204096, 0.769484435993947, 0.7719240406193189, 0.7596619088429911]",COMPLETE
114,0.7731318373984867,2026-08-26 17:28:23.334078,2026-08-26 17:28:24.670279,0 days 00:00:01.336201,1.1713394823633202e-08,,entropy,21,,1,15,best,0.7731318373984867,0.005924133210828717,"[0.7760560352809075, 0.7812164177936299, 0.7695062466292087, 0.7749703774926155, 0.763910109796072]",COMPLETE
115,0.773850109104351,2026-08-26 17:28:24.670685,2026-08-26 17:28:26.012128,0 days 00:00:01.341443,1.1337339176899831e-08,,entropy,22,,1,15,best,0.773850109104351,0.004439178720752763,"[0.7759322993562555, 0.7791187981705914, 0.7749111345568697, 0.7735126895097446, 0.7657756239282945]",COMPLETE
116,0.7661892661160146,2026-08-26 17:28:26.012515,2026-08-26 17:28:27.336770,0 days 00:00:01.324255,2.177371665359568e-08,,entropy,24,,1,21,best,0.7661892661160146,0.0066450167579004855,"[0.7715114727472857, 0.7707541633784576, 0.7668380423172513, 0.7685270401334513, 0.7533156120036271]",COMPLETE
117,0.7656624137240517,2026-08-26 17:28:27.337152,2026-08-26 17:28:28.628942,0 days 00:00:01.291790,1.180171262162313e-08,,entropy,23,,6,16,best,0.7656624137240517,0.005204619139848093,"[0.7724648490936379, 0.7646297524403378, 0.7644121236182709, 0.7695802397262796, 0.7572251037417327]",COMPLETE
118,0.751789758812097,2026-08-26 17:28:28.629377,2026-08-26 17:28:29.897616,0 days 00:00:01.268239,8.245259810341128e-09,,log_loss,22,,8,24,best,0.751789758812097,0.006996274223057984,"[0.7516813104118919, 0.7484758172989001, 0.7612663093230975, 0.756687760713327, 0.740837596313269]",COMPLETE
119,0.7296328878260728,2026-08-26 17:28:29.897958,2026-08-26 17:28:30.005274,0 days 00:00:00.107316,3.9852939632886504e-08,,entropy,21,,2,15,random,0.7296328878260728,0.009423165631631767,"[0.7380435070614885, 0.7170238549301372, 0.7353722528319002, 0.7383525767968139, 0.7193722475100243]",COMPLETE
120,0.7673829607966515,2026-08-26 17:28:30.005585,2026-08-26 17:28:31.300440,0 days 00:00:01.294855,1.1013048070129565e-08,,entropy,22,,6,12,best,0.7673829607966515,0.0067867844184143974,"[0.7681032197913339, 0.7685926961862884, 0.7745271020658558, 0.7710954765222328, 0.7545963094175466]",COMPLETE
121,0.7720972151225807,2026-08-26 17:28:31.300789,2026-08-26 17:28:32.625382,0 days 00:00:01.324593,6.333532575906226e-09,,entropy,20,,2,14,best,0.7720972151225807,0.005507484091452631,"[0.7724448812178649, 0.7794578778996849, 0.774694188748516, 0.7712757170138177, 0.7626134107330197]",COMPLETE
122,0.7727961382104557,2026-08-26 17:28:32.625692,2026-08-26 17:28:33.959173,0 days 00:00:01.333481,6.61482109446463e-09,,entropy,20,,1,14,best,0.7727961382104557,0.0054459680286003485,"[0.7759322993562555, 0.7780117417218264, 0.7765405033009741, 0.7702176817262485, 0.7632784649469739]",COMPLETE
123,0.7727961382104557,2026-08-26 17:28:33.959507,2026-08-26 17:28:35.290735,0 days 00:00:01.331228,6.884878143821614e-09,,entropy,20,,1,14,best,0.7727961382104557,0.0054459680286003485,"[0.7759322993562555, 0.7780117417218264, 0.7765405033009741, 0.7702176817262485, 0.7632784649469739]",COMPLETE
124,0.7638029389374411,2026-08-26 17:28:35.291155,2026-08-26 17:28:36.610412,0 days 00:00:01.319257,1.4863109181100767e-08,,entropy,20,,1,21,best,0.7638029389374411,0.006639416621506504,"[0.7662463638803653, 0.7695570071399472, 0.7671688295724569, 0.7652026291232902, 0.750839864971146]",COMPLETE
125,0.7557261114590046,2026-08-26 17:28:36.610844,2026-08-26 17:28:37.888070,0 days 00:00:01.277226,7.755803834577892e-09,,entropy,21,,5,28,best,0.7557261114590046,0.008109641097483128,"[0.7539833239602673, 0.7527331287676002, 0.7574977060932951, 0.7696441234905178, 0.7447722749833426]",COMPLETE
126,0.7698953612709576,2026-08-26 17:28:37.888387,2026-08-26 17:28:39.213776,0 days 00:00:01.325389,2.0845566256088574e-08,,entropy,23,,1,19,best,0.7698953612709576,0.0062242991221484936,"[0.7726300135880821, 0.7750165336302172, 0.7689570143092342, 0.774658499455827, 0.7582147453714274]",COMPLETE
127,0.7684411327211135,2026-08-26 17:28:39.214151,2026-08-26 17:28:40.512144,0 days 00:00:01.297993,4.3860510944890185e-09,,entropy,22,,5,14,best,0.7684411327211135,0.005492239705682339,"[0.7701749957143517, 0.7729943872324716, 0.7696544715176484, 0.7716724682922749, 0.7577093408488205]",COMPLETE
128,0.7659942591921913,2026-08-26 17:28:40.512496,2026-08-26 17:28:41.811081,0 days 00:00:01.298585,1.2005758668516127e-08,,entropy,18,,4,10,best,0.7659942591921913,0.007258671057173638,"[0.7638207403996705, 0.7788579253186173, 0.766165827817475, 0.764700161106851, 0.7564266413183427]",COMPLETE
129,0.7612155401512537,2026-08-26 17:28:41.811406,2026-08-26 17:28:43.080016,0 days 00:00:01.268610,6.486818715161722e-08,,entropy,21,,8,12,best,0.7612155401512537,0.010403481058648833,"[0.7670455256113778, 0.7529190781790062, 0.7757630085456323, 0.7639425427088745, 0.7464075457113776]",COMPLETE
130,0.7739583379576719,2026-08-26 17:28:43.080439,2026-08-26 17:28:44.393530,0 days 00:00:01.313091,6.8434087713985305e-09,,entropy,20,,3,13,best,0.7739583379576719,0.0073548046971746595,"[0.7735988335400753, 0.7852879211150551, 0.7739767580867513, 0.7748517003510228, 0.762076476695455]",COMPLETE
131,0.769306262639672,2026-08-26 17:28:44.393961,2026-08-26 17:28:45.702962,0 days 00:00:01.309001,6.485185615592551e-09,,entropy,20,,3,17,best,0.769306262639672,0.005569070752990152,"[0.7722145023283765, 0.7752824652652501, 0.7676846441288566, 0.7720739107452909, 0.7592757907305855]",COMPLETE
132,0.7767772237872795,2026-08-26 17:28:45.703349,2026-08-26 17:28:47.045619,0 days 00:00:01.342270,8.73880427409815e-09,,entropy,21,,1,13,best,0.7767772237872795,0.00509551242907701,"[0.775964977185843, 0.7845859758316163, 0.7790243569493865, 0.7753501538305522, 0.7689606551389992]",COMPLETE
133,0.7787395455512833,2026-08-26 17:28:47.046030,2026-08-26 17:28:48.385629,0 days 00:00:01.339599,9.660320212002303e-09,,entropy,21,,1,10,best,0.7787395455512833,0.005385599456605464,"[0.7825314188607467, 0.7833903276831499, 0.7799811250573648, 0.7794011362354278, 0.768393719919727]",COMPLETE
134,0.6893726258135684,2026-08-26 17:28:48.386031,2026-08-26 17:28:49.451784,0 days 00:00:01.065753,1.6732212884772128e-08,,entropy,24,,45,10,best,0.6893726258135684,0.007963088322596049,"[0.6868874281414183, 0.6842319755559602, 0.7036501006137482, 0.691454354747364, 0.6806392700093515]",COMPLETE
135,0.7685019544053249,2026-08-26 17:28:49.452173,2026-08-26 17:28:50.752654,0 days 00:00:01.300481,2.9640885945517065e-08,,entropy,22,,5,12,best,0.7685019544053249,0.003927090000099208,"[0.7665891355666048, 0.7722167014672762, 0.7706335823783553, 0.7714019867468137, 0.7616683658675747]",COMPLETE
136,0.7787395455512833,2026-08-26 17:28:50.752958,2026-08-26 17:28:52.095111,0 days 00:00:01.342153,1.038685337501606e-08,,entropy,21,,1,10,best,0.7787395455512833,0.005385599456605464,"[0.7825314188607467, 0.7833903276831499, 0.7799811250573648, 0.7794011362354278, 0.768393719919727]",COMPLETE
137,0.7654399134696194,2026-08-26 17:28:52.095426,2026-08-26 17:28:53.375839,0 days 00:00:01.280413,9.489126501525295e-09,,entropy,21,,7,10,best,0.7654399134696194,0.007480154286895847,"[0.7724031853916089, 0.7628908978939045, 0.7733512122554598, 0.7658433601373882, 0.7527109116697352]",COMPLETE
138,0.7670422716492558,2026-08-26 17:28:53.376240,2026-08-26 17:28:54.674691,0 days 00:00:01.298451,1.3118453380879767e-08,,entropy,22,,4,19,best,0.7670422716492558,0.005812022998880063,"[0.7728942958689405, 0.7721923658572996, 0.7647807293103107, 0.7683647417213354, 0.7569792254883926]",COMPLETE
139,0.7733305755557482,2026-08-26 17:28:54.675082,2026-08-26 17:28:56.005809,0 days 00:00:01.330727,2.1877869587608064e-08,,log_loss,21,,3,11,best,0.7733305755557482,0.007286347330674769,"[0.7766332863343752, 0.7826830563601884, 0.7728657191795415, 0.7740383214367433, 0.7604324944678922]",COMPLETE
140,0.768314095264444,2026-08-26 17:28:56.006120,2026-08-26 17:28:57.296116,0 days 00:00:01.289996,4.982931550934968e-08,,log_loss,23,,6,9,best,0.768314095264444,0.006874772137565123,"[0.7735189925805788, 0.7696996113709226, 0.7750952436042473, 0.7676249194217105, 0.7556317093447613]",COMPLETE
141,0.7137925414201105,2026-08-26 17:28:57.296521,2026-08-26 17:28:58.494959,0 days 00:00:01.198438,2.4241867986782465e-08,,log_loss,22,,3,84,best,0.7137925414201105,0.006225561323763489,"[0.7141741107136625, 0.7113347513197698, 0.714577927319081, 0.724085543631011, 0.7047903741170284]",COMPLETE
142,0.5617159475714806,2026-08-26 17:28:58.495450,2026-08-26 17:28:59.841623,0 days 00:00:01.346173,0.008648747552154803,,log_loss,21,,1,12,best,0.5617159475714806,0.0029603867558337773,"[0.5652296019367694, 0.5632075662595587, 0.562105735022145, 0.5617150339249046, 0.556321800714025]",COMPLETE
143,0.770839800803309,2026-08-26 17:28:59.841949,2026-08-26 17:29:01.145306,0 days 00:00:01.303357,9.398739413352607e-09,,log_loss,21,,4,16,best,0.770839800803309,0.005902905015295242,"[0.7771744348575732, 0.7774581505012778, 0.7670098187135351, 0.7704018878696114, 0.7621547120745479]",COMPLETE
