number,value,datetime_start,datetime_complete,duration,params_ccp_alpha,params_class_weight,params_criterion,params_max_depth,params_max_features,params_min_samples_leaf,params_min_samples_split,params_splitter,user_attrs_cv_mean,user_attrs_cv_std,user_attrs_fold_scores,state
0,0.6619962312741732,2026-08-26 17:27:00.166722,2026-08-26 17:27:00.750135,0 days 00:00:00.583413,1.3480180290890803e-07,balanced,log_loss,12,0.6,59,96,best,0.6619962312741732,0.008701172058449374,"[0.6698002257935322, 0.652329498966672, 0.6734587141435918, 0.6620305011417685, 0.6523622163253012]",COMPLETE
1,0.5619441932793402,2026-08-26 17:27:00.750443,2026-08-26 17:27:00.812095,0 days 00:00:00.061652,0.0043873144324354085,,log_loss,17,0.8,24,44,random,0.5619441932793402,0.00943598858793548,"[0.5702231553290747, 0.5497104008961492, 0.5649161226945555, 0.5728679757621674, 0.5520033117147539]",COMPLETE
2,0.516079875233379,2026-08-26 17:27:00.812409,2026-08-26 17:27:00.839842,0 days 00:00:00.027433,0.006124806805925988,,gini,30,sqrt,25,82,random,0.516079875233379,0.024923613770630695,"[0.5578677859367359, 0.48766802318411645, 0.5253867525552581, 0.5149509985274169, 0.4945258159633674]",COMPLETE
3,0.6269222657957375,2026-08-26 17:27:00.840152,2026-08-26 17:27:01.036075,0 days 00:00:00.195923,0.00041245717727594227,,log_loss,24,sqrt,72,95,best,0.6269222657957375,0.004817063667503303,"[0.6312581441634816, 0.6288907749559313, 0.6299061780259502, 0.6268226540644842, 0.6177335777688401]",COMPLETE
4,0.5705642123292936,2026-08-26 17:27:01.036371,2026-08-26 17:27:01.139007,0 days 00:00:00.102636,1.5027137214154575e-07,,entropy,4,log2,62,99,best,0.5705642123292936,0.010222470207073068,"[0.5792335695498676, 0.5666225578963404, 0.5783388241169324, 0.5764209361128475, 0.5522051739704795]",COMPLETE
5,0.664690325045893,2026-08-26 17:27:01.139322,2026-08-26 17:27:01.975517,0 days 00:00:00.836195,2.8501838758433707e-05,,gini,11,,52,74,best,0.664690325045893,0.016125876352566158,"[0.6804815006984938, 0.6696431057186393, 0.6731842669463526, 0.6663002665369087, 0.6338424853290706]",COMPLETE
6,0.5648354699595763,2026-08-26 17:27:01.975867,2026-08-26 17:27:01.997845,0 days 00:00:00.021978,0.0017697543538533224,,entropy,11,log2,73,52,random,0.5648354699595763,0.00860114763627452,"[0.5608109591949013, 0.5790369222440227, 0.5589787817345347, 0.5700369898057587, 0.5553136968186644]",COMPLETE
7,0.6617207930151341,2026-08-26 17:27:01.998132,2026-08-26 17:27:02.758502,0 days 00:00:00.760370,1.8298712093870903e-07,balanced,entropy,17,0.8,72,81,best,0.6617207930151341,0.00905836224032128,"[0.6615161077379528, 0.661366543385078, 0.6656206068877814, 0.6740022881500592, 0.646098418914799]",COMPLETE
8,0.6493424182256381,2026-08-26 17:27:02.758812,2026-08-26 17:27:02.825660,0 days 00:00:00.066848,1.0333896431462928e-08,,entropy,17,,30,71,random,0.6493424182256381,0.010596976198157615,"[0.6649997079268649, 0.6510548268998976, 0.6471750610219893, 0.6515683385791856, 0.6319141567002527]",COMPLETE
9,0.6604681472639894,2026-08-26 17:27:02.825957,2026-08-26 17:27:03.016520,0 days 00:00:00.190563,1.3685182782317289e-05,,gini,16,sqrt,20,99,best,0.6604681472639894,0.005312599936716472,"[0.6620887085289556, 0.6562784919252278, 0.6638669954017578, 0.6674371291553549, 0.6526694113086512]",COMPLETE
10,0.564195943824752,2026-08-26 17:27:03.016824,2026-08-26 17:27:03.253913,0 days 00:00:00.237089,2.336601710098664e-05,balanced,gini,2,,1,2,best,0.564195943824752,0.004954998926408174,"[0.5667978246851051, 0.5577329741406464, 0.5658863818626768, 0.5711552315718745, 0.5594073068634573]",COMPLETE
11,0.6465640192604003,2026-08-26 17:27:03.254215,2026-08-26 17:27:03.825554,0 days 00:00:00.571339,1.7325819024028384e-06,balanced,log_loss,10,0.6,50,59,best,0.6465640192604003,0.005807519095256744,"[0.6450806560917103, 0.6394867263259453, 0.6452463928911624, 0.6457663679655891, 0.6572399530275946]",COMPLETE
12,0.6683062262478322,2026-08-26 17:27:03.825873,2026-08-26 17:27:04.432321,0 days 00:00:00.606448,3.1205813623082966e-09,balanced,log_loss,12,0.6,48,35,best,0.6683062262478322,0.010532888898528058,"[0.668168140204268, 0.662114143708382, 0.6763888906167255, 0.6824213542886248, 0.6524386024211611]",COMPLETE
13,0.6032990923286663,2026-08-26 17:27:04.432627,2026-08-26 17:27:04.669649,0 days 00:00:00.237022,1.090860668147555e-09,balanced,gini,6,0.4,42,22,best,0.6032990923286663,0.0072557614940786325,"[0.6099897488056499, 0.6000414476595397, 0.6119384961212991, 0.5917700558262022, 0.6027557132306404]",COMPLETE
14,0.6233850124961134,2026-08-26 17:27:04.669951,2026-08-26 17:27:05.538052,0 days 00:00:00.868101,0.00014678727050247952,balanced,log_loss,8,,42,34,best,0.6233850124961134,0.005779317323744491,"[0.6135477379222033, 0.6304522590234373, 0.6277180551496544, 0.6229828685764874, 0.6222241418087848]",COMPLETE
15,0.6730028488913344,2026-08-26 17:27:05.538412,2026-08-26 17:27:06.078982,0 days 00:00:00.540570,1.0921296040492856e-09,balanced,gini,23,0.6,54,17,best,0.6730028488913344,0.00533676983828591,"[0.6741607402545885, 0.6717097121380631, 0.6825892621291162, 0.669467021424381, 0.6670875085105236]",COMPLETE
16,0.6984053151380759,2026-08-26 17:27:06.079309,2026-08-26 17:27:06.663092,0 days 00:00:00.583783,1.0986475105496506e-09,balanced,gini,24,0.6,37,16,best,0.6984053151380759,0.011606637311858363,"[0.7005730856705865, 0.6812832548172024, 0.7055368474404556, 0.714446192003614, 0.6901871957585207]",COMPLETE
17,0.6999427817830417,2026-08-26 17:27:06.663412,2026-08-26 17:27:07.269286,0 days 00:00:00.605874,1.4089758776600013e-08,balanced,gini,24,0.6,34,8,best,0.6999427817830417,0.014042780421920746,"[0.6920555878172286, 0.6945059554284941, 0.7203093960206592, 0.7114985113943627, 0.6813444582544638]",COMPLETE
18,0.6873308607216103,2026-08-26 17:27:07.269604,2026-08-26 17:27:07.338129,0 days 00:00:00.068525,1.9728850017588817e-08,balanced,gini,26,0.6,10,4,random,0.6873308607216103,0.011450348633684944,"[0.6900104726354197, 0.6695098172843919, 0.7053974727836665, 0.6860937676497451, 0.6856427732548284]",COMPLETE
19,0.6959586971927869,2026-08-26 17:27:07.338437,2026-08-26 17:27:07.919621,0 days 00:00:00.581184,2.093549252656041e-08,balanced,gini,20,0.6,35,16,best,0.6959586971927869,0.009401604504919916,"[0.6925749931181461, 0.6917717461811915, 0.713305800215806, 0.696738778697588, 0.6854021677512024]",COMPLETE
20,0.6823939483047685,2026-08-26 17:27:07.919957,2026-08-26 17:27:08.293043,0 days 00:00:00.373086,1.0601682115021286e-06,balanced,gini,30,0.4,37,27,best,0.6823939483047685,0.004644900584743346,"[0.6843215255609808, 0.6818427218619987, 0.6795580133426404, 0.6900066315771439, 0.6762408491810793]",COMPLETE
21,0.6999427817830417,2026-08-26 17:27:08.293362,2026-08-26 17:27:08.892331,0 days 00:00:00.598969,2.1617327577514438e-08,balanced,gini,21,0.6,34,14,best,0.6999427817830417,0.014042780421920746,"[0.6920555878172286, 0.6945059554284941, 0.7203093960206592, 0.7114985113943627, 0.6813444582544638]",COMPLETE
22,0.7287657278546156,2026-08-26 17:27:08.892663,2026-08-26 17:27:09.533693,0 days 00:00:00.641030,6.55410283740987e-09,balanced,gini,21,0.6,16,11,best,0.7287657278546156,0.006828237765430799,"[0.7273536074086545, 0.723113938684495, 0.7392157688735254, 0.7335630800786274, 0.7205822442277757]",COMPLETE
23,0.7404346837478941,2026-08-26 17:27:09.534021,2026-08-26 17:27:10.190944,0 days 00:00:00.656923,5.4428421410715603e-08,balanced,gini,21,0.6,11,9,best,0.7404346837478941,0.006500205217714749,"[0.7460690621245285, 0.7403838070072354, 0.7490235589979454, 0.7349790810688716, 0.7317179095408893]",COMPLETE
24,0.7353714416142523,2026-08-26 17:27:10.191279,2026-08-26 17:27:10.851982,0 days 00:00:00.660703,7.732586727170022e-08,balanced,gini,27,0.6,14,8,best,0.7353714416142523,0.007421877934763111,"[0.7454302733613648, 0.7381088627206632, 0.7397193485490946, 0.7274635860133299, 0.7261351374268088]",COMPLETE
25,0.7371035219628733,2026-08-26 17:27:10.852299,2026-08-26 17:27:11.507176,0 days 00:00:00.654877,7.905028841941448e-07,balanced,gini,28,0.6,12,27,best,0.7371035219628733,0.005070156131417337,"[0.7403315698224691, 0.7363174884612022, 0.7449241685129372, 0.7333269345505573, 0.7306174484672009]",COMPLETE
26,0.6841225114578585,2026-08-26 17:27:11.507504,2026-08-26 17:27:11.574488,0 days 00:00:00.066984,9.074485441224073e-07,balanced,gini,27,0.6,7,30,random,0.6841225114578585,0.010669826190151457,"[0.690833420191684, 0.671419696877719, 0.700668231429158, 0.6829306879127518, 0.6747605208779798]",COMPLETE
27,0.7165790238411562,2026-08-26 17:27:11.574800,2026-08-26 17:27:11.987524,0 days 00:00:00.412724,4.213211049589255e-06,balanced,gini,28,0.4,13,39,best,0.7165790238411562,0.010267988893540374,"[0.7317799165930756, 0.7064252653570336, 0.7140715922077842, 0.7248872665318459, 0.7057310785160422]",COMPLETE
28,0.7173468767331077,2026-08-26 17:27:11.987822,2026-08-26 17:27:12.230472,0 days 00:00:00.242650,8.66490174097436e-08,balanced,gini,28,log2,2,24,best,0.7173468767331077,0.009717045129330604,"[0.7247771787415046, 0.7028946433023431, 0.723902838204998, 0.7266611390506496, 0.7084985843660433]",COMPLETE
29,0.7186586537067041,2026-08-26 17:27:12.230775,2026-08-26 17:27:12.950492,0 days 00:00:00.719717,3.320972037490993e-07,balanced,entropy,25,0.6,19,21,best,0.7186586537067041,0.008668626164400206,"[0.7185182232637589, 0.7223279106996889, 0.731013213521832, 0.7171770727856286, 0.7042568482626121]",COMPLETE
30,0.7552368922136192,2026-08-26 17:27:12.950834,2026-08-26 17:27:13.846579,0 days 00:00:00.895745,7.128865133257722e-08,balanced,gini,19,0.8,8,9,best,0.7552368922136192,0.010627118129341712,"[0.7670169482595304, 0.7473824291092686, 0.7689799380645611, 0.7495053280382532, 0.7432998175964832]",COMPLETE
31,0.7308982581941339,2026-08-26 17:27:13.846914,2026-08-26 17:27:14.693919,0 days 00:00:00.847005,6.04357952322774e-08,balanced,gini,14,0.8,7,7,best,0.7308982581941339,0.006779509935736565,"[0.7350957446280497, 0.7313812157649243, 0.7406840012107105, 0.7212609408366122, 0.7260693885303725]",COMPLETE
32,0.7392498286478901,2026-08-26 17:27:14.694247,2026-08-26 17:27:15.558449,0 days 00:00:00.864202,4.875432752004201e-08,balanced,gini,20,0.8,13,2,best,0.7392498286478901,0.013678156041123796,"[0.7405700236751048, 0.7495030175163704, 0.7564360438661007, 0.7326051988505835, 0.7171348593312906]",COMPLETE
33,0.736763497148749,2026-08-26 17:27:15.558772,2026-08-26 17:27:16.437250,0 days 00:00:00.878478,3.5260685016505627e-07,balanced,gini,19,0.8,6,43,best,0.736763497148749,0.01097928967535654,"[0.7343628815897331, 0.7279065228521459, 0.7565021538704694, 0.7393397167313402, 0.7257062107000568]",COMPLETE
34,0.6470278639488989,2026-08-26 17:27:16.437611,2026-08-26 17:27:16.502950,0 days 00:00:00.065339,4.7476978002386736e-08,balanced,gini,14,0.8,25,10,random,0.6470278639488989,0.005991380884630821,"[0.6560702495068164, 0.6503617736207944, 0.6477615301019216, 0.6407275639314554, 0.6402182025835067]",COMPLETE
35,0.7247212010132739,2026-08-26 17:27:16.503264,2026-08-26 17:27:17.417041,0 days 00:00:00.913777,4.884369583074042e-06,balanced,log_loss,22,0.8,21,2,best,0.7247212010132739,0.010216052618505191,"[0.7257010347024883, 0.7210979353674604, 0.7373856555279534, 0.7318998585494669, 0.7075215209190002]",COMPLETE
36,0.7457080693551686,2026-08-26 17:27:17.417377,2026-08-26 17:27:18.294288,0 days 00:00:00.876911,5.20481362809722e-07,balanced,gini,19,0.8,10,20,best,0.7457080693551686,0.0104639058259767,"[0.7430484188534926, 0.7474491515943565, 0.7586963751388359, 0.7518351525036017, 0.7275112486855569]",COMPLETE
37,0.6558286823903208,2026-08-26 17:27:18.294641,2026-08-26 17:27:18.358189,0 days 00:00:00.063548,3.8804943243036213e-07,,gini,19,0.8,24,19,random,0.6558286823903208,0.007896051118579678,"[0.6601891984864121, 0.662634240058155, 0.6585147717073064, 0.657365818728212, 0.6404393829715188]",COMPLETE
38,0.7263303534326553,2026-08-26 17:27:18.358490,2026-08-26 17:27:19.280761,0 days 00:00:00.922271,4.526052881512271e-08,balanced,entropy,15,0.8,17,12,best,0.7263303534326553,0.006090899715261872,"[0.7274446502319214, 0.728841847933363, 0.7323906238025426, 0.7283542455778749, 0.7146203996175743]",COMPLETE
39,0.755060739257108,2026-08-26 17:27:19.281157,2026-08-26 17:27:20.127655,0 days 00:00:00.846498,1.986607473793068e-07,,gini,20,0.8,9,6,best,0.755060739257108,0.011477037043069876,"[0.7489012895887955, 0.764985501336855, 0.7687418567976599, 0.7558981267122054, 0.7367769218500242]",COMPLETE
40,0.6427603811847067,2026-08-26 17:27:20.128008,2026-08-26 17:27:20.165113,0 days 00:00:00.037105,2.14559642614391e-07,,log_loss,18,sqrt,3,32,random,0.6427603811847067,0.008252357989593237,"[0.629215919169428, 0.6542324184380998, 0.6404134596545362, 0.6472254501299369, 0.6427146585315322]",COMPLETE
41,0.7659434901692858,2026-08-26 17:27:20.165415,2026-08-26 17:27:21.032138,0 days 00:00:00.866723,5.287054376370919e-09,,gini,22,0.8,6,6,best,0.7659434901692858,0.009020641906038003,"[0.7652653837592829, 0.7572515803447378, 0.7815242183993711, 0.768703507704294, 0.756972760638743]",COMPLETE
42,0.7507228279499621,2026-08-26 17:27:21.032484,2026-08-26 17:27:21.876969,0 days 00:00:00.844485,3.730057704408271e-09,,gini,22,0.8,9,14,best,0.7507228279499621,0.006433593867553,"[0.7469771766798119, 0.7565511431513432, 0.7541159864252845, 0.7561228110930793, 0.7398470224002914]",COMPLETE
43,0.7645559052833328,2026-08-26 17:27:21.877324,2026-08-26 17:27:22.738617,0 days 00:00:00.861293,8.695757328241909e-09,,gini,18,0.8,6,14,best,0.7645559052833328,0.0059866383612213366,"[0.7608327749582221, 0.76108695494476, 0.7667335832195166, 0.7753089989553922, 0.7588172143387736]",COMPLETE
44,0.7599387345812008,2026-08-26 17:27:22.738958,2026-08-26 17:27:23.598669,0 days 00:00:00.859711,4.882803110333423e-09,,gini,17,0.8,5,6,best,0.7599387345812008,0.013243321673884046,"[0.7567038496766387, 0.7431494532505449, 0.7803403484002871, 0.7689229687931424, 0.7505770527853904]",COMPLETE
45,0.7610485663401856,2026-08-26 17:27:23.599001,2026-08-26 17:27:24.592032,0 days 00:00:00.993031,4.251912910781774e-09,,entropy,17,0.8,4,6,best,0.7610485663401856,0.00815449390151617,"[0.7626776119642319, 0.7684381990426873, 0.7702579665584457, 0.7554183408349253, 0.7484507133006378]",COMPLETE
46,0.7485757438586312,2026-08-26 17:27:24.592374,2026-08-26 17:27:25.566880,0 days 00:00:00.974506,2.8727145240333364e-09,,entropy,16,0.8,4,25,best,0.7485757438586312,0.005312619773374815,"[0.7496761004380333, 0.7506692712718009, 0.7568467715722486, 0.7436781541612628, 0.7420084218498103]",COMPLETE
47,0.764536086065474,2026-08-26 17:27:25.567267,2026-08-26 17:27:26.579151,0 days 00:00:01.011884,5.182941046489236e-09,,entropy,17,0.8,2,13,best,0.764536086065474,0.005873038588587797,"[0.7729187727430479, 0.7620049198096982, 0.7551802610289591, 0.7673166194394153, 0.7652598573062491]",COMPLETE
48,0.7246448917678003,2026-08-26 17:27:26.579475,2026-08-26 17:27:27.524741,0 days 00:00:00.945266,7.0418244779526495e-09,,entropy,13,0.8,1,13,best,0.7246448917678003,0.010203870798556893,"[0.7192084016269046, 0.7319669350303354, 0.7405263910512834, 0.7194607613742369, 0.7120619697562413]",COMPLETE
49,0.6941162657886544,2026-08-26 17:27:27.525053,2026-08-26 17:27:27.771177,0 days 00:00:00.246124,3.732807059831021e-09,,entropy,17,log2,5,51,best,0.6941162657886544,0.010666844891292134,"[0.7036907888532674, 0.6986850600200748, 0.7054857766377766, 0.6822666455460422, 0.6804530578861109]",COMPLETE
50,0.76490486483543,2026-08-26 17:27:27.771491,2026-08-26 17:27:28.785301,0 days 00:00:01.013810,8.63035739130916e-09,,entropy,16,0.8,1,5,best,0.76490486483543,0.0070179927222491275,"[0.7634997119357118, 0.773373089641254, 0.7655197289911694, 0.7695134530842621, 0.7526183405247527]",COMPLETE
51,0.7648205395877014,2026-08-26 17:27:28.785705,2026-08-26 17:27:29.798422,0 days 00:00:01.012717,7.255738554448457e-09,,entropy,16,0.8,1,4,best,0.7648205395877014,0.010244891791588509,"[0.7676391633040076, 0.7759591013615953, 0.7674001882909175, 0.7677187874152117, 0.7453854575667749]",COMPLETE
52,0.752365903270143,2026-08-26 17:27:29.798757,2026-08-26 17:27:30.786253,0 days 00:00:00.987496,2.110220686775117e-09,,entropy,15,0.8,1,17,best,0.752365903270143,0.013887263410544599,"[0.7429118164390979, 0.7784246300502403, 0.7456893306171856, 0.7545427219330049, 0.7402610173111862]",COMPLETE
53,0.6432205607618996,2026-08-26 17:27:30.786591,2026-08-26 17:27:30.998301,0 days 00:00:00.211710,1.037684923052487e-08,,entropy,10,sqrt,1,4,best,0.6432205607618996,0.014906357777407153,"[0.6584338007648879, 0.6275290650948931, 0.6535772917168476, 0.6228333816649954, 0.653729264567874]",COMPLETE
54,0.6612188525254625,2026-08-26 17:27:30.998628,2026-08-26 17:27:31.758574,0 days 00:00:00.759946,1.8338924049164492e-09,,entropy,16,0.8,68,90,best,0.6612188525254625,0.008650999591046519,"[0.6675110634631016, 0.6627518176302979, 0.6683422951298446, 0.6629582024876429, 0.6445308839164261]",COMPLETE
55,0.6520948830539915,2026-08-26 17:27:31.758893,2026-08-26 17:27:32.694097,0 days 00:00:00.935204,2.2900308411351124e-08,,entropy,13,,78,13,best,0.6520948830539915,0.013246904756914623,"[0.6508530253622565, 0.6689579861385527, 0.657603608032879, 0.6545282073193482, 0.6285315884169212]",COMPLETE
56,0.7606671946455582,2026-08-26 17:27:32.694444,2026-08-26 17:27:33.685172,0 days 00:00:00.990728,9.45229752327679e-09,,entropy,18,0.8,5,2,best,0.7606671946455582,0.005410258220183142,"[0.7578370170818878, 0.7612828806581534, 0.7698039555072705, 0.7611128611426322, 0.7532992588378469]",COMPLETE
57,0.6635243137768885,2026-08-26 17:27:33.685531,2026-08-26 17:27:33.752668,0 days 00:00:00.067137,1.9486310717598687e-09,,entropy,15,0.8,16,18,random,0.6635243137768885,0.013641498220427596,"[0.669478349744789, 0.6575342956856789, 0.6820112535483371, 0.6674733491045758, 0.6411243208010619]",COMPLETE
58,0.7062672356858751,2026-08-26 17:27:33.752980,2026-08-26 17:27:34.648065,0 days 00:00:00.895085,1.3137041657798417e-08,,entropy,12,0.8,3,6,best,0.7062672356858751,0.012363455276328808,"[0.68392816604415, 0.7202775954706903, 0.712959924087122, 0.7104631567850177, 0.7037073360423957]",COMPLETE
59,0.7420355921121714,2026-08-26 17:27:34.648414,2026-08-26 17:27:35.126249,0 days 00:00:00.477835,2.573437704285915e-08,,entropy,18,0.4,7,11,best,0.7420355921121714,0.01116812809692734,"[0.7435605815042492, 0.7222107263763422, 0.7506099816482407, 0.7542288139832692, 0.7395678570487555]",COMPLETE
60,0.7471885092003305,2026-08-26 17:27:35.126559,2026-08-26 17:27:36.570869,0 days 00:00:01.444310,5.215297321726843e-09,,entropy,16,,11,15,best,0.7471885092003305,0.008597504431477162,"[0.7467070033029081, 0.7459986476822947, 0.758700194809497, 0.7519379663638041, 0.7325987338431487]",COMPLETE
61,0.7606671946455582,2026-08-26 17:27:36.571249,2026-08-26 17:27:37.559970,0 days 00:00:00.988721,8.475805451019175e-09,,entropy,18,0.8,5,2,best,0.7606671946455582,0.005410258220183142,"[0.7578370170818878, 0.7612828806581534, 0.7698039555072705, 0.7611128611426322, 0.7532992588378469]",COMPLETE
62,0.7685212206089935,2026-08-26 17:27:37.560348,2026-08-26 17:27:38.557731,0 days 00:00:00.997383,1.4770433116993158e-08,,entropy,18,0.8,4,5,best,0.7685212206089935,0.009512434727999342,"[0.7650172208611233, 0.777827724192857, 0.7794452896234177, 0.7670251987625903, 0.7532906696049791]",COMPLETE
63,0.7356233362628857,2026-08-26 17:27:38.558105,2026-08-26 17:27:39.506010,0 days 00:00:00.947905,3.339833144572391e-08,,entropy,23,0.8,14,5,best,0.7356233362628857,0.011858105601441217,"[0.7291147549620934, 0.726614616561425, 0.7513416303538637, 0.7484160494202383, 0.7226296300168075]",COMPLETE
64,0.6073283292434573,2026-08-26 17:27:39.506374,2026-08-26 17:27:39.764017,0 days 00:00:00.257643,0.002236926487987935,,entropy,14,log2,1,10,best,0.6073283292434573,0.009676361203145058,"[0.6149025334767355, 0.5978783769285895, 0.6067678150610067, 0.6211600998005132, 0.5959328209504411]",COMPLETE
65,0.7425017311350673,2026-08-26 17:27:39.764310,2026-08-26 17:27:40.728161,0 days 00:00:00.963851,1.5668436174896936e-08,,entropy,16,0.8,8,23,best,0.7425017311350673,0.010514456995918669,"[0.7335559426956326, 0.7570992670682385, 0.7519941633625234, 0.7401676983648929, 0.7296915841840494]",COMPLETE
66,0.7607085194758357,2026-08-26 17:27:40.728486,2026-08-26 17:27:41.733811,0 days 00:00:01.005325,1.5210928728484276e-09,,entropy,17,0.8,4,9,best,0.7607085194758357,0.005587374511149575,"[0.7517697608474626, 0.7669747026485497, 0.7596311866304357, 0.7663739722793097, 0.7587929749734208]",COMPLETE
67,0.7083531236387477,2026-08-26 17:27:41.734138,2026-08-26 17:27:41.985591,0 days 00:00:00.251453,3.635817454598147e-09,,log_loss,22,sqrt,11,15,best,0.7083531236387477,0.013891949057634788,"[0.7176393618373806, 0.6888539279255134, 0.7193373441729539, 0.7217066308517336, 0.6942283534061566]",COMPLETE
68,0.7736987901892468,2026-08-26 17:27:41.985886,2026-08-26 17:27:43.007202,0 days 00:00:01.021316,6.288482744730571e-09,,entropy,20,0.8,3,7,best,0.7736987901892468,0.007231959144596412,"[0.7673993578972568, 0.7831351893912929, 0.7807074059507803, 0.7726378917656552, 0.7646141059412489]",COMPLETE
69,0.7064280839372771,2026-08-26 17:27:43.007572,2026-08-26 17:27:43.086677,0 days 00:00:00.079105,1.443971141533029e-08,,entropy,20,0.8,7,20,random,0.7064280839372771,0.010473452984774914,"[0.7027851406933472, 0.7019050537051864, 0.7255437133852823, 0.7076384065485669, 0.6942681053540021]",COMPLETE
70,0.7007801225125473,2026-08-26 17:27:43.086987,2026-08-26 17:27:43.524981,0 days 00:00:00.437994,1.0950148277055529e-07,,entropy,21,0.4,15,65,best,0.7007801225125473,0.010166662543699828,"[0.7057940170440901, 0.7066444423827517, 0.7056598266983877, 0.705337164152052, 0.6804651622854548]",COMPLETE
