number,value,datetime_start,datetime_complete,duration,params_ccp_alpha,params_class_weight,params_criterion,params_max_depth,params_max_features,params_min_samples_leaf,params_min_samples_split,params_splitter,user_attrs_cv_mean,user_attrs_cv_std,user_attrs_fold_scores,state
144,0.7747114936845578,2026-08-26 17:29:01.145711,2026-08-26 17:29:02.480754,0 days 00:00:01.335043,1.719388487273907e-08,,log_loss,20,,1,11,best,0.7747114936845578,0.005817047541684165,"[0.7734622463974783, 0.7821568016579064, 0.7797601647121014, 0.7725159270708682, 0.7656623285844351]",COMPLETE
145,0.778210699510887,2026-08-26 17:29:02.481164,2026-08-26 17:29:03.802812,0 days 00:00:01.321648,3.3921602882551e-08,,log_loss,21,,3,9,best,0.778210699510887,0.00720783529000918,"[0.7772962541715871, 0.7865430490984484, 0.7810252328023751, 0.7811327392980711, 0.7650562221839529]",COMPLETE
146,0.6475175990449905,2026-08-26 17:29:03.803133,2026-08-26 17:29:03.841182,0 days 00:00:00.038049,1.0277724086259266e-07,,log_loss,23,sqrt,9,9,random,0.6475175990449905,0.015335175469811826,"[0.6590367847978414, 0.6527096140167615, 0.6519326392330163, 0.6566209191176787, 0.6172880380596549]",COMPLETE
147,0.7541989870690816,2026-08-26 17:29:03.841493,2026-08-26 17:29:04.335681,0 days 00:00:00.494188,1.417454642456885e-08,,log_loss,21,0.4,3,11,best,0.7541989870690816,0.004975150615698097,"[0.7570160014080597, 0.7488657368432506, 0.7625487873753732, 0.7518510143240572, 0.7507133953946673]",COMPLETE
148,0.7098660094635231,2026-08-26 17:29:04.336008,2026-08-26 17:29:05.466271,0 days 00:00:01.130263,4.441349540943196e-08,,log_loss,22,,30,4,best,0.7098660094635231,0.012942007382953391,"[0.7018905684048645, 0.7001295468437584, 0.7311680638627268, 0.7185315578500776, 0.6976103103561879]",COMPLETE
149,0.7702518506978566,2026-08-26 17:29:05.466620,2026-08-26 17:29:06.770698,0 days 00:00:01.304078,3.097046484909931e-08,,log_loss,25,,5,7,best,0.7702518506978566,0.004293133897009636,"[0.7702639959346474, 0.7765976075964978, 0.7706206219747443, 0.7707046740585818, 0.7630723539248118]",COMPLETE
150,0.7535489693444066,2026-08-26 17:29:06.771004,2026-08-26 17:29:07.530393,0 days 00:00:00.759389,2.010377717802004e-08,,log_loss,21,0.6,7,9,best,0.7535489693444066,0.0073152509785635485,"[0.7480795828661116, 0.7597409101304325, 0.7621662052556427, 0.7552602014799014, 0.7424979469899445]",COMPLETE
151,0.7716555673058612,2026-08-26 17:29:07.530724,2026-08-26 17:29:08.849686,0 days 00:00:01.318962,7.397813592828358e-09,,log_loss,20,,3,11,best,0.7716555673058612,0.006822347295195041,"[0.769914531382972, 0.7796849733526215, 0.77393729587332, 0.7752219498196596, 0.7595190861007323]",COMPLETE
152,0.7727961382104557,2026-08-26 17:29:08.850007,2026-08-26 17:29:10.182068,0 days 00:00:01.332061,3.4153845841790546e-09,,log_loss,20,,1,14,best,0.7727961382104557,0.0054459680286003485,"[0.7759322993562555, 0.7780117417218264, 0.7765405033009741, 0.7702176817262485, 0.7632784649469739]",COMPLETE
153,0.774980178431546,2026-08-26 17:29:10.182467,2026-08-26 17:29:11.509152,0 days 00:00:01.326685,1.047611449940085e-08,,log_loss,20,,3,6,best,0.774980178431546,0.005880610435256451,"[0.7776484523750892, 0.7797898409709504, 0.7767368961143136, 0.7773245278737204, 0.7634011748236563]",COMPLETE
154,0.7774572295645511,2026-08-26 17:29:11.509543,2026-08-26 17:29:12.836651,0 days 00:00:01.327108,1.1094166799920399e-08,,log_loss,21,,3,6,best,0.7774572295645511,0.00586042106959312,"[0.7795487794588211, 0.7806116889577647, 0.7801093290682574, 0.7812274299103384, 0.7657889204275738]",COMPLETE
155,0.7680519412243445,2026-08-26 17:29:12.836950,2026-08-26 17:29:14.141177,0 days 00:00:01.304227,9.800843463093334e-09,,log_loss,22,,5,4,best,0.7680519412243445,0.00616840835069587,"[0.7652741192276898, 0.7742406232115293, 0.7727660957765478, 0.7706602301692925, 0.7573186377366632]",COMPLETE
156,0.7791373768948571,2026-08-26 17:29:14.141605,2026-08-26 17:29:15.476149,0 days 00:00:01.334544,0.0004187968447378577,,log_loss,21,,3,7,best,0.7791373768948571,0.006910288760932199,"[0.7839856147299545, 0.7819586920774112, 0.7808803443522612, 0.7833742569874399, 0.7654879763272184]",COMPLETE
157,0.7737240516180159,2026-08-26 17:29:15.476532,2026-08-26 17:29:16.801625,0 days 00:00:01.325093,0.0004841067923121695,,log_loss,23,,4,6,best,0.7737240516180159,0.008364961654830052,"[0.7802337730465748, 0.7701108808887575, 0.7767584162482759, 0.782326571187936, 0.7591906167185352]",COMPLETE
158,0.6989498029346484,2026-08-26 17:29:16.801920,2026-08-26 17:29:17.070741,0 days 00:00:00.268821,0.0007602092784186744,,log_loss,23,log2,7,2,best,0.6989498029346484,0.0038610547421657647,"[0.6944023133719481, 0.6990898886571394, 0.7009294247996172, 0.7050100052974063, 0.6953173825471312]",COMPLETE
159,0.7563655419136764,2026-08-26 17:29:17.071048,2026-08-26 17:29:18.321808,0 days 00:00:01.250760,0.000325511172142682,,log_loss,23,,10,6,best,0.7563655419136764,0.008498184572391775,"[0.7567199996029332, 0.7502051040639399, 0.7641964354501646, 0.7667470757405944, 0.7439590947107503]",COMPLETE
160,0.773882794695092,2026-08-26 17:29:18.322222,2026-08-26 17:29:19.644064,0 days 00:00:01.321842,0.0004693271486611639,,log_loss,22,,4,6,best,0.773882794695092,0.0076210568610034935,"[0.7798621567520246, 0.7721734975509763, 0.7752284292909977, 0.7818950488706066, 0.7602548410108544]",COMPLETE
161,0.7300761347059557,2026-08-26 17:29:19.644389,2026-08-26 17:29:20.969703,0 days 00:00:01.325314,0.000985653338382394,,log_loss,22,,4,6,best,0.7300761347059557,0.011509312361524105,"[0.7278392658541307, 0.7282364433204401, 0.7486643341940882, 0.7328979713417715, 0.712742658819348]",COMPLETE
162,0.7711310676788898,2026-08-26 17:29:20.970100,2026-08-26 17:29:22.272727,0 days 00:00:01.302627,0.00019664974754300964,,log_loss,24,,5,8,best,0.7711310676788898,0.0054818540931439765,"[0.7734171258705403, 0.7745658934173587, 0.7767312378008068, 0.7698170618919985, 0.7611240194137449]",COMPLETE
163,0.7700280223446243,2026-08-26 17:29:22.273156,2026-08-26 17:29:23.609217,0 days 00:00:01.336061,0.0005279734749604915,,log_loss,22,,3,4,best,0.7700280223446243,0.009260592895029961,"[0.7779783728433834, 0.7674622624328661, 0.7774587763344695, 0.7741481483466854, 0.7530925517657171]",COMPLETE
164,0.6188676595966186,2026-08-26 17:29:23.609601,2026-08-26 17:29:24.606112,0 days 00:00:00.996511,0.002542225810172504,,log_loss,21,,65,6,best,0.6188676595966186,0.01107982668623147,"[0.6155529478960616, 0.6360995408152162, 0.6206587944635488, 0.6204819860453402, 0.6015450287629261]",COMPLETE
165,0.7660931678864896,2026-08-26 17:29:24.606429,2026-08-26 17:29:25.892588,0 days 00:00:01.286159,1.223337685594263e-05,,log_loss,20,,6,8,best,0.7660931678864896,0.00505396233543817,"[0.7636305645181919, 0.7704864563969172, 0.771002188070395, 0.767910586149978, 0.7574360442969663]",COMPLETE
166,0.7293284692610318,2026-08-26 17:29:25.892932,2026-08-26 17:29:26.172570,0 days 00:00:00.279638,1.6371227055295723e-06,balanced,log_loss,18,sqrt,3,3,best,0.7293284692610318,0.004930912805363524,"[0.7334824013527759, 0.7207142848961535, 0.7280328895569183, 0.7346422479028742, 0.7297705225964376]",COMPLETE
167,0.761294730532159,2026-08-26 17:29:26.172878,2026-08-26 17:29:27.443307,0 days 00:00:01.270429,8.178129818092676e-05,,log_loss,21,,8,5,best,0.761294730532159,0.01027576525837174,"[0.7669254816438716, 0.7531770761150226, 0.7757630085456323, 0.7639425427088745, 0.7466655436473942]",COMPLETE
168,0.7534075982860012,2026-08-26 17:29:27.443690,2026-08-26 17:29:27.937439,0 days 00:00:00.493749,0.00028961985820468323,,log_loss,22,0.4,5,7,best,0.7534075982860012,0.003915103011993604,"[0.7587527980797241, 0.7535175226700295, 0.7466604598282695, 0.7531320887549683, 0.754975122097015]",COMPLETE
169,0.7244132413802539,2026-08-26 17:29:27.937764,2026-08-26 17:29:28.048439,0 days 00:00:00.110675,4.9582671287604634e-06,,log_loss,19,,3,9,random,0.7244132413802539,0.007090891220336889,"[0.7362026598126837, 0.7201199714264662, 0.7280889858635043, 0.7218326604294969, 0.7158219293691181]",COMPLETE
170,0.6259299184748319,2026-08-26 17:29:28.048758,2026-08-26 17:29:28.578241,0 days 00:00:00.529483,0.0010267385650958463,,log_loss,8,0.6,2,2,best,0.6259299184748319,0.012786391869540135,"[0.6371485949755021, 0.6080661704095934, 0.6429813135797844, 0.624440987984692, 0.6170125254245877]",COMPLETE
171,0.7714828894141179,2026-08-26 17:29:28.578564,2026-08-26 17:29:29.916998,0 days 00:00:01.338434,0.0005197690179182365,,log_loss,21,,3,10,best,0.7714828894141179,0.008625326381468752,"[0.7787809440032804, 0.7699971212660932, 0.7776510100907172, 0.7756588399491969, 0.7553265317613019]",COMPLETE
172,0.7718806881640373,2026-08-26 17:29:29.917351,2026-08-26 17:29:31.229073,0 days 00:00:01.311722,0.0002547405500682736,,log_loss,20,,4,11,best,0.7718806881640373,0.006476356066241802,"[0.7738000852929914, 0.7825929565704429, 0.7717196187321598, 0.7682430171817808, 0.7630477630428113]",COMPLETE
173,0.6866898361789004,2026-08-26 17:29:31.229457,2026-08-26 17:29:32.531311,0 days 00:00:01.301854,0.0015440247862512912,,log_loss,21,,6,8,best,0.6866898361789004,0.01153282347171398,"[0.6906217530725902, 0.6905182522801748, 0.7019907965255122, 0.6833714465980817, 0.666946932418143]",COMPLETE
174,0.7786096192829024,2026-08-26 17:29:32.531743,2026-08-26 17:29:33.876678,0 days 00:00:01.344935,1.548596650942593e-08,,log_loss,22,,2,5,best,0.7786096192829024,0.004031016016193827,"[0.7781991839514785, 0.7765620701227508, 0.7861005422299464, 0.7781062787821397, 0.7740800213281962]",COMPLETE
175,0.7807859365569524,2026-08-26 17:29:33.877002,2026-08-26 17:29:35.232270,0 days 00:00:01.355268,1.4156417546786459e-08,,log_loss,23,,1,5,best,0.7807859365569524,0.0034199541909292813,"[0.7846987618771636, 0.7809872644659243, 0.784300218247389, 0.7760543824725383, 0.7778890557217465]",COMPLETE
176,0.7799385061914077,2026-08-26 17:29:35.232626,2026-08-26 17:29:36.604228,0 days 00:00:01.371602,0.00045184858614412025,,log_loss,24,,1,3,best,0.7799385061914077,0.007655594190136402,"[0.789002701962846, 0.7811887987471017, 0.7788419405637376, 0.7844298258796459, 0.7662292638037073]",COMPLETE
177,0.7780684346524813,2026-08-26 17:29:36.604646,2026-08-26 17:29:37.973846,0 days 00:00:01.369200,0.00045722912241587607,,log_loss,24,,1,4,best,0.7780684346524813,0.007185103702461495,"[0.7859131523396203, 0.7802069863130329, 0.7781992752717434, 0.7814033653637145, 0.7646193939742956]",COMPLETE
178,0.784563980398978,2026-08-26 17:29:37.974172,2026-08-26 17:29:39.328335,0 days 00:00:01.354163,0.00012597752863584142,,log_loss,24,,1,4,best,0.784563980398978,0.004147732211489486,"[0.7863395829348349, 0.788272053335227, 0.7883099486811194, 0.7824481986315052, 0.7774501184122036]",COMPLETE
179,0.7535830426016052,2026-08-26 17:29:39.328725,2026-08-26 17:29:40.700233,0 days 00:00:01.371508,0.0007465806941855728,,log_loss,25,,1,4,best,0.7535830426016052,0.011555725372603867,"[0.7531874609376045, 0.7497759245451009, 0.7690119522067712, 0.7612356484561853, 0.7347042268623643]",COMPLETE
180,0.7847189125212832,2026-08-26 17:29:40.700545,2026-08-26 17:29:42.074539,0 days 00:00:01.373994,0.00017579716355924706,,log_loss,24,,1,3,best,0.7847189125212832,0.0035677741573247935,"[0.7900666804876438, 0.7872735564619369, 0.7839172988764403, 0.7823232821738069, 0.7800137446065883]",COMPLETE
181,0.785862674413828,2026-08-26 17:29:42.075099,2026-08-26 17:29:43.437850,0 days 00:00:01.362751,0.00011988902140243029,,log_loss,24,,1,2,best,0.785862674413828,0.0031060969243045054,"[0.7883379435073287, 0.7877315805890867, 0.78887838072081, 0.7832874983530065, 0.7810779688989075]",COMPLETE
182,0.7852768976042779,2026-08-26 17:29:43.438276,2026-08-26 17:29:44.796640,0 days 00:00:01.358364,0.00010273000875386051,,log_loss,25,,1,2,best,0.7852768976042779,0.005159242641333147,"[0.7932159772022601, 0.786600329794476, 0.7871571271462322, 0.7808658846922353, 0.7785451691861852]",COMPLETE
183,0.7855095159661626,2026-08-26 17:29:44.796972,2026-08-26 17:29:46.160667,0 days 00:00:01.363695,4.7432278555837396e-05,,log_loss,26,,1,2,best,0.7855095159661626,0.002789048252865014,"[0.7871127597016959, 0.786600329794476, 0.7891302435491531, 0.7833733387336231, 0.7813309080518648]",COMPLETE
184,0.7850703655324954,2026-08-26 17:29:46.161074,2026-08-26 17:29:47.523254,0 days 00:00:01.362180,8.278923148085695e-05,,log_loss,27,,1,3,best,0.7850703655324954,0.0032405047021394516,"[0.7888218113344992, 0.7872998086825517, 0.7862354205784254, 0.783309985625917, 0.7796848014410838]",COMPLETE
185,0.7855095159661626,2026-08-26 17:29:47.523647,2026-08-26 17:29:48.880795,0 days 00:00:01.357148,9.283125506589475e-05,,log_loss,26,,1,2,best,0.7855095159661626,0.002789048252865014,"[0.7871127597016959, 0.786600329794476, 0.7891302435491531, 0.7833733387336231, 0.7813309080518648]",COMPLETE
186,0.7851021379058847,2026-08-26 17:29:48.881131,2026-08-26 17:29:50.238075,0 days 00:00:01.356944,8.260909132458251e-05,,log_loss,27,,1,2,best,0.7851021379058847,0.0036152305260780523,"[0.7881947894916287, 0.786600329794476, 0.7891302435491531, 0.7810855873972513, 0.7804997392969142]",COMPLETE
187,0.7851021379058847,2026-08-26 17:29:50.238404,2026-08-26 17:29:51.596733,0 days 00:00:01.358329,9.357960791110408e-05,,log_loss,27,,1,2,best,0.7851021379058847,0.0036152305260780523,"[0.7881947894916287, 0.786600329794476, 0.7891302435491531, 0.7810855873972513, 0.7804997392969142]",COMPLETE
188,0.7855095159661626,2026-08-26 17:29:51.597145,2026-08-26 17:29:52.967281,0 days 00:00:01.370136,8.96377148786591e-05,,log_loss,26,,1,2,best,0.7855095159661626,0.002789048252865014,"[0.7871127597016959, 0.786600329794476, 0.7891302435491531, 0.7833733387336231, 0.7813309080518648]",COMPLETE
189,0.7811893827218381,2026-08-26 17:29:52.967640,2026-08-26 17:29:54.312705,0 days 00:00:01.345065,9.06140609327698e-05,,log_loss,27,,2,2,best,0.7811893827218381,0.004188259359647381,"[0.7841659555735764, 0.7846006176678667, 0.784483601771986, 0.7785264844724556, 0.7741702541233056]",COMPLETE
190,0.7851021379058847,2026-08-26 17:29:54.313117,2026-08-26 17:29:55.673708,0 days 00:00:01.360591,8.946458468897704e-05,,log_loss,27,,1,2,best,0.7851021379058847,0.0036152305260780523,"[0.7881947894916287, 0.786600329794476, 0.7891302435491531, 0.7810855873972513, 0.7804997392969142]",COMPLETE
191,0.7851021379058847,2026-08-26 17:29:55.674024,2026-08-26 17:29:57.030764,0 days 00:00:01.356740,9.030399528725084e-05,,log_loss,27,,1,2,best,0.7851021379058847,0.0036152305260780523,"[0.7881947894916287, 0.786600329794476, 0.7891302435491531, 0.7810855873972513, 0.7804997392969142]",COMPLETE
192,0.7811893827218381,2026-08-26 17:29:57.031170,2026-08-26 17:29:58.377917,0 days 00:00:01.346747,8.603206229464578e-05,,log_loss,27,,2,2,best,0.7811893827218381,0.004188259359647381,"[0.7841659555735764, 0.7846006176678667, 0.784483601771986, 0.7785264844724556, 0.7741702541233056]",COMPLETE
193,0.7851021379058847,2026-08-26 17:29:58.378334,2026-08-26 17:29:59.735056,0 days 00:00:01.356722,9.330195607386823e-05,,log_loss,27,,1,2,best,0.7851021379058847,0.0036152305260780523,"[0.7881947894916287, 0.786600329794476, 0.7891302435491531, 0.7810855873972513, 0.7804997392969142]",COMPLETE
194,0.7851021379058847,2026-08-26 17:29:59.735354,2026-08-26 17:30:01.091966,0 days 00:00:01.356612,9.448123377072637e-05,,log_loss,27,,1,2,best,0.7851021379058847,0.0036152305260780523,"[0.7881947894916287, 0.786600329794476, 0.7891302435491531, 0.7810855873972513, 0.7804997392969142]",COMPLETE
195,0.7851021379058847,2026-08-26 17:30:01.092281,2026-08-26 17:30:02.447932,0 days 00:00:01.355651,8.99583406314022e-05,,log_loss,27,,1,2,best,0.7851021379058847,0.0036152305260780523,"[0.7881947894916287, 0.786600329794476, 0.7891302435491531, 0.7810855873972513, 0.7804997392969142]",COMPLETE
196,0.77397444015662,2026-08-26 17:30:02.448350,2026-08-26 17:30:03.808823,0 days 00:00:01.360473,8.64942081441108e-05,balanced,log_loss,27,,2,2,best,0.77397444015662,0.009419185864402239,"[0.7724965533461082, 0.7735229517941882, 0.7838057793047694, 0.7825402783282271, 0.7575066380098069]",COMPLETE
197,0.7813101447612188,2026-08-26 17:30:03.809143,2026-08-26 17:30:05.154603,0 days 00:00:01.345460,5.62148564757383e-05,,log_loss,27,,2,2,best,0.7813101447612188,0.0038282019173767655,"[0.7843426044600523, 0.7830498963999409, 0.7853626542082179, 0.7785848559043038, 0.7752107128335793]",COMPLETE
198,0.7851021379058847,2026-08-26 17:30:05.155024,2026-08-26 17:30:06.512527,0 days 00:00:01.357503,0.0001143552231006905,,log_loss,27,,1,2,best,0.7851021379058847,0.0036152305260780523,"[0.7881947894916287, 0.786600329794476, 0.7891302435491531, 0.7810855873972513, 0.7804997392969142]",COMPLETE
199,0.7850161370272619,2026-08-26 17:30:06.512953,2026-08-26 17:30:07.872378,0 days 00:00:01.359425,4.935298042241957e-05,,log_loss,29,,1,2,best,0.7850161370272619,0.0032588595028639434,"[0.7864959966890742, 0.786600329794476, 0.7891302435491531, 0.7831170752320205, 0.7797370398715858]",COMPLETE
