number,value,datetime_start,datetime_complete,duration,params_bootstrap,params_class_weight,params_criterion,params_max_depth,params_max_features,params_min_samples_leaf,params_min_samples_split,params_n_estimators,user_attrs_cv_mean,user_attrs_cv_std,user_attrs_fold_scores,state
149,0.8794848040210272,2026-08-26 20:44:04.194396,2026-08-26 20:45:16.323840,0 days 00:01:12.129444,False,,entropy,32.0,0.5,2,5,700,0.8794848040210272,0.005993235264285934,"[0.8715224340802387, 0.87792699469725, 0.8880243369064824, 0.8844675532889936, 0.875482701132171]",COMPLETE
150,0.8749562775496486,2026-08-26 20:45:16.324157,2026-08-26 20:46:27.505622,0 days 00:01:11.181465,False,,entropy,32.0,0.5,3,8,700,0.8749562775496486,0.0062890115419801645,"[0.8690790418626707, 0.8731937491003956, 0.8852153543163714, 0.8787176600622685, 0.8685755824065368]",COMPLETE
151,0.8784240495367801,2026-08-26 20:46:27.505939,2026-08-26 20:47:29.385733,0 days 00:01:01.879794,False,,entropy,32.0,0.5,2,6,600,0.8784240495367801,0.006899543633552249,"[0.8707885020160683, 0.878641649934503, 0.8872166163057099, 0.8848576791149957, 0.8706158003126236]",COMPLETE
152,0.8784240495367801,2026-08-26 20:47:29.386043,2026-08-26 20:48:31.577794,0 days 00:01:02.191751,False,,entropy,32.0,0.5,2,6,600,0.8784240495367801,0.006899543633552249,"[0.8707885020160683, 0.878641649934503, 0.8872166163057099, 0.8848576791149957, 0.8706158003126236]",COMPLETE
153,0.8784240495367801,2026-08-26 20:48:31.578136,2026-08-26 20:49:33.430270,0 days 00:01:01.852134,False,,entropy,32.0,0.5,2,6,600,0.8784240495367801,0.006899543633552249,"[0.8707885020160683, 0.878641649934503, 0.8872166163057099, 0.8848576791149957, 0.8706158003126236]",COMPLETE
154,0.8784240495367801,2026-08-26 20:49:33.430574,2026-08-26 20:50:35.186820,0 days 00:01:01.756246,False,,entropy,32.0,0.5,2,6,600,0.8784240495367801,0.006899543633552249,"[0.8707885020160683, 0.878641649934503, 0.8872166163057099, 0.8848576791149957, 0.8706158003126236]",COMPLETE
155,0.8766509379732128,2026-08-26 20:50:35.187138,2026-08-26 20:51:36.434277,0 days 00:01:01.247139,False,,entropy,32.0,0.5,3,6,600,0.8766509379732128,0.006922270003722687,"[0.8708850274147862, 0.8765027430058029, 0.8865533980187014, 0.8817387527659925, 0.867574768660781]",COMPLETE
156,0.8774741036983702,2026-08-26 20:51:36.434592,2026-08-26 20:52:28.110021,0 days 00:00:51.675429,False,,entropy,32.0,0.5,2,7,500,0.8774741036983702,0.006887778678994217,"[0.8697279329201547, 0.8769479159150079, 0.8871894378582406, 0.8831361350391188, 0.8703690967593283]",COMPLETE
157,0.8739115717098835,2026-08-26 20:52:28.110358,2026-08-26 20:53:29.467582,0 days 00:01:01.357224,False,,entropy,32.0,0.5,3,9,600,0.8739115717098835,0.00713707304699074,"[0.8660681076371589, 0.8727563686260765, 0.8850231205601239, 0.8786056083731308, 0.8671046533529277]",COMPLETE
158,0.8725288401774041,2026-08-26 20:53:29.467899,2026-08-26 20:54:29.906622,0 days 00:01:00.438723,False,,entropy,32.0,0.5,4,6,600,0.8725288401774041,0.005874717264059183,"[0.8664782775855441, 0.8714120991582567, 0.8821226392758891, 0.8757720582510956, 0.8668591266162352]",COMPLETE
159,0.8790131357456852,2026-08-26 20:54:29.906943,2026-08-26 20:55:31.923855,0 days 00:01:02.016912,False,,entropy,32.0,0.5,2,5,600,0.8790131357456852,0.006176133590813974,"[0.871977724555562, 0.8765891508384026, 0.8877001751037318, 0.8848576791149957, 0.8739409491157338]",COMPLETE
160,0.8762592605911161,2026-08-26 20:55:31.924165,2026-08-26 20:56:23.236141,0 days 00:00:51.311976,False,,entropy,32.0,0.5,3,5,500,0.8762592605911161,0.006349304550253892,"[0.8710708355620613, 0.8757816621595773, 0.8849505310844172, 0.8816134501719445, 0.8678798239775802]",COMPLETE
161,0.8777293739980356,2026-08-26 20:56:23.236471,2026-08-26 20:57:25.180122,0 days 00:01:01.943651,False,,entropy,32.0,0.5,2,7,600,0.8777293739980356,0.006935838480198201,"[0.8694298732402593, 0.8764912586137713, 0.8867257554175838, 0.8846720708112032, 0.8713279119073606]",COMPLETE
162,0.8784240495367801,2026-08-26 20:57:25.180441,2026-08-26 20:58:27.541959,0 days 00:01:02.361518,False,,entropy,32.0,0.5,2,6,600,0.8784240495367801,0.006899543633552249,"[0.8707885020160683, 0.878641649934503, 0.8872166163057099, 0.8848576791149957, 0.8706158003126236]",COMPLETE
163,0.8790131357456852,2026-08-26 20:58:27.542263,2026-08-26 20:59:29.531936,0 days 00:01:01.989673,False,,entropy,32.0,0.5,2,5,600,0.8790131357456852,0.006176133590813974,"[0.871977724555562, 0.8765891508384026, 0.8877001751037318, 0.8848576791149957, 0.8739409491157338]",COMPLETE
164,0.8790131357456852,2026-08-26 20:59:29.532255,2026-08-26 21:00:31.507928,0 days 00:01:01.975673,False,,entropy,32.0,0.5,2,5,600,0.8790131357456852,0.006176133590813974,"[0.871977724555562, 0.8765891508384026, 0.8877001751037318, 0.8848576791149957, 0.8739409491157338]",COMPLETE
165,0.8211004667629987,2026-08-26 21:00:31.508241,2026-08-26 21:01:24.928636,0 days 00:00:53.420395,False,,entropy,32.0,0.5,19,5,600,0.8211004667629987,0.004242835050414246,"[0.819472317384613, 0.8208571983810368, 0.828930419336715, 0.8201507276947976, 0.8160916710178315]",COMPLETE
166,0.8358696595318855,2026-08-26 21:01:24.928954,2026-08-26 21:02:11.123432,0 days 00:00:46.194478,False,,entropy,32.0,0.5,14,8,500,0.8358696595318855,0.005562456494833378,"[0.8352136161823025, 0.8314986940703809, 0.8449843328491289, 0.8385022099141822, 0.8291494446434334]",COMPLETE
167,0.8790131357456852,2026-08-26 21:02:11.123743,2026-08-26 21:03:13.442582,0 days 00:01:02.318839,False,,entropy,32.0,0.5,2,5,600,0.8790131357456852,0.006176133590813974,"[0.871977724555562, 0.8765891508384026, 0.8877001751037318, 0.8848576791149957, 0.8739409491157338]",COMPLETE
168,0.8766509379732128,2026-08-26 21:03:13.442898,2026-08-26 21:04:14.727290,0 days 00:01:01.284392,False,,entropy,32.0,0.5,3,5,600,0.8766509379732128,0.006922270003722687,"[0.8708850274147862, 0.8765027430058029, 0.8865533980187014, 0.8817387527659925, 0.867574768660781]",COMPLETE
169,0.8790131357456852,2026-08-26 21:04:14.727612,2026-08-26 21:05:16.581097,0 days 00:01:01.853485,False,,entropy,32.0,0.5,2,5,600,0.8790131357456852,0.006176133590813974,"[0.871977724555562, 0.8765891508384026, 0.8877001751037318, 0.8848576791149957, 0.8739409491157338]",COMPLETE
170,0.8660284639782547,2026-08-26 21:05:16.581411,2026-08-26 21:05:54.613058,0 days 00:00:38.031647,True,,entropy,32.0,0.5,2,5,600,0.8660284639782547,0.0070473038789283906,"[0.8604849864863678, 0.8636794037279222, 0.877521457412091, 0.8702905663108184, 0.8581659059540746]",COMPLETE
171,0.8777293739980356,2026-08-26 21:05:54.613371,2026-08-26 21:06:56.589974,0 days 00:01:01.976603,False,,entropy,32.0,0.5,2,7,600,0.8777293739980356,0.006935838480198201,"[0.8694298732402593, 0.8764912586137713, 0.8867257554175838, 0.8846720708112032, 0.8713279119073606]",COMPLETE
172,0.8790131357456852,2026-08-26 21:06:56.590296,2026-08-26 21:07:59.168803,0 days 00:01:02.578507,False,,entropy,32.0,0.5,2,5,600,0.8790131357456852,0.006176133590813974,"[0.871977724555562, 0.8765891508384026, 0.8877001751037318, 0.8848576791149957, 0.8739409491157338]",COMPLETE
173,0.8766509379732128,2026-08-26 21:07:59.169123,2026-08-26 21:09:00.639908,0 days 00:01:01.470785,False,,entropy,32.0,0.5,3,5,600,0.8766509379732128,0.006922270003722687,"[0.8708850274147862, 0.8765027430058029, 0.8865533980187014, 0.8817387527659925, 0.867574768660781]",COMPLETE
174,0.8784733600277785,2026-08-26 21:09:00.640234,2026-08-26 21:09:52.510231,0 days 00:00:51.869997,False,,entropy,32.0,0.5,2,4,500,0.8784733600277785,0.006333727193925317,"[0.8699215335023158, 0.8793885744807493, 0.8862971345170987, 0.8840973038203567, 0.8726622538183726]",COMPLETE
175,0.8749562775496486,2026-08-26 21:09:52.510548,2026-08-26 21:11:03.911411,0 days 00:01:11.400863,False,,entropy,32.0,0.5,3,8,700,0.8749562775496486,0.0062890115419801645,"[0.8690790418626707, 0.8731937491003956, 0.8852153543163714, 0.8787176600622685, 0.8685755824065368]",COMPLETE
176,0.8790131357456852,2026-08-26 21:11:03.911740,2026-08-26 21:12:06.532174,0 days 00:01:02.620434,False,,entropy,32.0,0.5,2,5,600,0.8790131357456852,0.006176133590813974,"[0.871977724555562, 0.8765891508384026, 0.8877001751037318, 0.8848576791149957, 0.8739409491157338]",COMPLETE
177,0.8790131357456852,2026-08-26 21:12:06.532480,2026-08-26 21:13:09.943610,0 days 00:01:03.411130,False,,entropy,32.0,0.5,2,5,600,0.8790131357456852,0.006176133590813974,"[0.871977724555562, 0.8765891508384026, 0.8877001751037318, 0.8848576791149957, 0.8739409491157338]",COMPLETE
178,0.8772453933659303,2026-08-26 21:13:09.943944,2026-08-26 21:14:12.561127,0 days 00:01:02.617183,False,balanced,entropy,32.0,0.5,3,4,600,0.8772453933659303,0.006974738285720999,"[0.8719286448150146, 0.8754316478231771, 0.8878752893992766, 0.8822986250753315, 0.8686927597168523]",COMPLETE
179,0.8787085588035538,2026-08-26 21:14:12.561443,2026-08-26 21:15:14.664517,0 days 00:01:02.103074,False,,entropy,,0.5,2,5,600,0.8787085588035538,0.006032375206806145,"[0.8713559027598811, 0.8769064873452156, 0.8872497435679851, 0.8840897112289534, 0.8739409491157338]",COMPLETE
180,0.8787085588035538,2026-08-26 21:15:14.664840,2026-08-26 21:16:16.651439,0 days 00:01:01.986599,False,,entropy,,0.5,2,5,600,0.8787085588035538,0.006032375206806145,"[0.8713559027598811, 0.8769064873452156, 0.8872497435679851, 0.8840897112289534, 0.8739409491157338]",COMPLETE
181,0.8787085588035538,2026-08-26 21:16:16.651758,2026-08-26 21:17:18.777680,0 days 00:01:02.125922,False,,entropy,,0.5,2,5,600,0.8787085588035538,0.006032375206806145,"[0.8713559027598811, 0.8769064873452156, 0.8872497435679851, 0.8840897112289534, 0.8739409491157338]",COMPLETE
182,0.8787085588035538,2026-08-26 21:17:18.777979,2026-08-26 21:18:21.421227,0 days 00:01:02.643248,False,,entropy,,0.5,2,5,600,0.8787085588035538,0.006032375206806145,"[0.8713559027598811, 0.8769064873452156, 0.8872497435679851, 0.8840897112289534, 0.8739409491157338]",COMPLETE
183,0.8787085588035538,2026-08-26 21:18:21.421547,2026-08-26 21:19:23.537012,0 days 00:01:02.115465,False,,entropy,,0.5,2,5,600,0.8787085588035538,0.006032375206806145,"[0.8713559027598811, 0.8769064873452156, 0.8872497435679851, 0.8840897112289534, 0.8739409491157338]",COMPLETE
184,0.8768576096872085,2026-08-26 21:19:23.537338,2026-08-26 21:20:24.762927,0 days 00:01:01.225589,False,,entropy,,0.5,3,5,600,0.8768576096872085,0.006885289556937837,"[0.8708850274147862, 0.8772109726340834, 0.8864940594479048, 0.88193098652224, 0.8677670024170284]",COMPLETE
185,0.8789353814636435,2026-08-26 21:20:24.763237,2026-08-26 21:21:26.890888,0 days 00:01:02.127651,False,,entropy,,0.5,2,4,600,0.8789353814636435,0.0066883981335916515,"[0.869795063925837, 0.880864372308107, 0.8874495699156361, 0.8838994117506024, 0.8726684894180345]",COMPLETE
186,0.8491953365497057,2026-08-26 21:21:26.891210,2026-08-26 21:22:23.895553,0 days 00:00:57.004343,False,,entropy,,0.5,10,4,600,0.8491953365497057,0.006202954597212511,"[0.847311632872087, 0.8452532579517388, 0.8591215671125738, 0.8529052345485294, 0.8413849902636001]",COMPLETE
187,0.8768576096872085,2026-08-26 21:22:23.895873,2026-08-26 21:23:25.188787,0 days 00:01:01.292914,False,,entropy,,0.5,3,4,600,0.8768576096872085,0.006885289556937837,"[0.8708850274147862, 0.8772109726340834, 0.8864940594479048, 0.88193098652224, 0.8677670024170284]",COMPLETE
188,0.8789353814636435,2026-08-26 21:23:25.189103,2026-08-26 21:24:30.174159,0 days 00:01:04.985056,False,,entropy,,0.5,2,4,600,0.8789353814636435,0.0066883981335916515,"[0.869795063925837, 0.880864372308107, 0.8874495699156361, 0.8838994117506024, 0.8726684894180345]",COMPLETE
189,0.8670626110296226,2026-08-26 21:24:30.174518,2026-08-26 21:24:55.196925,0 days 00:00:25.022407,False,,entropy,,sqrt,2,3,600,0.8670626110296226,0.006054675107797592,"[0.8656735225585453, 0.8638459350482798, 0.8761108242340544, 0.871137458623723, 0.8585453146835107]",COMPLETE
190,0.8811771104963044,2026-08-26 21:24:55.197262,2026-08-26 21:25:59.395738,0 days 00:01:04.198476,False,,entropy,,0.5,1,4,600,0.8811771104963044,0.0063231663975948675,"[0.8723971950288769, 0.8818191154803725, 0.8889779130963172, 0.8868911012276612, 0.8758002276482943]",COMPLETE
191,0.8811771104963044,2026-08-26 21:25:59.396062,2026-08-26 21:27:03.642815,0 days 00:01:04.246753,False,,entropy,,0.5,1,4,600,0.8811771104963044,0.0063231663975948675,"[0.8723971950288769, 0.8818191154803725, 0.8889779130963172, 0.8868911012276612, 0.8758002276482943]",COMPLETE
192,0.8811771104963044,2026-08-26 21:27:03.643138,2026-08-26 21:28:08.172409,0 days 00:01:04.529271,False,,entropy,,0.5,1,4,600,0.8811771104963044,0.0063231663975948675,"[0.8723971950288769, 0.8818191154803725, 0.8889779130963172, 0.8868911012276612, 0.8758002276482943]",COMPLETE
193,0.8811771104963044,2026-08-26 21:28:08.172737,2026-08-26 21:29:12.369687,0 days 00:01:04.196950,False,,entropy,,0.5,1,4,600,0.8811771104963044,0.0063231663975948675,"[0.8723971950288769, 0.8818191154803725, 0.8889779130963172, 0.8868911012276612, 0.8758002276482943]",COMPLETE
194,0.8811771104963044,2026-08-26 21:29:12.370020,2026-08-26 21:30:16.579467,0 days 00:01:04.209447,False,,entropy,,0.5,1,4,600,0.8811771104963044,0.0063231663975948675,"[0.8723971950288769, 0.8818191154803725, 0.8889779130963172, 0.8868911012276612, 0.8758002276482943]",COMPLETE
195,0.8815153883402882,2026-08-26 21:30:16.579787,2026-08-26 21:31:20.872192,0 days 00:01:04.292405,False,,entropy,,0.5,1,3,600,0.8815153883402882,0.0061124766070515795,"[0.8725894287851247, 0.8823479625703504, 0.8890315933536067, 0.8867932675823819, 0.8768146894099771]",COMPLETE
196,0.8815153883402882,2026-08-26 21:31:20.872524,2026-08-26 21:32:25.140671,0 days 00:01:04.268147,False,,entropy,,0.5,1,3,600,0.8815153883402882,0.0061124766070515795,"[0.8725894287851247, 0.8823479625703504, 0.8890315933536067, 0.8867932675823819, 0.8768146894099771]",COMPLETE
197,0.8813455185374787,2026-08-26 21:32:25.141048,2026-08-26 21:33:19.275767,0 days 00:00:54.134719,False,,entropy,,0.5,1,3,500,0.8813455185374787,0.0056196815960688675,"[0.873622787355104, 0.8832470591289653, 0.888442608318902, 0.8853693834994352, 0.8760457543849868]",COMPLETE
198,0.8815153883402882,2026-08-26 21:33:19.276115,2026-08-26 21:34:23.631058,0 days 00:01:04.354943,False,,entropy,,0.5,1,3,600,0.8815153883402882,0.0061124766070515795,"[0.8725894287851247, 0.8823479625703504, 0.8890315933536067, 0.8867932675823819, 0.8768146894099771]",COMPLETE
199,0.7909647969810014,2026-08-26 21:34:23.631374,2026-08-26 21:36:08.935964,0 days 00:01:45.304590,False,,entropy,,1.0,1,3,500,0.7909647969810014,0.003420420760353044,"[0.7939780780976838, 0.7923875776141406, 0.7934016052966939, 0.7905146654186685, 0.7845420584778204]",COMPLETE
