number,value,datetime_start,datetime_complete,duration,params_bootstrap,params_class_weight,params_criterion,params_max_depth,params_max_features,params_min_samples_leaf,params_min_samples_split,params_n_estimators,user_attrs_cv_mean,user_attrs_cv_std,user_attrs_fold_scores,state
0,0.8141195825859597,2026-08-26 17:30:08.229496,2026-08-26 17:30:29.898947,0 days 00:00:21.669451,True,,log_loss,32.0,0.7,15,3,300,0.8141195825859597,0.0043469837356829594,"[0.8109164071415509, 0.8127686127900544, 0.8214741672169193, 0.8162111203414106, 0.8092276054398638]",COMPLETE
1,0.7836056531618627,2026-08-26 17:30:29.899265,2026-08-26 17:30:40.431261,0 days 00:00:10.531996,True,balanced,gini,16.0,sqrt,13,20,600,0.7836056531618627,0.006644086500506813,"[0.7816967349277854, 0.780355748896517, 0.7908848674631087, 0.7912425426644845, 0.7738483718574183]",COMPLETE
2,0.6862657842469728,2026-08-26 17:30:40.431582,2026-08-26 17:31:14.460630,0 days 00:00:34.029048,True,balanced,entropy,8.0,0.7,15,28,600,0.6862657842469728,0.0036167712829882517,"[0.6896484393940608, 0.6874845058065283, 0.6867626457111954, 0.6881458099404633, 0.6792875203826164]",COMPLETE
3,0.7989511161882068,2026-08-26 17:31:14.460969,2026-08-26 17:31:41.721005,0 days 00:00:27.260036,False,,log_loss,24.0,sqrt,20,25,800,0.7989511161882068,0.007833310631222244,"[0.803231707154112, 0.7949648385942768, 0.8096610991053161, 0.800425317614145, 0.7864726184731841]",COMPLETE
4,0.7811786346063421,2026-08-26 17:31:41.721317,2026-08-26 17:32:03.061420,0 days 00:00:21.340103,True,,entropy,16.0,sqrt,15,31,1000,0.7811786346063421,0.006349428728060226,"[0.784153795404487, 0.7799082508560797, 0.7871834340898038, 0.7852401070498973, 0.7694075856314422]",COMPLETE
5,0.8538842367764268,2026-08-26 17:32:03.061736,2026-08-26 17:32:38.008064,0 days 00:00:34.946328,False,balanced,gini,48.0,0.3,3,18,800,0.8538842367764268,0.006217589864847994,"[0.8515658021683663, 0.8542391647548285, 0.8636592513484836, 0.8555341226281729, 0.844422842982282]",COMPLETE
6,0.8268617427423475,2026-08-26 17:32:38.008381,2026-08-26 17:33:02.677254,0 days 00:00:24.668873,True,balanced,entropy,48.0,0.5,1,34,400,0.8268617427423475,0.005034252298524749,"[0.8248513118665306, 0.8244158480028497, 0.8361473843563635, 0.8275138388048072, 0.821380330681186]",COMPLETE
7,0.8254889680498815,2026-08-26 17:33:02.677575,2026-08-26 17:33:54.582613,0 days 00:00:51.905038,False,balanced,log_loss,32.0,0.3,15,19,1000,0.8254889680498815,0.007438402124273667,"[0.8209054610803957, 0.8203371020312638, 0.8396798909432275, 0.8262436934036254, 0.8202786927908949]",COMPLETE
8,0.7361951658601475,2026-08-26 17:33:54.582911,2026-08-26 17:35:57.513603,0 days 00:02:02.930692,False,balanced_subsample,gini,24.0,1.0,19,40,900,0.7361951658601475,0.01109477943934743,"[0.737332669773714, 0.7318596162884415, 0.7544779681258041, 0.7372360255572143, 0.7200695495555638]",COMPLETE
9,0.871683704457389,2026-08-26 17:35:57.513925,2026-08-26 17:36:33.291868,0 days 00:00:35.777943,False,balanced_subsample,log_loss,,0.3,1,10,600,0.871683704457389,0.006630144732755781,"[0.8670588120755633, 0.8707719588409774, 0.8833466970111851, 0.8732455504711085, 0.8639955038881103]",COMPLETE
10,0.8440668810093032,2026-08-26 17:36:33.292187,2026-08-26 17:36:52.568821,0 days 00:00:19.276634,False,balanced_subsample,log_loss,,log2,7,2,500,0.8440668810093032,0.007347610155993733,"[0.8405269877485818, 0.8384334686032834, 0.8569096942660376, 0.8474282892626287, 0.8370359651659841]",COMPLETE
11,0.865446789200121,2026-08-26 17:36:52.569139,2026-08-26 17:37:24.672448,0 days 00:00:32.103309,False,balanced_subsample,gini,48.0,0.3,1,12,700,0.865446789200121,0.006953477236305399,"[0.8630503392820804, 0.8657365530864877, 0.8757871945487707, 0.8682258066935916, 0.8544340523896743]",COMPLETE
12,0.8000992915143845,2026-08-26 17:37:24.672761,2026-08-26 17:37:51.484899,0 days 00:00:26.812138,False,balanced_subsample,gini,12.0,0.3,5,11,700,0.8000992915143845,0.009692784018373582,"[0.7865736690532669, 0.7991976579170719, 0.8163800471278515, 0.8022720715708894, 0.7960730119028429]",COMPLETE
13,0.8690492988023243,2026-08-26 17:37:51.485213,2026-08-26 17:38:27.330870,0 days 00:00:35.845657,False,balanced_subsample,log_loss,,0.3,1,11,600,0.8690492988023243,0.006730227861270518,"[0.8642323191714133, 0.8690510142955482, 0.8787953268488836, 0.8735169991555178, 0.8596508345402581]",COMPLETE
14,0.8498179754867609,2026-08-26 17:38:27.331190,2026-08-26 17:38:55.099763,0 days 00:00:27.768573,False,balanced_subsample,log_loss,,0.3,8,9,500,0.8498179754867609,0.008003932886821977,"[0.8505725053422658, 0.8432904501247896, 0.8633069439593157, 0.8516790980151553, 0.8402408799922777]",COMPLETE
15,0.87332770053839,2026-08-26 17:38:55.100085,2026-08-26 17:39:46.607626,0 days 00:00:51.507541,False,balanced_subsample,log_loss,,0.5,4,7,500,0.87332770053839,0.006746193443035121,"[0.868935620590507, 0.871598865610851, 0.8851982348556686, 0.8753435833317277, 0.8655621983031955]",COMPLETE
16,0.8528074172518586,2026-08-26 17:39:46.607934,2026-08-26 17:40:16.099733,0 days 00:00:29.491799,False,balanced_subsample,log_loss,,0.5,9,6,300,0.8528074172518586,0.006880630644429131,"[0.8503814971478008, 0.8469631266257306, 0.8637640009475174, 0.8575065623934449, 0.8454218991447996]",COMPLETE
17,0.866017601159009,2026-08-26 17:40:16.100045,2026-08-26 17:40:59.276731,0 days 00:00:43.176686,False,balanced_subsample,log_loss,,0.5,4,16,400,0.866017601159009,0.008774261412218183,"[0.860437682092328, 0.8632416147330089, 0.8793343556619094, 0.8723818291988003, 0.8546925241089985]",COMPLETE
18,0.6800062724839588,2026-08-26 17:40:59.277051,2026-08-26 17:41:12.741124,0 days 00:00:13.464073,False,balanced_subsample,log_loss,8.0,log2,6,7,500,0.6800062724839588,0.009306947851484075,"[0.6871584338313085, 0.6642242365723671, 0.6846587611317555, 0.6891822762089387, 0.674807654675425]",COMPLETE
19,0.7132827995055561,2026-08-26 17:41:12.741448,2026-08-26 17:42:22.864371,0 days 00:01:10.122923,False,balanced_subsample,log_loss,12.0,1.0,10,15,400,0.7132827995055561,0.006978460620182495,"[0.7026732824095232, 0.7171472930547299, 0.7199744482474267, 0.7192768486540432, 0.7073421251620567]",COMPLETE
20,0.8767270092132208,2026-08-26 17:42:22.864699,2026-08-26 17:43:36.711989,0 days 00:01:13.847290,False,,entropy,,0.5,3,5,700,0.8767270092132208,0.006328490945160953,"[0.871144392176716, 0.8770265313127217, 0.8843615460497124, 0.8828978136169848, 0.8682047629099685]",COMPLETE
21,0.8767270092132208,2026-08-26 17:43:36.712328,2026-08-26 17:44:50.050001,0 days 00:01:13.337673,False,,entropy,,0.5,3,5,700,0.8767270092132208,0.006328490945160953,"[0.871144392176716, 0.8770265313127217, 0.8843615460497124, 0.8828978136169848, 0.8682047629099685]",COMPLETE
22,0.8767270092132208,2026-08-26 17:44:50.050364,2026-08-26 17:46:03.384814,0 days 00:01:13.334450,False,,entropy,,0.5,3,5,700,0.8767270092132208,0.006328490945160953,"[0.871144392176716, 0.8770265313127217, 0.8843615460497124, 0.8828978136169848, 0.8682047629099685]",COMPLETE
23,0.8760493274778103,2026-08-26 17:46:03.385168,2026-08-26 17:47:27.098739,0 days 00:01:23.713571,False,,entropy,,0.5,3,3,800,0.8760493274778103,0.006055079334521243,"[0.8701124004326499, 0.875563584703309, 0.8841165991751234, 0.8816068247194894, 0.8688472283584803]",COMPLETE
24,0.8767270092132208,2026-08-26 17:47:27.099052,2026-08-26 17:48:40.771300,0 days 00:01:13.672248,False,,entropy,,0.5,3,5,700,0.8767270092132208,0.006328490945160953,"[0.871144392176716, 0.8770265313127217, 0.8843615460497124, 0.8828978136169848, 0.8682047629099685]",COMPLETE
25,0.8635585302382592,2026-08-26 17:48:40.771626,2026-08-26 17:50:11.245328,0 days 00:01:30.473702,False,,entropy,,0.5,6,14,900,0.8635585302382592,0.0064182750030004785,"[0.8596925328925892, 0.8617068868554489, 0.8749283089712033, 0.8653341756410077, 0.8561307468310467]",COMPLETE
26,0.8533034854199348,2026-08-26 17:50:11.245653,2026-08-26 17:50:54.739420,0 days 00:00:43.493767,True,,entropy,,0.5,5,2,700,0.8533034854199348,0.006801603103083205,"[0.8502094985237898, 0.8488657788406949, 0.8640703651909813, 0.8580452992442366, 0.8453264852999712]",COMPLETE
27,0.8046136296322286,2026-08-26 17:50:54.739735,2026-08-26 17:52:04.850366,0 days 00:01:10.110631,False,,entropy,12.0,0.5,11,7,800,0.8046136296322286,0.004474217453879859,"[0.798658960517439, 0.803787749498226, 0.8115983816953659, 0.8072633763388198, 0.801759680111292]",COMPLETE
28,0.863490430719013,2026-08-26 17:52:04.850726,2026-08-26 17:53:35.781323,0 days 00:01:30.930597,False,,entropy,16.0,0.5,3,5,900,0.863490430719013,0.007385101687001438,"[0.8547126324876193, 0.8619583179183623, 0.8744715424843007, 0.869175272711466, 0.8571343879933161]",COMPLETE
29,0.8465199269541912,2026-08-26 17:53:35.781640,2026-08-26 17:54:32.812771,0 days 00:00:57.031131,True,,entropy,32.0,0.7,7,4,700,0.8465199269541912,0.006345590854244134,"[0.8427348010294718, 0.8436537241997293, 0.8573217752474833, 0.8496165617161892, 0.8392727725780823]",COMPLETE
30,0.6862882760165975,2026-08-26 17:54:32.813090,2026-08-26 17:55:27.702510,0 days 00:00:54.889420,False,,entropy,8.0,0.5,2,9,800,0.6862882760165975,0.009431092224540229,"[0.680031692798622, 0.7017740751303735, 0.6785647282661241, 0.6927806468011989, 0.6782902370866691]",COMPLETE
31,0.8724667019002015,2026-08-26 17:55:27.702847,2026-08-26 17:56:40.096160,0 days 00:01:12.393313,False,,entropy,,0.5,4,5,700,0.8724667019002015,0.0064741653762947484,"[0.8652540520852304, 0.8704587228119046, 0.8830168768949275, 0.8763477923808903, 0.8672560653280547]",COMPLETE
32,0.8749855442543932,2026-08-26 17:56:40.096483,2026-08-26 17:57:43.387229,0 days 00:01:03.290746,False,,entropy,,0.5,3,8,600,0.8749855442543932,0.006380477794051844,"[0.8690868342975565, 0.873517511216181, 0.8851493902931199, 0.8790361635515122, 0.8681378219135967]",COMPLETE
33,0.8652711085109628,2026-08-26 17:57:43.387548,2026-08-26 17:59:19.863030,0 days 00:01:36.475482,False,,entropy,,0.7,5,2,700,0.8652711085109628,0.0053200642736068995,"[0.8603557832580625, 0.8659728078002235, 0.8735508030554421, 0.8677126030527371, 0.8587635453883492]",COMPLETE
34,0.855650802673862,2026-08-26 17:59:19.863350,2026-08-26 17:59:58.294036,0 days 00:00:38.430686,True,,entropy,32.0,0.5,2,13,600,0.855650802673862,0.0071602329705511706,"[0.8502830551384446, 0.8523798577202948, 0.867850866050396, 0.8594221285223487, 0.8483181059378252]",COMPLETE
35,0.8464324096111042,2026-08-26 17:59:58.294391,2026-08-26 18:00:30.345272,0 days 00:00:32.050881,False,,entropy,24.0,sqrt,2,22,800,0.8464324096111042,0.0067821643204533846,"[0.8413998320865819, 0.84410668954382, 0.8566920703591, 0.8516818534508827, 0.8382816026151372]",COMPLETE
36,0.81858284789689,2026-08-26 18:00:30.345601,2026-08-26 18:00:47.129214,0 days 00:00:16.783613,True,,entropy,16.0,log2,6,5,700,0.81858284789689,0.007959333694052027,"[0.8154124397193502, 0.8170680286056046, 0.8315301932300577, 0.8216157177677724, 0.8072878601616646]",COMPLETE
37,0.7793511685278287,2026-08-26 18:00:47.129531,2026-08-26 18:02:47.373398,0 days 00:02:00.243867,False,,entropy,,1.0,4,4,600,0.7793511685278287,0.006526659967890799,"[0.7799511569723201, 0.7895087215328914, 0.7806676532360499, 0.7774870679020042, 0.7691412429958779]",COMPLETE
38,0.6813543934686297,2026-08-26 18:02:47.373715,2026-08-26 18:03:08.411149,0 days 00:00:21.037434,False,balanced,entropy,8.0,sqrt,2,8,800,0.6813543934686297,0.009703964915204005,"[0.6886614421846001, 0.6664753950336877, 0.6868307367433791, 0.6914540197437381, 0.6733503736377431]",COMPLETE
39,0.8436810576073785,2026-08-26 18:03:08.411458,2026-08-26 18:04:01.532540,0 days 00:00:53.121082,True,,entropy,24.0,0.5,7,6,900,0.8436810576073785,0.0077629620078623245,"[0.8400090752659107, 0.838524526698348, 0.8571418252571977, 0.8472523523483177, 0.8354775084671191]",COMPLETE
40,0.8697031090684337,2026-08-26 18:04:01.532870,2026-08-26 18:05:23.812411,0 days 00:01:22.279541,False,,entropy,48.0,0.7,3,10,600,0.8697031090684337,0.005829608249200379,"[0.8654886727165895, 0.8689194859360104, 0.8795718544652772, 0.8718662547976331, 0.8626692774266586]",COMPLETE
41,0.8760493274778103,2026-08-26 18:05:23.812732,2026-08-26 18:06:45.565349,0 days 00:01:21.752617,False,,entropy,,0.5,3,3,800,0.8760493274778103,0.006055079334521243,"[0.8701124004326499, 0.875563584703309, 0.8841165991751234, 0.8816068247194894, 0.8688472283584803]",COMPLETE
42,0.8723236509466613,2026-08-26 18:06:45.565674,2026-08-26 18:08:06.792679,0 days 00:01:21.227005,False,,entropy,,0.5,4,4,800,0.8723236509466613,0.006378532670629049,"[0.8655120500212469, 0.8705851923883833, 0.882692715092177, 0.8761489331721878, 0.8666793640593117]",COMPLETE
43,0.8243396823068373,2026-08-26 18:08:06.793006,2026-08-26 18:09:09.576156,0 days 00:01:02.783150,False,,entropy,,0.5,18,2,700,0.8243396823068373,0.004836013456666359,"[0.8239333470015925, 0.822988312874851, 0.8327844768107844, 0.8242573246348591, 0.817734950212099]",COMPLETE
44,0.876961596199498,2026-08-26 18:09:09.576476,2026-08-26 18:10:07.549358,0 days 00:00:57.972882,False,balanced,gini,,0.5,1,4,700,0.876961596199498,0.007816013293248854,"[0.8724265894219129, 0.8800654931053561, 0.8875941678644508, 0.8801024680681336, 0.864619262537636]",COMPLETE
45,0.8719564732402507,2026-08-26 18:10:07.549663,2026-08-26 18:11:05.004283,0 days 00:00:57.454620,False,balanced,gini,,0.5,1,9,700,0.8719564732402507,0.009405910941588477,"[0.8667736036136128, 0.876387208036631, 0.8840935308996146, 0.8758490484000618, 0.856678975251333]",COMPLETE
46,0.8299555187350421,2026-08-26 18:11:05.004610,2026-08-26 18:11:56.776765,0 days 00:00:51.772155,False,balanced,gini,16.0,0.5,2,40,700,0.8299555187350421,0.007915156616205295,"[0.8291590699016916, 0.8345119534271251, 0.8402606067488801, 0.8295087658429899, 0.8163371977545238]",COMPLETE
47,0.7479548608385154,2026-08-26 18:11:56.777077,2026-08-26 18:13:31.031276,0 days 00:01:34.254199,False,balanced,gini,,1.0,1,37,600,0.7479548608385154,0.013536680476132844,"[0.7585155850606692, 0.7468584995382191, 0.7666045580507932, 0.7393962984054743, 0.7283993631374212]",COMPLETE
48,0.8310981104006409,2026-08-26 18:13:31.031596,2026-08-26 18:13:48.658116,0 days 00:00:17.626520,False,balanced,gini,48.0,sqrt,5,28,600,0.8310981104006409,0.008113510569525553,"[0.8259896793189694, 0.8275137398456862, 0.8453827293651183, 0.8342400859955769, 0.8223643174778541]",COMPLETE
49,0.8624203675945162,2026-08-26 18:13:48.658424,2026-08-26 18:14:10.845970,0 days 00:00:22.187546,False,balanced,gini,32.0,log2,2,6,700,0.8624203675945162,0.006466464901612584,"[0.8628300779587104, 0.859012880616156, 0.8736174437163425, 0.8626972599484798, 0.8539441757328924]",COMPLETE
50,0.8549210134021313,2026-08-26 18:14:10.846293,2026-08-26 18:14:45.345428,0 days 00:00:34.499135,True,balanced,gini,,0.5,1,12,700,0.8549210134021313,0.005734332659658996,"[0.8543187384578615, 0.8526884434869025, 0.8638024960220005, 0.8574611513652076, 0.8463342376786843]",COMPLETE
51,0.8760493274778103,2026-08-26 18:14:45.345740,2026-08-26 18:16:06.788787,0 days 00:01:21.443047,False,,entropy,,0.5,3,4,800,0.8760493274778103,0.006055079334521243,"[0.8701124004326499, 0.875563584703309, 0.8841165991751234, 0.8816068247194894, 0.8688472283584803]",COMPLETE
52,0.8723236509466613,2026-08-26 18:16:06.789099,2026-08-26 18:17:27.407927,0 days 00:01:20.618828,False,,entropy,,0.5,4,3,800,0.8723236509466613,0.006378532670629049,"[0.8655120500212469, 0.8705851923883833, 0.882692715092177, 0.8761489331721878, 0.8666793640593117]",COMPLETE
53,0.8765545243280017,2026-08-26 18:17:27.408249,2026-08-26 18:18:59.297251,0 days 00:01:31.889002,False,,entropy,,0.5,3,7,900,0.8765545243280017,0.005739529251318431,"[0.8688403207535716, 0.8765220198327204, 0.8854347665200883, 0.8795724354678757, 0.8724030790657532]",COMPLETE
54,0.8683135545480767,2026-08-26 18:18:59.297560,2026-08-26 18:20:38.539365,0 days 00:01:39.241805,False,,entropy,,0.5,5,8,1000,0.8683135545480767,0.0069219586819385245,"[0.8616057111942661, 0.8665265402849031, 0.8799695728826826, 0.8717588942830541, 0.8617070540954778]",COMPLETE
55,0.8140799401494936,2026-08-26 18:20:38.539683,2026-08-26 18:21:37.772962,0 days 00:00:59.233279,False,,gini,12.0,0.5,2,10,900,0.8140799401494936,0.00702131413259178,"[0.8073752437283498, 0.8170413525925978, 0.825310428592637, 0.8147305589492794, 0.8059421168846038]",COMPLETE
56,0.8646040841393077,2026-08-26 18:21:37.773275,2026-08-26 18:22:36.868004,0 days 00:00:59.094729,False,,entropy,,0.5,6,6,600,0.8646040841393077,0.007609306911458684,"[0.8598240612521272, 0.8630318794963513, 0.8769099851044757, 0.8685203236535098, 0.8547341711900746]",COMPLETE
57,0.8717107530827107,2026-08-26 18:22:36.868312,2026-08-26 18:24:19.031785,0 days 00:01:42.163473,False,balanced,entropy,,0.5,4,11,1000,0.8717107530827107,0.00697977179643187,"[0.867657115302456, 0.8705769914329031, 0.8834021670261887, 0.8742909158563661, 0.8626265757956396]",COMPLETE
58,0.8719499168886274,2026-08-26 18:24:19.032109,2026-08-26 18:24:48.467972,0 days 00:00:29.435863,False,,entropy,24.0,0.3,1,8,500,0.8719499168886274,0.006476428937337708,"[0.8687502209638259, 0.8727191817981549, 0.8811700302250025, 0.8752941577665806, 0.8618159936895732]",COMPLETE
59,0.8276061086257569,2026-08-26 18:24:48.468276,2026-08-26 18:25:36.547640,0 days 00:00:48.079364,False,,gini,,0.5,16,7,700,0.8276061086257569,0.00807908164557193,"[0.8268913682652803, 0.8304538511083698, 0.8390826352185355, 0.8276357064036088, 0.8139669821329897]",COMPLETE
60,0.6241535117158207,2026-08-26 18:25:36.547940,2026-08-26 18:27:34.722057,0 days 00:01:58.174117,False,,entropy,8.0,1.0,3,5,900,0.6241535117158207,0.012254969202695382,"[0.6090068368021314, 0.6453514747020758, 0.62776293552136, 0.6218184852022711, 0.6168278263512651]",COMPLETE
61,0.8760493274778103,2026-08-26 18:27:34.722357,2026-08-26 18:28:56.597871,0 days 00:01:21.875514,False,,entropy,,0.5,3,3,800,0.8760493274778103,0.006055079334521243,"[0.8701124004326499, 0.875563584703309, 0.8841165991751234, 0.8816068247194894, 0.8688472283584803]",COMPLETE
62,0.8791115793216587,2026-08-26 18:28:56.598203,2026-08-26 18:30:19.256384,0 days 00:01:22.658181,False,,entropy,,0.5,2,2,800,0.8791115793216587,0.006558880857345264,"[0.8701137672585633, 0.8810630316733271, 0.8877538553610215, 0.8835272280040689, 0.8731000143113126]",COMPLETE
63,0.8794675640749571,2026-08-26 18:30:19.256706,2026-08-26 18:31:32.114178,0 days 00:01:12.857472,False,,entropy,,0.5,1,6,700,0.8794675640749571,0.006659558681146512,"[0.8715804058251219, 0.879965275749492, 0.8885868201313669, 0.8847115330246345, 0.8724937856441701]",COMPLETE
64,0.8822731528223159,2026-08-26 18:31:32.114494,2026-08-26 18:32:45.486338,0 days 00:01:13.371844,False,,entropy,,0.5,1,2,700,0.8822731528223159,0.005203180537457979,"[0.875302303330741, 0.8831091051604552, 0.8877661391269833, 0.8878711792273163, 0.8773170372660832]",COMPLETE
65,0.8779047159274299,2026-08-26 18:32:45.486659,2026-08-26 18:34:24.057763,0 days 00:01:38.571104,False,,entropy,,0.7,1,2,700,0.8779047159274299,0.0046406204176325135,"[0.8746506786214301, 0.8748668394670601, 0.884804384994056, 0.8820768421113021, 0.8731248344433006]",COMPLETE
66,0.8779047159274299,2026-08-26 18:34:24.058068,2026-08-26 18:36:02.825236,0 days 00:01:38.767168,False,,entropy,,0.7,1,2,700,0.8779047159274299,0.0046406204176325135,"[0.8746506786214301, 0.8748668394670601, 0.884804384994056, 0.8820768421113021, 0.8731248344433006]",COMPLETE
67,0.8779047159274299,2026-08-26 18:36:02.825548,2026-08-26 18:37:41.964662,0 days 00:01:39.139114,False,,log_loss,48.0,0.7,1,2,700,0.8779047159274299,0.0046406204176325135,"[0.8746506786214301, 0.8748668394670601, 0.884804384994056, 0.8820768421113021, 0.8731248344433006]",COMPLETE
68,0.8776943216065739,2026-08-26 18:37:41.964974,2026-08-26 18:39:36.460897,0 days 00:01:54.495923,False,balanced,log_loss,48.0,0.7,1,2,800,0.8776943216065739,0.00458765041460274,"[0.8734030758164589, 0.8787188985063036, 0.8835538254489398, 0.8813006049962077, 0.8714952032649599]",COMPLETE
69,0.8781191665937153,2026-08-26 18:39:36.461222,2026-08-26 18:41:29.116474,0 days 00:01:52.655252,False,,log_loss,48.0,0.7,1,2,800,0.8781191665937153,0.004860593704390929,"[0.8742662111089349, 0.8758137902044397, 0.8860227844158448, 0.8813682127960561, 0.8731248344433006]",COMPLETE
70,0.8781191665937153,2026-08-26 18:41:29.116797,2026-08-26 18:43:22.130921,0 days 00:01:53.014124,False,,log_loss,48.0,0.7,1,2,800,0.8781191665937153,0.004860593704390929,"[0.8742662111089349, 0.8758137902044397, 0.8860227844158448, 0.8813682127960561, 0.8731248344433006]",COMPLETE
71,0.8781191665937153,2026-08-26 18:43:22.131253,2026-08-26 18:45:14.631898,0 days 00:01:52.500645,False,,log_loss,48.0,0.7,1,2,800,0.8781191665937153,0.004860593704390929,"[0.8742662111089349, 0.8758137902044397, 0.8860227844158448, 0.8813682127960561, 0.8731248344433006]",COMPLETE
72,0.8752980120744395,2026-08-26 18:45:14.632218,2026-08-26 18:47:05.702738,0 days 00:01:51.070520,False,,log_loss,48.0,0.7,2,3,800,0.8752980120744395,0.00543839161930166,"[0.8703740903258123, 0.871872448416639, 0.8838299653079078, 0.8796277595017622, 0.8707857968200764]",COMPLETE
73,0.8781191665937153,2026-08-26 18:47:05.703066,2026-08-26 18:48:58.848693,0 days 00:01:53.145627,False,,log_loss,48.0,0.7,1,2,800,0.8781191665937153,0.004860593704390929,"[0.8742662111089349, 0.8758137902044397, 0.8860227844158448, 0.8813682127960561, 0.8731248344433006]",COMPLETE
74,0.8752980120744395,2026-08-26 18:48:58.849027,2026-08-26 18:50:50.348661,0 days 00:01:51.499634,False,,log_loss,48.0,0.7,2,3,800,0.8752980120744395,0.00543839161930166,"[0.8703740903258123, 0.871872448416639, 0.8838299653079078, 0.8796277595017622, 0.8707857968200764]",COMPLETE
