number,value,datetime_start,datetime_complete,duration,params_colsample_bytree,params_gamma,params_learning_rate,params_max_depth,params_min_child_weight,params_reg_alpha,params_reg_lambda,params_subsample,user_attrs_cv_mean,user_attrs_cv_std,user_attrs_fold_best_iterations,user_attrs_fold_scores,state
101,0.8936333294964568,2026-08-26 22:30:35.478859,2026-08-26 22:31:31.525335,0 days 00:00:56.046476,0.8844335364289789,0.0706783546880052,0.02712276193427521,10,1.7847742675152534,0.059578116080866265,0.3189061617464904,0.668666407564734,0.8936333294964568,0.005405676365851715,"[1420, 1282, 1425, 1449, 1371]","[0.8870158525080302, 0.8941603622775901, 0.9007291273566294, 0.8981894175568635, 0.8880718877831703]",COMPLETE
102,0.8904212756681193,2026-08-26 22:31:31.525664,2026-08-26 22:32:16.957900,0 days 00:00:45.432236,0.8561361846536965,0.16171433798161522,0.027132720381002055,10,1.7487238726585144,0.012984697477996618,0.2164669750541513,0.6679885547028245,0.8904212756681193,0.0049892213147843785,"[1488, 1493, 1500, 1498, 1447]","[0.8862017969561017, 0.8906513421810495, 0.8952734605885232, 0.8964198515372038, 0.8835599270777186]",COMPLETE
103,0.8908725569187487,2026-08-26 22:32:16.958236,2026-08-26 22:33:04.342226,0 days 00:00:47.383990,0.8882370780638059,0.071231495802465,0.036702160643838404,10,1.8213083418967149,0.0014501411400223221,0.40308217417697023,0.6559072042245148,0.8908725569187487,0.005792785148042098,"[1236, 960, 1335, 1122, 967]","[0.8844201470139627, 0.8886981021354936, 0.8995656658323773, 0.8956273161192377, 0.8860515534926724]",COMPLETE
104,0.8899756260167975,2026-08-26 22:33:04.342549,2026-08-26 22:33:38.856264,0 days 00:00:34.513715,0.8787065719201813,0.2312778044559195,0.032213366947505255,10,1.2979198900784437,0.006161135081969834,0.4809536113513935,0.7310939171466986,0.8899756260167975,0.005410403234279514,"[1450, 1490, 1500, 1497, 1496]","[0.8856587318222653, 0.8882929909701677, 0.8978147185298355, 0.8946124670807102, 0.8834992216810088]",COMPLETE
105,0.8931385144586924,2026-08-26 22:33:38.856587,2026-08-26 22:34:39.240689,0 days 00:01:00.384102,0.9328158662426199,0.0678390983533676,0.022472360664770884,10,1.1236705532616165,0.002760761620441385,0.5352229759735342,0.6973174288645781,0.8931385144586924,0.0052910190144842524,"[1466, 1465, 1499, 1491, 1499]","[0.8882079499634813, 0.8908371503283247, 0.899922664396104, 0.8990299749186123, 0.88769483268694]",COMPLETE
106,0.8923256945109346,2026-08-26 22:34:39.241009,2026-08-26 22:35:17.959973,0 days 00:00:38.718964,0.9339760592973199,0.14371312859312302,0.03442436941190839,10,1.1634272288719907,0.13985891570718115,0.27992797868226443,0.6941959770626867,0.8923256945109346,0.005901087911094464,"[1500, 1385, 1499, 1493, 1498]","[0.886970731981092, 0.8917156032341086, 0.9009544883751522, 0.8967844426923338, 0.8852032062719862]",COMPLETE
107,0.8926712862809614,2026-08-26 22:35:17.960311,2026-08-26 22:36:11.078421,0 days 00:00:53.118110,0.9232239021673665,0.06330804179762886,0.030524752210850853,10,1.0199765438353348,0.42218454345503126,0.4428639760708045,0.6781658263435332,0.8926712862809614,0.0057943579288982534,"[1078, 1280, 1422, 1277, 1255]","[0.8886774584826629, 0.8909972560397098, 0.9026451299679493, 0.8950111526370638, 0.8860254342774215]",COMPLETE
108,0.8894769859482828,2026-08-26 22:36:11.078731,2026-08-26 22:36:56.750122,0 days 00:00:45.671391,0.9034509531127675,0.23531694880878062,0.02200219110800897,10,2.3298524544933765,0.03760693633893482,0.337706317100523,0.7131091029328922,0.8894769859482828,0.005707211472086603,"[1500, 1496, 1499, 1499, 1498]","[0.8834511857978388, 0.8897417195357221, 0.8968084292216595, 0.8946708385125586, 0.8827127566736351]",COMPLETE
109,0.8872479094055997,2026-08-26 22:36:56.750447,2026-08-26 22:37:35.547064,0 days 00:00:38.796617,0.947101008566305,0.30508527763562904,0.027691333454197824,9,1.6341371455749227,0.001138145837378562,0.5621268059376894,0.6412843423544798,0.8872479094055997,0.005385912972090961,"[1500, 1500, 1500, 1493, 1496]","[0.8835183168035211, 0.8870673986439407, 0.8934568397640291, 0.8928031483463202, 0.879393843470187]",COMPLETE
110,0.8832484092540943,2026-08-26 22:37:35.547470,2026-08-26 22:38:06.625178,0 days 00:00:31.077708,0.8345074622520036,0.38398871519921285,0.022677188039123747,10,1.4213851073859067,0.0043179020157487575,0.18400849928233798,0.8371249519733853,0.8832484092540943,0.005098078415609144,"[1491, 1499, 1499, 1495, 1496]","[0.8784070293031441, 0.883372570400125, 0.8900333374683411, 0.8876147712055314, 0.8768143378933296]",COMPLETE
111,0.891743354511893,2026-08-26 22:38:06.625524,2026-08-26 22:39:03.743334,0 days 00:00:57.117810,0.9532899451781848,0.0723098775674163,0.026019675406631575,10,2.090623306641061,0.0024755602532591683,0.5491017108468804,0.6951515677862679,0.891743354511893,0.005247487414520713,"[1488, 1498, 1498, 1493, 1497]","[0.8864004563213217, 0.8907892961495598, 0.8985110640791194, 0.8970896952766675, 0.8859262607327967]",COMPLETE
112,0.8913451097776012,2026-08-26 22:39:03.743671,2026-08-26 22:39:53.922230,0 days 00:00:50.178559,0.9321650625225485,0.15304702765878406,0.02417176325627437,10,1.4664871995004403,0.00899184144468065,0.37733729095458596,0.6525616872283981,0.8913451097776012,0.005061727714434418,"[1481, 1492, 1499, 1493, 1483]","[0.8855735495514482, 0.8912073997969614, 0.8977036339796459, 0.8963283528430802, 0.8859126127168698]",COMPLETE
113,0.8907503301635586,2026-08-26 22:39:53.922554,2026-08-26 22:40:11.773778,0 days 00:00:17.851224,0.9399370102369897,0.004931497960774911,0.15239078289127084,10,1.639246355764004,0.002503278134728681,0.2533609465415244,0.7310292690622312,0.8907503301635586,0.005934613394609948,"[277, 229, 219, 241, 198]","[0.8866405442563341, 0.8896193504369835, 0.9005173077443157, 0.8936005194590272, 0.883373928921133]",COMPLETE
114,0.8935895421274559,2026-08-26 22:40:11.774092,2026-08-26 22:41:03.052359,0 days 00:00:51.278267,0.9135278568363054,0.0650463533544629,0.03304202545705823,10,1.3234622905688864,0.00041066802373069253,0.7312807411349777,0.6640107653167027,0.8935895421274559,0.006112910826690949,"[1138, 1125, 1330, 1230, 1026]","[0.8883986756296848, 0.8921298736602338, 0.9024980167386399, 0.8986190055962968, 0.886302139012424]",COMPLETE
115,0.8901770179824169,2026-08-26 22:41:03.052678,2026-08-26 22:41:38.672949,0 days 00:00:35.620271,0.8943968193877769,0.21484521231941847,0.03879603133502048,10,1.32457572021769,0.0003387209743153223,1.0628542430134427,0.6614546370094017,0.8901770179824169,0.005652475859499788,"[1443, 1493, 1500, 1493, 1496]","[0.8831881290787632, 0.8894813964684731, 0.8970139138828171, 0.8962276177809563, 0.8849740327010741]",COMPLETE
116,0.8866106080481249,2026-08-26 22:41:38.673274,2026-08-26 22:42:44.662824,0 days 00:01:05.989550,0.9108470974284834,0.06520301061227851,0.03254734827327726,10,1.1574653217190218,0.0006312409720370102,29.674671122046007,0.790523778426213,0.8866106080481249,0.005682786725434689,"[1500, 1500, 1500, 1500, 1500]","[0.880170769244279, 0.8873061197530397, 0.895291402667992, 0.8896059742081035, 0.8806787743672104]",COMPLETE
117,0.8919865641847992,2026-08-26 22:42:44.663148,2026-08-26 22:43:29.791009,0 days 00:00:45.127861,0.9144526694566543,0.13965091816097824,0.029086050675388785,10,0.9172183760638704,7.247982028222477e-08,0.6464613152211885,0.6735722105970744,0.8919865641847992,0.005466721503822223,"[1460, 1498, 1495, 1498, 1406]","[0.8859282141503134, 0.8882879321871084, 0.8983462992716401, 0.8988244902574545, 0.8885458850574798]",COMPLETE
118,0.8862322465081567,2026-08-26 22:43:29.791330,2026-08-26 22:44:09.812074,0 days 00:00:40.020744,0.6133068595210605,0.19689371032127181,0.03034719901129927,10,1.8537862272202887,0.0012956056099206032,0.7434268867803651,0.6876418258100567,0.8862322465081567,0.007176252311178825,"[1481, 1500, 1499, 1500, 1465]","[0.8806416445893738, 0.8840150358486367, 0.8954713526582777, 0.893730513227634, 0.877302686216861]",COMPLETE
119,0.888500806929286,2026-08-26 22:44:09.812399,2026-08-26 22:44:46.874469,0 days 00:00:37.062070,0.8842061466484797,0.2680734299207421,0.026989536931248868,9,0.5493175620683536,4.576926620362683e-05,0.21394983742582535,0.6797306837402521,0.888500806929286,0.005049555182984058,"[1500, 1498, 1499, 1497, 1487]","[0.8866364437785941, 0.8880478442520962, 0.89526586799712, 0.8921143953884396, 0.88043948323018]",COMPLETE
120,0.893236350434926,2026-08-26 22:44:46.874798,2026-08-26 22:45:43.015683,0 days 00:00:56.140885,0.8622699412985088,0.0548591099367199,0.02798925581986196,10,0.7568729331178194,0.00018629406360136537,0.27927263836082433,0.6355571435864459,0.893236350434926,0.0051418163063143224,"[1339, 1288, 1446, 1430, 1207]","[0.8868107675338375, 0.8959342197848432, 0.8988513782036245, 0.8973084308427355, 0.8872769558095891]",COMPLETE
121,0.8934589431051128,2026-08-26 22:45:43.016016,2026-08-26 22:46:36.239081,0 days 00:00:53.223065,0.8608051155165227,0.06311715611535876,0.02848826947514936,10,0.634807635489588,0.0001835874440566584,0.2884454733962865,0.6358222284657099,0.8934589431051128,0.006113271368469044,"[1231, 1298, 1460, 1099, 1377]","[0.8865991156865417, 0.8948428894699808, 0.9032009877403787, 0.8954417078154453, 0.8872100148132173]",COMPLETE
122,0.8899240306783442,2026-08-26 22:46:36.239406,2026-08-26 22:47:18.321106,0 days 00:00:42.081700,0.8642123571350688,0.13752357348938826,0.033568910690710704,10,0.8576562550118431,0.00016913672525110772,0.28086600685639657,0.6110259492343993,0.8899240306783442,0.005450045940675348,"[1500, 1311, 1380, 1470, 1417]","[0.8854071594952213, 0.886288346052832, 0.8973059155622406, 0.895791404289068, 0.8848273279923587]",COMPLETE
123,0.8929377054865653,2026-08-26 22:47:18.321422,2026-08-26 22:48:02.259333,0 days 00:00:43.937911,0.900400270310468,0.04133006648462592,0.036767221385831585,10,0.5057185772988293,2.5338337231179197e-05,0.23678527888116144,0.6306425513012508,0.8929377054865653,0.005970899461316524,"[762, 732, 947, 908, 851]","[0.887395261237466, 0.8905855780012807, 0.9016915537781146, 0.8982092939142289, 0.8868068405017359]",COMPLETE
124,0.8930176580628674,2026-08-26 22:48:02.259655,2026-08-26 22:49:00.286662,0 days 00:00:58.027007,0.8675556589876106,0.0027228134366746146,0.028236993290694457,10,0.6713119096677576,0.00027170632360118727,0.31900751455435444,0.6017802923744058,0.8930176580628674,0.005396002764516506,"[1095, 1024, 1214, 1157, 1062]","[0.8907143727089917, 0.8894800296425597, 0.9011016016044616, 0.89736873655248, 0.8864235498058436]",COMPLETE
125,0.8926780948099985,2026-08-26 22:49:00.286984,2026-08-26 22:49:43.655898,0 days 00:00:43.368914,0.8328584935403834,0.12924028311350474,0.029838373730314893,10,0.6034594005710171,6.026990408283665e-05,0.19029876550146027,0.6387972235870635,0.8926780948099985,0.007419110614219384,"[1450, 1359, 1500, 1492, 1497]","[0.8850626124624744, 0.8931283705335241, 0.9022003567457095, 0.8993597950348698, 0.8836393392734144]",COMPLETE
126,0.8900880505917191,2026-08-26 22:49:43.656230,2026-08-26 22:50:26.354988,0 days 00:00:42.698758,0.8426338574865151,0.18767741818913122,0.0262294111220008,10,0.7364126288842211,0.0004308056225647628,0.28341745098217197,0.6510502532663701,0.8900880505917191,0.005848091630499612,"[1476, 1500, 1500, 1497, 1500]","[0.8855451134637317, 0.8903713337662889, 0.8968093963606076, 0.8960012896234852, 0.8817131197444823]",COMPLETE
127,0.772220579059058,2026-08-26 22:50:26.355317,2026-08-26 22:50:45.250275,0 days 00:00:18.894958,0.8245415956176625,0.09582087956052689,0.03137607491295544,3,2.034881332796738,0.00014372368904066457,0.35549910691892733,0.6262492928979422,0.772220579059058,0.006671376053510304,"[1500, 1500, 1500, 1500, 1500]","[0.7718538359129309, 0.7728973120490287, 0.7834544405154847, 0.7702640124692373, 0.7626332943486087]",COMPLETE
128,0.8859980197204053,2026-08-26 22:50:45.250608,2026-08-26 22:51:17.861578,0 days 00:00:32.610970,0.8589645264237104,0.34173402707128336,0.03506750425241367,10,2.7679698332419895,0.0009063488242609884,0.22968293375614113,0.6644155568989007,0.8859980197204053,0.007500746861661655,"[1492, 1498, 1500, 1493, 1496]","[0.8778988258659969, 0.8858624499705446, 0.8957547946073495, 0.8929615782026435, 0.8775124499554918]",COMPLETE
129,0.8884585328653707,2026-08-26 22:51:17.861916,2026-08-26 22:52:00.189191,0 days 00:00:42.327275,0.8812253063729968,0.23176569498460348,0.024812956226717562,10,0.6292736089382304,0.00020456225463873584,0.17047980591975304,0.6142397426094212,0.8884585328653707,0.005791794181008029,"[1500, 1496, 1500, 1500, 1499]","[0.8845131217196656, 0.8868765317136065, 0.8962071604209928, 0.8939489582924026, 0.8807468921801851]",COMPLETE
130,0.8614982359152641,2026-08-26 22:52:00.189531,2026-08-26 22:52:20.347609,0 days 00:00:20.158078,0.7954113613078354,1.295792483868919,0.028108254876543576,10,0.7957085758646378,7.6675522598477e-05,0.3894993935281773,0.6574762812931784,0.8614982359152641,0.008070100009848705,"[1500, 1500, 1497, 1495, 1496]","[0.857795489245409, 0.8598489466468285, 0.8709799973672828, 0.8696991163416853, 0.8491676299751144]",COMPLETE
131,0.893954263452901,2026-08-26 22:52:20.347926,2026-08-26 22:53:17.773410,0 days 00:00:57.425484,0.8522738886157936,0.06904012503320932,0.02410541477160741,10,1.2782393851077107,0.0006357479850581932,0.3231261540290548,0.7038383999751583,0.893954263452901,0.005146974689518571,"[1437, 1488, 1494, 1486, 1498]","[0.8901867511807963, 0.8925116075209023, 0.9019033733904283, 0.8975467522648692, 0.8876228329075091]",COMPLETE
132,0.8938471353914107,2026-08-26 22:53:17.773736,2026-08-26 22:54:14.613719,0 days 00:00:56.839983,0.8544210731891217,0.0529050839193363,0.026930377533332547,10,1.6136401947996895,0.0006380079375888129,0.45635803049420354,0.7495311787180126,0.8938471353914107,0.005601778000106118,"[1443, 1277, 1500, 1449, 1375]","[0.8886981021354936, 0.891148061226165, 0.9009564226530485, 0.9002284979830361, 0.888204592959311]",COMPLETE
133,0.8925056000906073,2026-08-26 22:54:14.614043,2026-08-26 22:55:03.901870,0 days 00:00:49.287827,0.8505314433996641,0.12357184127139213,0.024231985176380737,10,1.5375917212012422,0.0006980913250219148,0.43873448270174364,0.7498653380230758,0.8925056000906073,0.005388077187373499,"[1483, 1498, 1499, 1499, 1453]","[0.886538410289832, 0.8898359198032075, 0.8991275180625925, 0.8988301485709614, 0.8881960037264433]",COMPLETE
134,0.8928393572694251,2026-08-26 22:55:03.902186,2026-08-26 22:56:00.889473,0 days 00:00:56.987287,0.8485622318754024,0.06029515910606219,0.02612207767539943,10,1.7642475437616847,0.0004122354398636317,0.3206706353648334,0.711491210593853,0.8928393572694251,0.006328769653137981,"[1334, 1324, 1493, 1449, 1461]","[0.8884930171613012, 0.8897830068413836, 0.9017695110660289, 0.8988254573964028, 0.8853257938820086]",COMPLETE
135,0.8938004946646025,2026-08-26 22:56:00.889805,2026-08-26 22:57:02.569748,0 days 00:01:01.679943,0.8715180109726787,0.007413324913307794,0.02124470470457086,10,1.2918370592292314,0.001819650790773983,0.25025142179836535,0.7059466294980398,0.8938004946646025,0.006389075686652283,"[1500, 1498, 1496, 1500, 1496]","[0.889074777213103, 0.891844806462414, 0.9012729918643959, 0.901208575982691, 0.8856013218004083]",COMPLETE
136,0.8936178584601532,2026-08-26 22:57:02.570084,2026-08-26 22:58:05.177730,0 days 00:01:02.607646,0.8736384221105011,0.0046313110413783234,0.01977340623113197,10,1.2595887321867625,0.0014505072490506926,0.20382586675317588,0.7210997234778556,0.8936178584601532,0.006206868508363895,"[1500, 1498, 1500, 1498, 1500]","[0.8863025640966904, 0.8907235319697909, 0.9008301529200525, 0.901208575982691, 0.8890244673315406]",COMPLETE
137,0.8930162233305126,2026-08-26 22:58:05.178068,2026-08-26 22:59:07.673346,0 days 00:01:02.495278,0.8718241795110806,0.0030453532773756925,0.019194938931784197,10,1.2796134200746503,0.0012743056633791182,0.20770092870204812,0.702433520397042,0.8930162233305126,0.00514904751386599,"[1500, 1500, 1500, 1499, 1496]","[0.8883871912376532, 0.8902203873157027, 0.8999886284193556, 0.898467491693728, 0.8880174179861227]",COMPLETE
138,0.8907147900573985,2026-08-26 22:59:07.673685,2026-08-26 22:59:54.945302,0 days 00:00:47.271617,0.8718840517565384,0.17875260159353384,0.020982953448207158,9,1.0762742858598449,0.001642382655783397,0.25090696990507905,0.7372131949237305,0.8907147900573985,0.005862583673018817,"[1499, 1500, 1500, 1500, 1493]","[0.8849505021939846, 0.8891856619198101, 0.8984056378424367, 0.8967231698436411, 0.88430897848712]",COMPLETE
139,0.8916131100226135,2026-08-26 22:59:54.945617,2026-08-26 23:00:49.011694,0 days 00:00:54.066077,0.8945595717777289,0.12873840310302892,0.020062020564627643,10,1.2355712079731314,0.0019701063708909513,0.19559078455203135,0.7217266737559712,0.8916131100226135,0.006151404261894935,"[1489, 1498, 1500, 1500, 1484]","[0.8843415316162488, 0.891483307733982, 0.8985846206937741, 0.8984466481974144, 0.8852094418716483]",COMPLETE
140,0.889162241522192,2026-08-26 23:00:49.012024,2026-08-26 23:01:29.669503,0 days 00:00:40.657479,0.977944211219431,0.27182529638166586,0.023618687474337836,10,1.4679446946247752,0.0005962366013710565,0.4620361095621457,0.7162987842072526,0.889162241522192,0.006015931374825012,"[1500, 1500, 1500, 1500, 1498]","[0.8806274265455155, 0.8898553378942559, 0.8966556576788429, 0.8944069824195525, 0.8842658030727936]",COMPLETE
141,0.8938409945484104,2026-08-26 23:01:29.669832,2026-08-26 23:02:29.399219,0 days 00:00:59.729387,0.8496941973811926,0.05141391950054601,0.023069602895907978,10,1.3346783415620282,0.00036878385615517575,0.3725739947249033,0.7265402961224715,0.8938409945484104,0.005855178161618649,"[1500, 1493, 1500, 1497, 1490]","[0.8872880684879049, 0.8937873791571266, 0.9004993656648468, 0.9003010874587426, 0.887329071973431]",COMPLETE
142,0.8944554345116066,2026-08-26 23:02:29.399559,2026-08-26 23:03:30.009022,0 days 00:01:00.609463,0.8409900976716672,0.006415609955041618,0.022824027664397086,10,1.3852609563937959,0.00037638077984811317,0.38855973377723113,0.725903898069893,0.8944554345116066,0.005337023721697723,"[1487, 1492, 1500, 1445, 1499]","[0.8892255823995584, 0.8939009975156603, 0.9023803067359951, 0.898368400408201, 0.8884018854986179]",COMPLETE
143,0.8940063344820437,2026-08-26 23:03:30.009349,2026-08-26 23:04:30.623985,0 days 00:01:00.614636,0.8432712465572457,0.0188983207184428,0.022866851365482804,10,1.307188619051553,0.0003050197581821131,0.40782002654695,0.755245324821526,0.8940063344820437,0.004465454871903173,"[1499, 1365, 1499, 1500, 1494]","[0.889074777213103, 0.8913854155093507, 0.8991811983198822, 0.8996057090484069, 0.8907845723194762]",COMPLETE
144,0.8942479528513158,2026-08-26 23:04:30.624312,2026-08-26 23:05:31.837385,0 days 00:01:01.213073,0.8289405698568253,0.003450196696274546,0.021510421480700467,10,1.2936853723628348,0.0008424704259566132,0.3781449137242414,0.7664414063767716,0.8942479528513158,0.005254158723183358,"[1500, 1500, 1500, 1499, 1493]","[0.8891497006536712, 0.8936429995796438, 0.9000678433475171, 0.9004263900527905, 0.8879528306229565]",COMPLETE
145,0.8921856026233972,2026-08-26 23:05:31.837725,2026-08-26 23:06:31.631329,0 days 00:00:59.793604,0.8063128425849156,0.00934231967576915,0.021412705547452518,10,1.5666205332173424,0.001020093923999418,0.38807438540024924,0.7669879789814488,0.8921856026233972,0.005350891706472041,"[1500, 1499, 1500, 1500, 1499]","[0.8863319584897261, 0.8913402949824126, 0.9005577370966952, 0.8956320072937966, 0.8870660152543554]",COMPLETE
146,0.8915493210899805,2026-08-26 23:06:31.631656,2026-08-26 23:07:15.338409,0 days 00:00:43.706753,0.8208719874006037,0.179232455334865,0.022923728545308716,10,1.0191530013240213,0.00010975609825516974,0.36754115444415986,0.7569517859938906,0.8915493210899805,0.0066539289766635885,"[1497, 1500, 1495, 1500, 1488]","[0.8860560505527054, 0.89096225307889, 0.9000280906327868, 0.8979687477128993, 0.8827314634726213]",COMPLETE
147,0.8924341057273848,2026-08-26 23:07:15.338728,2026-08-26 23:08:15.585343,0 days 00:01:00.246615,0.8298846198313834,0.00016823123097955018,0.019343711068722975,10,1.9383594933319515,0.0006600568416191303,0.4615955799293973,0.7461329810850196,0.8924341057273848,0.004861753424120466,"[1500, 1498, 1500, 1499, 1492]","[0.886538410289832, 0.8923773455095377, 0.8978759913785282, 0.8978699469286716, 0.8875088345303545]",COMPLETE
148,0.8925265879183518,2026-08-26 23:08:15.585655,2026-08-26 23:09:08.994006,0 days 00:00:53.408351,0.8416582575727556,0.11792806795410343,0.020429236227528087,10,1.327501437254777,0.0003113541624296628,0.40439923585443927,0.7715612351764957,0.8925265879183518,0.005161093183010702,"[1500, 1489, 1496, 1500, 1497]","[0.8872480067440259, 0.8922522427589724, 0.899690001287477, 0.8968513738545335, 0.8865913149467507]",COMPLETE
149,0.8913638804431756,2026-08-26 23:09:08.994328,2026-08-26 23:09:58.765978,0 days 00:00:49.771650,0.8515822361305807,0.13145126853990263,0.022330106811025218,10,1.2106352762012866,0.2829258386942186,0.34509501123912767,0.7306857476837454,0.8913638804431756,0.006233801242252788,"[1487, 1489, 1500, 1500, 1496]","[0.8852484206097494, 0.8926353434455542, 0.8991066745662791, 0.8966647984117929, 0.8831641651825023]",COMPLETE
150,0.8868203790327194,2026-08-26 23:09:58.766308,2026-08-26 23:10:56.984444,0 days 00:00:58.218136,0.845287122692124,0.20938662232095717,0.01848820245562196,10,1.6180106872419715,0.0005148939772126273,6.890208098059456,0.7569160811825657,0.8868203790327194,0.00590133455102951,"[1500, 1500, 1500, 1500, 1500]","[0.8826863512505884, 0.8853464540985115, 0.8958144236794453, 0.8909685854423572, 0.8792860806926944]",COMPLETE
151,0.8921699371289245,2026-08-26 23:10:56.984774,2026-08-26 23:11:57.600079,0 days 00:01:00.615305,0.8291588074885489,0.062192122203284315,0.021015983905746796,10,1.328823603896496,0.0009092682397728601,0.4750177208523115,0.7051688673471318,0.8921699371289245,0.005895845067154819,"[1500, 1498, 1496, 1498, 1498]","[0.886988641982096, 0.8895329426043835, 0.9002676696951681, 0.898129111847119, 0.8859313195158558]",COMPLETE
