number,value,datetime_start,datetime_complete,duration,params_colsample_bytree,params_gamma,params_learning_rate,params_max_depth,params_min_child_weight,params_reg_alpha,params_reg_lambda,params_subsample,user_attrs_cv_mean,user_attrs_cv_std,user_attrs_fold_best_iterations,user_attrs_fold_scores,state
50,0.890068591480547,2026-08-26 21:56:23.292860,2026-08-26 21:57:23.441466,0 days 00:01:00.148606,0.9736462506959787,0.0028863584105371792,0.024057829176164332,10,2.1843255166239994,0.00012164668280779631,0.1008277012816546,0.9994132370365894,0.890068591480547,0.00683680926481073,"[1500, 1482, 1500, 1500, 1500]","[0.8826747255944261, 0.8875281564229174, 0.9005788710943077, 0.895346340565529, 0.8842148637255544]",COMPLETE
51,0.8917109674427051,2026-08-26 21:57:23.441805,2026-08-26 21:58:22.496091,0 days 00:00:59.054286,0.9698410616155368,0.025002647113905235,0.02344052549611215,10,2.2261983812703403,9.53067834880915e-05,0.10301470099751919,0.9990715019999411,0.8917109674427051,0.006587749681139031,"[1495, 1488, 1500, 1497, 1499]","[0.8832901217811345, 0.890597062393312, 0.9012884675485017, 0.8968428141241822, 0.8865363713663953]",COMPLETE
52,0.8665530270299617,2026-08-26 21:58:22.496413,2026-08-26 21:58:45.079260,0 days 00:00:22.582847,0.93302195458586,0.3160766008230098,0.026653700500580982,10,2.1932618180908294,8.134282112850857e-05,0.10808297370095186,0.9999562763006844,0.8665530270299617,0.008664757354431141,"[974, 1496, 1495, 1497, 1307]","[0.8639322016167489, 0.8645512897606031, 0.8788709637225517, 0.8722754358231694, 0.8531352442267365]",COMPLETE
53,0.8935228153936178,2026-08-26 21:58:45.079571,2026-08-26 21:59:50.389652,0 days 00:01:05.310081,0.9712698932417221,0.0027862919846131234,0.027621087790337794,10,1.147885302034164,0.0003033156896248057,0.21104240156585144,0.9982297281468402,0.8935228153936178,0.007009682205619667,"[1469, 1393, 1500, 1500, 1369]","[0.8842785010883064, 0.8949314811696824, 0.9027461555313726, 0.8988374506610654, 0.8868204885176628]",COMPLETE
54,0.8714003894584156,2026-08-26 21:59:50.389990,2026-08-26 22:00:14.694927,0 days 00:00:24.304937,0.9741494384672005,0.5350761661582935,0.02682972206862089,10,1.0161418719844268,0.00015610786142802285,0.1877830357255337,0.9487966236005358,0.8714003894584156,0.0062487862293035224,"[1482, 1492, 1492, 1488, 1492]","[0.867566324463855, 0.8710533340816514, 0.880613351294742, 0.875321772696466, 0.8624471647553636]",COMPLETE
55,0.8770785650765311,2026-08-26 22:00:14.695471,2026-08-26 22:00:45.118939,0 days 00:00:30.423468,0.9388908892458434,0.3831029371898862,0.021746395526346204,10,2.1230841097243656,3.5518678865688925e-05,0.2350156670378176,0.9444990905210686,0.8770785650765311,0.006329698964965535,"[1485, 1500, 1497, 1488, 1493]","[0.873643839528529, 0.877370937081338, 0.8859061875332653, 0.8811045026841674, 0.8673673585553558]",COMPLETE
56,0.8891293540131041,2026-08-26 22:00:45.119255,2026-08-26 22:01:23.017102,0 days 00:00:37.897847,0.9531027223354466,0.10727338819372,0.02629351543948219,10,1.7245161998763594,0.00041080720677819164,0.13666522672203782,0.9687053790358437,0.8891293540131041,0.006364582174533139,"[1493, 1482, 1470, 1488, 1495]","[0.883376670877865, 0.8888669585870838, 0.8986101553646462, 0.8934580974042765, 0.8813348878316493]",COMPLETE
57,0.874904972054342,2026-08-26 22:01:23.017542,2026-08-26 22:01:55.420002,0 days 00:00:32.402460,0.9600982581743404,0.2781229397839613,0.01886093341718848,10,0.6833456512700838,3.74612956047963e-05,0.19770287284415897,0.9897361089708419,0.874904972054342,0.006251895259095856,"[1500, 1497, 1481, 1495, 1406]","[0.8735136779949046, 0.8770485417914659, 0.8819523621360202, 0.878381360474673, 0.863628917874646]",COMPLETE
58,0.8942496444118977,2026-08-26 22:01:55.420330,2026-08-26 22:02:51.821373,0 days 00:00:56.401043,0.9775997283447975,0.009023194983512381,0.030038133822709874,10,2.4303061447071803,0.0017525294516454422,0.13285816004188591,0.9392838101053321,0.8942496444118977,0.006504962193368195,"[1500, 1395, 1499, 1498, 1262]","[0.8879433851543617, 0.8935307480470235, 0.9014419157289669, 0.9018973289405716, 0.8864348441885648]",COMPLETE
59,0.8256237742505954,2026-08-26 22:02:51.821700,2026-08-26 22:03:15.327829,0 days 00:00:23.506129,0.9259611418727287,0.2815324958149077,0.030780501877811377,4,1.2025866265805445,0.0017010415902418124,0.27810274508360117,0.9375319870399365,0.8256237742505954,0.0058427247063949205,"[1500, 1500, 1500, 1500, 1500]","[0.81847259494954, 0.8271814942461592, 0.832858034886374, 0.8304354540866545, 0.8191712930842492]",COMPLETE
60,0.8445789670972037,2026-08-26 22:03:15.328164,2026-08-26 22:03:29.243493,0 days 00:00:13.915329,0.9836086519146773,1.6269006920858553,0.037823313604618714,10,0.9158058435383042,0.011395938783861645,0.13764878448763437,0.9709351207832984,0.8445789670972037,0.006463400188755612,"[1467, 723, 1434, 1461, 1492]","[0.8386397791392586, 0.8421816183295173, 0.8546814274815792, 0.8493633470734828, 0.8380286634621799]",COMPLETE
61,0.8811826684279381,2026-08-26 22:03:29.243820,2026-08-26 22:04:03.232800,0 days 00:00:33.988980,0.9729373953808036,0.10010351361219566,0.024753908033863934,10,2.4922386697086987,0.0003535876868959244,0.1503210960922903,0.9998779098932351,0.8811826684279381,0.007107107360680891,"[1496, 1496, 1492, 1444, 1454]","[0.8758241750270215, 0.8794647234831, 0.8920013765603536, 0.8862701020507465, 0.8723529650184693]",COMPLETE
62,0.8943818676607165,2026-08-26 22:04:03.233120,2026-08-26 22:04:59.133538,0 days 00:00:55.900418,0.9514762522462666,0.025290364615931156,0.028972283148729804,10,1.8734648817862956,9.326027375486276e-05,0.3310912116124074,0.9558878104965579,0.8943818676607165,0.0065117600498158425,"[1474, 1467, 1498, 1495, 1410]","[0.8883757068456216, 0.8910809302204826, 0.9038966566520137, 0.9003809790245532, 0.8881750655609114]",COMPLETE
63,0.8840147943340021,2026-08-26 22:04:59.133875,2026-08-26 22:05:33.434078,0 days 00:00:34.300203,0.9481518726332129,0.2471532588643351,0.02038430054510591,10,1.7505735057290408,2.5590566698979742e-05,0.35384299548826026,0.9470146380364118,0.8840147943340021,0.005956006424602174,"[1495, 1500, 1499, 1500, 1493]","[0.8825842172840863, 0.8831789698179641, 0.8923034372265436, 0.8876289892493897, 0.8743783580920264]",COMPLETE
64,0.8899581419228163,2026-08-26 22:05:33.434437,2026-08-26 22:06:07.267603,0 days 00:00:33.833166,0.9332814049994068,0.10546825841806405,0.0320146378904967,10,1.3949741462964982,9.108978361605482e-05,0.49912658677479166,0.9541861636445804,0.8899581419228163,0.00698339880558059,"[1492, 1500, 1492, 1488, 1493]","[0.8852213513479462, 0.8894257498548225, 0.8980015844738753, 0.8973052389245916, 0.8798367850128462]",COMPLETE
65,0.8791215337057924,2026-08-26 22:06:07.267916,2026-08-26 22:06:31.574397,0 days 00:00:24.306481,0.9635370333407252,0.42104450413910016,0.029228007186001666,10,1.8110602187303932,1.9003129030712636e-06,0.3027158663855502,0.904895042154064,0.8791215337057924,0.0063684387712124434,"[1492, 1493, 1492, 1495, 1499]","[0.8770870954453008, 0.8793269107787204, 0.8860201735002996, 0.8848982544484922, 0.868275234356149]",COMPLETE
66,0.860949997222184,2026-08-26 22:06:31.574708,2026-08-26 22:06:48.759523,0 days 00:00:17.184815,0.986704045673773,0.669049575688909,0.03530466511565165,10,2.464552948507619,0.0002378967723166533,0.22734119483823323,0.9840954477938391,0.860949997222184,0.006085147150729029,"[1500, 1499, 1454, 1139, 1411]","[0.8569592819506058, 0.860912108130438, 0.8680287372426032, 0.8669899016747501, 0.8518599571125236]",COMPLETE
67,0.8897678061882808,2026-08-26 22:06:48.759855,2026-08-26 22:07:44.258954,0 days 00:00:55.499099,0.919229055205779,0.008817469543865863,0.01718247778954978,9,1.542543495524503,0.0014362028102807285,0.16659968619107215,0.9583957521702674,0.8897678061882808,0.005702918218347247,"[1500, 1500, 1500, 1500, 1500]","[0.8847517015646339, 0.8882672885342777, 0.8976367028174463, 0.895107052004447, 0.8830762860205986]",COMPLETE
68,0.8815465418623722,2026-08-26 22:07:44.259274,2026-08-26 22:08:10.313581,0 days 00:00:26.054307,0.8873025770015446,0.22727320989685768,0.029275460442620922,10,0.7141619993335405,0.0005099322817237967,0.12331110269331838,0.9738445688918357,0.8815465418623722,0.007000232733850184,"[1467, 1493, 1499, 1496, 1493]","[0.8791424694573586, 0.8837970996564991, 0.8895961568375047, 0.8859111692091234, 0.8692858141513756]",COMPLETE
69,0.8155350760013993,2026-08-26 22:08:10.313916,2026-08-26 22:08:22.662921,0 days 00:00:12.349005,0.9537407777337379,2.878028796495639,0.042359248048402375,9,3.474675263445957,0.0027281963747341344,0.20348996122401952,0.9386671463445754,0.8155350760013993,0.006260794891668197,"[1481, 1154, 1293, 1480, 1391]","[0.8088790843946279, 0.813793220619829, 0.8249518833482986, 0.8204779383564448, 0.8095732532877963]",COMPLETE
70,0.8850296105628146,2026-08-26 22:08:22.663254,2026-08-26 22:08:59.866791,0 days 00:00:37.203537,0.9394931292771399,0.10761419100259384,0.024029297820230076,10,1.2139197826559054,5.701165728006288e-05,0.4312063664289878,0.9855844299006158,0.8850296105628146,0.006299634102526886,"[1500, 1495, 1471, 1499, 1500]","[0.8792882158607548, 0.8843001030464565, 0.894504816064832, 0.8894704681071071, 0.8775844497349228]",COMPLETE
71,0.8918595468755663,2026-08-26 22:08:59.867116,2026-08-26 22:09:59.739187,0 days 00:00:59.872071,0.9747286132760328,0.0015560878794561722,0.021096661526707246,10,1.9442590547218033,0.00012083162888847893,0.12166411239114674,0.9886191268037906,0.8918595468755663,0.006543470592230862,"[1500, 1484, 1500, 1500, 1499]","[0.8832422676023697, 0.892205755406121, 0.9003809790245532, 0.8975249416296077, 0.8859437907151798]",COMPLETE
72,0.8867347085891598,2026-08-26 22:09:59.739514,2026-08-26 22:10:46.258818,0 days 00:00:46.519304,0.98376633301784,0.1094731721361111,0.01924395871919763,10,2.482777888614712,0.00015888386017628753,0.13137743568157834,0.9724575031081674,0.8867347085891598,0.0070989841028715975,"[1498, 1493, 1492, 1499, 1500]","[0.8801964716801688, 0.8872996941440673, 0.8971205977597473, 0.8912851546537047, 0.8777716247081112]",COMPLETE
73,0.8795455943453228,2026-08-26 22:10:46.259141,2026-08-26 22:11:12.949795,0 days 00:00:26.690654,0.9623392740245992,0.20913254459672806,0.028576335797980062,10,1.927190549365137,0.00027853603153709717,0.566147770746286,0.9892872683865206,0.8795455943453228,0.008081785619501682,"[1500, 1495, 1479, 1495, 1495]","[0.876721904759723, 0.8779153690410877, 0.8922573495606573, 0.8831710520591084, 0.8676622963060369]",COMPLETE
74,0.8943889162038872,2026-08-26 22:11:12.950110,2026-08-26 22:12:14.205194,0 days 00:01:01.255084,0.9775721695489863,0.003404377629507478,0.020738760308395807,10,1.5436095893248785,0.000895226334071554,0.17712364932833058,0.9162879642696149,0.8943889162038872,0.005915717123162251,"[1497, 1500, 1500, 1500, 1496]","[0.8895806555190178, 0.8909865886888665, 0.9026706646388214, 0.9003405496721738, 0.8883661225005562]",COMPLETE
75,0.8818552722842806,2026-08-26 22:12:14.205518,2026-08-26 22:12:52.598483,0 days 00:00:38.392965,0.9804824394477796,0.2884733784836574,0.01753345190335721,9,1.5642681313717748,0.000765127447835226,0.3054307090979885,0.9140293605289281,0.8818552722842806,0.006112375198743413,"[1493, 1500, 1497, 1499, 1500]","[0.8752116537562705, 0.8838665557934138, 0.8890778270006101, 0.8870062003147607, 0.8741141245563478]",COMPLETE
76,0.8815961482709849,2026-08-26 22:12:52.598816,2026-08-26 22:13:23.485124,0 days 00:00:30.886308,0.9460603750716773,0.3807660036737667,0.020742416204491635,10,0.9328218583085229,0.01843909944045517,0.1670069817740751,0.8855805457850021,0.8815961482709849,0.006740930656386019,"[1494, 1500, 1498, 1495, 1467]","[0.8786959297222404, 0.8820876395031015, 0.8903366557747784, 0.8862438907422253, 0.8706166256125788]",COMPLETE
77,0.8880606930032486,2026-08-26 22:13:23.485445,2026-08-26 22:13:51.287074,0 days 00:00:27.801629,0.990900638981809,0.17699369588083108,0.03576483729717161,9,1.2529997953081804,0.0016331196388613542,0.21845180694016172,0.932757947792209,0.8880606930032486,0.006251686145869762,"[1485, 1493, 1497, 1499, 1495]","[0.8821432861167521, 0.886843853884019, 0.8975839896991049, 0.8925834456413041, 0.8811488896750636]",COMPLETE
78,0.8906495163875874,2026-08-26 22:13:51.287397,2026-08-26 22:14:34.840930,0 days 00:00:43.553533,0.9104956908136138,0.10284962872098363,0.021767227515460348,10,1.0838649918396766,0.007746325571293263,0.3821523276146233,0.9515141083548717,0.8906495163875874,0.00706021304941025,"[1494, 1487, 1499, 1494, 1500]","[0.8838912999239846, 0.8874518661564359, 0.8995912005032493, 0.8986688172977937, 0.8836443980564738]",COMPLETE
79,0.8717941407587763,2026-08-26 22:14:34.841293,2026-08-26 22:15:07.946065,0 days 00:00:33.104772,0.9993441610508593,0.5048226554772269,0.015310580858614923,9,1.5203350832472264,0.0034240035308837845,0.2555235649857078,0.9195894393598061,0.8717941407587763,0.007167065014593509,"[1494, 1500, 1500, 1495, 1496]","[0.8658725904443596, 0.8756408332751097, 0.8806849736315004, 0.8756213669672928, 0.861150939475619]",COMPLETE
80,0.884249665377895,2026-08-26 22:15:07.946384,2026-08-26 22:15:43.164861,0 days 00:00:35.218477,0.9535340999717707,0.22097458682597132,0.020144332892456252,10,1.9670799417209077,0.000504721907159838,0.1784111682175301,0.9572033275053929,0.884249665377895,0.005960275154839034,"[1500, 1499, 1493, 1499, 1498]","[0.8786663940650739, 0.8847012549981731, 0.8928546038244142, 0.888265029088929, 0.8767610449128848]",COMPLETE
81,0.8892868872568114,2026-08-26 22:15:43.165192,2026-08-26 22:16:30.707514,0 days 00:00:47.542322,0.9737030843218871,0.06504566719839625,0.023379863945426772,10,3.209308282468668,1.7665655013004754e-05,0.11875381037947001,0.9877228671632389,0.8892868872568114,0.005650923065033974,"[1500, 1497, 1500, 1499, 1500]","[0.8831222236348636, 0.8893778956760577, 0.898074173949582, 0.8924442155046971, 0.8834159275188568]",COMPLETE
82,0.891786072165139,2026-08-26 22:16:30.707833,2026-08-26 22:17:30.848860,0 days 00:01:00.141027,0.9632340537166597,0.0019081405857205283,0.01822042439948869,10,2.297980820518586,8.864122576564624e-05,0.1549133910321323,0.969641348052454,0.891786072165139,0.006286951934304845,"[1500, 1500, 1500, 1500, 1499]","[0.8846937298197508, 0.8925088738690756, 0.8998427728302935, 0.8972856530685256, 0.8845993312380496]",COMPLETE
83,0.8856527594158209,2026-08-26 22:17:30.849193,2026-08-26 22:18:19.033891,0 days 00:00:48.184698,0.9613131718627765,0.1346743224420885,0.01824976832008744,10,4.655968539714575,0.0009253634041928035,0.1483902469755733,0.9690406880645941,0.8856527594158209,0.007594332623469027,"[1493, 1493, 1496, 1500, 1496]","[0.8796919602001675, 0.8840150358486367, 0.8972250568574817, 0.8910259897352574, 0.8763057544375615]",COMPLETE
84,0.8938017143339889,2026-08-26 22:18:19.034212,2026-08-26 22:19:15.644596,0 days 00:00:56.610384,0.9267936604133329,0.06628800447186767,0.02673892021183361,10,1.7332065912298855,0.00016180922886699812,0.307462371486043,0.6962632740818928,0.8938017143339889,0.004710400566996103,"[1284, 1280, 1498, 1500, 1493]","[0.8900139355155968, 0.8930483883098969, 0.9000688104864653, 0.8981950758703704, 0.887682361487616]",COMPLETE
85,0.8859543392919335,2026-08-26 22:19:15.644924,2026-08-26 22:19:53.357930,0 days 00:00:37.713006,0.9294023670064963,0.3268969518064186,0.025988798278510406,9,1.6497600617798047,7.777043292153743e-06,0.6091622735774748,0.6914402636189582,0.8859543392919335,0.00532325701434453,"[1499, 1496, 1491, 1500, 1498]","[0.8830373238923079, 0.8830009541055747, 0.8950859180068343, 0.8885516629561447, 0.8800958374988056]",COMPLETE
86,0.8903576174209912,2026-08-26 22:19:53.358276,2026-08-26 22:20:37.672686,0 days 00:00:44.314410,0.9188275282712998,0.19431926312378506,0.027891407051944858,10,1.3664977578496809,0.00020660830981853478,0.7393922231860445,0.6457048499138145,0.8903576174209912,0.005711021124637272,"[1493, 1500, 1500, 1493, 1456]","[0.8838912999239846, 0.8880221418162062, 0.898551783932798, 0.895584952488962, 0.8857379089430054]",COMPLETE
87,0.8935972575941721,2026-08-26 22:20:37.673032,2026-08-26 22:21:27.426099,0 days 00:00:49.753067,0.9413772345909043,0.08898082479727312,0.03175540237766229,10,1.8627054511848602,0.0019021257045805002,0.42102830338957004,0.6944922120506347,0.8935972575941721,0.005319628322133642,"[1325, 1293, 1498, 1406, 1402]","[0.8872816428789324, 0.8919271138172736, 0.8992799991041097, 0.9003998882429701, 0.8890976439275744]",COMPLETE
88,0.889865890561175,2026-08-26 22:21:27.426436,2026-08-26 22:22:09.967620,0 days 00:00:42.541184,0.8775879005999656,0.16695572141352408,0.031025000488044092,9,1.9025741804220566,0.005193099321636855,0.42497297811454354,0.6823286756882195,0.889865890561175,0.005213622593389893,"[1423, 1495, 1499, 1449, 1500]","[0.8862132813481333, 0.8889883693805033, 0.8971806129681926, 0.8941487846400534, 0.882798404468993]",COMPLETE
89,0.89348975222603,2026-08-26 22:22:09.967952,2026-08-26 22:23:04.997522,0 days 00:00:55.029570,0.9016782138522306,0.07637341461668637,0.02524025371866773,10,1.40193657203869,0.0025382336371631855,0.31641634633352916,0.7240306119899378,0.89348975222603,0.0056443470859944,"[1447, 1467, 1498, 1500, 1407]","[0.8873359226666698, 0.8923065225467098, 0.9019958392234999, 0.8977522369260269, 0.8880582397672434]",COMPLETE
90,0.888700710911366,2026-08-26 22:23:04.997854,2026-08-26 22:23:36.916525,0 days 00:00:31.918671,0.901249736085252,0.26069193505354543,0.0337020157299177,9,1.114831519273202,0.002130025287059617,0.35287325385352863,0.7417541297514367,0.888700710911366,0.006053689111066153,"[1500, 1500, 1499, 1497, 1487]","[0.8818465932627699, 0.8879421595925789, 0.8977620054114942, 0.8931010988405497, 0.8828516974494379]",COMPLETE
91,0.8941131711599146,2026-08-26 22:23:36.916848,2026-08-26 22:24:31.363592,0 days 00:00:54.446744,0.941616925711827,0.09693676567817967,0.02501507568997751,10,1.4433810121863861,0.0159784847336124,0.3109010914530731,0.6635335265602881,0.8941131711599146,0.006630312222188246,"[1495, 1453, 1499, 1498, 1420]","[0.8874725098092666, 0.8931941347132931, 0.9015990879450428, 0.9018578667271404, 0.8864422566048297]",COMPLETE
92,0.8928841955614537,2026-08-26 22:24:31.363923,2026-08-26 22:25:25.229601,0 days 00:00:53.865678,0.9083971495705705,0.09356265560061097,0.025304803757450197,10,1.3919471549051092,0.07190616918755673,0.31371224132996045,0.6629627044235367,0.8928841955614537,0.006612738770202062,"[1470, 1492, 1500, 1488, 1365]","[0.8858508243143821, 0.8913480874172984, 0.9021539785785241, 0.898883828828251, 0.8861842586688131]",COMPLETE
93,0.8925434091945746,2026-08-26 22:25:25.229927,2026-08-26 22:26:20.523685,0 days 00:00:55.293758,0.9108742541608263,0.08492977435568799,0.02488323488572053,10,1.4267056310620647,0.10200979335190137,0.3034661697497673,0.6715669372301909,0.8925434091945746,0.0052165530146363204,"[1399, 1418, 1499, 1430, 1404]","[0.8866391774304208, 0.8912938076295612, 0.8982670843434786, 0.8989968476563369, 0.8875201289130757]",COMPLETE
94,0.887906379366283,2026-08-26 22:26:20.524002,2026-08-26 22:26:53.312162,0 days 00:00:32.788160,0.8961629619111728,0.3469976052951401,0.031888056323512756,10,0.8188400686398779,0.05301412320280477,0.2739162934673888,0.6213273560987402,0.887906379366283,0.006039587992567714,"[1500, 1500, 1500, 1493, 1486]","[0.8834175496629323, 0.8865500359459944, 0.8968074620827112, 0.8925628926462901, 0.8801939564934876]",COMPLETE
95,0.8425651630550893,2026-08-26 22:26:53.312481,2026-08-26 22:27:10.804904,0 days 00:00:17.492423,0.9374361513957672,2.0714040309402657,0.025285780949368293,10,1.2547973821290015,0.00833897035210659,0.5140863810168897,0.705784969570425,0.8425651630550893,0.007301537314046609,"[1476, 1500, 1499, 1498, 1500]","[0.8371645310966258, 0.8417142936774376, 0.8535823818390321, 0.8473911978095101, 0.8329734108528412]",COMPLETE
96,0.8910403618451392,2026-08-26 22:27:10.805220,2026-08-26 22:27:40.185800,0 days 00:00:29.380580,0.8776768297771981,0.1626082359563858,0.051312375786564605,10,0.9941557550968956,0.023401376115980803,0.4179396219374125,0.7180661539450311,0.8910403618451392,0.0063668733238014105,"[1466, 1368, 1483, 1461, 1427]","[0.8871695326104428, 0.8887653744053066, 0.9001205564658585, 0.8964931176505595, 0.8826532280935284]",COMPLETE
97,0.8934400537639368,2026-08-26 22:27:40.186113,2026-08-26 22:28:32.331368,0 days 00:00:52.145255,0.9209496228540125,0.08093950760193337,0.030021271074272587,10,1.6818227719851753,0.004297833106105943,0.32501090372492897,0.6757266230124381,0.8934400537639368,0.00440024488415039,"[1389, 1307, 1420, 1385, 1349]","[0.8882478704432296, 0.8908964888991209, 0.899677717521515, 0.8976060908356657, 0.890772101120152]",COMPLETE
98,0.8879535700418273,2026-08-26 22:28:32.331693,2026-08-26 22:29:10.795802,0 days 00:00:38.464109,0.918356610783195,0.28595790213299943,0.028336583866635033,10,1.677156218121647,0.015821096941515744,0.24961137570469116,0.6316199539511932,0.8879535700418273,0.004946514114813336,"[1500, 1495, 1500, 1488, 1417]","[0.8836268763789956, 0.8881486113926848, 0.8943801901084331, 0.892267166931256, 0.8813450053977675]",COMPLETE
99,0.8663609085326825,2026-08-26 22:29:10.796143,2026-08-26 22:29:38.919360,0 days 00:00:28.123217,0.9447603170167039,0.4400883041168344,0.04050889683310752,5,2.6139857506328106,0.0037145553600537117,0.33880744009625513,0.6837868291514818,0.8663609085326825,0.004745516903388883,"[1500, 1500, 1497, 1500, 1500]","[0.8642652642574641, 0.8691557406497462, 0.8726353358037406, 0.8671585350380219, 0.85858966691444]",COMPLETE
100,0.8835165265229549,2026-08-26 22:29:38.919686,2026-08-26 22:30:35.478535,0 days 00:00:56.558849,0.924592985058665,0.06978028158564946,0.02980422249095786,9,2.0696165892389953,0.0005713068231262371,23.795968652793327,0.7006506681865526,0.8835165265229549,0.006619689104167355,"[1500, 1500, 1500, 1500, 1500]","[0.8759535195194577, 0.8859889195470232, 0.8935632331396599, 0.8856521488108582, 0.8764248115977752]",COMPLETE
