number,value,datetime_start,datetime_complete,duration,params_ccp_alpha,params_class_weight,params_criterion,params_max_depth,params_max_features,params_min_samples_leaf,params_min_samples_split,params_splitter,user_attrs_cv_mean,user_attrs_cv_std,user_attrs_fold_scores,state
0,0.6595973227540484,2026-08-25 14:38:13.264768,2026-08-25 14:38:13.810112,0 days 00:00:00.545344,1.3480180290890803e-07,balanced,log_loss,12,0.6,59,96,best,0.6595973227540484,0.011716172218034176,"[0.6500371662703249, 0.6765492890866023, 0.6662649637901497, 0.6616308799978018, 0.643504314625363]",COMPLETE
1,0.5398143487544739,2026-08-25 14:38:13.810496,2026-08-25 14:38:13.876174,0 days 00:00:00.065678,0.0043873144324354085,,log_loss,17,0.8,24,44,random,0.5398143487544739,0.016446770882655386,"[0.5507875277539701, 0.5330090472762414, 0.5164066118573414, 0.5343885093407441, 0.5644800475440729]",COMPLETE
2,0.5070742159351423,2026-08-25 14:38:13.876535,2026-08-25 14:38:13.904586,0 days 00:00:00.028051,0.006124806805925988,,gini,30,sqrt,25,82,random,0.5070742159351423,0.026742233209396737,"[0.4840453077556482, 0.5302279540425094, 0.5358469756009553, 0.5177640561837381, 0.4674867860928608]",COMPLETE
3,0.6172748782099748,2026-08-25 14:38:13.905018,2026-08-25 14:38:14.081413,0 days 00:00:00.176395,0.00041245717727594227,,log_loss,24,sqrt,72,95,best,0.6172748782099748,0.0036061099428549596,"[0.6228083578889491, 0.6181873651274817, 0.6115143367613883, 0.6166588770797552, 0.6172054541923]",COMPLETE
4,0.5495290789771665,2026-08-25 14:38:14.081749,2026-08-25 14:38:14.180414,0 days 00:00:00.098665,1.5027137214154575e-07,,entropy,4,log2,62,99,best,0.5495290789771665,0.013549346333005351,"[0.5343711460888235, 0.5748438363359013, 0.5435284296853188, 0.5462935431820607, 0.5486084395937287]",COMPLETE
5,0.6561499544447607,2026-08-25 14:38:14.180785,2026-08-25 14:38:14.896804,0 days 00:00:00.716019,2.8501838758433707e-05,,gini,11,,52,74,best,0.6561499544447607,0.009790881943632979,"[0.6530856791523162, 0.6686321583408267, 0.6416430412062307, 0.6654291418177664, 0.6519597517066635]",COMPLETE
6,0.5441681100850451,2026-08-25 14:38:14.897235,2026-08-25 14:38:14.924070,0 days 00:00:00.026835,0.0017697543538533224,,entropy,11,log2,73,52,random,0.5441681100850451,0.017077209965411976,"[0.5313044733921845, 0.565042691011536, 0.5219780862613315, 0.5397682217636969, 0.5627470779964762]",COMPLETE
7,0.6588034352544637,2026-08-25 14:38:14.924400,2026-08-25 14:38:15.577156,0 days 00:00:00.652756,1.8298712093870903e-07,balanced,entropy,17,0.8,72,81,best,0.6588034352544637,0.006247652394813454,"[0.6619758971284307, 0.6568761747068637, 0.6647522215763785, 0.6629563500370862, 0.6474565328235596]",COMPLETE
8,0.639281884735699,2026-08-25 14:38:15.577493,2026-08-25 14:38:15.647573,0 days 00:00:00.070080,1.0333896431462928e-08,,entropy,17,,30,71,random,0.639281884735699,0.01141357932253354,"[0.642851043332867, 0.6288805880849684, 0.6448120438456689, 0.6557283302832825, 0.6241374181317088]",COMPLETE
9,0.650136133985382,2026-08-25 14:38:15.647919,2026-08-25 14:38:15.813609,0 days 00:00:00.165690,1.3685182782317289e-05,,gini,16,sqrt,20,99,best,0.650136133985382,0.01638609990550733,"[0.6614748644684453, 0.6597615745390507, 0.666452244537961, 0.6404453025074673, 0.6225466838739852]",COMPLETE
10,0.5491560966623805,2026-08-25 14:38:15.813941,2026-08-25 14:38:16.020572,0 days 00:00:00.206631,1.3312110800515346e-09,balanced,log_loss,3,0.6,1,2,best,0.5491560966623805,0.00560111432379546,"[0.5394374431346501, 0.5480491735524787, 0.5513681107808788, 0.5503648812239281, 0.5565608746199672]",COMPLETE
11,0.6433304485433959,2026-08-25 14:38:16.020917,2026-08-25 14:38:16.335010,0 days 00:00:00.314093,4.0184266648472174e-07,balanced,entropy,11,0.4,50,56,best,0.6433304485433959,0.008769328140598463,"[0.6596859963951852, 0.6370252309133222, 0.6346446861831524, 0.6433086094588791, 0.641987719766441]",COMPLETE
12,0.6696765238299045,2026-08-25 14:38:16.335315,2026-08-25 14:38:16.990967,0 days 00:00:00.655652,2.9769597875852853e-07,balanced,log_loss,22,0.8,55,82,best,0.6696765238299045,0.011559776756848765,"[0.6601314829887728, 0.6555274722184339, 0.6794996205063212, 0.6862074174094804, 0.6670166260265143]",COMPLETE
13,0.6767364363678818,2026-08-25 14:38:16.991318,2026-08-25 14:38:17.503566,0 days 00:00:00.512248,3.7405716246710883e-06,balanced,log_loss,24,0.6,45,65,best,0.6767364363678818,0.006615946499814774,"[0.6879319132554961, 0.6685211668185174, 0.6721654087662774, 0.6761417500923884, 0.6789219429067298]",COMPLETE
14,0.6754312623726925,2026-08-25 14:38:17.504076,2026-08-25 14:38:18.039641,0 days 00:00:00.535565,6.174767494322357e-06,balanced,log_loss,25,0.6,40,34,best,0.6754312623726925,0.00837632763091946,"[0.68546073436251, 0.6779232985165978, 0.6820817810875087, 0.6630167277403718, 0.6686737701564743]",COMPLETE
15,0.6863399380273051,2026-08-25 14:38:18.039948,2026-08-25 14:38:18.562108,0 days 00:00:00.522160,6.605753887567251e-06,balanced,log_loss,29,0.6,39,27,best,0.6863399380273051,0.0036325270885938237,"[0.6855549761299274, 0.6871793233630368, 0.6896536771598836, 0.689554958992954, 0.6797567544907235]",COMPLETE
16,0.6863399380273051,2026-08-25 14:38:18.562471,2026-08-25 14:38:19.083477,0 days 00:00:00.521006,2.14902646134673e-06,balanced,log_loss,29,0.6,39,18,best,0.6863399380273051,0.0036325270885938237,"[0.6855549761299274, 0.6871793233630368, 0.6896536771598836, 0.689554958992954, 0.6797567544907235]",COMPLETE
17,0.6815163119128387,2026-08-25 14:38:19.083787,2026-08-25 14:38:19.625802,0 days 00:00:00.542015,4.8797375543227104e-05,balanced,log_loss,30,0.6,36,18,best,0.6815163119128387,0.010601634993088976,"[0.6724794511628648, 0.6944362238868432, 0.6683550717646586, 0.6931240399536298, 0.6791867727961973]",COMPLETE
18,0.6535797724097153,2026-08-25 14:38:19.626126,2026-08-25 14:38:19.698164,0 days 00:00:00.072038,1.4641752838244698e-06,balanced,log_loss,27,0.4,10,25,random,0.6535797724097153,0.0049992670130662754,"[0.6588036265393434, 0.6467639228453065, 0.6586051855921862, 0.655030865590746, 0.6486952614809945]",COMPLETE
19,0.6843237172274758,2026-08-25 14:38:19.698599,2026-08-25 14:38:20.252159,0 days 00:00:00.553560,0.00014968727235882198,balanced,log_loss,28,0.6,35,8,best,0.6843237172274758,0.005865330569104965,"[0.6825545323665722, 0.6941534153729095, 0.6784051198688773, 0.6874321034781338, 0.679073415050886]",COMPLETE
20,0.673802391286566,2026-08-25 14:38:20.252514,2026-08-25 14:38:20.739727,0 days 00:00:00.487213,2.3612852478582268e-08,balanced,gini,21,0.6,43,32,best,0.673802391286566,0.003304679633648546,"[0.6690394061411697, 0.6733925586571544, 0.6744135047075178, 0.6793214925433673, 0.6728449943836209]",COMPLETE
21,0.681484172233215,2026-08-25 14:38:20.740038,2026-08-25 14:38:21.272901,0 days 00:00:00.532863,0.00016034016651872627,balanced,log_loss,27,0.6,36,8,best,0.681484172233215,0.010562590245744168,"[0.6724794511628648, 0.6942755254887243, 0.6683550717646586, 0.6931240399536298, 0.6791867727961973]",COMPLETE
22,0.6962399878126376,2026-08-25 14:38:21.273207,2026-08-25 14:38:21.838042,0 days 00:00:00.564835,0.00014696568329408322,balanced,log_loss,28,0.6,30,14,best,0.6962399878126376,0.0023847149302838877,"[0.6976523644305613, 0.6962400405603386, 0.691670164734437, 0.697284050080729, 0.6983533192571222]",COMPLETE
23,0.7297824118127202,2026-08-25 14:38:21.838378,2026-08-25 14:38:22.427875,0 days 00:00:00.589497,1.2661739591796867e-06,balanced,log_loss,30,0.6,15,18,best,0.7297824118127202,0.004946921296713641,"[0.726999332200541, 0.7323199672619225, 0.733609460100586, 0.7345914783718253, 0.7213918211287259]",COMPLETE
24,0.7219233514589573,2026-08-25 14:38:22.428242,2026-08-25 14:38:23.026945,0 days 00:00:00.598703,0.000413735710547358,balanced,log_loss,26,0.6,13,20,best,0.7219233514589573,0.007582657335758685,"[0.7157966101727737, 0.7330281811214374, 0.7276249213997592, 0.712276910519535, 0.720890134081281]",COMPLETE
25,0.7274441926775052,2026-08-25 14:38:23.027259,2026-08-25 14:38:23.624547,0 days 00:00:00.597288,0.0005982543500126752,balanced,log_loss,20,0.6,15,18,best,0.7274441926775052,0.006195833162181772,"[0.723483941271217, 0.7290086976116807, 0.7350106729420015, 0.73204181291791, 0.7176758386447166]",COMPLETE
26,0.5882047470656577,2026-08-25 14:38:23.624877,2026-08-25 14:38:23.661703,0 days 00:00:00.036826,0.0009590234985155447,balanced,log_loss,20,log2,14,41,random,0.5882047470656577,0.005437353830531143,"[0.583864606631091, 0.5952138235795202, 0.589560597481413, 0.5802795572163649, 0.5921051504198995]",COMPLETE
27,0.7108815308826565,2026-08-25 14:38:23.662245,2026-08-25 14:38:24.075723,0 days 00:00:00.413478,0.0008096895493012256,balanced,log_loss,25,0.4,5,23,best,0.7108815308826565,0.0065564534584641515,"[0.7194408937263743, 0.711922121504014, 0.7053269346395061, 0.7159846466724064, 0.7017330578709816]",COMPLETE
28,0.7216771739168819,2026-08-25 14:38:24.076041,2026-08-25 14:38:24.973018,0 days 00:00:00.896977,4.8659774449257785e-05,balanced,gini,19,,15,36,best,0.7216771739168819,0.003743865670314664,"[0.7221614572704933, 0.7253644556639207, 0.7243942868941712, 0.7217784256591555, 0.7146872440966687]",COMPLETE
29,0.7341444606071786,2026-08-25 14:38:24.973357,2026-08-25 14:38:25.583117,0 days 00:00:00.609760,1.5809001036767288e-08,balanced,log_loss,23,0.6,9,11,best,0.7341444606071786,0.004252586679224766,"[0.7359948295953073, 0.7408611863707812, 0.7294454878281463, 0.7346926030744164, 0.7297281961672416]",COMPLETE
30,0.7274599578536965,2026-08-25 14:38:25.583428,2026-08-25 14:38:26.183216,0 days 00:00:00.599788,2.945435662302505e-08,balanced,log_loss,14,0.6,7,2,best,0.7274599578536965,0.006141765355590938,"[0.7377102338578659, 0.7305087129770959, 0.7261067068832654, 0.7222154984448812, 0.7207586371053741]",COMPLETE
31,0.7274599578536965,2026-08-25 14:38:26.183519,2026-08-25 14:38:26.784384,0 days 00:00:00.600865,3.705435814399429e-08,balanced,log_loss,14,0.6,7,2,best,0.7274599578536965,0.006141765355590938,"[0.7377102338578659, 0.7305087129770959, 0.7261067068832654, 0.7222154984448812, 0.7207586371053741]",COMPLETE
32,0.7274599578536965,2026-08-25 14:38:26.784728,2026-08-25 14:38:27.384274,0 days 00:00:00.599546,3.232718555549257e-08,balanced,log_loss,14,0.6,7,2,best,0.7274599578536965,0.006141765355590938,"[0.7377102338578659, 0.7305087129770959, 0.7261067068832654, 0.7222154984448812, 0.7207586371053741]",COMPLETE
33,0.6316514192524849,2026-08-25 14:38:27.384597,2026-08-25 14:38:27.856034,0 days 00:00:00.471437,3.0318367769637515e-09,balanced,log_loss,8,0.6,1,11,best,0.6316514192524849,0.011812678336461508,"[0.6200483338528163, 0.6482313600811865, 0.6257995901192308, 0.6433482161418923, 0.6208295960672987]",COMPLETE
34,0.5942762168801597,2026-08-25 14:38:27.856363,2026-08-25 14:38:27.903783,0 days 00:00:00.047420,5.6050115473285234e-08,balanced,log_loss,8,0.8,21,7,random,0.5942762168801597,0.012127654715059825,"[0.6016026500142603, 0.6141366696726962, 0.5844351868574877, 0.5811311190735173, 0.5900754587828371]",COMPLETE
35,0.6881803441663833,2026-08-25 14:38:27.904128,2026-08-25 14:38:28.117025,0 days 00:00:00.212897,6.487300430102237e-09,balanced,log_loss,14,sqrt,8,13,best,0.6881803441663833,0.0024002124358258486,"[0.688530330815027, 0.6846562476140942, 0.6902264579570048, 0.6911360552347041, 0.6863526292110868]",COMPLETE
36,0.6147639382063871,2026-08-25 14:38:28.117350,2026-08-25 14:38:28.541626,0 days 00:00:00.424276,9.129803355120518e-07,balanced,log_loss,7,0.6,21,3,best,0.6147639382063871,0.008904363540744207,"[0.6307008859665673, 0.6140586867112531, 0.6149589501043639, 0.6104362210466878, 0.6036649472030632]",COMPLETE
37,0.6648848934945739,2026-08-25 14:38:28.542021,2026-08-25 14:38:28.604563,0 days 00:00:00.062542,7.470160379606147e-08,,gini,14,0.6,4,13,random,0.6648848934945739,0.0076139204081554866,"[0.6705054257525956, 0.6591519211331912, 0.6566655371966986, 0.6768972664246978, 0.6612043169656866]",COMPLETE
38,0.6807292634546347,2026-08-25 14:38:28.604888,2026-08-25 14:38:28.819620,0 days 00:00:00.214732,1.1420077477530208e-08,balanced,entropy,13,log2,11,7,best,0.6807292634546347,0.01062294367491326,"[0.6945272809162925, 0.6722133681967885, 0.6696550696997984, 0.6926229958782155, 0.6746276025820784]",COMPLETE
39,0.7068763715681833,2026-08-25 14:38:28.819981,2026-08-25 14:38:29.754494,0 days 00:00:00.934513,6.046922340115093e-07,,log_loss,23,,25,29,best,0.7068763715681833,0.008088785386289831,"[0.6995817006293782, 0.7198975011828767, 0.702509411331884, 0.7126922264338509, 0.6997010182629265]",COMPLETE
40,0.5536176328835906,2026-08-25 14:38:29.755073,2026-08-25 14:38:29.797059,0 days 00:00:00.041986,1.0019962534605112e-09,balanced,log_loss,18,sqrt,80,22,random,0.5536176328835906,0.014646277523405242,"[0.5368432297197218, 0.5719888685283522, 0.5634093054769432, 0.5600262405405539, 0.5358205201523818]",COMPLETE
41,0.7356536801781723,2026-08-25 14:38:29.797381,2026-08-25 14:38:30.435930,0 days 00:00:00.638549,3.177674659947401e-08,balanced,log_loss,15,0.6,5,2,best,0.7356536801781723,0.010739181225735151,"[0.7521807194432304, 0.7396018592793769, 0.7209705763254332, 0.7380278737642424, 0.7274873720785785]",COMPLETE
42,0.7060561691037414,2026-08-25 14:38:30.436274,2026-08-25 14:38:31.014127,0 days 00:00:00.577853,9.370003360239333e-08,balanced,log_loss,16,0.6,18,6,best,0.7060561691037414,0.006812845611260484,"[0.7108998236420714, 0.7146140125723107, 0.6962563258427571, 0.7083083508660369, 0.7002023325955307]",COMPLETE
43,0.6735659606123103,2026-08-25 14:38:31.014452,2026-08-25 14:38:31.538816,0 days 00:00:00.524364,1.9692079611918363e-08,balanced,log_loss,10,0.6,5,14,best,0.6735659606123103,0.009976063381527643,"[0.6654704026823234, 0.6871166135273846, 0.6843425940429974, 0.6649112928420919, 0.6659888999667539]",COMPLETE
44,0.7237825210766655,2026-08-25 14:38:31.539146,2026-08-25 14:38:32.125213,0 days 00:00:00.586067,3.219747870791338e-09,,entropy,16,0.6,10,2,best,0.7237825210766655,0.014127666465334622,"[0.726441353248509, 0.7325647835917749, 0.7232607751077902, 0.7389852397095678, 0.6976604537256853]",COMPLETE
45,0.6977252555212838,2026-08-25 14:38:32.125534,2026-08-25 14:38:32.850158,0 days 00:00:00.724624,2.585133072497304e-07,balanced,log_loss,12,0.8,17,10,best,0.6977252555212838,0.0038136837219852125,"[0.7018847926834528, 0.69864342840985, 0.7005616021399116, 0.6965264075809898, 0.6910100467922149]",COMPLETE
46,0.577452773377167,2026-08-25 14:38:32.850463,2026-08-25 14:38:32.951355,0 days 00:00:00.100892,4.7594074874570054e-08,balanced,gini,5,log2,3,14,best,0.577452773377167,0.009736821796226426,"[0.5808741588600191, 0.5914094725236362, 0.5688846333224934, 0.5642355205090474, 0.5818600816706389]",COMPLETE
47,0.6644280501927009,2026-08-25 14:38:32.951659,2026-08-25 14:38:33.448046,0 days 00:00:00.496387,6.032970678148229e-09,balanced,log_loss,10,0.6,29,5,best,0.6644280501927009,0.005915487043392404,"[0.6667148303440308, 0.6730683583837408, 0.6577273424517843, 0.666856336247891, 0.6577733835360576]",COMPLETE
48,0.5298437294788526,2026-08-25 14:38:33.448361,2026-08-25 14:38:33.835209,0 days 00:00:00.386848,0.009591050402013749,,entropy,15,0.4,7,18,best,0.5298437294788526,0.01273271008681702,"[0.5134840640613991, 0.5327336150995832, 0.5256018089650558, 0.5252873951417838, 0.5521117641264413]",COMPLETE
49,0.7096622693005521,2026-08-25 14:38:33.835527,2026-08-25 14:38:34.790405,0 days 00:00:00.954878,1.382766429535496e-07,balanced,log_loss,18,,24,10,best,0.7096622693005521,0.007911779943978728,"[0.7169534635921119, 0.6993934152896375, 0.7160059889171482, 0.715343425468709, 0.700615053235154]",COMPLETE
50,0.7244245035771385,2026-08-25 14:38:34.790724,2026-08-25 14:38:35.407508,0 days 00:00:00.616784,1.2779551391826596e-08,balanced,log_loss,22,0.6,11,2,best,0.7244245035771385,0.007506662957186133,"[0.7277365581908302, 0.7342294937854007, 0.7114837888455728, 0.7224436207635477, 0.7262290563003413]",COMPLETE
51,0.7067477740028767,2026-08-25 14:38:35.407828,2026-08-25 14:38:36.002873,0 days 00:00:00.595045,3.715709794146925e-08,balanced,log_loss,13,0.6,7,5,best,0.7067477740028767,0.00840741939600085,"[0.7041142885446069, 0.7199693960751586, 0.7115236457277755, 0.7029927051377219, 0.6951388345291202]",COMPLETE
52,0.7296659876727449,2026-08-25 14:38:36.003220,2026-08-25 14:38:36.637160,0 days 00:00:00.633940,2.380182431168731e-08,balanced,log_loss,15,0.6,1,15,best,0.7296659876727449,0.007830980708843678,"[0.733979686267635, 0.7215713230555592, 0.718905144396655, 0.7362434059733892, 0.7376303786704869]",COMPLETE
53,0.7395529205246716,2026-08-25 14:38:36.637502,2026-08-25 14:38:37.273075,0 days 00:00:00.635573,3.2992113373066466e-09,balanced,log_loss,15,0.6,1,16,best,0.7395529205246716,0.00686694752968111,"[0.7426097822599038, 0.7359786199598716, 0.7451546231586859, 0.7462127142922356, 0.7278088629526608]",COMPLETE
54,0.7366481533306422,2026-08-25 14:38:37.273395,2026-08-25 14:38:37.909360,0 days 00:00:00.635965,2.397445325642645e-09,balanced,log_loss,17,0.6,2,25,best,0.7366481533306422,0.008753660571536462,"[0.7490419975344652, 0.7436691675680156, 0.7289085848819421, 0.7359180387533811, 0.7257029779154065]",COMPLETE
55,0.6992969314956814,2026-08-25 14:38:37.909669,2026-08-25 14:38:38.135150,0 days 00:00:00.225481,2.1348748909497834e-09,balanced,log_loss,18,sqrt,2,30,best,0.6992969314956814,0.0051400152489456084,"[0.7015502022969765, 0.7082303944323239, 0.6936939310616581, 0.696164373059009, 0.6968457566284393]",COMPLETE
56,0.7304946092977038,2026-08-25 14:38:38.135481,2026-08-25 14:38:38.763760,0 days 00:00:00.628279,6.051204337360446e-09,balanced,log_loss,17,0.6,1,37,best,0.7304946092977038,0.0038984150490654536,"[0.7361277012508695, 0.7270766018109379, 0.7330847877585317, 0.7254162163553085, 0.7307677393128716]",COMPLETE
57,0.6626615513916445,2026-08-25 14:38:38.764078,2026-08-25 14:38:38.819988,0 days 00:00:00.055910,5.005274959853364e-09,balanced,log_loss,17,0.6,12,50,random,0.6626615513916445,0.005964957047046248,"[0.6725771341115218, 0.6654224092106701, 0.6619272583880158, 0.6569311186446494, 0.656449836603366]",COMPLETE
58,0.7285523113747931,2026-08-25 14:38:38.820350,2026-08-25 14:38:39.460759,0 days 00:00:00.640409,1.6083330665519311e-09,,gini,20,0.8,18,38,best,0.7285523113747931,0.003292478648410271,"[0.726859944313896, 0.732652093826175, 0.725810218368995, 0.732390799677375, 0.725048500687525]",COMPLETE
59,0.7149397339624342,2026-08-25 14:38:39.461071,2026-08-25 14:38:40.060313,0 days 00:00:00.599242,3.5149526793847676e-09,balanced,entropy,23,0.6,5,49,best,0.7149397339624342,0.009156220306019617,"[0.7148004649856624, 0.7075313338577062, 0.7048460762733155, 0.7310675148657265, 0.7164532798297601]",COMPLETE
60,0.652064226644803,2026-08-25 14:38:40.060649,2026-08-25 14:38:40.563912,0 days 00:00:00.503263,8.041308488256356e-09,balanced,log_loss,30,0.6,63,27,best,0.652064226644803,0.007944760890698725,"[0.6411251173314959, 0.662568634356037, 0.6596598951603022, 0.6474217802992306, 0.6495457060769494]",COMPLETE
61,0.7128221770425414,2026-08-25 14:38:40.564238,2026-08-25 14:38:41.171615,0 days 00:00:00.607377,1.8319827681588473e-08,balanced,log_loss,16,0.6,1,45,best,0.7128221770425414,0.010724701873842833,"[0.7190804759470918, 0.725948569891978, 0.6946184135927242, 0.70825972614382, 0.7162036996370927]",COMPLETE
62,0.7329569857015236,2026-08-25 14:38:41.171940,2026-08-25 14:38:41.812998,0 days 00:00:00.641058,1.7969478477844429e-09,balanced,log_loss,17,0.6,1,23,best,0.7329569857015236,0.008847501123507068,"[0.7400845263649222, 0.7388172215427308, 0.7199289256959268, 0.7412389680986204, 0.7247152868054177]",COMPLETE
63,0.6908687433282823,2026-08-25 14:38:41.813305,2026-08-25 14:38:42.374095,0 days 00:00:00.560790,1.9427559518752792e-09,balanced,log_loss,19,0.6,10,91,best,0.6908687433282823,0.009179691022203635,"[0.6954513405807258, 0.6965050553910204, 0.6725460568181219, 0.6948536180972975, 0.6949876457542462]",COMPLETE
64,0.7408669802060803,2026-08-25 14:38:42.374426,2026-08-25 14:38:43.000661,0 days 00:00:00.626235,1.0407939091886892e-09,balanced,log_loss,17,0.6,3,24,best,0.7408669802060803,0.004072651010478091,"[0.743471215300366, 0.7437624145776117, 0.7387804321456732, 0.7445264454522116, 0.7337943935545393]",COMPLETE
65,0.723418091959679,2026-08-25 14:38:43.000981,2026-08-25 14:38:43.401122,0 days 00:00:00.400141,1.010490513573247e-09,balanced,log_loss,17,0.4,4,24,best,0.723418091959679,0.01014536268132774,"[0.7203972236371233, 0.7371052660261098, 0.7333275389257586, 0.7151673215625797, 0.7110931096468237]",COMPLETE
66,0.7236140556333522,2026-08-25 14:38:43.401445,2026-08-25 14:38:44.012527,0 days 00:00:00.611082,3.127662683753796e-09,balanced,log_loss,15,0.6,3,35,best,0.7236140556333522,0.009747880084538942,"[0.722308358415452, 0.7383780091098817, 0.7276172931580317, 0.7214768233575738, 0.7082897941258223]",COMPLETE
67,0.711984671358203,2026-08-25 14:38:44.012846,2026-08-25 14:38:44.603585,0 days 00:00:00.590739,1.1578012100207158e-08,balanced,log_loss,19,0.6,8,60,best,0.711984671358203,0.00977464599351351,"[0.7217089460980995, 0.7128025994288206, 0.7018367674400668, 0.7236076383709763, 0.6999674054530516]",COMPLETE
68,0.7013322411286582,2026-08-25 14:38:44.603958,2026-08-25 14:38:45.163163,0 days 00:00:00.559205,4.66822837859337e-09,balanced,log_loss,12,0.6,9,31,best,0.7013322411286582,0.008728434266046197,"[0.7094975403958518, 0.7013503021195243, 0.6946590844364601, 0.7121655820305196, 0.6889886966609353]",COMPLETE
69,0.6481152294272896,2026-08-25 14:38:45.163498,2026-08-25 14:38:45.203060,0 days 00:00:00.039562,1.9041511397185725e-09,balanced,log_loss,21,log2,5,21,random,0.6481152294272896,0.004865291119836442,"[0.6476317571334379, 0.6494888565156113, 0.6553545432161649, 0.6479736888416117, 0.6401273014296228]",COMPLETE
