number,value,datetime_start,datetime_complete,duration,params_bootstrap,params_class_weight,params_criterion,params_max_depth,params_max_features,params_min_samples_leaf,params_min_samples_split,params_n_estimators,user_attrs_cv_mean,user_attrs_cv_std,user_attrs_fold_scores,state
0,0.8008625255661748,2026-08-25 14:40:29.164394,2026-08-25 14:40:47.168609,0 days 00:00:18.004215,True,,log_loss,32.0,0.7,15,3,300,0.8008625255661748,0.0033885883973262735,"[0.8008538852871242, 0.8014586624884842, 0.7970621703032168, 0.80679638323292, 0.7981415265191288]",COMPLETE
1,0.776520861580472,2026-08-25 14:40:47.169056,2026-08-25 14:40:56.231131,0 days 00:00:09.062075,True,balanced,gini,16.0,sqrt,13,20,600,0.776520861580472,0.004449750611482649,"[0.7809951959990323, 0.7756796277725466, 0.772455394514628, 0.7822891870466174, 0.7711849025695353]",COMPLETE
2,0.706123554717452,2026-08-25 14:40:56.231466,2026-08-25 14:41:25.080458,0 days 00:00:28.848992,True,balanced,entropy,8.0,0.7,15,28,600,0.706123554717452,0.00506111991047454,"[0.7112559030669005, 0.7041979495685653, 0.7064075964179496, 0.6976012806215358, 0.7111550439123085]",COMPLETE
3,0.7859597926749906,2026-08-25 14:41:25.080785,2026-08-25 14:41:47.623707,0 days 00:00:22.542922,False,,log_loss,24.0,sqrt,20,25,800,0.7859597926749906,0.004664433499690483,"[0.7876486219625195, 0.7851476268113338, 0.7812674162048086, 0.7940310375377223, 0.7817042608585688]",COMPLETE
4,0.7701828569928868,2026-08-25 14:41:47.624041,2026-08-25 14:42:05.374845,0 days 00:00:17.750804,True,,entropy,16.0,sqrt,15,31,1000,0.7701828569928868,0.0026460151942683963,"[0.7696358302514147, 0.7710502684548016, 0.768359330538486, 0.7747750251360239, 0.7670938305837076]",COMPLETE
5,0.8372255374890593,2026-08-25 14:42:05.375173,2026-08-25 14:42:34.910282,0 days 00:00:29.535109,False,balanced,gini,48.0,0.3,3,18,800,0.8372255374890593,0.0035514825725484946,"[0.841835506495643, 0.8377502214580547, 0.83173620615398, 0.8397843024949648, 0.8350214508426532]",COMPLETE
6,0.8173665593592784,2026-08-25 14:42:34.910606,2026-08-25 14:42:54.900031,0 days 00:00:19.989425,True,balanced,entropy,48.0,0.5,1,34,400,0.8173665593592784,0.004426528176636762,"[0.8217592065585281, 0.8204969269653922, 0.8114836116803396, 0.8206037554077342, 0.8124892961843981]",COMPLETE
7,0.8145546300530244,2026-08-25 14:42:54.900358,2026-08-25 14:43:37.698756,0 days 00:00:42.798398,False,balanced,log_loss,32.0,0.3,15,19,1000,0.8145546300530244,0.004668034481024081,"[0.8183540764016611, 0.8160345916464525, 0.8070646992423635, 0.8197699025263084, 0.811549880448336]",COMPLETE
8,0.7179879171704919,2026-08-25 14:43:37.699086,2026-08-25 14:45:19.429043,0 days 00:01:41.729957,False,balanced_subsample,gini,24.0,1.0,19,40,900,0.7179879171704919,0.005107470569795348,"[0.7130537095876269, 0.725130518126639, 0.7222384848105459, 0.7175993618008617, 0.7119175115267865]",COMPLETE
9,0.8540191789680038,2026-08-25 14:45:19.429374,2026-08-25 14:45:49.255267,0 days 00:00:29.825893,False,balanced_subsample,log_loss,,0.3,1,10,600,0.8540191789680038,0.004014379851640975,"[0.8560563093807633, 0.8604219905500096, 0.8484492321661815, 0.8529633831081848, 0.85220497963488]",COMPLETE
10,0.8298317676497936,2026-08-25 14:45:49.255609,2026-08-25 14:46:05.382046,0 days 00:00:16.126437,False,balanced_subsample,log_loss,,log2,7,2,500,0.8298317676497936,0.004969636259097102,"[0.8310432071720796, 0.8339887039931392, 0.8296068131884571, 0.8340224796229568, 0.8204976342723348]",COMPLETE
11,0.8469019839034975,2026-08-25 14:46:05.382394,2026-08-25 14:46:32.460832,0 days 00:00:27.078438,False,balanced_subsample,gini,48.0,0.3,1,12,700,0.8469019839034975,0.003634446614178836,"[0.8495294294721516, 0.8499502838952585, 0.8408587458478278, 0.8496608181434118, 0.8445106421588378]",COMPLETE
12,0.7959268239805137,2026-08-25 14:46:32.461224,2026-08-25 14:46:55.189525,0 days 00:00:22.728301,False,balanced_subsample,gini,12.0,0.3,5,11,700,0.7959268239805137,0.0036056082656437303,"[0.801603456864977, 0.7925317776634238, 0.7962886927659166, 0.7975738230772832, 0.7916363695309679]",COMPLETE
13,0.8527884187783827,2026-08-25 14:46:55.189907,2026-08-25 14:47:25.032386,0 days 00:00:29.842479,False,balanced_subsample,log_loss,,0.3,1,11,600,0.8527884187783827,0.004208464465260032,"[0.8520962677570095, 0.860225878773447, 0.8471514975887615, 0.85180304086283, 0.852665408909866]",COMPLETE
14,0.8352340769386812,2026-08-25 14:47:25.032713,2026-08-25 14:47:48.394143,0 days 00:00:23.361430,False,balanced_subsample,log_loss,,0.3,8,9,500,0.8352340769386812,0.0033081237780913197,"[0.8359429878103541, 0.8385598824600815, 0.8322755214824601, 0.8388083416708172, 0.8305836512696928]",COMPLETE
15,0.8575227054378278,2026-08-25 14:47:48.394493,2026-08-25 14:48:30.975880,0 days 00:00:42.581387,False,balanced_subsample,log_loss,,0.5,4,7,500,0.8575227054378278,0.004474014101958669,"[0.8592859491285298, 0.8641048623859141, 0.85152556952132, 0.8590805485264824, 0.8536165976268929]",COMPLETE
16,0.8389063311491244,2026-08-25 14:48:30.976225,2026-08-25 14:48:55.153535,0 days 00:00:24.177310,False,balanced_subsample,log_loss,,0.5,9,6,300,0.8389063311491244,0.006031907198423044,"[0.837700587959818, 0.8476828450205622, 0.831516298106095, 0.8437560832012565, 0.8338758414578903]",COMPLETE
17,0.8505858348663808,2026-08-25 14:48:55.153854,2026-08-25 14:49:28.859458,0 days 00:00:33.705604,False,balanced_subsample,log_loss,,0.5,4,16,400,0.8505858348663808,0.0050123367922195895,"[0.8525773681935447, 0.8577971280036029, 0.8424762689666352, 0.8513209960014967, 0.8487574131666248]",COMPLETE
18,0.6876499007455605,2026-08-25 14:49:28.859855,2026-08-25 14:49:40.006541,0 days 00:00:11.146686,False,balanced_subsample,log_loss,8.0,log2,6,7,500,0.6876499007455605,0.002506198290001001,"[0.686981593497516, 0.6917154598782203, 0.689170851215675, 0.6852959094428583, 0.6850856896935332]",COMPLETE
19,0.7070587147805157,2026-08-25 14:49:40.006858,2026-08-25 14:50:36.924878,0 days 00:00:56.918020,False,balanced_subsample,log_loss,12.0,1.0,10,15,400,0.7070587147805157,0.005266208243606843,"[0.7044702529860224, 0.7085950650849694, 0.7122486093421821, 0.7118494372888916, 0.6981302092005128]",COMPLETE
20,0.8613798685340484,2026-08-25 14:50:36.925203,2026-08-25 14:51:35.431755,0 days 00:00:58.506552,False,,entropy,,0.5,3,5,700,0.8613798685340484,0.005787048768314877,"[0.8625881729125898, 0.870485454646596, 0.852946135130299, 0.8626961825590594, 0.8581833974216976]",COMPLETE
21,0.8613798685340484,2026-08-25 14:51:35.432100,2026-08-25 14:52:34.461806,0 days 00:00:59.029706,False,,entropy,,0.5,3,5,700,0.8613798685340484,0.005787048768314877,"[0.8625881729125898, 0.870485454646596, 0.852946135130299, 0.8626961825590594, 0.8581833974216976]",COMPLETE
22,0.8613798685340484,2026-08-25 14:52:34.462144,2026-08-25 14:53:33.278870,0 days 00:00:58.816726,False,,entropy,,0.5,3,5,700,0.8613798685340484,0.005787048768314877,"[0.8625881729125898, 0.870485454646596, 0.852946135130299, 0.8626961825590594, 0.8581833974216976]",COMPLETE
23,0.8609053404704078,2026-08-25 14:53:33.279201,2026-08-25 14:54:40.804486,0 days 00:01:07.525285,False,,entropy,,0.5,3,3,800,0.8609053404704078,0.005611550878009771,"[0.8632081233857236, 0.869749032783732, 0.8532597130544132, 0.861317117654037, 0.8569927154741328]",COMPLETE
24,0.8613798685340484,2026-08-25 14:54:40.804818,2026-08-25 14:55:39.855367,0 days 00:00:59.050549,False,,entropy,,0.5,3,5,700,0.8613798685340484,0.005787048768314877,"[0.8625881729125898, 0.870485454646596, 0.852946135130299, 0.8626961825590594, 0.8581833974216976]",COMPLETE
25,0.8473898108722915,2026-08-25 14:55:39.855715,2026-08-25 14:56:52.987764,0 days 00:01:13.132049,False,,entropy,,0.5,6,14,900,0.8473898108722915,0.004857215857198803,"[0.8479224870968034, 0.8534202208221359, 0.840731239076273, 0.8517370887846812, 0.8431380185815639]",COMPLETE
26,0.8374739102422133,2026-08-25 14:56:52.988121,2026-08-25 15:12:35.848142,0 days 00:15:42.860021,True,,entropy,,0.5,5,2,700,0.8374739102422133,0.003975915449100008,"[0.8341251000416215, 0.8401471248482159, 0.8345405479748806, 0.8440513342591066, 0.8345054440872417]",COMPLETE
27,0.7995519651389749,2026-08-25 15:12:35.848460,2026-08-25 15:45:49.352841,0 days 00:33:13.504381,False,,entropy,12.0,0.5,11,7,800,0.7995519651389749,0.0030747878971124952,"[0.7966679156286086, 0.802787208081925, 0.7976967221569358, 0.8037618834586936, 0.7968460963687116]",COMPLETE
28,0.8531047486328787,2026-08-25 15:45:49.353167,2026-08-25 15:50:40.704425,0 days 00:04:51.351258,False,,entropy,16.0,0.5,3,5,900,0.8531047486328787,0.00521402748219349,"[0.8555644057986401, 0.8610189072734054, 0.8468204830351534, 0.8541738447532875, 0.8479461023039069]",COMPLETE
29,0.8312591760052678,2026-08-25 15:50:40.704814,2026-08-25 15:51:24.893512,0 days 00:00:44.188698,True,,entropy,32.0,0.7,7,4,700,0.8312591760052678,0.0051596052308051,"[0.8271155530474648, 0.8363613882453449, 0.8258250238451392, 0.8385149305655504, 0.8284789843228401]",COMPLETE
30,0.6976307166201658,2026-08-25 15:51:24.893896,2026-08-25 15:52:09.132931,0 days 00:00:44.239035,False,,entropy,8.0,0.5,2,9,800,0.6976307166201658,0.005546409714701473,"[0.6946330074086112, 0.6934822155819905, 0.691566097180447, 0.7028992764343308, 0.7055729864954499]",COMPLETE
31,0.8592598259705678,2026-08-25 15:52:09.133250,2026-08-25 15:53:05.807864,0 days 00:00:56.674614,False,,entropy,,0.5,4,5,700,0.8592598259705678,0.0049351047291927505,"[0.8623252232445338, 0.8657371775157028, 0.8511233053441919, 0.8598279009210339, 0.8572855228273765]",COMPLETE
32,0.8609809666761776,2026-08-25 15:53:05.808214,2026-08-25 15:53:55.131396,0 days 00:00:49.323182,False,,entropy,,0.5,3,8,600,0.8609809666761776,0.006599277699074102,"[0.8643305581844395, 0.8712436832651397, 0.8531068335284179, 0.8614841126591064, 0.8547396457437851]",COMPLETE
33,0.8528655303243691,2026-08-25 15:53:55.131726,2026-08-25 15:55:10.649238,0 days 00:01:15.517512,False,,entropy,,0.7,5,2,700,0.8528655303243691,0.005036522638250347,"[0.8504531078757925, 0.8600571708728083, 0.8464924943608504, 0.857364304360177, 0.8499605741522164]",COMPLETE
34,0.8409579466283592,2026-08-25 15:55:10.649574,2026-08-25 15:55:41.175172,0 days 00:00:30.525598,True,,entropy,32.0,0.5,2,13,600,0.8409579466283592,0.00261275974941573,"[0.8399886065961361, 0.8404897149031042, 0.839602403029888, 0.8460447252584621, 0.8386642833542055]",COMPLETE
35,0.8302462224082617,2026-08-25 15:55:41.175553,2026-08-25 15:56:06.769147,0 days 00:00:25.593594,False,,entropy,24.0,sqrt,2,22,800,0.8302462224082617,0.004005049211782519,"[0.8271683614495617, 0.8296025603150943, 0.8289699979770182, 0.8380459016650835, 0.827444290634551]",COMPLETE
36,0.8050436196437927,2026-08-25 15:56:06.769515,2026-08-25 15:56:20.283540,0 days 00:00:13.514025,True,,entropy,16.0,log2,6,5,700,0.8050436196437927,0.003093874604998966,"[0.8059607714779454, 0.8032770805425647, 0.8047286894038015, 0.8102691324539069, 0.8009824243407443]",COMPLETE
37,0.7686352171252835,2026-08-25 15:56:20.283872,2026-08-25 15:57:54.837801,0 days 00:01:34.553929,False,,entropy,,1.0,4,4,600,0.7686352171252835,0.003931373541458136,"[0.7693205366537348, 0.7755939356271048, 0.7649942993341661, 0.7647473517040014, 0.7685199623074106]",COMPLETE
38,0.6893258950646601,2026-08-25 15:57:54.838139,2026-08-25 15:58:12.452058,0 days 00:00:17.613919,False,balanced,entropy,8.0,sqrt,2,8,800,0.6893258950646601,0.0022035036018955324,"[0.6871714946568055, 0.6920218324272399, 0.6909938716321782, 0.6863310985678136, 0.6901111780392633]",COMPLETE
39,0.8278184863021233,2026-08-25 15:58:12.452377,2026-08-25 15:58:55.691238,0 days 00:00:43.238861,True,,entropy,24.0,0.5,7,6,900,0.8278184863021233,0.004246688754036661,"[0.8271455599360604, 0.8271363650453232, 0.8226384257175438, 0.8356174232115552, 0.8265546576001338]",COMPLETE
40,0.8566582890608136,2026-08-25 15:58:55.691594,2026-08-25 16:00:01.997888,0 days 00:01:06.306294,False,,entropy,48.0,0.7,3,10,600,0.8566582890608136,0.0062838269661743195,"[0.8545658383951452, 0.8662340647210408, 0.8474622402639671, 0.8602827326565071, 0.8547465692674087]",COMPLETE
41,0.8609809666761776,2026-08-25 16:00:01.998225,2026-08-25 16:25:12.753814,0 days 00:25:10.755589,False,,entropy,,0.5,3,8,600,0.8609809666761776,0.006599277699074102,"[0.8643305581844395, 0.8712436832651397, 0.8531068335284179, 0.8614841126591064, 0.8547396457437851]",COMPLETE
42,0.8592598259705678,2026-08-25 16:25:12.754148,2026-08-25 16:26:10.112373,0 days 00:00:57.358225,False,,entropy,,0.5,4,4,700,0.8592598259705678,0.0049351047291927505,"[0.8623252232445338, 0.8657371775157028, 0.8511233053441919, 0.8598279009210339, 0.8572855228273765]",COMPLETE
43,0.8096633006006823,2026-08-25 16:26:10.112743,2026-08-25 16:27:00.209902,0 days 00:00:50.097159,False,,entropy,,0.5,18,9,700,0.8096633006006823,0.005367063926018683,"[0.8043836869666373, 0.8118587382589225, 0.8033701369217647, 0.8180776549761622, 0.8106262858799241]",COMPLETE
44,0.8525432164275341,2026-08-25 16:27:00.210231,2026-08-25 16:27:40.775795,0 days 00:00:40.565564,False,balanced,gini,,0.5,1,12,600,0.8525432164275341,0.004767802783084823,"[0.851650241043966, 0.8599925547331941, 0.8455978280879837, 0.8548655896919913, 0.8506098685805351]",COMPLETE
45,0.8458726403097143,2026-08-25 16:27:40.776148,2026-08-25 16:28:28.805961,0 days 00:00:48.029813,False,,entropy,,0.5,5,17,600,0.8458726403097143,0.00531190965341714,"[0.8456832146196157, 0.8534346315723248, 0.8388209500312102, 0.8498404293171812, 0.8415839760082401]",COMPLETE
46,0.8204466318353884,2026-08-25 16:28:28.806284,2026-08-25 16:29:30.370739,0 days 00:01:01.564455,False,,entropy,16.0,0.5,2,40,800,0.8204466318353884,0.0058338244622970405,"[0.8137769952006649, 0.8258538453455175, 0.8167308827850368, 0.8288622530992615, 0.8170091827464613]",COMPLETE
47,0.731180855670025,2026-08-25 16:29:30.371072,2026-08-25 16:31:01.095472,0 days 00:01:30.724400,False,balanced,gini,,1.0,1,37,700,0.731180855670025,0.006484719410398987,"[0.730465522332369, 0.7416986741153648, 0.7239412454364293, 0.7345591179218252, 0.7252397185441363]",COMPLETE
48,0.821985751585158,2026-08-25 16:31:01.095839,2026-08-25 16:31:16.857368,0 days 00:00:15.761529,False,,entropy,48.0,sqrt,3,28,500,0.821985751585158,0.004854691284604458,"[0.8179285462385585, 0.8226015947146458, 0.8182789551655706, 0.8311146276466604, 0.8200050341603543]",COMPLETE
49,0.8366734915344836,2026-08-25 16:31:16.857702,2026-08-25 16:31:36.189208,0 days 00:00:19.331506,False,,entropy,32.0,log2,5,2,600,0.8366734915344836,0.004232959515461239,"[0.8388299542915515, 0.8362975346273155, 0.8339656286375607, 0.8433434386255058, 0.8309309014904848]",COMPLETE
50,0.8163423921884216,2026-08-25 16:31:36.189572,2026-08-25 16:32:01.712961,0 days 00:00:25.523389,True,,gini,,0.5,8,11,700,0.8163423921884216,0.005390905945017927,"[0.81276463054401, 0.8161325484371865, 0.8107949412187844, 0.8264006100683078, 0.8156192306738191]",COMPLETE
51,0.8609809666761776,2026-08-25 16:32:01.713308,2026-08-25 16:32:51.791069,0 days 00:00:50.077761,False,,entropy,,0.5,3,8,600,0.8609809666761776,0.006599277699074102,"[0.8643305581844395, 0.8712436832651397, 0.8531068335284179, 0.8614841126591064, 0.8547396457437851]",COMPLETE
52,0.8610021702049113,2026-08-25 16:32:51.791405,2026-08-25 16:33:33.369217,0 days 00:00:41.577812,False,,entropy,,0.5,3,6,500,0.8610021702049113,0.0057742226675265105,"[0.8631058721157863, 0.8692311429501394, 0.8528664947434668, 0.8635067293744315, 0.8563006118407324]",COMPLETE
53,0.8581964350289887,2026-08-25 16:33:33.369536,2026-08-25 16:34:14.451722,0 days 00:00:41.082186,False,,entropy,,0.5,4,6,500,0.8581964350289887,0.004752115360993108,"[0.8607211161180941, 0.8649645381469698, 0.8508097274200775, 0.858718482202852, 0.8557683112569506]",COMPLETE
54,0.8649054196602123,2026-08-25 16:34:14.452058,2026-08-25 16:34:56.765272,0 days 00:00:42.313214,False,,entropy,,0.5,2,4,500,0.8649054196602123,0.005345249857290337,"[0.8672406000212151, 0.8731615589460896, 0.8567680892390387, 0.8635935751363583, 0.8637632749583601]",COMPLETE
55,0.8187798608615766,2026-08-25 16:34:56.765600,2026-08-25 16:35:19.067538,0 days 00:00:22.301938,False,,entropy,12.0,0.5,2,3,300,0.8187798608615766,0.003967450893644375,"[0.817802457091458, 0.8239861750539926, 0.8169778134480534, 0.8222807745108215, 0.8128520842035581]",COMPLETE
56,0.8645771923902406,2026-08-25 16:35:19.067866,2026-08-25 16:35:54.171260,0 days 00:00:35.103394,False,balanced,entropy,,0.5,1,6,400,0.8645771923902406,0.0054058024322478065,"[0.8686924411186885, 0.8715572611892538, 0.8573522450729364, 0.8594196540591117, 0.8658643605112126]",COMPLETE
57,0.8655121988584534,2026-08-25 16:35:54.171608,2026-08-25 16:36:29.715031,0 days 00:00:35.543423,False,balanced,entropy,,0.5,1,4,400,0.8655121988584534,0.004926495514385586,"[0.8692321377079608, 0.8731035346845409, 0.8600571708728083, 0.8638047971498163, 0.8613633538771407]",COMPLETE
58,0.8578566914964597,2026-08-25 16:36:29.715366,2026-08-25 16:36:49.861699,0 days 00:00:20.146333,False,balanced,entropy,24.0,0.3,1,3,400,0.8578566914964597,0.0036333250994289193,"[0.8599348701265974, 0.8636155618164629, 0.8533923940795791, 0.8573753395325833, 0.8549652919270762]",COMPLETE
59,0.8581365149517761,2026-08-25 16:36:49.862041,2026-08-25 16:37:17.687508,0 days 00:00:27.825467,False,balanced,gini,,0.5,1,4,400,0.8581365149517761,0.0048934598847290055,"[0.8572495709363664, 0.865985907063966, 0.853553705974727, 0.8610391666935618, 0.8528542240902591]",COMPLETE
60,0.7700072572562336,2026-08-25 16:37:17.687858,2026-08-25 16:38:25.818910,0 days 00:01:08.131052,False,balanced,entropy,,1.0,1,7,400,0.7700072572562336,0.005014820525579527,"[0.767232809289769, 0.7641788921873394, 0.7769548687196846, 0.7666854260054482, 0.7749842900789276]",COMPLETE
61,0.8617423512863276,2026-08-25 16:38:25.819280,2026-08-25 16:38:51.968413,0 days 00:00:26.149133,False,balanced,entropy,,0.5,2,5,300,0.8617423512863276,0.006678262395091296,"[0.8650169652882745, 0.8709517214663092, 0.8513938832539755, 0.8636820291531354, 0.8576671572699434]",COMPLETE
62,0.8586561327638412,2026-08-25 16:38:51.968792,2026-08-25 16:39:18.005742,0 days 00:00:26.036950,False,balanced,entropy,,0.5,2,10,300,0.8586561327638412,0.005341162975827866,"[0.8610357304058702, 0.8667083410432738, 0.8503146807058268, 0.8571779694090664, 0.858043942255169]",COMPLETE
63,0.8645886755955372,2026-08-25 16:39:18.006072,2026-08-25 16:39:44.298491,0 days 00:00:26.292419,False,balanced,entropy,,0.5,2,6,300,0.8645886755955372,0.004683787043412964,"[0.8657543819089599, 0.872031728141883, 0.8573810665733147, 0.8638790267430431, 0.8638971746104852]",COMPLETE
64,0.8639595904384955,2026-08-25 16:39:44.298827,2026-08-25 16:40:10.814802,0 days 00:00:26.515975,False,balanced,entropy,,0.5,1,6,300,0.8639595904384955,0.004833273587083524,"[0.8685171413399844, 0.8705072614022757, 0.8578403186483295, 0.8601851969972264, 0.8627480338046615]",COMPLETE
65,0.6987850579683874,2026-08-25 16:40:10.815141,2026-08-25 16:40:28.150632,0 days 00:00:17.335491,False,balanced,entropy,8.0,0.5,2,7,300,0.6987850579683874,0.005777053000637028,"[0.7039049514060728, 0.6919374088816964, 0.7003385509598985, 0.6921142467174155, 0.7056301318768536]",COMPLETE
66,0.850033694045966,2026-08-25 16:40:28.150958,2026-08-25 16:40:38.839277,0 days 00:00:10.688319,False,balanced,entropy,,log2,1,3,300,0.850033694045966,0.003910706951307073,"[0.8514904957978282, 0.8557837419553368, 0.8472161137283757, 0.8512822570492081, 0.8443958616990811]",COMPLETE
67,0.8590424973891855,2026-08-25 16:40:38.839604,2026-08-25 16:41:14.147743,0 days 00:00:35.308139,False,balanced,log_loss,48.0,0.7,2,6,300,0.8590424973891855,0.005065206376428362,"[0.8570680605403891, 0.8684871344513884, 0.8532681454235657, 0.858642299079722, 0.8577468474508625]",COMPLETE
68,0.8178033190848865,2026-08-25 16:41:14.148121,2026-08-25 16:41:44.647511,0 days 00:00:30.499390,False,balanced,entropy,12.0,0.5,1,2,400,0.8178033190848865,0.0026406495896161303,"[0.8196646134744197, 0.8220504058357738, 0.8149834064712569, 0.8161139803467986, 0.8162041892961835]",COMPLETE
69,0.8571968613907435,2026-08-25 16:41:44.647848,2026-08-25 16:42:10.186683,0 days 00:00:25.538835,False,balanced,entropy,,0.5,4,9,300,0.8571968613907435,0.005133988991398759,"[0.859898694226569, 0.8630987083465324, 0.8477914559323283, 0.858258966538704, 0.8569364819095843]",COMPLETE
70,0.8427607116957938,2026-08-25 16:42:10.187002,2026-08-25 16:42:19.619971,0 days 00:00:09.432969,True,balanced,entropy,,0.3,2,4,300,0.8427607116957938,0.003938704230323352,"[0.8413478141810424, 0.8469249976628107, 0.841011434743427, 0.8474878159702869, 0.8370314959214021]",COMPLETE
71,0.8644708001563913,2026-08-25 16:42:19.620289,2026-08-25 16:42:55.365697,0 days 00:00:35.745408,False,balanced,entropy,,0.5,1,5,400,0.8644708001563913,0.0046667446491371,"[0.8664973956498895, 0.8723226951828922, 0.8586501702807526, 0.863156129817023, 0.8617276098513996]",COMPLETE
72,0.8644708001563913,2026-08-25 16:42:55.366031,2026-08-25 16:43:30.718203,0 days 00:00:35.352172,False,balanced,entropy,,0.5,1,5,400,0.8644708001563913,0.0046667446491371,"[0.8664973956498895, 0.8723226951828922, 0.8586501702807526, 0.863156129817023, 0.8617276098513996]",COMPLETE
73,0.8630132380565285,2026-08-25 16:43:30.718578,2026-08-25 16:44:05.925041,0 days 00:00:35.206463,False,balanced,entropy,,0.5,1,7,400,0.8630132380565285,0.005102875958151786,"[0.8656080942610301, 0.8705947206612317, 0.8550477429591057, 0.862121744819493, 0.8616938875817822]",COMPLETE
74,0.8630132380565285,2026-08-25 16:44:05.925372,2026-08-25 16:44:41.084042,0 days 00:00:35.158670,False,balanced,entropy,,0.5,1,7,400,0.8630132380565285,0.005102875958151786,"[0.8656080942610301, 0.8705947206612317, 0.8550477429591057, 0.862121744819493, 0.8616938875817822]",COMPLETE
