number,value,datetime_start,datetime_complete,duration,params_colsample_bytree,params_gamma,params_learning_rate,params_max_depth,params_min_child_weight,params_reg_alpha,params_reg_lambda,params_subsample,user_attrs_cv_mean,user_attrs_cv_std,user_attrs_fold_best_iterations,user_attrs_fold_scores,state
101,0.8826904668044898,2026-08-26 08:21:56.252216,2026-08-26 08:22:32.755935,0 days 00:00:36.503719,0.8556136137231534,0.06281703086001136,0.04505544624929157,8,1.688824425907305,0.003537129388349086,0.29728080517204103,0.7764583888759451,0.8826904668044898,0.003402892784483788,"[1216, 1059, 962, 1492, 1169]","[0.8834103634453835, 0.8840635471509216, 0.8761242601604065, 0.886016768337449, 0.8838373949282886]",COMPLETE
102,0.8846684532165063,2026-08-26 08:22:32.756257,2026-08-26 08:23:12.266576,0 days 00:00:39.510319,0.8658371575175488,0.06145670935595858,0.03733588387369698,8,1.207208877500698,0.03590861012148204,0.44996282561446505,0.8153176626980876,0.8846684532165063,0.005247570381278728,"[1246, 1261, 1061, 1498, 1476]","[0.8861955431291165, 0.888702367636783, 0.8753145991583796, 0.8900572315206611, 0.8830725246375923]",COMPLETE
103,0.8823273172158521,2026-08-26 08:23:12.266924,2026-08-26 08:23:57.640606,0 days 00:00:45.373682,0.819292560780196,0.07838047434565884,0.025056698737748156,8,1.1809023051804934,0.05126767659755049,0.4556575862397149,0.7841714172754478,0.8823273172158521,0.006193003236679097,"[1500, 1500, 1500, 1497, 1496]","[0.8856126142892768, 0.884516207347871, 0.8714566181741671, 0.8896865151483432, 0.880364631119602]",COMPLETE
104,0.8826017103674463,2026-08-26 08:23:57.640927,2026-08-26 08:24:31.927920,0 days 00:00:34.286993,0.834046109662265,0.15056267023262784,0.031516862714580686,8,1.01407277177497,0.027292824612073028,0.3749589120411517,0.8167444645321449,0.8826017103674463,0.0065808348602331675,"[1500, 1497, 1495, 1499, 1497]","[0.8860426636031211, 0.8865803706767507, 0.8696554045133436, 0.8870953803433675, 0.8836347327006485]",COMPLETE
105,0.8786049285304177,2026-08-26 08:24:31.928252,2026-08-26 08:24:57.757745,0 days 00:00:25.829493,0.8676326774391516,0.3192617880644083,0.04069215227908507,9,1.35442288465671,0.013929735719855363,0.5272852355146193,0.7247322167802234,0.8786049285304177,0.004469465029294189,"[1490, 1497, 1490, 1494, 1500]","[0.8786917119422936, 0.8800382758905249, 0.8713985939126183, 0.8853029530539324, 0.8775931078527194]",COMPLETE
106,0.8769856939032434,2026-08-26 08:24:57.758072,2026-08-26 08:25:35.052958,0 days 00:00:37.294886,0.9103443439238394,0.24101441605452187,0.022573506448876086,7,0.881574377407749,0.0727903355364908,0.45151503647868996,0.7996079374138177,0.8769856939032434,0.0059034803616433065,"[1500, 1499, 1500, 1500, 1500]","[0.8811489029517235, 0.8765603294611277, 0.8679560608616649, 0.8851636027685389, 0.8740995734731621]",COMPLETE
107,0.8871591033816493,2026-08-26 08:25:35.053288,2026-08-26 08:26:14.612211,0 days 00:00:39.558923,0.9556396256819553,0.04078000535442934,0.036025471212390026,9,0.5443511481616056,0.008111486535164813,0.23123614983741977,0.8262208975071775,0.8871591033816493,0.005855067192410527,"[974, 1015, 849, 1350, 1086]","[0.8896086827885031, 0.8920064319119302, 0.8757450297330163, 0.8904737558976614, 0.8879616165771349]",COMPLETE
108,0.8866268317777977,2026-08-26 08:26:14.612556,2026-08-26 08:26:54.665693,0 days 00:00:40.053137,0.9560064147663386,0.04759807926022469,0.03691439306763974,8,0.778680444370485,0.007796199983449926,0.23530364406833437,0.8256394409896541,0.8866268317777977,0.006786951449331842,"[1244, 1221, 970, 1353, 1150]","[0.889703728683346, 0.8923634327170077, 0.8745635759149303, 0.8925607164362847, 0.8839427051374195]",COMPLETE
109,0.8857205918079364,2026-08-26 08:26:54.666030,2026-08-26 08:27:28.721326,0 days 00:00:34.055296,0.946221460478143,0.050226362382658325,0.04553395848511315,8,0.947497328695274,0.007063914078757319,0.20899299725386955,0.8288732807677558,0.8857205918079364,0.005092598614157014,"[1105, 943, 860, 1350, 1092]","[0.8855467711556045, 0.8886075123723364, 0.8763946058339535, 0.8915239463150356, 0.8865301233627517]",COMPLETE
110,0.8833284479403936,2026-08-26 08:27:28.721655,2026-08-26 08:28:07.515850,0 days 00:00:38.794195,0.9564472686595846,0.0014630751143712012,0.0450137414448351,7,1.1281438458508244,0.007650760178117615,0.21048067459611805,0.8260154084863014,0.8833284479403936,0.006171910675924768,"[1252, 1392, 1097, 1478, 1237]","[0.8863274200268573, 0.8861937442438698, 0.8725438302248354, 0.8905239025559658, 0.8810533426504396]",COMPLETE
111,0.8850900851060945,2026-08-26 08:28:07.516181,2026-08-26 08:28:45.583670,0 days 00:00:38.067489,0.9461292775973356,0.06290801305824684,0.03706574031404847,8,0.9341275853478114,0.023339096680719564,0.24353290717356604,0.820279407214276,0.8850900851060945,0.005425370961725051,"[1307, 1497, 941, 1477, 1365]","[0.8862757970129779, 0.8898031863102153, 0.8746368150540933, 0.8887658165049906, 0.8859688106481958]",COMPLETE
112,0.8850974875257223,2026-08-26 08:28:45.584009,2026-08-26 08:29:28.097284,0 days 00:00:42.513275,0.948109185732574,0.03512056039128658,0.037077206025526166,8,0.9464251210758001,0.03954688099141717,0.2322688021608936,0.8147287702413548,0.8850974875257223,0.0063197102375085485,"[1209, 1272, 1062, 1346, 1179]","[0.8866329884484516, 0.8901537858676235, 0.8738631809275389, 0.891589094265759, 0.8832483881192386]",COMPLETE
113,0.8859855667087617,2026-08-26 08:29:28.097621,2026-08-26 08:30:04.943045,0 days 00:00:36.845424,0.9466420387109987,0.05659914596940277,0.03990119888438136,8,0.9415843492956529,0.03322062180396655,0.14004712149682194,0.8113915581953703,0.8859855667087617,0.005758744293061366,"[1214, 1439, 912, 1494, 1144]","[0.887209516040622, 0.8904889799170211, 0.8758034768611979, 0.8921141894744463, 0.8843116712505216]",COMPLETE
114,0.8870081479085309,2026-08-26 08:30:04.943358,2026-08-26 08:30:40.436438,0 days 00:00:35.493080,0.9475484745130424,0.007889302201532979,0.04936156456326877,8,0.9851664923708814,0.10077699778174574,0.16513676491263404,0.8125008230186884,0.8870081479085309,0.005515659884695757,"[922, 933, 732, 1030, 876]","[0.8890549567098341, 0.8919477941533525, 0.8766639567496788, 0.8910197720486833, 0.8863542598811057]",COMPLETE
115,0.8845607719044393,2026-08-26 08:30:40.436766,2026-08-26 08:31:12.782029,0 days 00:00:32.345263,0.9461105420316914,0.05093836362842179,0.04962583023363705,8,1.2910449423679837,0.03412976316662126,0.12875374223793387,0.8344358609661919,0.8845607719044393,0.005787812980571545,"[1251, 955, 849, 1350, 865]","[0.8850947244556843, 0.8904529530415486, 0.8752855870276052, 0.8905898273755577, 0.8813807676218007]",COMPLETE
116,0.8762784525051387,2026-08-26 08:31:12.782357,2026-08-26 08:32:02.377648,0 days 00:00:49.595291,0.92499014927662,0.03650903270632228,0.03722125728411431,8,1.3913359600231705,0.12147340877811233,29.674671122046007,0.812645541269521,0.8762784525051387,0.004791689805295046,"[1500, 1500, 1500, 1500, 1500]","[0.878174012739097, 0.8753866529093249, 0.8686854679798306, 0.8835132834218254, 0.8756328454756154]",COMPLETE
117,0.8786787549845954,2026-08-26 08:32:02.377988,2026-08-26 08:32:30.183505,0 days 00:00:27.805517,0.9613529577908471,0.22307223220803563,0.03972355964894396,7,1.0731785245764385,0.04722333211792678,0.17618953165007128,0.8217083096184419,0.8786787549845954,0.0070328093160875235,"[1500, 1497, 1500, 1499, 1498]","[0.8809519870477357, 0.8791415784961748, 0.8678758069778035, 0.8895195201432738, 0.8759048822579887]",COMPLETE
118,0.8861771679112831,2026-08-26 08:32:30.183835,2026-08-26 08:33:00.339381,0 days 00:00:30.155546,0.9487006453071013,0.013309699507405584,0.05777500629314012,8,0.7544702956414088,0.22583068982958165,0.1360148492636657,0.8527123537936123,0.8861771679112831,0.006348898012021189,"[764, 671, 667, 819, 721]","[0.8876251546042772, 0.8896649081648053, 0.8762707384387324, 0.894858898988366, 0.8824661393602345]",COMPLETE
119,0.8858463555978785,2026-08-26 08:33:00.339698,2026-08-26 08:33:32.201478,0 days 00:00:31.861780,0.9513570628335476,0.002086402925685703,0.05528687264067035,8,0.6904212942944742,0.08824021747995886,0.13210823558080043,0.8532530936277638,0.8858463555978785,0.006143479916776006,"[782, 770, 667, 861, 737]","[0.8878438772639448, 0.890234230381881, 0.8749359822280184, 0.8923629147189519, 0.8838547733965963]",COMPLETE
120,0.8860140174331068,2026-08-26 08:33:32.201820,2026-08-26 08:34:04.685255,0 days 00:00:32.483435,0.9514942199272054,0.0004433269591810479,0.055261067184767414,8,0.6714234370752504,0.021264877283427155,0.14104191818295683,0.8540639268364141,0.8860140174331068,0.006694101206528669,"[890, 788, 681, 900, 770]","[0.891074702399929, 0.8894027626241744, 0.8745563705398358, 0.8925757177287036, 0.8824605338728914]",COMPLETE
121,0.8848643940651222,2026-08-26 08:34:04.685573,2026-08-26 08:34:35.057993,0 days 00:00:30.372420,0.9503493156788723,0.017046251637399867,0.057763471790395114,8,0.6968834924675588,0.024039463736638216,0.14597660300488494,0.8529748679482353,0.8848643940651222,0.0064354920451572695,"[823, 717, 641, 819, 756]","[0.8865461426865249, 0.8900443292225916, 0.8736888759066564, 0.8916700203777701, 0.8823726021320684]",COMPLETE
122,0.8843300916209195,2026-08-26 08:34:35.058319,2026-08-26 08:35:01.561127,0 days 00:00:26.502808,0.9366381486120977,0.004298432285026826,0.07013770724127046,8,0.7489960418112644,0.1000811320375759,0.1315138964253752,0.8396942921770222,0.8843300916209195,0.006247224648624189,"[595, 625, 511, 652, 605]","[0.8837889803757445, 0.8895772582754531, 0.8751691156378749, 0.8926183637407986, 0.8804967400747267]",COMPLETE
123,0.8793524428328935,2026-08-26 08:35:01.561455,2026-08-26 08:35:22.563768,0 days 00:00:21.002313,0.9410200953609725,0.16191701059689967,0.05972267179116871,8,0.5681982304494684,0.2032307171632549,0.11631330149258855,0.8743295162209452,0.8793524428328935,0.005751110848562029,"[1440, 1454, 1491, 1498, 1495]","[0.8825568983016004, 0.883277301159425, 0.8702683402417789, 0.8855868236643234, 0.8750728507973399]",COMPLETE
124,0.8855805764556408,2026-08-26 08:35:22.564095,2026-08-26 08:35:53.857708,0 days 00:00:31.293613,0.9257167033070572,0.002723931759374095,0.05488181158702651,8,0.654066413523972,0.008440441974158705,0.17434438099356966,0.8321048544833183,0.8855805764556408,0.005734572420239525,"[796, 766, 644, 891, 730]","[0.8882451050774108, 0.8903218802712329, 0.8748699484639499, 0.8899411600427647, 0.884524788422846]",COMPLETE
125,0.815224316524471,2026-08-26 08:35:53.858031,2026-08-26 08:36:05.155917,0 days 00:00:11.297886,0.9215044845595841,2.7680147102453128,0.0566118418028695,8,0.645946222189031,0.00897886138411148,0.1699451905990436,0.8327233670379144,0.815224316524471,0.004242154480122954,"[1491, 1450, 1420, 1491, 1329]","[0.8164696245835118, 0.8183811406226331, 0.8103737887465661, 0.8206846815197452, 0.8102123471498993]",COMPLETE
126,0.8810352927088555,2026-08-26 08:36:05.156242,2026-08-26 08:36:26.020399,0 days 00:00:20.864157,0.9549025131772572,0.19804261231134881,0.06295668949694656,8,0.6320289920877549,0.005150908339639778,0.10293964282405862,0.8249017731546433,0.8810352927088555,0.005080587878875064,"[1440, 1497, 1464, 1498, 1421]","[0.8844457618517761, 0.8826861721866694, 0.8713543669042295, 0.885616049380293, 0.88107411322131]",COMPLETE
127,0.8803615464334748,2026-08-26 08:36:26.020716,2026-08-26 08:36:48.740893,0 days 00:00:22.720177,0.9685853826298946,0.18070057778704562,0.052626494874327204,8,0.7877273814262344,0.06836895941969365,0.14134062398288083,0.8573424532140969,0.8803615464334748,0.005211313920806843,"[1475, 1432, 1498, 1498, 1499]","[0.8850148934384557, 0.879141769126571, 0.8729594687884906, 0.8873449097152984, 0.877346691098558]",COMPLETE
128,0.8855477116265627,2026-08-26 08:36:48.741215,2026-08-26 08:37:24.575898,0 days 00:00:35.834683,0.9471399354732417,0.0014835791997938465,0.049221157041387555,8,0.7471244136679772,0.019256832379611503,0.2344294783463238,0.8863459614636268,0.8855477116265627,0.006272490393146167,"[909, 958, 786, 1104, 842]","[0.8852918309900683, 0.8907737363407572, 0.8770361724323706, 0.8940499331692876, 0.8805868852003301]",COMPLETE
129,0.8749805653395478,2026-08-26 08:37:24.576231,2026-08-26 08:37:46.484948,0 days 00:00:21.908717,0.960222994476046,0.28061230639666584,0.04838136359566648,7,0.6897028401884807,0.015169348631568387,0.2024626500313723,0.8828423397228508,0.8749805653395478,0.0053829559258204785,"[1460, 1496, 1498, 1499, 1495]","[0.8780273438303748, 0.8749047899512049, 0.86783238409684, 0.8832242972889439, 0.8709140115303758]",COMPLETE
130,0.842154412714726,2026-08-26 08:37:46.485290,2026-08-26 08:37:58.650735,0 days 00:00:12.165445,0.9328460573450187,1.295792483868919,0.06685540907554398,8,0.7768334914065157,0.007148129765800448,0.1784743659311802,0.865565124227785,0.842154412714726,0.0034411895719310246,"[1496, 1450, 1490, 1457, 1495]","[0.844773184444579, 0.8430662541570135, 0.8370136089647944, 0.846408804172202, 0.8395102118350408]",COMPLETE
131,0.8871221033036392,2026-08-26 08:37:58.651053,2026-08-26 08:38:36.224599,0 days 00:00:37.573546,0.947680137886268,0.0005970032097648414,0.04606354061697653,8,0.961775689997985,0.04690055505654824,0.23225124500814961,0.8520945807832416,0.8871221033036392,0.005802666538212932,"[1033, 968, 925, 1052, 908]","[0.8884854438623622, 0.8923924448477821, 0.8768022348950888, 0.8925307138514466, 0.8853996790615163]",COMPLETE
132,0.8851768154496173,2026-08-26 08:38:36.224929,2026-08-26 08:39:07.794503,0 days 00:00:31.569574,0.9485801347900747,0.0016030828447788532,0.05498672699167523,8,0.9999406927765715,0.05379589042335685,0.14863237091762213,0.8520497827267648,0.8851768154496173,0.005786985000370368,"[828, 836, 667, 819, 770]","[0.8875519154651142, 0.8881700670530014, 0.8749279727254985, 0.8918536249301091, 0.8833804970743634]",COMPLETE
133,0.8815391572381696,2026-08-26 08:39:07.794837,2026-08-26 08:39:30.912513,0 days 00:00:23.117676,0.9276092010896245,0.14814704880030363,0.055315786368877844,8,0.730735761121345,0.009958256605902872,0.15541530864704486,0.8511096612603151,0.8815391572381696,0.004674768044308716,"[1440, 1497, 1031, 1497, 1498]","[0.8834245835651763, 0.8837950003626213, 0.8728429973987605, 0.8865209426038013, 0.8811122622604883]",COMPLETE
134,0.8860763851548119,2026-08-26 08:39:30.912851,2026-08-26 08:40:06.515117,0 days 00:00:35.602266,0.9683636767008412,0.008978498797750162,0.05152415245391341,8,1.0274948452775778,0.09777569694459634,0.13748292449246882,0.8890013564731746,0.8860763851548119,0.00614474491744802,"[915, 864, 829, 1018, 905]","[0.8865895655674882, 0.8924220704755855, 0.8746079935537151, 0.8901290759901689, 0.8866332201871022]",COMPLETE
135,0.8311527733658168,2026-08-26 08:40:06.515433,2026-08-26 08:40:19.164046,0 days 00:00:12.648613,0.972847492344881,1.8047075942358248,0.0468671762679208,8,0.5863281569139696,0.0813511709968561,0.12238268580026389,0.8702733985068415,0.8311527733658168,0.003208230217243176,"[1496, 1452, 1345, 1461, 1424]","[0.8318803136558707, 0.8308143364696935, 0.8256514155329665, 0.8317740439370137, 0.8356437572335403]",COMPLETE
136,0.8862723487547488,2026-08-26 08:40:19.164368,2026-08-26 08:40:53.302262,0 days 00:00:34.137894,0.9644241717734342,0.0035177705787481904,0.05161512178903739,8,0.674677183459294,0.002942155998769759,0.1854485233127508,0.8836626287598688,0.8862723487547488,0.007030330840094656,"[863, 846, 675, 1001, 904]","[0.8861447242426624, 0.8917216754881941, 0.8737685162934886, 0.894063353465413, 0.8856634742839855]",COMPLETE
137,0.8863743710826826,2026-08-26 08:40:53.302631,2026-08-26 08:41:23.319437,0 days 00:00:30.016806,0.9637302257059536,0.0022031985303879614,0.061656096422762915,8,0.6561915207371661,0.0028933767601729055,0.13782061726265393,0.9038979295908236,0.8863743710826826,0.006706478930838747,"[800, 757, 664, 771, 657]","[0.887232126923727, 0.8911019156454566, 0.8745193489065416, 0.8940700772427541, 0.884948386694934]",COMPLETE
138,0.8826723247352184,2026-08-26 08:41:23.319750,2026-08-26 08:41:49.834012,0 days 00:00:26.514262,0.9629105791069644,0.06582599208639618,0.06231687571859023,7,0.649687147416083,0.0035414544685304795,0.12969156163774867,0.896278404138745,0.8826723247352184,0.006013343131901094,"[1339, 1475, 938, 1458, 1370]","[0.88404453403831, 0.8860118525871002, 0.8716309231950498, 0.8894302892576281, 0.8822440245980042]",COMPLETE
139,0.8814667664911532,2026-08-26 08:41:49.834367,2026-08-26 08:42:12.155517,0 days 00:00:22.321150,0.9577355202532268,0.14859174099149156,0.053113337875295805,8,0.5397427702889595,0.0031854244951780943,0.10117325618222689,0.9099083195800457,0.8814667664911532,0.005632061399424343,"[1428, 1500, 1493, 1498, 1495]","[0.8851461568391675, 0.8849834689254057, 0.8714276060433926, 0.8866212086618535, 0.879155391985947]",COMPLETE
140,0.8786434150844145,2026-08-26 08:42:12.155824,2026-08-26 08:42:32.719154,0 days 00:00:20.563330,0.938824336288761,0.22919718254411914,0.051256336399036276,8,0.6742504619330617,0.0047046903594176225,0.19211679835307885,0.90421960733773,0.8786434150844145,0.006902066060109912,"[1499, 1494, 1460, 1498, 1495]","[0.8790052898664077, 0.885173179454299, 0.8665192440114097, 0.8854273293054636, 0.8770920327844927]",COMPLETE
141,0.88568520113893,2026-08-26 08:42:32.719475,2026-08-26 08:43:02.505493,0 days 00:00:29.786018,0.9153580636441425,0.05549485109153772,0.050120702839375426,8,0.6155707076978523,0.0021321133921492043,0.16722102019509646,0.8845529823640198,0.88568520113893,0.005926513120059946,"[1201, 1189, 951, 1351, 1228]","[0.8898862338371446, 0.8899928968391083, 0.8743956721417169, 0.8890871903464294, 0.8850640125302512]",COMPLETE
142,0.8844095949200768,2026-08-26 08:43:02.505828,2026-08-26 08:43:27.441484,0 days 00:00:24.935656,0.9144798986824022,0.07484459902246166,0.060251291683941374,8,0.6246869271352724,0.0012595191414610755,0.17290613163664048,0.8917340728569216,0.8844095949200768,0.007123109415727695,"[1310, 1460, 1056, 1455, 1492]","[0.8852257972259997, 0.889249883098179, 0.8736236462700132, 0.8940491563004193, 0.8798994917057729]",COMPLETE
143,0.8825292615828293,2026-08-26 08:43:27.441798,2026-08-26 08:43:53.966664,0 days 00:00:26.524866,0.9210131564853157,0.12944905995024975,0.04580045233346272,8,0.584780226797952,0.0027226299971926833,0.13694662295756552,0.8642106702616263,0.8825292615828293,0.006758959365923163,"[1456, 1496, 1495, 1498, 1499]","[0.8821340543628509, 0.889614089278351, 0.8716609300836454, 0.8896790145021337, 0.8795582196871647]",COMPLETE
144,0.8872788920898735,2026-08-26 08:43:53.966986,2026-08-26 08:44:20.925454,0 days 00:00:26.958468,0.9658846473799734,0.003385173802543,0.0711020698033458,8,0.7943193728706844,0.0021017863003643467,0.11409440330025708,0.934342599264882,0.8872788920898735,0.006349093072822552,"[661, 662, 505, 679, 705]","[0.8885875045019032, 0.8930782384545881, 0.8751907317631585, 0.891729248678578, 0.8878087370511397]",COMPLETE
145,0.884599511012512,2026-08-26 08:44:20.925768,2026-08-26 08:44:44.939648,0 days 00:00:24.013880,0.9775869008796573,0.0560703423428105,0.07353114396165349,7,0.7957425879922212,0.0010252058972364273,0.11746746219846711,0.934857406714267,0.884599511012512,0.005992600157910498,"[1339, 1381, 894, 1498, 1495]","[0.8864729035473617, 0.8864629045291991, 0.8741921643596636, 0.8925180976827466, 0.8833514849435891]",COMPLETE
146,0.8810476183951549,2026-08-26 08:44:44.939985,2026-08-26 08:45:09.922787,0 days 00:00:24.982802,0.9647859727621511,0.15097000868254445,0.043306684000019115,8,0.9068401074866964,0.0022128067221502297,0.1426944146433889,0.9215350278626916,0.8810476183951549,0.00443558838107623,"[1485, 1475, 1499, 1495, 1499]","[0.8841762203056546, 0.8821834972306911, 0.872776963634692, 0.8853815213007813, 0.8807198895039551]",COMPLETE
147,0.8858993935763035,2026-08-26 08:45:09.923110,2026-08-26 08:45:37.920428,0 days 00:00:27.997318,0.9677790430754256,0.00016502411626619995,0.07040971446570242,8,0.7054864200753824,1.8937639757178155e-08,0.15918865399524743,0.948698520481984,0.8858993935763035,0.007360750042977208,"[627, 690, 598, 792, 667]","[0.886174540500862, 0.892305408455459, 0.8733979088656473, 0.8941276972887113, 0.8834914127708374]",COMPLETE
148,0.8852555319031385,2026-08-26 08:45:37.920741,2026-08-26 08:46:04.824627,0 days 00:00:26.903886,0.9708325253596167,0.001828603493115255,0.07046463093306038,8,0.8209096934334814,4.4198385763547504e-08,0.11090842549451721,0.9651227994661201,0.8852555319031385,0.005563138210129366,"[649, 671, 503, 774, 623]","[0.888267715960516, 0.8873233844176802, 0.8746730325599622, 0.8906774772649099, 0.8853360493126243]",COMPLETE
149,0.8838145137861051,2026-08-26 08:46:04.824948,2026-08-26 08:46:24.478715,0 days 00:00:19.653767,0.9796161914841595,0.07199536244658095,0.0766336652237539,8,1.0543270333877084,0.41864731888830925,0.1573760280961556,0.9550051105021145,0.8838145137861051,0.005567737517707585,"[1498, 1468, 1214, 1498, 1498]","[0.8856196290339753, 0.886522346415202, 0.8733534912268625, 0.8897283570330129, 0.8838487452214729]",COMPLETE
150,0.8779113011557029,2026-08-26 08:46:24.479036,2026-08-26 08:46:41.945122,0 days 00:00:17.466086,0.9541900963796389,0.20879970159708228,0.0654264891234438,8,0.7117303862087904,0.17469631752951068,0.20616973497553687,0.9364356167171565,0.8779113011557029,0.004721398714138362,"[1461, 1450, 1428, 1498, 1495]","[0.8785026149104294, 0.8780405691923464, 0.8718658554901529, 0.8860676918646221, 0.8750797743209633]",COMPLETE
151,0.878049094851723,2026-08-26 08:46:41.945431,2026-08-26 08:47:02.387887,0 days 00:00:20.442456,0.9891527728339503,0.10791501572956869,0.05817422358209199,8,0.5581029335727664,0.005329007072532443,0.1435094157526974,0.9831049275518269,0.878049094851723,0.003699185737018859,"[1438, 1458, 1480, 1500, 1329]","[0.8788307942151289, 0.8766037523420911, 0.8737981419212919, 0.8847237723254849, 0.8762890134546181]",COMPLETE
