number,value,datetime_start,datetime_complete,duration,params_colsample_bytree,params_gamma,params_learning_rate,params_max_depth,params_min_child_weight,params_reg_alpha,params_reg_lambda,params_subsample,user_attrs_cv_mean,user_attrs_cv_std,user_attrs_fold_best_iterations,user_attrs_fold_scores,state
152,0.8855392533861852,2026-08-26 08:47:02.388208,2026-08-26 08:47:28.008414,0 days 00:00:25.620206,0.9671764641204647,0.060873287308405216,0.06207012504614527,8,0.8660263075660486,3.9812663555231916e-07,0.1263036697173226,0.8803972246809026,0.8855392533861852,0.006528811371670236,"[1342, 829, 833, 1348, 1228]","[0.8858891705800969, 0.8913638705556913, 0.8734909652448472, 0.8913628709598821, 0.8855893895904093]",COMPLETE
153,0.884296599217895,2026-08-26 08:47:28.008741,2026-08-26 08:48:03.045681,0 days 00:00:35.036940,0.9397593723731892,0.0004816920691261199,0.050882848791660065,8,0.7764865972603625,1.3719426822566687e-08,0.19173387686519638,0.9064249039891665,0.884296599217895,0.006614962292514956,"[974, 901, 743, 1053, 827]","[0.8887485841608145, 0.890000292844599, 0.8731195536895805, 0.8893343345946412, 0.8802802307998396]",COMPLETE
154,0.8826705134571103,2026-08-26 08:48:03.046011,2026-08-26 08:48:29.309309,0 days 00:00:26.263298,0.9536180222187626,0.121087337359293,0.04906149563634407,8,0.7065856206057074,0.09929814997179782,0.16367585931288672,0.8448647745927199,0.8826705134571103,0.006716069855411546,"[1481, 1497, 1464, 1497, 1498]","[0.8835556563354916, 0.8883525722068, 0.8720187350161482, 0.890656556322575, 0.8787690474045372]",COMPLETE
155,0.8814424708976045,2026-08-26 08:48:29.309623,2026-08-26 08:48:48.661535,0 days 00:00:19.351912,0.9590402792329147,0.18354263056250655,0.06884520415231556,8,0.6107128098439311,0.033418169059503164,0.11227333969525266,0.8715235781757102,0.8814424708976045,0.005247403323313539,"[1428, 1460, 1356, 1498, 1483]","[0.8861601297506728, 0.8835392560696597, 0.8742581981237322, 0.8870744594010328, 0.8761803111429245]",COMPLETE
156,0.8833230465204351,2026-08-26 08:48:48.661852,2026-08-26 08:49:17.469545,0 days 00:00:28.807693,0.9335095887263323,0.0718496708702065,0.04483492846625674,8,0.9705868240662792,7.423192665870225e-07,0.22095458341464133,0.9506319722527716,0.8833230465204351,0.005784884026657273,"[1428, 1480, 1497, 1499, 1499]","[0.8861591349928514, 0.8862884088779203, 0.8734773586220833, 0.8901081550478341, 0.8805821750614871]",COMPLETE
157,0.8801133390896245,2026-08-26 08:49:17.469860,2026-08-26 08:49:37.097828,0 days 00:00:19.627968,0.9447379979612794,0.12301423368712035,0.08459266475575396,7,0.8665582686909787,0.010499673578608334,0.15832104538957284,0.8916362104947412,0.8801133390896245,0.0057758701264593445,"[1485, 1500, 967, 1479, 1498]","[0.879019891246993, 0.8819929825743725, 0.871347161529135, 0.8892699907713429, 0.8789366693262796]",COMPLETE
158,0.8767921855763989,2026-08-26 08:49:37.098156,2026-08-26 08:49:56.746086,0 days 00:00:19.647930,0.9720894673458291,0.26246695779637663,0.051680996755254796,8,1.1243336447375325,6.248949136211119e-09,0.13736656883391393,0.9156941090427039,0.8767921855763989,0.004137943369302669,"[1461, 1494, 1492, 1498, 1499]","[0.8807999116491657, 0.8777714089070171, 0.8694076697229015, 0.8803560156509183, 0.875625921951992]",COMPLETE
159,0.8868676173276718,2026-08-26 08:49:56.746413,2026-08-26 08:50:23.733528,0 days 00:00:26.987115,0.9825470931421565,0.049742871064439906,0.057893051546223456,8,0.6740136487790562,1.3593414551160536e-09,0.18839768923251685,0.8593078622986228,0.8868676173276718,0.005039090448868594,"[1318, 788, 828, 868, 768]","[0.8871660931596584, 0.8900517252280823, 0.8794645419414225, 0.894035736004294, 0.8836199903049016]",COMPLETE
160,0.885480369493782,2026-08-26 08:50:23.733867,2026-08-26 08:50:49.670407,0 days 00:00:25.936540,0.9869408497623097,0.05159736623957575,0.05806169189478446,8,0.7645492486883878,2.5356158835633797e-09,0.18605508374253135,0.8553842522540461,0.885480369493782,0.00579369583827056,"[822, 751, 636, 967, 727]","[0.8863490361521408, 0.8895122192692061, 0.8755189110678581, 0.8924146423735501, 0.8836070386061546]",COMPLETE
161,0.886280617894592,2026-08-26 08:50:49.670738,2026-08-26 08:51:14.407857,0 days 00:00:24.737119,0.9645242122106127,0.05983591883572153,0.06532345944036254,8,0.6727763767908919,2.8553406243873075e-08,0.21900209959171343,0.8385583777113333,0.886280617894592,0.005451112641941033,"[822, 841, 752, 1029, 1416]","[0.8858249357012751, 0.8912183870351869, 0.8772404843418492, 0.8925516347937815, 0.8845676476008674]",COMPLETE
162,0.8849229590804513,2026-08-26 08:51:14.408178,2026-08-26 08:51:43.219554,0 days 00:00:28.811376,0.9783257106687447,0.005878679925224856,0.0647296457618986,8,0.5472487148397213,2.2093547494831306e-07,0.22172250315577466,0.8402185724814855,0.8849229590804513,0.006391118293295498,"[655, 753, 539, 807, 641]","[0.8835196294600189, 0.8915105394644135, 0.8750742603734283, 0.8923044905455696, 0.8822058755588261]",COMPLETE
163,0.8848619710130782,2026-08-26 08:51:43.219879,2026-08-26 08:52:05.149605,0 days 00:00:21.929726,0.9653858648599853,0.06884906281783487,0.0732346356687539,8,0.6133501587837582,1.0779701057322636e-09,0.2556247679742272,0.8603246036365756,0.8848619710130782,0.004899934074086789,"[1307, 839, 763, 1387, 658]","[0.8828778722312055, 0.8885786908719582, 0.8770950008213446, 0.891326144597703, 0.8844321465431798]",COMPLETE
164,0.8810094542690259,2026-08-26 08:52:05.149917,2026-08-26 08:52:26.566350,0 days 00:00:21.416433,0.9528126810945723,0.16092548218912356,0.06062565387278342,8,0.6890515951811155,6.824441184229466e-09,0.20170084848513334,0.8746256513861513,0.8810094542690259,0.005909850333927534,"[1440, 1478, 1474, 1498, 1495]","[0.8821412597379453, 0.8849978796755948, 0.8730471186778428, 0.8891389180010276, 0.8757220952527188]",COMPLETE
165,0.8860548771310736,2026-08-26 08:52:26.566659,2026-08-26 08:52:55.575872,0 days 00:00:29.009213,0.9916328328968498,0.056544960951675396,0.05397335475513444,8,0.8061538636478544,4.063608009361189e-08,0.15266371704595638,0.8088264502432221,0.8860548771310736,0.005782590351018218,"[834, 934, 609, 1450, 1077]","[0.889565450537936, 0.8908171592217206, 0.8769775346737929, 0.8914303767757678, 0.8814838644461512]",COMPLETE
166,0.885408298724316,2026-08-26 08:52:55.576199,2026-08-26 08:53:21.914598,0 days 00:00:26.338399,0.9947211126277167,0.10512243572888183,0.05550749466702379,8,0.8249345752433241,4.937756312799548e-08,0.1322522217838397,0.8087245322855188,0.885408298724316,0.005346621746275096,"[1490, 1462, 908, 1498, 1196]","[0.8881214283125862, 0.8897381473039682, 0.8756497932077772, 0.889758359617851, 0.8837737651793969]",COMPLETE
167,0.8844847341422856,2026-08-26 08:53:21.914923,2026-08-26 08:53:49.107479,0 days 00:00:27.192556,0.9835900988242209,0.0014612241316669938,0.06667434961393456,8,0.905066781987763,1.248413097810962e-08,0.15076481077935544,0.8267090568847079,0.8844847341422856,0.0051566298352093524,"[636, 721, 496, 751, 626]","[0.8870198055117288, 0.8881916831782849, 0.876306765314205, 0.8901448814100132, 0.8807605352971959]",COMPLETE
168,0.8796687683775618,2026-08-26 08:53:49.107814,2026-08-26 08:54:11.193195,0 days 00:00:22.085381,0.9620763266751734,0.22311013633114765,0.05392668966480506,8,1.0285814349222184,8.335136144063066e-08,0.11878034309762038,0.8337588466339855,0.8796687683775618,0.005705737327671208,"[1450, 1497, 1493, 1498, 1498]","[0.8810838639454764, 0.8830946053752301, 0.8693274158390403, 0.8860909979306757, 0.8787469587973864]",COMPLETE
169,0.879049972854481,2026-08-26 08:54:11.193517,2026-08-26 08:54:33.611449,0 days 00:00:22.417932,0.6313760632806418,0.1442920361480006,0.0581604538758063,8,0.7243015571607454,2.1488217029635112e-08,0.10088989865563226,0.8454564435548325,0.879049972854481,0.006692003395091094,"[1440, 1497, 1490, 1490, 1498]","[0.8821412597379453, 0.8843851345775556, 0.8668113964406364, 0.884753774910323, 0.8771582986059451]",COMPLETE
170,0.8847770284775589,2026-08-26 08:54:33.611772,2026-08-26 08:54:59.233494,0 days 00:00:25.621722,0.972094660229451,0.058227992915300224,0.06279818861538643,8,0.7944732788129254,2.1729823721114227e-08,0.18059710196230758,0.8243513761859306,0.8847770284775589,0.006064638070740822,"[942, 983, 778, 1029, 694]","[0.8861747311312582, 0.8873385992952945, 0.874906356600215, 0.8932318857077063, 0.88223356965332]",COMPLETE
171,0.8862196533554376,2026-08-26 08:54:59.233817,2026-08-26 08:55:30.335772,0 days 00:00:31.101955,0.9544431824636687,0.051447973803319384,0.048021814150672956,8,0.6512266223745,6.454063725630377e-09,0.15891333829742296,0.8848375307854571,0.8862196533554376,0.006916396880598513,"[1415, 1478, 834, 1453, 1140]","[0.8882160929466365, 0.890897413105582, 0.8735569990089155, 0.8933996848402009, 0.8850280768758534]",COMPLETE
172,0.8842035721477975,2026-08-26 08:55:30.336100,2026-08-26 08:55:58.305289,0 days 00:00:27.969189,0.9520845882736421,0.10388814529968546,0.04700916346170142,8,0.6828860965372588,2.9375115611912473e-08,0.23320477270763662,0.8661761104525734,0.8842035721477975,0.005414633947561808,"[1439, 1460, 1498, 1461, 1498]","[0.8874290428277147, 0.8893151127348222, 0.8748699484639499, 0.8880520012214741, 0.8813517554910263]",COMPLETE
173,0.8868967814552471,2026-08-26 08:55:58.305608,2026-08-26 08:56:38.075618,0 days 00:00:39.770010,0.9423103822835247,0.0026874168422786546,0.04300803907584751,8,0.7493321737172637,5.654876579573322e-09,0.14792886416451742,0.9274402473746073,0.8868967814552471,0.006095872191446873,"[1109, 1119, 857, 1237, 990]","[0.8890475607043434, 0.8924510826063599, 0.8763874004588589, 0.892538214497656, 0.884059649009017]",COMPLETE
174,0.8850584743144025,2026-08-26 08:56:38.075958,2026-08-26 08:57:17.233763,0 days 00:00:39.157805,0.938503177926502,0.004485333868226034,0.04226585163218658,8,0.7299069731454289,4.593609179873626e-09,0.1491823519869267,0.9310414816600515,0.8850584743144025,0.005280261135895782,"[1003, 1088, 887, 1217, 988]","[0.8896384990467028, 0.8873459953007853, 0.8756435825905041, 0.8895964801352721, 0.8830678144987494]",COMPLETE
175,0.8802130848625209,2026-08-26 08:57:17.234078,2026-08-26 08:57:38.653844,0 days 00:00:21.419766,0.9601878206918036,0.17831110150971827,0.053363123196509425,8,0.6631774389244907,1.6283789128954457e-09,0.1292311191079495,0.9227772399456702,0.8802130848625209,0.0042898129180414055,"[1485, 1353, 1490, 1496, 1499]","[0.8825713090517896, 0.8807753112504177, 0.8724930113383813, 0.885353099712237, 0.879872692959779]",COMPLETE
176,0.8823771903800998,2026-08-26 08:57:38.654174,2026-08-26 08:58:02.113561,0 days 00:00:23.459387,0.9792977848831026,0.1041467073035145,0.05709868782769852,8,0.5739523937400421,4.375532458106884e-09,0.1651347993707463,0.9131920255537453,0.8823771903800998,0.006913916354132721,"[1430, 1450, 1493, 1497, 1499]","[0.8841766015664468, 0.8877108149779863, 0.8696413750239468, 0.8890145417494963, 0.8813426185826225]",COMPLETE
177,0.887322552909232,2026-08-26 08:58:02.113887,2026-08-26 08:58:38.138411,0 days 00:00:36.024524,0.9690903849375128,0.005104676793168658,0.04927912910283555,8,0.7688715668375825,1.0349804962394327e-08,0.1802306777064847,0.9008854716758695,0.887322552909232,0.0054647099815472245,"[880, 949, 825, 1052, 944]","[0.8897697624474143, 0.8939169115873894, 0.877961881957495, 0.8899486606889742, 0.8850155478648868]",COMPLETE
178,0.8831840703762108,2026-08-26 08:58:38.138730,2026-08-26 08:59:08.997732,0 days 00:00:30.859002,0.9946611733860291,0.060560935953427736,0.04860308365225683,7,0.859867752189592,6.645160690526794e-09,0.18936505345662402,0.9407914524454296,0.8831840703762108,0.00512528903374767,"[1438, 1496, 1248, 1499, 1499]","[0.8868667353553373, 0.8837425732213168, 0.8748339215884773, 0.8896715138559242, 0.8808056078599978]",COMPLETE
179,0.8823342050776166,2026-08-26 08:59:08.998063,2026-08-26 08:59:33.695739,0 days 00:00:24.697676,0.9661789525117126,0.1708111141011735,0.04422657054226763,8,0.5015396341074411,1.018716377030396e-08,0.25167600554689773,0.8902558567259555,0.8823342050776166,0.006490404496667948,"[1492, 1496, 1498, 1470, 1493]","[0.8873266009273811, 0.8869163688535737, 0.8701516782216525, 0.8861770668237341, 0.8810993105617415]",COMPLETE
180,0.8822220920315156,2026-08-26 08:59:33.696075,2026-08-26 08:59:53.665209,0 days 00:00:19.969134,0.9700454707779544,0.11026581736322005,0.07906834390280197,8,0.8173775789385495,1.7930843548806155e-09,0.17143293178019453,0.900706383612581,0.8822220920315156,0.006104024201507349,"[1446, 1438, 1375, 1495, 1499]","[0.8874714709508567, 0.8853260589802942, 0.8706767734303397, 0.8861328398153455, 0.8815033169807412]",COMPLETE
181,0.8860471821242598,2026-08-26 08:59:53.665528,2026-08-26 09:00:27.613837,0 days 00:00:33.948309,0.956815609715875,0.00028801462939934824,0.05190114183926143,8,0.7556061400850879,2.309468657389966e-08,0.11718977632965355,0.9461631920597969,0.8860471821242598,0.005330505507549611,"[857, 877, 757, 956, 872]","[0.8892878994892945, 0.8892997072268116, 0.8762707384387324, 0.890852777043614, 0.884524788422846]",COMPLETE
182,0.8852171715451446,2026-08-26 09:00:27.614168,2026-08-26 09:01:14.817400,0 days 00:00:47.203232,0.9559502421584265,0.002989987888632879,0.05159622992677031,8,0.7645496662322381,8.102419951111337e-08,6.888203426624747,0.9310517485041753,0.8852171715451446,0.007702857808084861,"[1452, 1381, 1099, 1461, 1185]","[0.8914100870797229, 0.8879657551435228, 0.8718360392319534, 0.8929981617556196, 0.8818758145149043]",COMPLETE
183,0.8862843826307595,2026-08-26 09:01:14.817735,2026-08-26 09:01:44.366023,0 days 00:00:29.548288,0.9870610549745805,0.05075370029585137,0.04861836567937551,8,0.7385565495462051,2.565725186797784e-08,0.11373115208046361,0.9492716779321358,0.8862843826307595,0.005082753344817289,"[1467, 1472, 1497, 1499, 1398]","[0.887997370286969, 0.8886003069972418, 0.8771600398275917, 0.892341993776617, 0.8853222022653774]",COMPLETE
184,0.8843046188289897,2026-08-26 09:01:44.366355,2026-08-26 09:02:11.063044,0 days 00:00:26.696689,0.984847862963983,0.07133862392123175,0.04865471009318078,8,0.9050994815728525,3.961728299112742e-08,0.11179356159226626,0.9629667412513206,0.8843046188289897,0.005548564307773487,"[1496, 1459, 1499, 1359, 1480]","[0.8865685629392336, 0.8863904695174614, 0.8747316703185399, 0.8913419500175473, 0.8824904413521658]",COMPLETE
185,0.8822583117199102,2026-08-26 09:02:11.063367,2026-08-26 09:02:36.018186,0 days 00:00:24.954819,0.942750367546776,0.13755146910879962,0.04170305924414116,8,0.7775567040740855,1.824837600849924e-08,0.123478684153016,0.9453251977805697,0.8822583117199102,0.006023966703062608,"[1489, 1470, 1489, 1499, 1499]","[0.8853790996186278, 0.8848085920133344, 0.8720701673996315, 0.8895763633203626, 0.8794573362475946]",COMPLETE
186,0.8839453237260623,2026-08-26 09:02:36.018510,2026-08-26 09:03:04.142616,0 days 00:00:28.124106,0.992264045314556,0.05653182547138471,0.046656597915151234,8,0.635653870704355,3.955961232746539e-09,0.14183386732880823,0.9744262119070635,0.8839453237260623,0.005391016428287209,"[1489, 1475, 1486, 1500, 1498]","[0.8857733126873958, 0.8852888467166039, 0.8741769494820493, 0.8906340543839465, 0.883853455360316]",COMPLETE
187,0.8807499948444084,2026-08-26 09:03:04.142948,2026-08-26 09:03:27.207922,0 days 00:00:23.064974,0.9758007003775807,0.22748617114379582,0.05223078939004889,8,1.009839946712707,9.059253608016874e-09,0.10979576890749913,0.8028359403429205,0.8807499948444084,0.0033727136440260376,"[1488, 1497, 1449, 1494, 1416]","[0.880442297347059, 0.8827954382013049, 0.8745932015427337, 0.8845291326007395, 0.8813899045302046]",COMPLETE
188,0.8488292104530201,2026-08-26 09:03:27.208254,2026-08-26 09:03:50.358362,0 days 00:00:23.150108,0.99965792960707,0.06296917470949923,0.05026838495944385,4,0.7511763084216752,8.552182350352196e-08,0.14392341666836792,0.8968716296044557,0.8488292104530201,0.006930427713395724,"[1500, 1500, 1500, 1500, 1500]","[0.8525979895610069, 0.8425841589626568, 0.8439405312986547, 0.8607557549355432, 0.8442676175072389]",COMPLETE
189,0.8833544635786629,2026-08-26 09:03:50.358686,2026-08-26 09:04:18.076650,0 days 00:00:27.717964,0.9604735299591262,0.1246265141956987,0.03934278905703846,8,0.8424769363599806,2.564337098814253e-09,0.12356383594361439,0.9264003524803239,0.8833544635786629,0.005450924280117227,"[1485, 1450, 1499, 1498, 1499]","[0.8862910118905921, 0.8888044282763241, 0.8740240699560541, 0.8871980315251388, 0.8804547762452054]",COMPLETE
190,0.8826850622814634,2026-08-26 09:04:18.076981,2026-08-26 09:04:49.182815,0 days 00:00:31.105834,0.979645239855274,0.18825445576761768,0.04343550328756632,8,0.6433552213186486,2.901808991362134e-08,0.19568865308106015,0.6221658142438277,0.8826850622814634,0.006115056423607856,"[1430, 1500, 1329, 1202, 1500]","[0.8880634040510375, 0.8833063132901994, 0.8745779866651193, 0.8904362526666137, 0.8770413547343477]",COMPLETE
191,0.8875382763566952,2026-08-26 09:04:49.183148,2026-08-26 09:05:19.746487,0 days 00:00:30.563339,0.96724977808482,0.009798047618663798,0.06089903539343169,8,0.689124567691932,2.3029529894965507e-08,0.15724271938051176,0.9501866522583191,0.8875382763566952,0.006792127052506095,"[814, 762, 619, 800, 791]","[0.890863185115356, 0.8907221133268779, 0.8741189252205007, 0.8926542859755525, 0.889332872145189]",COMPLETE
192,0.8854597817927707,2026-08-26 09:05:19.746823,2026-08-26 09:05:44.373579,0 days 00:00:24.626756,0.9486318518626446,0.04875866032133049,0.06169815295439287,8,0.7347093309648903,1.0074266589636812e-08,0.15611702853440906,0.953409175614873,0.8854597817927707,0.00663969297122542,"[1353, 1450, 628, 1498, 1359]","[0.885277229609483, 0.8877470324838552, 0.8746368150540933, 0.8952971484351262, 0.8843406833812959]",COMPLETE
193,0.8860910284274552,2026-08-26 09:05:44.373912,2026-08-26 09:06:14.074835,0 days 00:00:29.700923,0.9581772758222087,0.004038432267425972,0.05954190464125665,8,0.6133683592126303,1.544081686178106e-08,0.1704732815638853,0.8165356798013668,0.8860910284274552,0.005411329075951431,"[675, 753, 593, 818, 706]","[0.8896747165525717, 0.8891181968308345, 0.8757230323469402, 0.8901891084184018, 0.8857500879885283]",COMPLETE
194,0.8871039209676462,2026-08-26 09:06:14.075169,2026-08-26 09:06:45.183695,0 days 00:00:31.108526,0.9616789802924843,0.0007169138291938197,0.059783710312185996,8,0.5914281084286427,3.237959367003993e-08,0.21308149496753648,0.9398514200931326,0.8871039209676462,0.005571483310134538,"[735, 764, 682, 845, 778]","[0.8884422116117948, 0.8915617812175004, 0.8770579791880505, 0.8926633676180558, 0.88579426520283]",COMPLETE
195,0.8840771954057027,2026-08-26 09:06:45.184031,2026-08-26 09:07:07.835162,0 days 00:00:22.651131,0.9733149182654023,0.09554470313232297,0.05932840240256772,8,0.5797113041170752,3.096822128197887e-08,0.21174400243531302,0.9416710537136016,0.8840771954057027,0.0051246244818223775,"[1494, 1450, 1461, 1499, 1499]","[0.8875671303427285, 0.883043172991747, 0.874972009103491, 0.8899561613351836, 0.8848475032553641]",COMPLETE
196,0.885918037610365,2026-08-26 09:07:07.835480,2026-08-26 09:07:36.851348,0 days 00:00:29.015868,0.9620038402977279,0.004806715958340965,0.06362469265658743,8,0.5420573965728311,1.3703372700451424e-08,0.17966992489964992,0.9366850194510802,0.885918037610365,0.004752284082295039,"[653, 693, 619, 765, 669]","[0.8842488459477883, 0.887097456382918, 0.8785896513027524, 0.8933254552469742, 0.8863287791713921]",COMPLETE
197,0.8792655969809997,2026-08-26 09:07:36.851685,2026-08-26 09:07:58.408571,0 days 00:00:21.556886,0.9864543803462595,0.11733316493099887,0.05672502838570399,8,0.6060271476853858,5.743006883441082e-08,0.25815868486442156,0.9608118965916506,0.8792655969809997,0.0052747099277344256,"[1496, 1487, 1499, 1422, 1498]","[0.8833007161699552, 0.8818030814150832, 0.869932955561985, 0.8842152594055105, 0.8770759723524651]",COMPLETE
198,0.8867127898254615,2026-08-26 09:07:58.408912,2026-08-26 09:08:32.433000,0 days 00:00:34.024088,0.967551794390868,0.001110555235314027,0.053235822057356684,8,0.6492148105715144,2.039360264777879e-08,0.2262090147700266,0.9188035848274915,0.8867127898254615,0.005102507306988604,"[871, 807, 803, 980, 823]","[0.8857508924346869, 0.8900661359782713, 0.8779690873325895, 0.8931584602419047, 0.8866193731398554]",COMPLETE
199,0.8852113618441011,2026-08-26 09:08:32.433329,2026-08-26 09:08:55.684980,0 days 00:00:23.251651,0.9698939877039864,0.07644049161294669,0.0660862858754984,8,0.6302068353806037,1.1933606394220374e-07,0.22951663423983104,0.9056680890453341,0.8852113618441011,0.006226212492870591,"[1310, 1450, 911, 1498, 1495]","[0.8850142799414268, 0.891531964959301, 0.8745483610373159, 0.891343531013841, 0.883618672268621]",COMPLETE
