number,value,datetime_start,datetime_complete,duration,params_ccp_alpha,params_class_weight,params_criterion,params_max_depth,params_max_features,params_min_samples_leaf,params_min_samples_split,params_splitter,user_attrs_cv_mean,user_attrs_cv_std,user_attrs_fold_scores,state
0,0.6484595690895779,2026-08-26 09:09:02.777588,2026-08-26 09:09:03.400774,0 days 00:00:00.623186,1.3480180290890803e-07,balanced,log_loss,12,0.6,59,96,best,0.6484595690895779,0.008289681491592142,"[0.6612161227278578, 0.6529663262032783, 0.6378216091850214, 0.6415804004375433, 0.6487133868941891]",COMPLETE
1,0.5728767981661977,2026-08-26 09:09:03.401093,2026-08-26 09:09:03.463836,0 days 00:00:00.062743,0.0043873144324354085,,log_loss,17,0.8,24,44,random,0.5728767981661977,0.0021125517717643628,"[0.570695552057464, 0.5741146238940688, 0.5748241742975427, 0.5747963993678279, 0.5699532412140851]",COMPLETE
2,0.5232912191780829,2026-08-26 09:09:03.464176,2026-08-26 09:09:03.491770,0 days 00:00:00.027594,0.006124806805925988,,gini,30,sqrt,25,82,random,0.5232912191780829,0.015453559114604417,"[0.4957142857142857, 0.5279568809951406, 0.5183999787825745, 0.5363579943579944, 0.5380269560404192]",COMPLETE
3,0.6288410642476873,2026-08-26 09:09:03.492075,2026-08-26 09:09:03.687612,0 days 00:00:00.195537,0.00041245717727594227,,log_loss,24,sqrt,72,95,best,0.6288410642476873,0.008672471481341187,"[0.6183171403034226, 0.6362486951360599, 0.6246886816529941, 0.6416070430356143, 0.6233437611103456]",COMPLETE
4,0.5777600478659004,2026-08-26 09:09:03.687899,2026-08-26 09:09:03.791915,0 days 00:00:00.104016,1.5027137214154575e-07,,entropy,4,log2,62,99,best,0.5777600478659004,0.004016080065975927,"[0.570781114882926, 0.5758876940426614, 0.5815969313911656, 0.5795124363695793, 0.5810220626431697]",COMPLETE
5,0.6524853033741743,2026-08-26 09:09:03.792236,2026-08-26 09:09:04.660785,0 days 00:00:00.868549,2.8501838758433707e-05,,gini,11,,52,74,best,0.6524853033741743,0.0046974345686798015,"[0.6524039197801925, 0.6610388655708558, 0.6526054083094057, 0.6478490772776487, 0.6485292459327687]",COMPLETE
6,0.5657838284194101,2026-08-26 09:09:04.661138,2026-08-26 09:09:04.682588,0 days 00:00:00.021450,0.0017697543538533224,,entropy,11,log2,73,52,random,0.5657838284194101,0.009062674400358944,"[0.5694658825497964, 0.5680163421601638, 0.5785938116151383, 0.5512874210017067, 0.5615556847702454]",COMPLETE
7,0.6659777344526601,2026-08-26 09:09:04.682886,2026-08-26 09:09:05.468887,0 days 00:00:00.786001,1.8298712093870903e-07,balanced,entropy,17,0.8,72,81,best,0.6659777344526601,0.00582229333541444,"[0.6590365466031526, 0.6741141803694585, 0.6705692344545628, 0.666024466024466, 0.6601442448116609]",COMPLETE
8,0.6465261521897578,2026-08-26 09:09:05.469241,2026-08-26 09:09:05.539069,0 days 00:00:00.069828,1.0333896431462928e-08,,entropy,17,,30,71,random,0.6465261521897578,0.005957648839582062,"[0.6400677178158691, 0.6442617622041049, 0.6577503690496939, 0.6461465287179573, 0.6444043831611638]",COMPLETE
9,0.65805039128255,2026-08-26 09:09:05.539378,2026-08-26 09:09:05.734624,0 days 00:00:00.195246,1.3685182782317289e-05,,gini,16,sqrt,20,99,best,0.65805039128255,0.009283961814230178,"[0.6402230374126205, 0.6629577957259878, 0.6602758362235375, 0.6597286005857436, 0.6670666864648611]",COMPLETE
10,0.5803803580636768,2026-08-26 09:09:05.734942,2026-08-26 09:09:05.892098,0 days 00:00:00.157156,1.3381271619726983e-09,balanced,entropy,3,0.4,1,2,best,0.5803803580636768,0.006816646428935737,"[0.5773066348425903, 0.5714124503090315, 0.5797253616640606, 0.5811865149008005, 0.5922708286019014]",COMPLETE
11,0.6832095339431299,2026-08-26 09:09:05.892416,2026-08-26 09:09:06.671994,0 days 00:00:00.779578,6.204616091188485e-06,balanced,gini,20,0.8,42,56,best,0.6832095339431299,0.006817824456834384,"[0.6797220165688711, 0.6929539487531128, 0.67884967366352, 0.6750329624615339, 0.6894890682686118]",COMPLETE
12,0.6843764293593971,2026-08-26 09:09:06.672300,2026-08-26 09:09:07.449933,0 days 00:00:00.777633,1.6480900083100138e-06,balanced,gini,23,0.8,43,52,best,0.6843764293593971,0.006989631455586204,"[0.6869102885904944, 0.6792179556948607, 0.6969373896762172, 0.6779762582619725, 0.6808402545734414]",COMPLETE
13,0.6832095339431299,2026-08-26 09:09:07.450280,2026-08-26 09:09:08.229697,0 days 00:00:00.779417,5.28883883276434e-06,balanced,gini,24,0.8,42,42,best,0.6832095339431299,0.006817824456834384,"[0.6797220165688711, 0.6929539487531128, 0.67884967366352, 0.6750329624615339, 0.6894890682686118]",COMPLETE
14,0.6866201747549459,2026-08-26 09:09:08.230043,2026-08-26 09:09:09.026659,0 days 00:00:00.796616,1.0100260719750913e-06,balanced,gini,23,0.8,40,25,best,0.6866201747549459,0.004110615688244531,"[0.6808575623600808, 0.6915513049567278, 0.6906897789176215, 0.6833952393952395, 0.6866069881450598]",COMPLETE
15,0.6885147137357623,2026-08-26 09:09:09.026980,2026-08-26 09:09:09.824413,0 days 00:00:00.797433,9.990316153594146e-07,balanced,gini,30,0.8,39,18,best,0.6885147137357623,0.009705460042446636,"[0.6855111626803835, 0.6973084131680208, 0.698817686074786, 0.671837284408713, 0.6890990223469086]",COMPLETE
16,0.7220862298428548,2026-08-26 09:09:09.824764,2026-08-26 09:09:10.252470,0 days 00:00:00.427706,0.00012723130809787154,balanced,gini,29,0.4,13,17,best,0.7220862298428548,0.009730975565830198,"[0.7121200809375711, 0.7401302857151105, 0.7232929935225508, 0.7188560768560768, 0.7160317121829646]",COMPLETE
17,0.7287723459201588,2026-08-26 09:09:10.252788,2026-08-26 09:09:10.709053,0 days 00:00:00.456265,0.00012844828975803788,balanced,gini,30,0.4,9,12,best,0.7287723459201588,0.00932189378062427,"[0.732729667574593, 0.7144970089151849, 0.7430696881600323, 0.7256183456183457, 0.7279470193326386]",COMPLETE
18,0.6739219257900311,2026-08-26 09:09:10.709362,2026-08-26 09:09:10.780766,0 days 00:00:00.071404,0.00014804374425740586,balanced,gini,27,0.4,6,4,random,0.6739219257900311,0.008656706639251196,"[0.6630233208683536, 0.675254970411331, 0.6722701318495982, 0.6698225312511027, 0.6892386745697703]",COMPLETE
19,0.7071381469777873,2026-08-26 09:09:10.781082,2026-08-26 09:09:11.200580,0 days 00:00:00.419498,0.00031715366845905274,balanced,gini,27,0.4,15,20,best,0.7071381469777873,0.009515173551484964,"[0.7129564256658888, 0.7188226710357243, 0.7106068558986789, 0.7016712593855452, 0.6916335229030995]",COMPLETE
20,0.7262935786566282,2026-08-26 09:09:11.200903,2026-08-26 09:09:11.685391,0 days 00:00:00.484488,9.087915314514519e-05,balanced,log_loss,27,0.4,11,29,best,0.7262935786566282,0.009680218107416995,"[0.7224657555854641, 0.7382786070667327, 0.7150370435321673, 0.7183900041042898, 0.7372964829944874]",COMPLETE
21,0.7219386623364511,2026-08-26 09:09:11.685687,2026-08-26 09:09:12.161314,0 days 00:00:00.475627,9.218063385038199e-05,balanced,log_loss,27,0.4,15,30,best,0.7219386623364511,0.006277071645323636,"[0.7257473629384464, 0.7187443529610499, 0.7118759058966967, 0.7230294264579978, 0.7302962634280648]",COMPLETE
22,0.6906831853716306,2026-08-26 09:09:12.161622,2026-08-26 09:09:12.669428,0 days 00:00:00.507806,0.00107633044458318,balanced,log_loss,30,0.4,10,13,best,0.6906831853716306,0.011580771827129683,"[0.6815661221015415, 0.7056339736346167, 0.6741835085652469, 0.7001877239020096, 0.6918445986547385]",COMPLETE
23,0.7291484059453053,2026-08-26 09:09:12.669760,2026-08-26 09:09:13.182381,0 days 00:00:00.512621,5.385927285780402e-05,balanced,log_loss,27,0.4,2,28,best,0.7291484059453053,0.0036046882769560566,"[0.7238478948741514, 0.7275150450156346, 0.734056547428962, 0.7281532924390067, 0.7321692499687716]",COMPLETE
24,0.7200336232209688,2026-08-26 09:09:13.182692,2026-08-26 09:09:13.693192,0 days 00:00:00.510500,4.748835604962492e-05,balanced,log_loss,26,0.4,2,33,best,0.7200336232209688,0.005060351603847881,"[0.7215057055337839, 0.7241282770702983, 0.7256269176549961, 0.7172414826700542, 0.7116657331757116]",COMPLETE
25,0.7367664571277104,2026-08-26 09:09:13.693516,2026-08-26 09:09:14.519901,0 days 00:00:00.826385,0.0007542583338761624,balanced,log_loss,21,0.6,8,11,best,0.7367664571277104,0.008894761153023834,"[0.7246024036415206, 0.7485099817522923, 0.728633764295537, 0.7391736003164574, 0.7429125356327447]",COMPLETE
26,0.6330371847203347,2026-08-26 09:09:14.520249,2026-08-26 09:09:14.612947,0 days 00:00:00.092698,0.0008225783883693396,balanced,log_loss,20,0.6,6,9,random,0.6330371847203347,0.004076958318971531,"[0.6289236670124034, 0.6356109316960245, 0.6379153802055956, 0.6352534203962775, 0.6274825242913725]",COMPLETE
27,0.6230652865519022,2026-08-26 09:09:14.613262,2026-08-26 09:09:15.369111,0 days 00:00:00.755849,0.0023692647849267055,balanced,log_loss,21,0.6,20,39,best,0.6230652865519022,0.004905688705935249,"[0.6204832228465279, 0.6216858792104746, 0.6315883682320291, 0.6169955484241199, 0.6245734140463594]",COMPLETE
28,0.6915833625535918,2026-08-26 09:09:15.369445,2026-08-26 09:09:16.076474,0 days 00:00:00.707029,0.0003479155745647618,balanced,log_loss,25,0.6,32,10,best,0.6915833625535918,0.005196609669785791,"[0.6989612795901511, 0.6861928636147905, 0.6912246344414387, 0.6857651380508524, 0.6957728970707261]",COMPLETE
29,0.630821550130197,2026-08-26 09:09:16.076830,2026-08-26 09:09:16.632610,0 days 00:00:00.555780,1.41195396903175e-05,balanced,log_loss,8,0.6,6,23,best,0.630821550130197,0.0043571098429587354,"[0.6338182988336242, 0.6302939849577937, 0.6237671891689681, 0.6366769515340943, 0.6295513261565052]",COMPLETE
30,0.7135111815768239,2026-08-26 09:09:16.632928,2026-08-26 09:09:17.348135,0 days 00:00:00.715207,2.9878418291649217e-05,balanced,log_loss,14,0.6,19,13,best,0.7135111815768239,0.01009373588162796,"[0.7153859204854811, 0.7278798824628855, 0.7025411568311579, 0.7199628571057142, 0.7017860909988807]",COMPLETE
31,0.7189755215943019,2026-08-26 09:09:17.348458,2026-08-26 09:09:17.837061,0 days 00:00:00.488603,9.885501106434482e-05,balanced,log_loss,28,0.4,10,31,best,0.7189755215943019,0.010391301631610292,"[0.7074666977401947, 0.7312125229823225, 0.7314682314157183, 0.7096972334115191, 0.715032922421755]",COMPLETE
32,0.5759258066488429,2026-08-26 09:09:17.837385,2026-08-26 09:09:18.365112,0 days 00:00:00.527727,0.007540049426671667,balanced,log_loss,22,0.4,1,26,best,0.5759258066488429,0.004459792522539533,"[0.5778023979299297, 0.5700945713649603, 0.5775529105941709, 0.5717713223427509, 0.5824078310124027]",COMPLETE
33,0.7139501676274116,2026-08-26 09:09:18.365410,2026-08-26 09:09:18.854991,0 days 00:00:00.489581,0.0005254240907517697,balanced,log_loss,19,0.4,10,35,best,0.7139501676274116,0.010775759285925226,"[0.6959581516694366, 0.729420191576445, 0.7179446251997961, 0.7137193520050662, 0.7127085176863139]",COMPLETE
34,0.6013380931445002,2026-08-26 09:09:18.855316,2026-08-26 09:09:18.888791,0 days 00:00:00.033475,0.00025747092300624304,balanced,log_loss,25,log2,27,9,random,0.6013380931445002,0.02276326874620515,"[0.610535903095543, 0.6176453384630429, 0.6244007532495369, 0.5933178187463902, 0.5607906521679881]",COMPLETE
35,0.617483673902032,2026-08-26 09:09:18.889097,2026-08-26 09:09:20.138722,0 days 00:00:01.249625,0.0029672044598356424,balanced,log_loss,28,,17,26,best,0.617483673902032,0.007396643331045039,"[0.6296982350102058, 0.6101637042944512, 0.6199460140236047, 0.6181439212867784, 0.6094664948951197]",COMPLETE
36,0.6826774729892319,2026-08-26 09:09:20.139129,2026-08-26 09:09:20.381184,0 days 00:00:00.242055,5.182714180824652e-05,balanced,log_loss,29,sqrt,23,46,best,0.6826774729892319,0.006904566896834662,"[0.6814870141984063, 0.6905124211376489, 0.6767365429277336, 0.6739585113870827, 0.6906928752952876]",COMPLETE
37,0.6821262242187143,2026-08-26 09:09:20.381479,2026-08-26 09:09:20.436714,0 days 00:00:00.055235,1.154913535075394e-05,,log_loss,25,0.4,6,16,random,0.6821262242187143,0.012497653532104124,"[0.6733608741290662, 0.6999435849479788, 0.6828516430282586, 0.6642309396595111, 0.6902440793287569]",COMPLETE
38,0.6994129892129957,2026-08-26 09:09:20.437023,2026-08-26 09:09:21.211356,0 days 00:00:00.774333,0.001169378673261696,balanced,log_loss,22,0.6,12,38,best,0.6994129892129957,0.006177180790934518,"[0.6968549512146125, 0.693531990191941, 0.7027297685068556, 0.7098968170396742, 0.694051419111895]",COMPLETE
39,0.5707809236889514,2026-08-26 09:09:21.211698,2026-08-26 09:09:21.444025,0 days 00:00:00.232327,0.009844132860034955,,entropy,26,log2,24,6,best,0.5707809236889514,0.007560240178147352,"[0.5742016715269315, 0.5756161607913831, 0.5750685204799447, 0.573274146131289, 0.555744119515209]",COMPLETE
40,0.6111299968174568,2026-08-26 09:09:21.444322,2026-08-26 09:09:21.508600,0 days 00:00:00.064278,4.445964914284398e-06,balanced,log_loss,30,,80,23,random,0.6111299968174568,0.00376626574336109,"[0.6124751369248208, 0.616606405775841, 0.6085876439219061, 0.6124185187042329, 0.6055622787604832]",COMPLETE
41,0.7212590057640293,2026-08-26 09:09:21.508905,2026-08-26 09:09:21.937920,0 days 00:00:00.429015,0.00020611290762821496,balanced,gini,28,0.4,13,18,best,0.7212590057640293,0.009579270839961915,"[0.7177111394937995, 0.7392253892168156, 0.719782995223141, 0.7191179379750808, 0.7104575669113092]",COMPLETE
42,0.7412461756664985,2026-08-26 09:09:21.938231,2026-08-26 09:09:22.403259,0 days 00:00:00.465028,6.295588415362433e-05,balanced,gini,29,0.4,4,15,best,0.7412461756664985,0.010586765460875404,"[0.7589818127589, 0.736575942583873, 0.7275660863267764, 0.7372698078412364, 0.7458372288217069]",COMPLETE
43,0.7425230072566213,2026-08-26 09:09:22.403560,2026-08-26 09:09:22.872196,0 days 00:00:00.468636,5.0394627238854605e-05,balanced,gini,29,0.4,4,12,best,0.7425230072566213,0.00562891832972099,"[0.740248545954258, 0.7528391536144188, 0.737724805144803, 0.7439463210891782, 0.7378562104804489]",COMPLETE
44,0.7446598633568116,2026-08-26 09:09:22.872514,2026-08-26 09:09:23.314068,0 days 00:00:00.441554,4.524984763101731e-05,,gini,30,0.4,4,2,best,0.7446598633568116,0.009253325710646436,"[0.7585366404474753, 0.7469809889083279, 0.7383187093413222, 0.7313237653237653, 0.7481392127631666]",COMPLETE
45,0.7199983500744389,2026-08-26 09:09:23.314393,2026-08-26 09:09:23.554597,0 days 00:00:00.240204,2.426989682799004e-05,,gini,29,sqrt,4,6,best,0.7199983500744389,0.00673104389807504,"[0.7149902802437365, 0.7138456195166087, 0.7219481608188071, 0.7322646208360494, 0.7169430689569927]",COMPLETE
46,0.7413818228554929,2026-08-26 09:09:23.554890,2026-08-26 09:09:23.990972,0 days 00:00:00.436082,2.29882109973704e-06,,gini,24,0.4,4,7,best,0.7413818228554929,0.00865177961944545,"[0.7549423795858261, 0.7392938676846083, 0.7334911795357622, 0.7319311853597568, 0.7472505021115116]",COMPLETE
47,0.7418259123270377,2026-08-26 09:09:23.991318,2026-08-26 09:09:24.420378,0 days 00:00:00.429060,2.5522100411861677e-07,,gini,24,0.4,7,2,best,0.7418259123270377,0.011812871194675206,"[0.7278289824981498, 0.7553469094958754, 0.7529854833322843, 0.7447721004863861, 0.7281960858224933]",COMPLETE
48,0.7420959249992117,2026-08-26 09:09:24.420680,2026-08-26 09:09:24.855351,0 days 00:00:00.434671,2.660507604823095e-07,,gini,23,0.4,4,2,best,0.7420959249992117,0.0043030772645808795,"[0.7457455186307399, 0.7407274825302904, 0.7355852824265643, 0.7406011391725679, 0.747820202235896]",COMPLETE
49,0.7458953869650844,2026-08-26 09:09:24.855674,2026-08-26 09:09:25.325529,0 days 00:00:00.469855,6.868656085413827e-08,,gini,24,0.4,1,2,best,0.7458953869650844,0.007829498889632787,"[0.736487535200642, 0.747272293851653, 0.7572023150087667, 0.7378196526767956, 0.7506951380875648]",COMPLETE
50,0.7547855616133679,2026-08-26 09:09:25.325856,2026-08-26 09:09:25.785486,0 days 00:00:00.459630,4.431892538357521e-08,,gini,19,0.4,1,2,best,0.7547855616133679,0.00736037774759608,"[0.7659215477957306, 0.7588476001705023, 0.7452510639513105, 0.7553758619472905, 0.7485317342020054]",COMPLETE
51,0.7408845414443384,2026-08-26 09:09:25.785792,2026-08-26 09:09:26.225809,0 days 00:00:00.440017,4.93535925698114e-08,,gini,17,0.4,1,3,best,0.7408845414443384,0.004853673705266442,"[0.7347393233589784, 0.7468090436338212, 0.7409298044981251, 0.7457109317109317, 0.7362336040198348]",COMPLETE
52,0.734794767624149,2026-08-26 09:09:26.226110,2026-08-26 09:09:26.646582,0 days 00:00:00.420472,6.201850804344417e-08,,gini,19,0.4,8,5,best,0.734794767624149,0.006176845504542266,"[0.7421529922781666, 0.7338935081121342, 0.7387782326946404, 0.7238543218543217, 0.735294783181482]",COMPLETE
53,0.7120804300638246,2026-08-26 09:09:26.646891,2026-08-26 09:09:27.058586,0 days 00:00:00.411695,2.8848819195324475e-07,,gini,23,0.4,16,2,best,0.7120804300638246,0.008523979760475076,"[0.7129345858418841, 0.7236658521464009, 0.7098190362886537, 0.7162495222495222, 0.6977331537926615]",COMPLETE
54,0.662076210555321,2026-08-26 09:09:27.058900,2026-08-26 09:09:27.402093,0 days 00:00:00.343193,1.1023247721029778e-08,,gini,19,0.4,53,2,best,0.662076210555321,0.008495886726587893,"[0.6494906270372994, 0.6684370408207082, 0.6728854228605594, 0.6639490548061976, 0.6556189072518405]",COMPLETE
55,0.6991544832066936,2026-08-26 09:09:27.402402,2026-08-26 09:09:27.791945,0 days 00:00:00.389543,2.8472962605611265e-07,,gini,13,0.4,5,8,best,0.6991544832066936,0.0094640198185945,"[0.6933555689478955, 0.715970916249986, 0.7030829153381934, 0.6902160342160343, 0.6931469812813589]",COMPLETE
56,0.7296389956132747,2026-08-26 09:09:27.792238,2026-08-26 09:09:28.037080,0 days 00:00:00.244842,1.0484095779858604e-08,,gini,22,log2,1,2,best,0.7296389956132747,0.006457044177412082,"[0.7186860237013489, 0.7269374190589494, 0.7377474702627419, 0.7326045934617363, 0.732219471581597]",COMPLETE
57,0.6619113729867906,2026-08-26 09:09:28.037374,2026-08-26 09:09:28.085656,0 days 00:00:00.048282,3.817208139781272e-08,,gini,15,0.4,7,20,random,0.6619113729867906,0.004317286819154576,"[0.6654202295162536, 0.6683670205327048, 0.6570752802610053, 0.6581919024776167, 0.6605024321463725]",COMPLETE
58,0.7135939445255922,2026-08-26 09:09:28.085965,2026-08-26 09:09:28.482740,0 days 00:00:00.396775,2.637673276735415e-09,,gini,18,0.4,13,13,best,0.7135939445255922,0.00616204015515356,"[0.7223313340188273, 0.7044652798944943, 0.7181881000037681, 0.7118395166966596, 0.7111454920142121]",COMPLETE
59,0.7653877536557826,2026-08-26 09:09:28.483040,2026-08-26 09:09:29.682128,0 days 00:00:01.199088,1.1811626908422519e-07,,gini,26,,3,6,best,0.7653877536557826,0.0038479211399516794,"[0.7729941870130488, 0.7635874146850462, 0.7635664514974344, 0.7643110568824855, 0.7624796582008982]",COMPLETE
60,0.6621439478847737,2026-08-26 09:09:29.682424,2026-08-26 09:09:30.724793,0 days 00:00:01.042369,9.633170248292956e-08,,entropy,26,,64,87,best,0.6621439478847737,0.005018705594882109,"[0.652520469944326, 0.663235751320844, 0.6631657717562766, 0.6671010825296539, 0.6646966638727679]",COMPLETE
61,0.7647012621760927,2026-08-26 09:09:30.725142,2026-08-26 09:09:31.924635,0 days 00:00:01.199493,2.4976333709609652e-08,,gini,24,,3,7,best,0.7647012621760927,0.00482481473494192,"[0.7735896656085274, 0.7640665846733792, 0.7630872815091013, 0.7588974800403373, 0.7638652990491184]",COMPLETE
62,0.7645727166923952,2026-08-26 09:09:31.925013,2026-08-26 09:09:33.125233,0 days 00:00:01.200220,2.489269022276852e-08,,gini,25,,3,8,best,0.7645727166923952,0.004444144528189272,"[0.7730589956291382, 0.76488921910956, 0.7621232548912326, 0.7609202412059556, 0.7618718726260897]",COMPLETE
63,0.7648109997723302,2026-08-26 09:09:33.125580,2026-08-26 09:09:34.321711,0 days 00:00:01.196131,2.0434239563662726e-08,,gini,26,,3,10,best,0.7648109997723302,0.00409842510997123,"[0.7703465074679308, 0.7625509411778836, 0.7669852817770512, 0.7658715301572444, 0.7583007382815413]",COMPLETE
64,0.7687990563694254,2026-08-26 09:09:34.322115,2026-08-26 09:09:35.561263,0 days 00:00:01.239148,3.829508884274388e-09,,gini,25,,1,7,best,0.7687990563694254,0.0023165584919723065,"[0.7728813718581161, 0.7669185378183343, 0.7695238648870628, 0.7663811046668189, 0.7682904026167945]",COMPLETE
65,0.7607073553019675,2026-08-26 09:09:35.561660,2026-08-26 09:09:36.787443,0 days 00:00:01.225783,5.5985260104072544e-09,,gini,25,,1,15,best,0.7607073553019675,0.003412276727984307,"[0.7613846414603033, 0.754203774299584, 0.7613084839958701, 0.762468368182654, 0.7641715085714264]",COMPLETE
66,0.7499108987932492,2026-08-26 09:09:36.787763,2026-08-26 09:09:37.919927,0 days 00:00:01.132164,2.811036533627841e-08,,gini,25,,8,20,best,0.7499108987932492,0.0024540374285335373,"[0.7512545322477807, 0.7517869204468711, 0.7450982984872172, 0.7511297642726215, 0.7502849785117561]",COMPLETE
67,0.7439015802009548,2026-08-26 09:09:37.920233,2026-08-26 09:09:39.028247,0 days 00:00:01.108014,3.589558510254101e-09,,gini,26,,11,15,best,0.7439015802009548,0.0037120501281323807,"[0.7492387637210273, 0.7404848167308783, 0.7390605909568507, 0.7460818443675586, 0.7446418852284588]",COMPLETE
68,0.6245610372103584,2026-08-26 09:09:39.028589,2026-08-26 09:09:39.791883,0 days 00:00:00.763294,2.1962878828961867e-08,,gini,8,,9,10,best,0.6245610372103584,0.0038258104570915437,"[0.6180928453098639, 0.6298032465238552, 0.6248229593988891, 0.6263339109053395, 0.6237522239138441]",COMPLETE
69,0.7221766224864336,2026-08-26 09:09:39.792182,2026-08-26 09:09:39.913742,0 days 00:00:00.121560,4.747793056875634e-09,,gini,23,,2,6,random,0.7221766224864336,0.01156524108540974,"[0.7162408180894947, 0.7293450683841853, 0.7349572909615777, 0.7025085753657182, 0.727831359631192]",COMPLETE
70,0.7269360868448628,2026-08-26 09:09:39.914051,2026-08-26 09:09:41.186767,0 days 00:00:01.272716,1.8727464129449056e-08,,entropy,21,,3,65,best,0.7269360868448628,0.01195860774205901,"[0.7084849686963072, 0.7420140266977691, 0.726869543091813, 0.7370622904908619, 0.7202496052475625]",COMPLETE
