number,value,datetime_start,datetime_complete,duration,params_ccp_alpha,params_class_weight,params_criterion,params_max_depth,params_max_features,params_min_samples_leaf,params_min_samples_split,params_splitter,user_attrs_cv_mean,user_attrs_cv_std,user_attrs_fold_scores,state
144,0.7810387418151736,2026-08-26 09:11:08.533372,2026-08-26 09:11:09.910412,0 days 00:00:01.377040,2.3126985686971026e-09,,entropy,26,,3,2,best,0.7810387418151736,0.0036591778269625605,"[0.776901359229727, 0.7762499861205252, 0.7842827405470209, 0.7835400223971654, 0.7842196007814298]",COMPLETE
145,0.7707815606792568,2026-08-26 09:11:09.910887,2026-08-26 09:11:11.252347,0 days 00:00:01.341460,2.6816285568418027e-09,,entropy,25,,6,10,best,0.7707815606792568,0.009032258476808138,"[0.7573474259102809, 0.771862134674052, 0.7831013895506448, 0.7769011349011349, 0.7646957183601716]",COMPLETE
146,0.7797473798969129,2026-08-26 09:11:11.252733,2026-08-26 09:11:12.629953,0 days 00:00:01.377220,1.469912899587728e-09,,entropy,24,,3,2,best,0.7797473798969129,0.004650785014333345,"[0.7722782794234943, 0.7763817802523194, 0.7836318424071077, 0.7822758379901238, 0.7841691594115195]",COMPLETE
147,0.6324322022686204,2026-08-26 09:11:12.630249,2026-08-26 09:11:12.698527,0 days 00:00:00.068278,3.8114269660665886e-09,,entropy,22,,49,6,random,0.6324322022686204,0.0065870262225477825,"[0.6249320232552469, 0.6244484180208111, 0.6396904402352908, 0.6342605759748617, 0.6388295538568914]",COMPLETE
148,0.7808217909723665,2026-08-26 09:11:12.698844,2026-08-26 09:11:14.095887,0 days 00:00:01.397043,1.0062425925470769e-09,,entropy,25,,1,8,best,0.7808217909723665,0.005203393330668058,"[0.7721178919755708, 0.7800430429190476, 0.7882970494221163, 0.7825731185731186, 0.7810778519719791]",COMPLETE
149,0.7307772146210773,2026-08-26 09:11:14.096264,2026-08-26 09:11:14.375242,0 days 00:00:00.278978,1.3069161176400216e-09,,entropy,25,log2,1,12,best,0.7307772146210773,0.009946710361896866,"[0.712915864711385, 0.7405974391969462, 0.731318725991537, 0.7294869192012049, 0.7395671240043126]",COMPLETE
150,0.7347802803310094,2026-08-26 09:11:14.375548,2026-08-26 09:11:15.660343,0 days 00:00:01.284795,2.927292816315424e-09,,entropy,23,,4,57,best,0.7347802803310094,0.009579327240823249,"[0.720235914575428, 0.7482024991921037, 0.7374975922912906, 0.7393894971037828, 0.728575898492442]",COMPLETE
151,0.7820361373581921,2026-08-26 09:11:15.660640,2026-08-26 09:11:17.038769,0 days 00:00:01.378129,1.0075422760298512e-09,,entropy,26,,3,7,best,0.7820361373581921,0.004639579341809559,"[0.776991259565046, 0.778481569784324, 0.7893640515880361, 0.7799300042157186, 0.7854138016378358]",COMPLETE
152,0.7777361720632634,2026-08-26 09:11:17.039163,2026-08-26 09:11:18.436968,0 days 00:00:01.397805,1.0176800380654009e-09,,entropy,26,,1,9,best,0.7777361720632634,0.0071562063678444685,"[0.7644864155638992, 0.7778173548746906, 0.7850080534976045, 0.7829459403745118, 0.7784230960056108]",COMPLETE
153,0.7067521691166136,2026-08-26 09:11:18.437354,2026-08-26 09:11:19.660883,0 days 00:00:01.223529,1.484621192619111e-09,,entropy,24,,6,96,best,0.7067521691166136,0.008424192318987311,"[0.6914528408436885, 0.7168151408084963, 0.7059472703673754, 0.7103232471803901, 0.7092223463831182]",COMPLETE
154,0.7827573949322492,2026-08-26 09:11:19.661203,2026-08-26 09:11:21.036785,0 days 00:00:01.375582,1.0041201632223997e-09,,entropy,25,,3,7,best,0.7827573949322492,0.005149550963334289,"[0.7760673840898898, 0.7786781725322075, 0.7899691282334086, 0.7820007874293587, 0.7870715023763813]",COMPLETE
155,0.7781570488959026,2026-08-26 09:11:21.037221,2026-08-26 09:11:22.399943,0 days 00:00:01.362722,2.5369301406132072e-09,,entropy,25,,4,5,best,0.7781570488959026,0.003507498493151514,"[0.7751875793108244, 0.7778042715172712, 0.7837599178190754, 0.7739689708261137, 0.7800645050062286]",COMPLETE
156,0.7641193651499425,2026-08-26 09:11:22.400466,2026-08-26 09:11:23.717468,0 days 00:00:01.317002,1.0036599457845623e-09,,entropy,26,,8,8,best,0.7641193651499425,0.008694272412872923,"[0.753222470635181, 0.7748323480581546, 0.7703981920031647, 0.767646247360533, 0.7544975676926787]",COMPLETE
157,0.7750742515678548,2026-08-26 09:11:23.717801,2026-08-26 09:11:25.082798,0 days 00:00:01.364997,1.350109411336301e-09,,entropy,25,,3,15,best,0.7750742515678548,0.006659591736177277,"[0.7639557455845098, 0.776099671691784, 0.7839373081777969, 0.7786698609555752, 0.7727086714296086]",COMPLETE
158,0.7714971854484098,2026-08-26 09:11:25.083199,2026-08-26 09:11:26.424165,0 days 00:00:01.340966,1.9847885301543643e-09,,entropy,26,,6,11,best,0.7714971854484098,0.007991960172650003,"[0.7608483011290855, 0.771862134674052, 0.7831013895506448, 0.7767656301942015, 0.7649084716940656]",COMPLETE
159,0.7810387418151736,2026-08-26 09:11:26.424570,2026-08-26 09:11:27.802270,0 days 00:00:01.377700,3.778891690848937e-09,,entropy,26,,3,6,best,0.7810387418151736,0.0036591778269625605,"[0.776901359229727, 0.7762499861205252, 0.7842827405470209, 0.7835400223971654, 0.7842196007814298]",COMPLETE
160,0.5845936136606038,2026-08-26 09:11:27.802649,2026-08-26 09:11:28.196233,0 days 00:00:00.393584,4.036306550329237e-09,,entropy,4,0.8,4,4,best,0.5845936136606038,0.0030119887512694335,"[0.5869663524930914, 0.581577833027624, 0.585664966025056, 0.5805456588313732, 0.5882132579258748]",COMPLETE
161,0.7796638255911738,2026-08-26 09:11:28.196554,2026-08-26 09:11:29.573531,0 days 00:00:01.376977,1.7514331585130407e-09,,entropy,25,,3,6,best,0.7796638255911738,0.003822245455952575,"[0.7745973449660086, 0.7760344043957804, 0.7833665033450693, 0.7801567021567023, 0.7841641730923081]",COMPLETE
162,0.7777361720632634,2026-08-26 09:11:29.573934,2026-08-26 09:11:30.969629,0 days 00:00:01.395695,2.627410729933932e-09,,entropy,26,,1,9,best,0.7777361720632634,0.0071562063678444685,"[0.7644864155638992, 0.7778173548746906, 0.7850080534976045, 0.7829459403745118, 0.7784230960056108]",COMPLETE
163,0.7715054409584982,2026-08-26 09:11:30.970053,2026-08-26 09:11:32.315321,0 days 00:00:01.345268,1.2914369294326387e-09,,entropy,27,,6,6,best,0.7715054409584982,0.007696107985613053,"[0.7616270657027275, 0.771862134674052, 0.7831013895506448, 0.7760281431710004, 0.7649084716940656]",COMPLETE
164,0.7810387418151736,2026-08-26 09:11:32.315737,2026-08-26 09:11:33.696712,0 days 00:00:01.380975,1.0195386725224606e-09,,entropy,26,,3,4,best,0.7810387418151736,0.0036591778269625605,"[0.776901359229727, 0.7762499861205252, 0.7842827405470209, 0.7835400223971654, 0.7842196007814298]",COMPLETE
165,0.7810387418151736,2026-08-26 09:11:33.697021,2026-08-26 09:11:35.078440,0 days 00:00:01.381419,2.176473309561298e-09,,entropy,26,,3,2,best,0.7810387418151736,0.0036591778269625605,"[0.776901359229727, 0.7762499861205252, 0.7842827405470209, 0.7835400223971654, 0.7842196007814298]",COMPLETE
166,0.7704621522997186,2026-08-26 09:11:35.078819,2026-08-26 09:11:36.436546,0 days 00:00:01.357727,3.1985382501972307e-09,,entropy,27,,5,4,best,0.7704621522997186,0.004324605403760644,"[0.7643871424463001, 0.7668015452636608, 0.7754182123143649, 0.774752017323446, 0.7709518441508209]",COMPLETE
167,0.7125450782732478,2026-08-26 09:11:36.436955,2026-08-26 09:11:37.677619,0 days 00:00:01.240664,1.7145627365141361e-09,,entropy,27,,8,83,best,0.7125450782732478,0.009695262185874883,"[0.6951175725285682, 0.7238838767618105, 0.7161096753264795, 0.7171095808238666, 0.710504685925514]",COMPLETE
168,0.7810387418151736,2026-08-26 09:11:37.677945,2026-08-26 09:11:39.057434,0 days 00:00:01.379489,1.3290230360029586e-09,,entropy,26,,3,4,best,0.7810387418151736,0.0036591778269625605,"[0.776901359229727, 0.7762499861205252, 0.7842827405470209, 0.7835400223971654, 0.7842196007814298]",COMPLETE
169,0.7711411287309196,2026-08-26 09:11:39.057785,2026-08-26 09:11:40.400676,0 days 00:00:01.342891,4.312498635686088e-09,,entropy,24,,6,2,best,0.7711411287309196,0.007496746120918779,"[0.7618714578665281, 0.7722477018966142, 0.7831548493183903, 0.7738044760901904, 0.7646271584828744]",COMPLETE
170,0.625681424922252,2026-08-26 09:11:40.401093,2026-08-26 09:11:41.310985,0 days 00:00:00.909892,2.389100691009426e-09,,entropy,8,,4,6,best,0.625681424922252,0.008719954377618286,"[0.6171934834873426, 0.6391028414700047, 0.6189044645205829, 0.6202635288349575, 0.6329428062983723]",COMPLETE
171,0.7810387418151736,2026-08-26 09:11:41.311351,2026-08-26 09:11:42.691377,0 days 00:00:01.380026,2.0759853330154696e-09,,entropy,26,,3,2,best,0.7810387418151736,0.0036591778269625605,"[0.776901359229727, 0.7762499861205252, 0.7842827405470209, 0.7835400223971654, 0.7842196007814298]",COMPLETE
172,0.7303432366009617,2026-08-26 09:11:42.691690,2026-08-26 09:11:42.967889,0 days 00:00:00.276199,1.0082098429755129e-09,,entropy,25,sqrt,2,7,best,0.7303432366009617,0.007531787707803241,"[0.720068154845349, 0.7291883996560881, 0.7397217710941856, 0.7247861033575319, 0.7379517540516539]",COMPLETE
173,0.7810387418151736,2026-08-26 09:11:42.968190,2026-08-26 09:11:44.347477,0 days 00:00:01.379287,1.648584046927242e-09,,entropy,26,,3,4,best,0.7810387418151736,0.0036591778269625605,"[0.776901359229727, 0.7762499861205252, 0.7842827405470209, 0.7835400223971654, 0.7842196007814298]",COMPLETE
174,0.7704621522997186,2026-08-26 09:11:44.347901,2026-08-26 09:11:45.703861,0 days 00:00:01.355960,2.460265306334329e-09,,entropy,27,,5,2,best,0.7704621522997186,0.004324605403760644,"[0.7643871424463001, 0.7668015452636608, 0.7754182123143649, 0.774752017323446, 0.7709518441508209]",COMPLETE
175,0.7764986624119355,2026-08-26 09:11:45.704190,2026-08-26 09:11:47.100508,0 days 00:00:01.396318,1.3275826698097766e-09,,entropy,26,,1,10,best,0.7764986624119355,0.006135640624483853,"[0.7657347602206674, 0.7751068346348595, 0.7827978754119576, 0.7820348103205247, 0.7768190314716684]",COMPLETE
176,0.758452011915671,2026-08-26 09:11:47.100900,2026-08-26 09:11:47.921279,0 days 00:00:00.820379,1.8498708035209875e-09,,entropy,25,0.6,4,5,best,0.758452011915671,0.009041609111203308,"[0.7563587418190355, 0.761062115766006, 0.7420918860925291, 0.7678569627141055, 0.7648903531866788]",COMPLETE
177,0.7792015842622604,2026-08-26 09:11:47.921612,2026-08-26 09:11:49.311970,0 days 00:00:01.390358,3.828946666818619e-09,,entropy,27,,2,6,best,0.7792015842622604,0.004123768521654124,"[0.7731735452931466, 0.7765214460696188, 0.7853901435573283, 0.7805926111640398, 0.7803301752271684]",COMPLETE
178,0.707032648366839,2026-08-26 09:11:49.312364,2026-08-26 09:11:49.417268,0 days 00:00:00.104904,3.040232309852665e-09,,entropy,24,,7,8,random,0.707032648366839,0.0029813068810580494,"[0.7102792761682483, 0.7027702129614036, 0.7042721054413263, 0.7096211796211795, 0.708220467642037]",COMPLETE
179,0.6635938008719842,2026-08-26 09:11:49.417588,2026-08-26 09:11:50.463941,0 days 00:00:01.046353,1.327226675329963e-09,,entropy,26,,63,2,best,0.6635938008719842,0.0055159549854897185,"[0.6530321609468538, 0.6652133447709484, 0.6640017066728031, 0.6686900666900667, 0.6670317252792488]",COMPLETE
180,0.7817798589688363,2026-08-26 09:11:50.464292,2026-08-26 09:11:51.870909,0 days 00:00:01.406617,1.0021452387686569e-09,,entropy,25,,1,4,best,0.7817798589688363,0.004597841825191349,"[0.7762884271882236, 0.7786877868714757, 0.7892056646402376, 0.7846138457567028, 0.780103570387542]",COMPLETE
181,0.7817798589688363,2026-08-26 09:11:51.871240,2026-08-26 09:11:53.277579,0 days 00:00:01.406339,1.0173140523907502e-09,,entropy,25,,1,4,best,0.7817798589688363,0.004597841825191349,"[0.7762884271882236, 0.7786877868714757, 0.7892056646402376, 0.7846138457567028, 0.780103570387542]",COMPLETE
182,0.7817798589688363,2026-08-26 09:11:53.278007,2026-08-26 09:11:54.682155,0 days 00:00:01.404148,1.0256005184281892e-09,,entropy,25,,1,4,best,0.7817798589688363,0.004597841825191349,"[0.7762884271882236, 0.7786877868714757, 0.7892056646402376, 0.7846138457567028, 0.780103570387542]",COMPLETE
183,0.7814534986784853,2026-08-26 09:11:54.682460,2026-08-26 09:11:56.081861,0 days 00:00:01.399401,1.5690001526346446e-09,,entropy,25,,1,7,best,0.7814534986784853,0.0036345716474076198,"[0.7748742418546298, 0.7819422938604162, 0.785071119459931, 0.7844760270474556, 0.7809038111699943]",COMPLETE
184,0.7775902067736553,2026-08-26 09:11:56.082264,2026-08-26 09:11:57.477390,0 days 00:00:01.395126,1.5211265650625586e-09,,entropy,25,,1,9,best,0.7775902067736553,0.006653771867945047,"[0.7650552687646247, 0.7790238138796707, 0.7850156917708091, 0.7798087549516121, 0.7790475045015598]",COMPLETE
185,0.7781360326805923,2026-08-26 09:11:57.477866,2026-08-26 09:11:58.870494,0 days 00:00:01.392628,1.0289180348463663e-09,,entropy,24,,1,11,best,0.7781360326805923,0.005759549518068943,"[0.7676054259905937, 0.7807818816175905, 0.7849910424421195, 0.7791234054091197, 0.778178407943538]",COMPLETE
186,0.7814534986784853,2026-08-26 09:11:58.870811,2026-08-26 09:12:00.274554,0 days 00:00:01.403743,1.8107681524946654e-09,,entropy,25,,1,7,best,0.7814534986784853,0.0036345716474076198,"[0.7748742418546298, 0.7819422938604162, 0.785071119459931, 0.7844760270474556, 0.7809038111699943]",COMPLETE
187,0.7275481581442513,2026-08-26 09:12:00.274965,2026-08-26 09:12:00.556537,0 days 00:00:00.281572,1.478502282983775e-09,,entropy,22,log2,1,8,best,0.7275481581442513,0.006075304879026803,"[0.7255311135555482, 0.7183327522253681, 0.7312633064471022, 0.7261349029920457, 0.7364787155011926]",COMPLETE
188,0.7757213959858991,2026-08-26 09:12:00.556842,2026-08-26 09:12:01.943431,0 days 00:00:01.386589,1.8052646732699251e-09,,entropy,24,,1,13,best,0.7757213959858991,0.005794964010441295,"[0.7665002243139635, 0.776103374122236, 0.7844487983467728, 0.7775881373024229, 0.7739664458441001]",COMPLETE
189,0.65309420503738,2026-08-26 09:12:01.943814,2026-08-26 09:12:02.954139,0 days 00:00:01.010325,1.316870190158112e-09,,entropy,23,,80,7,best,0.65309420503738,0.008608407000580319,"[0.6388015286649945, 0.6553270875954404, 0.6655406910890781, 0.6511306594163737, 0.6546710584210134]",COMPLETE
190,0.6621622006994119,2026-08-26 09:12:02.954500,2026-08-26 09:12:03.990212,0 days 00:00:01.035712,1.80894461545114e-09,,log_loss,25,,68,10,best,0.6621622006994119,0.007987409284144115,"[0.6466697671119491, 0.6646254881593002, 0.6685283823532672, 0.6677502771788486, 0.6632370886936946]",COMPLETE
191,0.769460890515047,2026-08-26 09:12:03.990531,2026-08-26 09:12:05.346381,0 days 00:00:01.355850,1.032597238805857e-09,,entropy,25,,5,4,best,0.769460890515047,0.004409487881680589,"[0.7627837755151012, 0.7668015452636608, 0.7754182123143649, 0.7726274437703009, 0.7696734757118069]",COMPLETE
192,0.7805377920238462,2026-08-26 09:12:05.346771,2026-08-26 09:12:06.736326,0 days 00:00:01.389555,2.252856722555587e-09,,entropy,23,,2,5,best,0.7805377920238462,0.0051421954408262084,"[0.7745726793479446, 0.7760939769058942, 0.7890836693918892, 0.7804413801556659, 0.7824972543178372]",COMPLETE
193,0.7773186925043298,2026-08-26 09:12:06.736637,2026-08-26 09:12:08.098405,0 days 00:00:01.361768,1.4721241408855503e-09,,entropy,24,,4,7,best,0.7773186925043298,0.003851940896936713,"[0.7727537306920009, 0.774219616850203, 0.7794231158284314, 0.7766444552158838, 0.7835525439351302]",COMPLETE
194,0.7817798589688363,2026-08-26 09:12:08.098801,2026-08-26 09:12:09.502274,0 days 00:00:01.403473,1.0066493614811292e-09,,entropy,25,,1,4,best,0.7817798589688363,0.004597841825191349,"[0.7762884271882236, 0.7786877868714757, 0.7892056646402376, 0.7846138457567028, 0.780103570387542]",COMPLETE
195,0.7819569993114461,2026-08-26 09:12:09.502685,2026-08-26 09:12:10.909829,0 days 00:00:01.407144,1.323546721693708e-09,,entropy,25,,1,5,best,0.7819569993114461,0.004030415122896533,"[0.776880195208563, 0.7780617551831783, 0.7866057500769751, 0.7862771231342659, 0.7819601729542486]",COMPLETE
196,0.7725520030051624,2026-08-26 09:12:10.910215,2026-08-26 09:12:11.994630,0 days 00:00:01.084415,1.3481314874917743e-09,,entropy,25,0.8,1,9,best,0.7725520030051624,0.014059053520942362,"[0.7561370473519226, 0.7877914874513309, 0.7837350676568339, 0.7800272963130106, 0.7550691162527138]",COMPLETE
197,0.7788881897974218,2026-08-26 09:12:11.995004,2026-08-26 09:12:13.420234,0 days 00:00:01.425230,1.797969110960863e-09,balanced,entropy,24,,1,6,best,0.7788881897974218,0.00757382166635336,"[0.7821930484682601, 0.7887247601428289, 0.7675995059370905, 0.7829609646752503, 0.7729626697636792]",COMPLETE
198,0.7819569993114461,2026-08-26 09:12:13.420600,2026-08-26 09:12:14.826918,0 days 00:00:01.406318,1.0001821492889988e-09,,entropy,25,,1,5,best,0.7819569993114461,0.004030415122896533,"[0.776880195208563, 0.7780617551831783, 0.7866057500769751, 0.7862771231342659, 0.7819601729542486]",COMPLETE
199,0.769460890515047,2026-08-26 09:12:14.827290,2026-08-26 09:12:16.181685,0 days 00:00:01.354395,2.7549444894875984e-09,,entropy,25,,5,4,best,0.769460890515047,0.004409487881680589,"[0.7627837755151012, 0.7668015452636608, 0.7754182123143649, 0.7726274437703009, 0.7696734757118069]",COMPLETE
