number,value,datetime_start,datetime_complete,duration,params_ccp_alpha,params_class_weight,params_criterion,params_max_depth,params_max_features,params_min_samples_leaf,params_min_samples_split,params_splitter,user_attrs_cv_mean,user_attrs_cv_std,user_attrs_fold_scores,state
71,0.7485764141005811,2026-08-26 09:09:41.187161,2026-08-26 09:09:42.313527,0 days 00:00:01.126366,6.461785315507207e-09,,gini,25,,8,21,best,0.7485764141005811,0.0035794011762021695,"[0.7505558446919501, 0.7451212214515183, 0.7443079597976179, 0.7540452846167133, 0.7488517599451057]",COMPLETE
72,0.7523545281655974,2026-08-26 09:09:42.313904,2026-08-26 09:09:43.453015,0 days 00:00:01.139111,2.6738923090321073e-08,,gini,27,,7,17,best,0.7523545281655974,0.0021836851099736668,"[0.7502520971409622, 0.7524262689048885, 0.7496413175650128, 0.7553602099316384, 0.7540927472854856]",COMPLETE
73,0.7371254479756881,2026-08-26 09:09:43.453405,2026-08-26 09:09:44.536494,0 days 00:00:01.083089,2.2349639843103e-09,,gini,27,,14,9,best,0.7371254479756881,0.00247941627541225,"[0.7367208200730867, 0.7377646984411532, 0.7400685037266325, 0.7326682675254105, 0.738404950112158]",COMPLETE
74,0.759370200649754,2026-08-26 09:09:44.536840,2026-08-26 09:09:45.687937,0 days 00:00:01.151097,1.626567016184656e-09,,gini,26,,6,15,best,0.759370200649754,0.003955494563372441,"[0.7581126810253377, 0.7547684745346303, 0.7560970970427622, 0.7651731731731731, 0.7626995774728668]",COMPLETE
75,0.7439015802009548,2026-08-26 09:09:45.688254,2026-08-26 09:09:46.789611,0 days 00:00:01.101357,1.1968046215403662e-09,,gini,26,,11,14,best,0.7439015802009548,0.0037120501281323807,"[0.7492387637210273, 0.7404848167308783, 0.7390605909568507, 0.7460818443675586, 0.7446418852284588]",COMPLETE
76,0.7668708373394875,2026-08-26 09:09:46.790003,2026-08-26 09:09:48.026248,0 days 00:00:01.236245,1.4179643531635161e-08,,gini,24,,1,11,best,0.7668708373394875,0.005150884711506382,"[0.7734790436425844, 0.7604876166475137, 0.7711712943696654, 0.7677314494457352, 0.7614847825919386]",COMPLETE
77,0.7272384021661633,2026-08-26 09:09:48.026629,2026-08-26 09:09:49.083165,0 days 00:00:01.056536,6.9985088171624584e-09,,gini,24,,18,11,best,0.7272384021661633,0.005842143463210983,"[0.7181994651414864, 0.7343197177360717, 0.724221179599167, 0.7326692592406877, 0.7267823891134038]",COMPLETE
78,0.7526413961621511,2026-08-26 09:09:49.083497,2026-08-26 09:09:50.227057,0 days 00:00:01.143560,1.497577472623693e-08,,gini,25,,6,22,best,0.7526413961621511,0.002539187785319738,"[0.751620895225868, 0.749530703743757, 0.750788396748744, 0.7553329470472328, 0.7559340380451539]",COMPLETE
79,0.765247396163045,2026-08-26 09:09:50.227410,2026-08-26 09:09:51.422296,0 days 00:00:01.194886,1.8330242407485282e-09,,gini,28,,3,8,best,0.765247396163045,0.005029371632195554,"[0.7747044734797387, 0.7649350406041008, 0.7599359753358254, 0.7641616273044844, 0.762499864091076]",COMPLETE
80,0.7793984988563587,2026-08-26 09:09:51.422675,2026-08-26 09:09:52.802385,0 days 00:00:01.379710,4.969306229744906e-09,,entropy,28,,3,8,best,0.7793984988563587,0.005732048856061694,"[0.7710757481165799, 0.7787067495589626, 0.7886195425376649, 0.7814730983302413, 0.7771173557383445]",COMPLETE
81,0.7793984988563587,2026-08-26 09:09:52.802705,2026-08-26 09:09:54.183872,0 days 00:00:01.381167,6.132477047072459e-09,,entropy,28,,3,8,best,0.7793984988563587,0.005732048856061694,"[0.7710757481165799, 0.7787067495589626, 0.7886195425376649, 0.7814730983302413, 0.7771173557383445]",COMPLETE
82,0.7607152988193461,2026-08-26 09:09:54.184261,2026-08-26 09:09:55.488821,0 days 00:00:01.304560,1.1782677513162947e-07,,entropy,28,,10,8,best,0.7607152988193461,0.008869070265058206,"[0.7477645227633439, 0.7741164078898514, 0.7660936939037892, 0.7576065861780147, 0.757995283361731]",COMPLETE
83,0.7793589028776213,2026-08-26 09:09:55.489245,2026-08-26 09:09:56.870681,0 days 00:00:01.381436,3.583365380557541e-09,,entropy,28,,3,6,best,0.7793589028776213,0.004072120407347051,"[0.7735475546891258, 0.7757976505051846, 0.7842827405470209, 0.7805070376498948, 0.7826595309968805]",COMPLETE
84,0.7793589028776213,2026-08-26 09:09:56.871093,2026-08-26 09:09:58.251589,0 days 00:00:01.380496,2.2004364211112403e-09,,entropy,28,,3,5,best,0.7793589028776213,0.004072120407347051,"[0.7735475546891258, 0.7757976505051846, 0.7842827405470209, 0.7805070376498948, 0.7826595309968805]",COMPLETE
85,0.7704503246468664,2026-08-26 09:09:58.251985,2026-08-26 09:09:59.603782,0 days 00:00:01.351797,3.020694847828919e-09,,entropy,28,,5,5,best,0.7704503246468664,0.004341253008863167,"[0.7643280041820392, 0.7668015452636608, 0.7754182123143649, 0.774752017323446, 0.7709518441508209]",COMPLETE
86,0.7078233892726069,2026-08-26 09:09:59.604329,2026-08-26 09:09:59.698937,0 days 00:00:00.094608,1.9379654271385488e-09,,entropy,28,0.8,5,6,random,0.7078233892726069,0.008490803993101148,"[0.7130437067110521, 0.7165249108607806, 0.6933195544814877, 0.7129605189605189, 0.703268255349195]",COMPLETE
87,0.7614454161299935,2026-08-26 09:09:59.699258,2026-08-26 09:10:01.007679,0 days 00:00:01.308421,1.0934938712238615e-09,,entropy,28,,9,5,best,0.7614454161299935,0.00826610203496269,"[0.7479500100751842, 0.7737175401869432, 0.7637514882740475, 0.7621301969873399, 0.7596778451264531]",COMPLETE
88,0.7695102453954378,2026-08-26 09:10:01.008105,2026-08-26 09:10:02.362927,0 days 00:00:01.354822,3.746726443564282e-09,,entropy,29,,5,11,best,0.7695102453954378,0.005386675349648141,"[0.7623275122016949, 0.7686876965582355, 0.7750708201684517, 0.7761596067310353, 0.7653055913177713]",COMPLETE
89,0.7533858965731552,2026-08-26 09:10:02.363332,2026-08-26 09:10:03.648208,0 days 00:00:01.284876,3.7140980945270443e-09,,entropy,29,,12,12,best,0.7533858965731552,0.01114135325046669,"[0.733238714852904, 0.7673154294551786, 0.756849252511025, 0.7531945971945971, 0.7563314888520721]",COMPLETE
90,0.7195223132313131,2026-08-26 09:10:03.648515,2026-08-26 09:10:03.916597,0 days 00:00:00.268082,3.2139229138131702e-09,,entropy,30,sqrt,5,18,best,0.7195223132313131,0.009900918284756628,"[0.7068340701955534, 0.7352334794686097, 0.7255751598175776, 0.7164822447679592, 0.7134866119068658]",COMPLETE
91,0.7715554534616239,2026-08-26 09:10:03.916901,2026-08-26 09:10:05.260880,0 days 00:00:01.343979,8.457193739133115e-09,,entropy,28,,6,5,best,0.7715554534616239,0.007632299691533282,"[0.7618771282183564, 0.771862134674052, 0.7831013895506448, 0.7760281431710004, 0.7649084716940656]",COMPLETE
92,0.7669308657231272,2026-08-26 09:10:05.261289,2026-08-26 09:10:06.593684,0 days 00:00:01.332395,7.842385833496722e-09,,entropy,29,,7,5,best,0.7669308657231272,0.00790372106953436,"[0.7532584932462759, 0.7731792237896621, 0.7721676248788026, 0.7733420396277539, 0.7627069470731415]",COMPLETE
93,0.7479100648771947,2026-08-26 09:10:06.594058,2026-08-26 09:10:07.854580,0 days 00:00:01.260522,8.274838412103958e-09,,entropy,29,,15,11,best,0.7479100648771947,0.008809878079212439,"[0.7324560062918223, 0.7585578044686393, 0.7520924025069347, 0.7512370886656602, 0.7452070224529169]",COMPLETE
94,0.7669308657231272,2026-08-26 09:10:07.854897,2026-08-26 09:10:09.183142,0 days 00:00:01.328245,4.350800830288028e-09,,entropy,30,,7,5,best,0.7669308657231272,0.00790372106953436,"[0.7532584932462759, 0.7731792237896621, 0.7721676248788026, 0.7733420396277539, 0.7627069470731415]",COMPLETE
95,0.7614454161299935,2026-08-26 09:10:09.183550,2026-08-26 09:10:10.491693,0 days 00:00:01.308143,4.855807821640027e-09,,entropy,30,,9,5,best,0.7614454161299935,0.00826610203496269,"[0.7479500100751842, 0.7737175401869432, 0.7637514882740475, 0.7621301969873399, 0.7596778451264531]",COMPLETE
96,0.767193539802284,2026-08-26 09:10:10.492109,2026-08-26 09:10:11.821142,0 days 00:00:01.329033,2.921474412955196e-09,,entropy,27,,7,4,best,0.767193539802284,0.0074539950182404705,"[0.7545718636420599, 0.7731792237896621, 0.7721676248788026, 0.7733420396277539, 0.7627069470731415]",COMPLETE
97,0.7533858965731552,2026-08-26 09:10:11.821488,2026-08-26 09:10:13.101629,0 days 00:00:01.280141,2.652535253196679e-09,,entropy,27,,12,4,best,0.7533858965731552,0.01114135325046669,"[0.733238714852904, 0.7673154294551786, 0.756849252511025, 0.7531945971945971, 0.7563314888520721]",COMPLETE
98,0.7688543354168692,2026-08-26 09:10:13.102026,2026-08-26 09:10:14.451468,0 days 00:00:01.349442,8.530980643639482e-09,,entropy,29,,5,13,best,0.7688543354168692,0.004341814867339552,"[0.7641580105395344, 0.7662021389701167, 0.7743169383358001, 0.7738929504643791, 0.7657016387745156]",COMPLETE
99,0.6643295178123948,2026-08-26 09:10:14.451867,2026-08-26 09:10:14.493695,0 days 00:00:00.041828,1.3572241924515065e-09,,entropy,28,log2,5,14,random,0.6643295178123948,0.012306477067857032,"[0.6510957366222611, 0.6693369346253282, 0.6824988302321922, 0.6687783590640733, 0.649937728518119]",COMPLETE
100,0.757756316185116,2026-08-26 09:10:14.494008,2026-08-26 09:10:15.785159,0 days 00:00:01.291151,1.1828657725486108e-08,,entropy,27,,11,17,best,0.757756316185116,0.011809925833763262,"[0.7379879102944155, 0.7740420012238681, 0.7617317839045414, 0.7539439513725229, 0.7610759341302317]",COMPLETE
101,0.7669308657231272,2026-08-26 09:10:15.785484,2026-08-26 09:10:17.114319,0 days 00:00:01.328835,8.102094173848353e-09,,entropy,29,,7,9,best,0.7669308657231272,0.00790372106953436,"[0.7532584932462759, 0.7731792237896621, 0.7721676248788026, 0.7733420396277539, 0.7627069470731415]",COMPLETE
102,0.7704503246468664,2026-08-26 09:10:17.114709,2026-08-26 09:10:18.467279,0 days 00:00:01.352570,2.7738783311422013e-09,,entropy,29,,5,4,best,0.7704503246468664,0.004341253008863167,"[0.7643280041820392, 0.7668015452636608, 0.7754182123143649, 0.774752017323446, 0.7709518441508209]",COMPLETE
103,0.7584196079045534,2026-08-26 09:10:18.467668,2026-08-26 09:10:19.465448,0 days 00:00:00.997780,2.7329221598404156e-09,,entropy,27,0.8,9,13,best,0.7584196079045534,0.008081519011690021,"[0.7558093344197728, 0.7697029978995471, 0.7588842415716277, 0.7625242905242905, 0.7451771751075288]",COMPLETE
104,0.7788927191250326,2026-08-26 09:10:19.465818,2026-08-26 09:10:20.828858,0 days 00:00:01.363040,5.665046478230188e-09,,entropy,28,,4,4,best,0.7788927191250326,0.0036891395743130226,"[0.7735879229547646, 0.7778042715172712, 0.7837599178190754, 0.7770223841652414, 0.7822890991688104]",COMPLETE
105,0.7704503246468664,2026-08-26 09:10:20.829175,2026-08-26 09:10:22.181141,0 days 00:00:01.351966,5.234659959479142e-09,,entropy,28,,5,8,best,0.7704503246468664,0.004341253008863167,"[0.7643280041820392, 0.7668015452636608, 0.7754182123143649, 0.774752017323446, 0.7709518441508209]",COMPLETE
106,0.7704503246468664,2026-08-26 09:10:22.181553,2026-08-26 09:10:23.534045,0 days 00:00:01.352492,5.643606580248885e-09,,entropy,28,,5,10,best,0.7704503246468664,0.004341253008863167,"[0.7643280041820392, 0.7668015452636608, 0.7754182123143649, 0.774752017323446, 0.7709518441508209]",COMPLETE
107,0.7225574222615003,2026-08-26 09:10:23.534464,2026-08-26 09:10:23.813677,0 days 00:00:00.279213,5.793270818962565e-09,,entropy,28,sqrt,3,8,best,0.7225574222615003,0.005490458487391142,"[0.7165995590837516, 0.7263593857648086, 0.7160824148523216, 0.7301594098736955, 0.7235863417329246]",COMPLETE
108,0.7704503246468664,2026-08-26 09:10:23.813986,2026-08-26 09:10:25.165803,0 days 00:00:01.351817,1.4189420439232257e-09,,entropy,30,,5,10,best,0.7704503246468664,0.004341253008863167,"[0.7643280041820392, 0.7668015452636608, 0.7754182123143649, 0.774752017323446, 0.7709518441508209]",COMPLETE
109,0.7506315966921736,2026-08-26 09:10:25.166214,2026-08-26 09:10:26.438345,0 days 00:00:01.272131,1.0077833658705805e-09,,entropy,30,,13,4,best,0.7506315966921736,0.0099291180608896,"[0.734004170801513, 0.7652784806178868, 0.7516018918149451, 0.7506454692168978, 0.7516279710096255]",COMPLETE
110,0.777701542873219,2026-08-26 09:10:26.438732,2026-08-26 09:10:27.827635,0 days 00:00:01.388903,1.500344000951717e-09,,entropy,28,,2,9,best,0.777701542873219,0.006166561566449023,"[0.7658551973594306, 0.7777793806315937, 0.7823854575270287, 0.7800700292128863, 0.7824176496351557]",COMPLETE
111,0.7784647870398564,2026-08-26 09:10:27.827977,2026-08-26 09:10:29.214025,0 days 00:00:01.386048,1.5607770432930233e-09,,entropy,28,,2,10,best,0.7784647870398564,0.005261183556723592,"[0.7688559475469775, 0.778823492411961, 0.784553975228501, 0.7786546137974709, 0.7814359062143716]",COMPLETE
112,0.7811782347969932,2026-08-26 09:10:29.214375,2026-08-26 09:10:30.599239,0 days 00:00:01.384864,1.98682956742272e-09,,entropy,28,,3,7,best,0.7811782347969932,0.005744712687644344,"[0.7736793569656072, 0.7792985257239892, 0.7893640515880361, 0.7774431537288681, 0.7861060859784653]",COMPLETE
113,0.7814673691940837,2026-08-26 09:10:30.599642,2026-08-26 09:10:31.991083,0 days 00:00:01.391441,2.04939453485947e-09,,entropy,28,,2,7,best,0.7814673691940837,0.003271226003112522,"[0.7776078940370014, 0.780608185544634, 0.7875394325802643, 0.7805844545844547, 0.7809968792240639]",COMPLETE
114,0.7792706184419782,2026-08-26 09:10:31.991489,2026-08-26 09:10:33.394886,0 days 00:00:01.403397,2.045349798626177e-09,,entropy,27,,2,4,best,0.7792706184419782,0.007022776091596245,"[0.7685292933210627, 0.7762388625397949, 0.7884785846018296, 0.7852153155010297, 0.777891036246174]",COMPLETE
115,0.7792015842622604,2026-08-26 09:10:33.395284,2026-08-26 09:10:34.787412,0 days 00:00:01.392128,1.879036355508143e-09,,entropy,27,,2,6,best,0.7792015842622604,0.004123768521654124,"[0.7731735452931466, 0.7765214460696188, 0.7853901435573283, 0.7805926111640398, 0.7803301752271684]",COMPLETE
116,0.7643671021857906,2026-08-26 09:10:34.787766,2026-08-26 09:10:35.623388,0 days 00:00:00.835622,1.8333143489426798e-09,,entropy,27,0.6,2,7,best,0.7643671021857906,0.00844359845057095,"[0.7639251843470042, 0.7751774981469547, 0.7716026993761428, 0.7595716978574121, 0.7515584312014392]",COMPLETE
117,0.7799447817172347,2026-08-26 09:10:35.623762,2026-08-26 09:10:37.018102,0 days 00:00:01.394340,1.990995524651264e-09,,entropy,26,,2,3,best,0.7799447817172347,0.00612932481079602,"[0.7714613071944547, 0.7761644558738118, 0.788215221605855, 0.7854917626346198, 0.7783911612774318]",COMPLETE
118,0.7799447817172347,2026-08-26 09:10:37.018529,2026-08-26 09:10:38.409995,0 days 00:00:01.391466,1.9208695947675405e-09,,entropy,26,,2,2,best,0.7799447817172347,0.00612932481079602,"[0.7714613071944547, 0.7761644558738118, 0.788215221605855, 0.7854917626346198, 0.7783911612774318]",COMPLETE
119,0.7834495201559765,2026-08-26 09:10:38.410432,2026-08-26 09:10:39.815628,0 days 00:00:01.405196,2.0128618902520895e-09,,entropy,26,,1,2,best,0.7834495201559765,0.007787065357690804,"[0.7745246972431626, 0.7773342653329793, 0.7952736918511221, 0.7895940504511932, 0.7805208959014253]",COMPLETE
120,0.7414532846560417,2026-08-26 09:10:39.815988,2026-08-26 09:10:39.957878,0 days 00:00:00.141890,2.0929777485260597e-09,,entropy,26,,1,2,random,0.7414532846560417,0.010555229851436369,"[0.741449959067792, 0.7527258716348846, 0.7435541105437151, 0.7218029012314727, 0.7477335808023439]",COMPLETE
121,0.7799734918780783,2026-08-26 09:10:39.958191,2026-08-26 09:10:41.338960,0 days 00:00:01.380769,2.1343333975542398e-09,,entropy,27,,3,3,best,0.7799734918780783,0.004904737673520734,"[0.7728126436886483, 0.7757976505051846, 0.7842827405470209, 0.781449471735186, 0.7855249529143519]",COMPLETE
122,0.7810387418151736,2026-08-26 09:10:41.339367,2026-08-26 09:10:42.718644,0 days 00:00:01.379277,1.0315991865559925e-09,,entropy,26,,3,3,best,0.7810387418151736,0.0036591778269625605,"[0.776901359229727, 0.7762499861205252, 0.7842827405470209, 0.7835400223971654, 0.7842196007814298]",COMPLETE
123,0.7256379482509581,2026-08-26 09:10:42.718979,2026-08-26 09:10:42.999691,0 days 00:00:00.280712,2.2169139314947103e-09,,entropy,26,log2,3,2,best,0.7256379482509581,0.004917028645337902,"[0.7269777791799011, 0.7336493982287573, 0.7210989335666219, 0.7266027028884171, 0.7198609273910929]",COMPLETE
124,0.7820313698758263,2026-08-26 09:10:42.999982,2026-08-26 09:10:44.398056,0 days 00:00:01.398074,1.1382551703571135e-09,,entropy,27,,1,7,best,0.7820313698758263,0.0033837263743145534,"[0.7772105437202427, 0.7797471589088779, 0.7849107320120073, 0.7865495291209577, 0.7817388856170463]",COMPLETE
125,0.7822049804612538,2026-08-26 09:10:44.398453,2026-08-26 09:10:45.810248,0 days 00:00:01.411795,1.23142929135677e-09,,entropy,26,,1,3,best,0.7822049804612538,0.00428475855049685,"[0.7771226194509873, 0.7787661212355242, 0.7881386461849434, 0.7862901305758448, 0.7807073848589686]",COMPLETE
126,0.7782612405774413,2026-08-26 09:10:45.810560,2026-08-26 09:10:46.901138,0 days 00:00:01.090578,1.044627447114547e-09,,entropy,26,0.8,1,2,best,0.7782612405774413,0.004399510295060844,"[0.7729287188834933, 0.7862009867546251, 0.7768249764976803, 0.7788059525202383, 0.7765455682311689]",COMPLETE
127,0.7827573949322492,2026-08-26 09:10:46.901509,2026-08-26 09:10:48.275886,0 days 00:00:01.374377,1.3352510559320193e-09,,entropy,25,,3,7,best,0.7827573949322492,0.005149550963334289,"[0.7760673840898898, 0.7786781725322075, 0.7899691282334086, 0.7820007874293587, 0.7870715023763813]",COMPLETE
128,0.7814534986784853,2026-08-26 09:10:48.276326,2026-08-26 09:10:49.677635,0 days 00:00:01.401309,1.3615674951654227e-09,,entropy,25,,1,7,best,0.7814534986784853,0.0036345716474076198,"[0.7748742418546298, 0.7819422938604162, 0.785071119459931, 0.7844760270474556, 0.7809038111699943]",COMPLETE
129,0.7814534986784853,2026-08-26 09:10:49.677941,2026-08-26 09:10:51.080462,0 days 00:00:01.402521,1.0055665666342785e-09,,entropy,25,,1,7,best,0.7814534986784853,0.0036345716474076198,"[0.7748742418546298, 0.7819422938604162, 0.785071119459931, 0.7844760270474556, 0.7809038111699943]",COMPLETE
130,0.7810737977181973,2026-08-26 09:10:51.080855,2026-08-26 09:10:52.485333,0 days 00:00:01.404478,1.023189476531732e-09,,entropy,23,,1,7,best,0.7810737977181973,0.0031421424656586415,"[0.7785199945626481, 0.7799095061334907, 0.7872223845489305, 0.7792547946833661, 0.7804623086625512]",COMPLETE
131,0.778438358762453,2026-08-26 09:10:52.485725,2026-08-26 09:10:53.853492,0 days 00:00:01.367767,1.3129175773848466e-09,,entropy,23,,4,7,best,0.778438358762453,0.004505286518687714,"[0.7736165162708941, 0.774211761454072, 0.7836111044871092, 0.7767633161918877, 0.7839890954083023]",COMPLETE
132,0.7733547003957699,2026-08-26 09:10:53.853897,2026-08-26 09:10:55.248873,0 days 00:00:01.394976,1.0006789374167637e-09,,entropy,25,,1,12,best,0.7733547003957699,0.006279008343697347,"[0.7620183114218051, 0.7754371912912262, 0.7801671906329499, 0.7773038641610069, 0.7718469444718615]",COMPLETE
133,0.7807932938183881,2026-08-26 09:10:55.249265,2026-08-26 09:10:56.652435,0 days 00:00:01.403170,1.5606310379708448e-09,,entropy,24,,1,7,best,0.7807932938183881,0.0037385908693560255,"[0.7759755158331946, 0.781612154326976, 0.7850196194688746, 0.784428996714711, 0.7769301827481844]",COMPLETE
134,0.7827709016294813,2026-08-26 09:10:56.652739,2026-08-26 09:10:58.060216,0 days 00:00:01.407477,1.430228929490154e-09,,entropy,24,,1,3,best,0.7827709016294813,0.005678880362544725,"[0.7756355529822466, 0.7797052732570898, 0.7903470816168277, 0.7885606794178223, 0.7796059208734195]",COMPLETE
135,0.734637875456895,2026-08-26 09:10:58.060598,2026-08-26 09:10:58.336984,0 days 00:00:00.276386,1.3797496820238706e-09,,entropy,24,sqrt,1,7,best,0.734637875456895,0.0034345001263322308,"[0.730933166913662, 0.7323416411719917, 0.7332618386507574, 0.7406585323728181, 0.7359941981752455]",COMPLETE
136,0.7640711382536743,2026-08-26 09:10:58.337291,2026-08-26 09:10:59.653134,0 days 00:00:01.315843,1.0171808274761344e-09,,entropy,22,,8,3,best,0.7640711382536743,0.008445241986407073,"[0.7526536174344555, 0.7742711249859466, 0.7705147258779238, 0.7672475592475593, 0.7556686637224863]",COMPLETE
137,0.7742559042436961,2026-08-26 09:10:59.653440,2026-08-26 09:11:01.046741,0 days 00:00:01.393301,1.3273690357727923e-09,,entropy,23,,1,12,best,0.7742559042436961,0.0050457625442793435,"[0.7651220534467775, 0.7774128168199543, 0.7796079354821184, 0.7761598630170058, 0.7729768524526245]",COMPLETE
138,0.7764523026664103,2026-08-26 09:11:01.047107,2026-08-26 09:11:02.410176,0 days 00:00:01.363069,1.6266584536709676e-09,,entropy,25,,4,9,best,0.7764523026664103,0.0038907088847304786,"[0.7709232160647872, 0.7735990383908078, 0.7801942502735558, 0.7763019457305171, 0.7812430628723831]",COMPLETE
139,0.7010888279692042,2026-08-26 09:11:02.410607,2026-08-26 09:11:03.560575,0 days 00:00:01.149968,2.473617618327304e-09,,entropy,24,,34,4,best,0.7010888279692042,0.006717701045727291,"[0.6903622236212527, 0.7096879505384489, 0.6971298394584217, 0.7052357923786495, 0.7030283338492486]",COMPLETE
140,0.7555172706306508,2026-08-26 09:11:03.560954,2026-08-26 09:11:04.358870,0 days 00:00:00.797916,3.412218907208105e-09,,entropy,25,0.6,7,7,best,0.7555172706306508,0.01239558547885649,"[0.763867796881193, 0.7759414611434758, 0.7442204371954667, 0.7474914914914915, 0.7460651664416268]",COMPLETE
141,0.7834495201559765,2026-08-26 09:11:04.359189,2026-08-26 09:11:05.765374,0 days 00:00:01.406185,1.6000456450872037e-09,,entropy,26,,1,2,best,0.7834495201559765,0.007787065357690804,"[0.7745246972431626, 0.7773342653329793, 0.7952736918511221, 0.7895940504511932, 0.7805208959014253]",COMPLETE
142,0.7798951876267146,2026-08-26 09:11:05.765728,2026-08-26 09:11:07.171638,0 days 00:00:01.405910,1.0177028648643272e-09,,entropy,24,,1,4,best,0.7798951876267146,0.0035790031485176234,"[0.7744635910575252, 0.7784433947076751, 0.7817382781069417, 0.7852734032734032, 0.779557270988028]",COMPLETE
143,0.778438358762453,2026-08-26 09:11:07.172052,2026-08-26 09:11:08.532945,0 days 00:00:01.360893,1.5983427203907748e-09,,entropy,23,,4,6,best,0.778438358762453,0.004505286518687714,"[0.7736165162708941, 0.774211761454072, 0.7836111044871092, 0.7767633161918877, 0.7839890954083023]",COMPLETE
