number,value,datetime_start,datetime_complete,duration,params_bootstrap,params_class_weight,params_criterion,params_max_depth,params_max_features,params_min_samples_leaf,params_min_samples_split,params_n_estimators,user_attrs_cv_mean,user_attrs_cv_std,user_attrs_fold_scores,state
74,0.8720229340125579,2026-08-26 10:17:42.685782,2026-08-26 10:18:15.466464,0 days 00:00:32.780682,False,balanced,entropy,,0.5,2,8,300,0.8720229340125579,0.004539428646453646,"[0.8732000473835217, 0.8741623313476277, 0.8632913910811242, 0.872974272974273, 0.8764866272762429]",COMPLETE
75,0.8667046810234007,2026-08-26 10:18:15.466780,2026-08-26 10:18:35.911918,0 days 00:00:20.445138,True,balanced,entropy,,0.5,1,2,300,0.8667046810234007,0.0042769678729711845,"[0.8674660874041433, 0.8731450783743142, 0.8599587668510614, 0.8678537869966441, 0.8650996854908407]",COMPLETE
76,0.8087335685995276,2026-08-26 10:18:35.912235,2026-08-26 10:18:50.697132,0 days 00:00:14.784897,False,balanced,entropy,16.0,sqrt,13,7,400,0.8087335685995276,0.005362384004985816,"[0.8057922535674117, 0.8149740795330764, 0.8047653618207685, 0.8027352213066498, 0.8154009267697312]",COMPLETE
77,0.8742229851751929,2026-08-26 10:18:50.697434,2026-08-26 10:19:34.597234,0 days 00:00:43.899800,False,balanced,log_loss,32.0,0.5,2,4,400,0.8742229851751929,0.0034766785030007825,"[0.875454312454634, 0.8752712435993971, 0.8674963989399741, 0.8752874804303375, 0.8776054904516215]",COMPLETE
78,0.8698435582105761,2026-08-26 10:19:34.597535,2026-08-26 10:20:27.641323,0 days 00:00:53.043788,False,balanced,log_loss,32.0,0.5,4,2,500,0.8698435582105761,0.004585186289709291,"[0.8700677364764816, 0.8745193215434347, 0.861300497150674, 0.87032597718312, 0.8730042586991696]",COMPLETE
79,0.870659559250862,2026-08-26 10:20:27.641639,2026-08-26 10:21:00.181852,0 days 00:00:32.540213,False,balanced,log_loss,32.0,0.5,3,4,300,0.870659559250862,0.003617305024520056,"[0.8691170103389586, 0.8736430102165822, 0.8644251779291968, 0.8716801068229639, 0.8744324909466085]",COMPLETE
80,0.8749003634015009,2026-08-26 10:21:00.182161,2026-08-26 10:21:55.345904,0 days 00:00:55.163743,False,balanced,log_loss,32.0,0.5,1,4,500,0.8749003634015009,0.004229279892288813,"[0.8774585150101172, 0.8767543660806977, 0.8668950247250536, 0.8745860740146454, 0.8788078371769913]",COMPLETE
81,0.8749003634015009,2026-08-26 10:21:55.346213,2026-08-26 10:22:50.559094,0 days 00:00:55.212881,False,balanced,log_loss,32.0,0.5,1,4,500,0.8749003634015009,0.004229279892288813,"[0.8774585150101172, 0.8767543660806977, 0.8668950247250536, 0.8745860740146454, 0.8788078371769913]",COMPLETE
82,0.8749003634015009,2026-08-26 10:22:50.559428,2026-08-26 10:23:45.887292,0 days 00:00:55.327864,False,balanced,log_loss,32.0,0.5,1,4,500,0.8749003634015009,0.004229279892288813,"[0.8774585150101172, 0.8767543660806977, 0.8668950247250536, 0.8745860740146454, 0.8788078371769913]",COMPLETE
83,0.8749003634015009,2026-08-26 10:23:45.887617,2026-08-26 10:24:41.137190,0 days 00:00:55.249573,False,balanced,log_loss,32.0,0.5,1,4,500,0.8749003634015009,0.004229279892288813,"[0.8774585150101172, 0.8767543660806977, 0.8668950247250536, 0.8745860740146454, 0.8788078371769913]",COMPLETE
84,0.8749003634015009,2026-08-26 10:24:41.137519,2026-08-26 10:25:36.413293,0 days 00:00:55.275774,False,balanced,log_loss,32.0,0.5,1,4,500,0.8749003634015009,0.004229279892288813,"[0.8774585150101172, 0.8767543660806977, 0.8668950247250536, 0.8745860740146454, 0.8788078371769913]",COMPLETE
85,0.871443585592505,2026-08-26 10:25:36.413608,2026-08-26 10:26:50.987987,0 days 00:01:14.574379,False,balanced,log_loss,32.0,0.7,1,4,500,0.871443585592505,0.0031383664239133737,"[0.8717854278040753, 0.8725836218898056, 0.8655321222595899, 0.8724185855614426, 0.8748981704476115]",COMPLETE
86,0.8671178874418943,2026-08-26 10:26:50.988306,2026-08-26 10:27:25.019512,0 days 00:00:34.031206,True,balanced,log_loss,32.0,0.5,1,2,500,0.8671178874418943,0.002797260373664151,"[0.8670270604138356, 0.8705624082788374, 0.8623123131844599, 0.8690893862322433, 0.8665982691000954]",COMPLETE
87,0.7846114458843131,2026-08-26 10:27:25.019835,2026-08-26 10:29:13.323972,0 days 00:01:48.304137,False,balanced,log_loss,32.0,1.0,1,3,500,0.7846114458843131,0.00809706345474097,"[0.7840691430330269, 0.7983508166260282, 0.7747803730978097, 0.7871965174822319, 0.7786603791824686]",COMPLETE
88,0.8613342421793224,2026-08-26 10:29:13.324328,2026-08-26 10:29:35.175781,0 days 00:00:21.851453,False,balanced,log_loss,32.0,log2,1,3,500,0.8613342421793224,0.0033443651357737167,"[0.8613421656795358, 0.8638907973746682, 0.8548902894657905, 0.8628627811484954, 0.8636851772281217]",COMPLETE
89,0.8749003634015009,2026-08-26 10:29:35.176107,2026-08-26 10:30:30.578411,0 days 00:00:55.402304,False,balanced_subsample,log_loss,32.0,0.5,1,4,500,0.8749003634015009,0.004229279892288813,"[0.8774585150101172, 0.8767543660806977, 0.8668950247250536, 0.8745860740146454, 0.8788078371769913]",COMPLETE
90,0.8716964671396257,2026-08-26 10:30:30.578727,2026-08-26 10:31:35.049225,0 days 00:01:04.470498,False,balanced_subsample,log_loss,32.0,0.5,3,4,600,0.8716964671396257,0.00425465776864711,"[0.8698080677662716, 0.8762276319440611, 0.8642877053008872, 0.8737914166485594, 0.8743675140383488]",COMPLETE
91,0.8754746087938511,2026-08-26 10:31:35.049556,2026-08-26 10:32:30.159422,0 days 00:00:55.109866,False,balanced_subsample,log_loss,32.0,0.5,1,5,500,0.8754746087938511,0.0031654231229152796,"[0.8773897786959624, 0.8762638472440208, 0.8691970792120829, 0.8771669108811966, 0.8773554279359925]",COMPLETE
92,0.8754746087938511,2026-08-26 10:32:30.159743,2026-08-26 10:33:25.515757,0 days 00:00:55.356014,False,balanced_subsample,log_loss,32.0,0.5,1,5,500,0.8754746087938511,0.0031654231229152796,"[0.8773897786959624, 0.8762638472440208, 0.8691970792120829, 0.8771669108811966, 0.8773554279359925]",COMPLETE
93,0.8754746087938511,2026-08-26 10:33:25.516074,2026-08-26 10:34:20.607631,0 days 00:00:55.091557,False,balanced_subsample,log_loss,32.0,0.5,1,5,500,0.8754746087938511,0.0031654231229152796,"[0.8773897786959624, 0.8762638472440208, 0.8691970792120829, 0.8771669108811966, 0.8773554279359925]",COMPLETE
94,0.8754746087938511,2026-08-26 10:34:20.607955,2026-08-26 10:35:15.768731,0 days 00:00:55.160776,False,balanced_subsample,log_loss,32.0,0.5,1,5,500,0.8754746087938511,0.0031654231229152796,"[0.8773897786959624, 0.8762638472440208, 0.8691970792120829, 0.8771669108811966, 0.8773554279359925]",COMPLETE
95,0.8754746087938511,2026-08-26 10:35:15.769057,2026-08-26 10:36:11.108327,0 days 00:00:55.339270,False,balanced_subsample,log_loss,32.0,0.5,1,5,500,0.8754746087938511,0.0031654231229152796,"[0.8773897786959624, 0.8762638472440208, 0.8691970792120829, 0.8771669108811966, 0.8773554279359925]",COMPLETE
96,0.860033616306796,2026-08-26 10:36:11.108654,2026-08-26 10:36:32.681491,0 days 00:00:21.572837,False,balanced_subsample,log_loss,32.0,sqrt,1,5,500,0.860033616306796,0.0036044484846842295,"[0.8595880256396814, 0.8618102283765129, 0.8532792924060741, 0.8635447506876078, 0.8619457844241035]",COMPLETE
97,0.871067027002337,2026-08-26 10:36:32.681810,2026-08-26 10:37:26.613108,0 days 00:00:53.931298,False,balanced_subsample,log_loss,32.0,0.5,3,6,500,0.871067027002337,0.004277093198706078,"[0.8691724380280804, 0.8756225552986887, 0.8636138923413599, 0.8736793899651042, 0.8732468593784515]",COMPLETE
98,0.8754746087938511,2026-08-26 10:37:26.613430,2026-08-26 10:38:22.201636,0 days 00:00:55.588206,False,balanced_subsample,log_loss,32.0,0.5,1,5,500,0.8754746087938511,0.0031654231229152796,"[0.8773897786959624, 0.8762638472440208, 0.8691970792120829, 0.8771669108811966, 0.8773554279359925]",COMPLETE
99,0.8547642859755706,2026-08-26 10:38:22.201960,2026-08-26 10:38:42.078996,0 days 00:00:19.877036,True,balanced_subsample,log_loss,32.0,0.3,1,5,500,0.8547642859755706,0.003309233784053091,"[0.8580819883387668, 0.8578168745443421, 0.8491543615650357, 0.855539387253673, 0.8532288181760359]",COMPLETE
100,0.8235288401101059,2026-08-26 10:38:42.079312,2026-08-26 10:39:38.476316,0 days 00:00:56.397004,False,balanced_subsample,log_loss,32.0,0.5,18,3,600,0.8235288401101059,0.004498604234856375,"[0.8188962704498017, 0.8280781045601536, 0.8199405912084082, 0.8209253037824467, 0.829803930549719]",COMPLETE
101,0.8754746087938511,2026-08-26 10:39:38.476639,2026-08-26 10:40:33.848400,0 days 00:00:55.371761,False,balanced_subsample,log_loss,32.0,0.5,1,5,500,0.8754746087938511,0.0031654231229152796,"[0.8773897786959624, 0.8762638472440208, 0.8691970792120829, 0.8771669108811966, 0.8773554279359925]",COMPLETE
102,0.8733778340302523,2026-08-26 10:40:33.848720,2026-08-26 10:41:28.358256,0 days 00:00:54.509536,False,balanced_subsample,log_loss,32.0,0.5,2,6,500,0.8733778340302523,0.0035542220813029064,"[0.8734252353028475, 0.8759775694284322, 0.8665363000201709, 0.8748431585574442, 0.8761069068423667]",COMPLETE
103,0.8754746087938511,2026-08-26 10:41:28.358587,2026-08-26 10:42:23.669674,0 days 00:00:55.311087,False,balanced_subsample,log_loss,32.0,0.5,1,5,500,0.8754746087938511,0.0031654231229152796,"[0.8773897786959624, 0.8762638472440208, 0.8691970792120829, 0.8771669108811966, 0.8773554279359925]",COMPLETE
104,0.8734981268909442,2026-08-26 10:42:23.669998,2026-08-26 10:43:18.574091,0 days 00:00:54.904093,False,balanced_subsample,log_loss,32.0,0.5,2,5,500,0.8734981268909442,0.003002841322692673,"[0.8744158791707822, 0.874849452932188, 0.8675422204345149, 0.8756133461847747, 0.8750697357324607]",COMPLETE
105,0.8760673323998136,2026-08-26 10:43:18.574424,2026-08-26 10:44:24.891419,0 days 00:01:06.316995,False,balanced_subsample,log_loss,32.0,0.5,1,3,600,0.8760673323998136,0.003651231217437075,"[0.8777467607470824, 0.8787528982843525, 0.8692562093316568, 0.87538756567328, 0.8791932279626957]",COMPLETE
106,0.8716964671396257,2026-08-26 10:44:24.891768,2026-08-26 10:45:29.408235,0 days 00:01:04.516467,False,balanced_subsample,log_loss,32.0,0.5,3,6,600,0.8716964671396257,0.00425465776864711,"[0.8698080677662716, 0.8762276319440611, 0.8642877053008872, 0.8737914166485594, 0.8743675140383488]",COMPLETE
107,0.8740725420589222,2026-08-26 10:45:29.408552,2026-08-26 10:46:34.912156,0 days 00:01:05.503604,False,balanced_subsample,log_loss,32.0,0.5,2,3,600,0.8740725420589222,0.0037651960187367653,"[0.875324478099529, 0.8770827711050625, 0.8667614879394968, 0.8745588854160283, 0.8766350877344938]",COMPLETE
108,0.7824876229125057,2026-08-26 10:46:34.912470,2026-08-26 10:48:22.510661,0 days 00:01:47.598191,False,balanced_subsample,log_loss,32.0,1.0,1,5,500,0.7824876229125057,0.008382309912458788,"[0.7819274759939212, 0.7948386088482541, 0.7712568164716916, 0.78821456707171, 0.7762006461769518]",COMPLETE
109,0.8740725420589222,2026-08-26 10:48:22.510989,2026-08-26 10:49:27.908626,0 days 00:01:05.397637,False,balanced_subsample,log_loss,32.0,0.5,2,3,600,0.8740725420589222,0.0037651960187367653,"[0.875324478099529, 0.8770827711050625, 0.8667614879394968, 0.8745588854160283, 0.8766350877344938]",COMPLETE
110,0.8435893195258108,2026-08-26 10:49:27.908948,2026-08-26 10:50:38.457630,0 days 00:01:10.548682,False,balanced_subsample,log_loss,32.0,0.7,1,33,500,0.8435893195258108,0.005432499058754081,"[0.8407007582652208, 0.8504359356175882, 0.8351843234979018, 0.843382904240047, 0.8482426760082964]",COMPLETE
111,0.875789960202976,2026-08-26 10:50:38.457944,2026-08-26 10:51:33.944398,0 days 00:00:55.486454,False,balanced_subsample,log_loss,32.0,0.5,1,2,500,0.875789960202976,0.00384737640459307,"[0.8765021266654532, 0.877117026628333, 0.86844492374382, 0.8770794282222854, 0.8798062957549883]",COMPLETE
112,0.875789960202976,2026-08-26 10:51:33.944726,2026-08-26 10:52:29.426915,0 days 00:00:55.482189,False,balanced_subsample,log_loss,32.0,0.5,1,2,500,0.875789960202976,0.00384737640459307,"[0.8765021266654532, 0.877117026628333, 0.86844492374382, 0.8770794282222854, 0.8798062957549883]",COMPLETE
113,0.8739486193487102,2026-08-26 10:52:29.427253,2026-08-26 10:53:24.061272,0 days 00:00:54.634019,False,balanced_subsample,log_loss,32.0,0.5,2,2,500,0.8739486193487102,0.0036064308641185765,"[0.8763858262029949, 0.8749849576391212, 0.8668531309285784, 0.8750137521566094, 0.8765054298162466]",COMPLETE
114,0.875789960202976,2026-08-26 10:53:24.061603,2026-08-26 10:54:19.520978,0 days 00:00:55.459375,False,balanced_subsample,log_loss,32.0,0.5,1,2,500,0.875789960202976,0.00384737640459307,"[0.8765021266654532, 0.877117026628333, 0.86844492374382, 0.8770794282222854, 0.8798062957549883]",COMPLETE
115,0.8739486193487102,2026-08-26 10:54:19.521294,2026-08-26 10:55:14.133797,0 days 00:00:54.612503,False,balanced_subsample,log_loss,32.0,0.5,2,3,500,0.8739486193487102,0.0036064308641185765,"[0.8763858262029949, 0.8749849576391212, 0.8668531309285784, 0.8750137521566094, 0.8765054298162466]",COMPLETE
116,0.8716964671396257,2026-08-26 10:55:14.134126,2026-08-26 10:56:18.626176,0 days 00:01:04.492050,False,balanced_subsample,log_loss,32.0,0.5,3,5,600,0.8716964671396257,0.00425465776864711,"[0.8698080677662716, 0.8762276319440611, 0.8642877053008872, 0.8737914166485594, 0.8743675140383488]",COMPLETE
117,0.8554001249698564,2026-08-26 10:56:18.626503,2026-08-26 10:56:35.840028,0 days 00:00:17.213525,False,balanced_subsample,log_loss,32.0,log2,1,9,400,0.8554001249698564,0.00238786862497458,"[0.8567000987517547, 0.8564216844769841, 0.8506510260836699, 0.856985114985115, 0.8562427005517582]",COMPLETE
118,0.8739486193487102,2026-08-26 10:56:35.840359,2026-08-26 10:57:30.461586,0 days 00:00:54.621227,False,balanced_subsample,log_loss,32.0,0.5,2,2,500,0.8739486193487102,0.0036064308641185765,"[0.8763858262029949, 0.8749849576391212, 0.8668531309285784, 0.8750137521566094, 0.8765054298162466]",COMPLETE
119,0.8726703116933223,2026-08-26 10:57:30.461908,2026-08-26 10:58:25.199622,0 days 00:00:54.737714,False,balanced_subsample,log_loss,24.0,0.5,2,6,500,0.8726703116933223,0.002923112416377229,"[0.8727952759164848, 0.8748647294785973, 0.8671872063047714, 0.8730641439212867, 0.8754402028454712]",COMPLETE
120,0.6760693960745947,2026-08-26 10:58:25.199948,2026-08-26 10:58:43.363499,0 days 00:00:18.163551,True,balanced_subsample,log_loss,8.0,0.5,1,3,400,0.6760693960745947,0.0030509662648055933,"[0.677505559960388, 0.6811168155881479, 0.672088631722969, 0.674928505499934, 0.6747074676015349]",COMPLETE
121,0.875789960202976,2026-08-26 10:58:43.363865,2026-08-26 10:59:38.691846,0 days 00:00:55.327981,False,balanced_subsample,log_loss,32.0,0.5,1,2,500,0.875789960202976,0.00384737640459307,"[0.8765021266654532, 0.877117026628333, 0.86844492374382, 0.8770794282222854, 0.8798062957549883]",COMPLETE
122,0.875789960202976,2026-08-26 10:59:38.692162,2026-08-26 11:00:34.023732,0 days 00:00:55.331570,False,balanced_subsample,log_loss,32.0,0.5,1,2,500,0.875789960202976,0.00384737640459307,"[0.8765021266654532, 0.877117026628333, 0.86844492374382, 0.8770794282222854, 0.8798062957549883]",COMPLETE
123,0.875789960202976,2026-08-26 11:00:34.024051,2026-08-26 11:01:29.271806,0 days 00:00:55.247755,False,balanced_subsample,log_loss,32.0,0.5,1,2,500,0.875789960202976,0.00384737640459307,"[0.8765021266654532, 0.877117026628333, 0.86844492374382, 0.8770794282222854, 0.8798062957549883]",COMPLETE
124,0.875789960202976,2026-08-26 11:01:29.272127,2026-08-26 11:02:24.784001,0 days 00:00:55.511874,False,balanced_subsample,log_loss,32.0,0.5,1,2,500,0.875789960202976,0.00384737640459307,"[0.8765021266654532, 0.877117026628333, 0.86844492374382, 0.8770794282222854, 0.8798062957549883]",COMPLETE
125,0.8739486193487102,2026-08-26 11:02:24.784329,2026-08-26 11:03:19.521067,0 days 00:00:54.736738,False,balanced_subsample,log_loss,32.0,0.5,2,2,500,0.8739486193487102,0.0036064308641185765,"[0.8763858262029949, 0.8749849576391212, 0.8668531309285784, 0.8750137521566094, 0.8765054298162466]",COMPLETE
126,0.8560742753184115,2026-08-26 11:03:19.521396,2026-08-26 11:03:44.626220,0 days 00:00:25.104824,False,balanced_subsample,log_loss,48.0,sqrt,3,3,600,0.8560742753184115,0.004119558370332016,"[0.8613138139203942, 0.8561258004668143, 0.8489025645403312, 0.8584631384631384, 0.85556605920138]",COMPLETE
127,0.8671112122086555,2026-08-26 11:03:44.626547,2026-08-26 11:04:09.423804,0 days 00:00:24.797257,False,balanced_subsample,log_loss,32.0,0.3,2,2,400,0.8671112122086555,0.004460648941022814,"[0.871768400459216, 0.8691228978137134, 0.858709963514379, 0.8688909428909429, 0.8670638563650259]",COMPLETE
128,0.8146048120020201,2026-08-26 11:04:09.424121,2026-08-26 11:04:45.544224,0 days 00:00:36.120103,False,balanced_subsample,gini,12.0,0.5,1,2,500,0.8146048120020201,0.004328751182067839,"[0.8148789675258435, 0.8216074990712222, 0.8079479213237653, 0.8141060466774753, 0.8144836254117941]",COMPLETE
129,0.8621474211040263,2026-08-26 11:04:45.544544,2026-08-26 11:05:37.601225,0 days 00:00:52.056681,False,balanced_subsample,log_loss,16.0,0.5,2,3,500,0.8621474211040263,0.0040645209017505625,"[0.8648452503767047, 0.8642709520917644, 0.8541253084864703, 0.8629300915015201, 0.8645655030636726]",COMPLETE
130,0.875789960202976,2026-08-26 11:05:37.601545,2026-08-26 11:06:33.010069,0 days 00:00:55.408524,False,balanced_subsample,log_loss,32.0,0.5,1,2,500,0.875789960202976,0.00384737640459307,"[0.8765021266654532, 0.877117026628333, 0.86844492374382, 0.8770794282222854, 0.8798062957549883]",COMPLETE
131,0.875789960202976,2026-08-26 11:06:33.010389,2026-08-26 11:07:28.449549,0 days 00:00:55.439160,False,balanced_subsample,log_loss,32.0,0.5,1,2,500,0.875789960202976,0.00384737640459307,"[0.8765021266654532, 0.877117026628333, 0.86844492374382, 0.8770794282222854, 0.8798062957549883]",COMPLETE
132,0.875789960202976,2026-08-26 11:07:28.449876,2026-08-26 11:08:24.087281,0 days 00:00:55.637405,False,balanced_subsample,log_loss,32.0,0.5,1,2,500,0.875789960202976,0.00384737640459307,"[0.8765021266654532, 0.877117026628333, 0.86844492374382, 0.8770794282222854, 0.8798062957549883]",COMPLETE
133,0.875789960202976,2026-08-26 11:08:24.087611,2026-08-26 11:09:19.534546,0 days 00:00:55.446935,False,balanced_subsample,log_loss,32.0,0.5,1,2,500,0.875789960202976,0.00384737640459307,"[0.8765021266654532, 0.877117026628333, 0.86844492374382, 0.8770794282222854, 0.8798062957549883]",COMPLETE
134,0.875789960202976,2026-08-26 11:09:19.534874,2026-08-26 11:10:14.662168,0 days 00:00:55.127294,False,balanced_subsample,log_loss,32.0,0.5,1,2,500,0.875789960202976,0.00384737640459307,"[0.8765021266654532, 0.877117026628333, 0.86844492374382, 0.8770794282222854, 0.8798062957549883]",COMPLETE
135,0.8739486193487102,2026-08-26 11:10:14.662479,2026-08-26 11:11:09.271193,0 days 00:00:54.608714,False,balanced_subsample,log_loss,32.0,0.5,2,2,500,0.8739486193487102,0.0036064308641185765,"[0.8763858262029949, 0.8749849576391212, 0.8668531309285784, 0.8750137521566094, 0.8765054298162466]",COMPLETE
136,0.8761198383252161,2026-08-26 11:11:09.271516,2026-08-26 11:12:15.693132,0 days 00:01:06.421616,False,balanced_subsample,log_loss,32.0,0.5,1,2,600,0.8761198383252161,0.004257142058822933,"[0.8774718236351502, 0.8777297415469102, 0.867740557691474, 0.8780191434477148, 0.8796379253048318]",COMPLETE
137,0.8740725420589222,2026-08-26 11:12:15.693461,2026-08-26 11:13:21.499580,0 days 00:01:05.806119,False,balanced_subsample,log_loss,32.0,0.5,2,2,600,0.8740725420589222,0.0037651960187367653,"[0.875324478099529, 0.8770827711050625, 0.8667614879394968, 0.8745588854160283, 0.8766350877344938]",COMPLETE
138,0.8761198383252161,2026-08-26 11:13:21.499936,2026-08-26 11:14:27.966760,0 days 00:01:06.466824,False,balanced_subsample,log_loss,32.0,0.5,1,2,600,0.8761198383252161,0.004257142058822933,"[0.8774718236351502, 0.8777297415469102, 0.867740557691474, 0.8780191434477148, 0.8796379253048318]",COMPLETE
139,0.8760673323998136,2026-08-26 11:14:27.967118,2026-08-26 11:15:34.218188,0 days 00:01:06.251070,False,balanced_subsample,log_loss,32.0,0.5,1,3,600,0.8760673323998136,0.003651231217437075,"[0.8777467607470824, 0.8787528982843525, 0.8692562093316568, 0.87538756567328, 0.8791932279626957]",COMPLETE
140,0.870431532926867,2026-08-26 11:15:34.218512,2026-08-26 11:17:02.656642,0 days 00:01:28.438130,False,balanced_subsample,log_loss,32.0,0.7,2,3,600,0.870431532926867,0.0015642951471061457,"[0.8699472749036569, 0.8716617143360258, 0.8675976481236368, 0.8711036602465173, 0.8718473670244987]",COMPLETE
141,0.8761198383252161,2026-08-26 11:17:02.656971,2026-08-26 11:18:09.403359,0 days 00:01:06.746388,False,balanced_subsample,log_loss,32.0,0.5,1,2,600,0.8761198383252161,0.004257142058822933,"[0.8774718236351502, 0.8777297415469102, 0.867740557691474, 0.8780191434477148, 0.8796379253048318]",COMPLETE
142,0.8760673323998136,2026-08-26 11:18:09.403699,2026-08-26 11:19:15.584919,0 days 00:01:06.181220,False,balanced_subsample,log_loss,32.0,0.5,1,3,600,0.8760673323998136,0.003651231217437075,"[0.8777467607470824, 0.8787528982843525, 0.8692562093316568, 0.87538756567328, 0.8791932279626957]",COMPLETE
143,0.8760673323998136,2026-08-26 11:19:15.585242,2026-08-26 11:20:21.658351,0 days 00:01:06.073109,False,balanced_subsample,log_loss,32.0,0.5,1,3,600,0.8760673323998136,0.003651231217437075,"[0.8777467607470824, 0.8787528982843525, 0.8692562093316568, 0.87538756567328, 0.8791932279626957]",COMPLETE
144,0.8760673323998136,2026-08-26 11:20:21.658671,2026-08-26 11:21:27.857104,0 days 00:01:06.198433,False,balanced_subsample,log_loss,32.0,0.5,1,3,600,0.8760673323998136,0.003651231217437075,"[0.8777467607470824, 0.8787528982843525, 0.8692562093316568, 0.87538756567328, 0.8791932279626957]",COMPLETE
145,0.8741608822494593,2026-08-26 11:21:27.857428,2026-08-26 11:22:33.305617,0 days 00:01:05.448189,False,balanced_subsample,log_loss,24.0,0.5,2,3,600,0.8741608822494593,0.004105413798517837,"[0.8751355136248503, 0.8770751328318577, 0.866179317969051, 0.8750348418919848, 0.8773796049295522]",COMPLETE
