number,value,datetime_start,datetime_complete,duration,params_bootstrap,params_class_weight,params_criterion,params_max_depth,params_max_features,params_min_samples_leaf,params_min_samples_split,params_n_estimators,user_attrs_cv_mean,user_attrs_cv_std,user_attrs_fold_scores,state
146,0.814775607618739,2026-08-26 11:22:33.305949,2026-08-26 11:23:16.950033,0 days 00:00:43.644084,False,balanced_subsample,gini,32.0,0.5,20,4,600,0.814775607618739,0.004957718300019307,"[0.8073384420110387, 0.8191869427880573, 0.8109979375899427, 0.8158633847205277, 0.820491330984129]",COMPLETE
147,0.6327076156725504,2026-08-26 11:23:16.950351,2026-08-26 11:24:39.214811,0 days 00:01:22.264460,False,balanced_subsample,log_loss,8.0,1.0,1,3,600,0.6327076156725504,0.007929585034919027,"[0.6430387153580809, 0.6263911803553857, 0.6209672053140064, 0.6363682420825278, 0.6367727352527514]",COMPLETE
148,0.8620398578329749,2026-08-26 11:24:39.215127,2026-08-26 11:25:05.222228,0 days 00:00:26.007101,False,balanced_subsample,log_loss,32.0,log2,1,3,600,0.8620398578329749,0.0032374685698520257,"[0.8625772017112711, 0.8646542935465881, 0.855699607132251, 0.8636291839148983, 0.8636390028598654]",COMPLETE
149,0.8615711889648197,2026-08-26 11:25:05.222545,2026-08-26 11:25:45.854387,0 days 00:00:40.631842,True,balanced_subsample,log_loss,32.0,0.5,2,4,600,0.8615711889648197,0.003660581118545079,"[0.8615503425433766, 0.8663894627542682, 0.85507948735277, 0.8620977006691293, 0.8627389515045537]",COMPLETE
150,0.8715982575101757,2026-08-26 11:25:45.854704,2026-08-26 11:26:50.398086,0 days 00:01:04.543382,False,balanced_subsample,log_loss,48.0,0.5,3,3,600,0.8715982575101757,0.004477536457575651,"[0.8693155810082184, 0.8770236409854886, 0.8641063790994131, 0.8738448764163049, 0.8737008100414533]",COMPLETE
151,0.8761198383252161,2026-08-26 11:26:50.398408,2026-08-26 11:27:57.165823,0 days 00:01:06.767415,False,balanced_subsample,log_loss,32.0,0.5,1,2,600,0.8761198383252161,0.004257142058822933,"[0.8774718236351502, 0.8777297415469102, 0.867740557691474, 0.8780191434477148, 0.8796379253048318]",COMPLETE
152,0.8601693534969812,2026-08-26 11:27:57.166155,2026-08-26 11:29:01.141272,0 days 00:01:03.975117,False,balanced_subsample,log_loss,32.0,0.5,1,21,600,0.8601693534969812,0.0043689636555217775,"[0.85995485544237, 0.8641640162668991, 0.8525219334105841, 0.8595073106501677, 0.8646986517148848]",COMPLETE
153,0.8740725420589222,2026-08-26 11:29:01.141594,2026-08-26 11:30:06.495262,0 days 00:01:05.353668,False,balanced_subsample,log_loss,32.0,0.5,2,3,600,0.8740725420589222,0.0037651960187367653,"[0.875324478099529, 0.8770827711050625, 0.8667614879394968, 0.8745588854160283, 0.8766350877344938]",COMPLETE
154,0.8746488813528985,2026-08-26 11:30:06.495586,2026-08-26 11:31:12.874532,0 days 00:01:06.378946,False,balanced_subsample,log_loss,32.0,0.5,1,4,600,0.8746488813528985,0.004191413404979757,"[0.8762769387461274, 0.8765043035650688, 0.8669006950768819, 0.8742694308408594, 0.879293038535555]",COMPLETE
155,0.8761198383252161,2026-08-26 11:31:12.874870,2026-08-26 11:32:19.372740,0 days 00:01:06.497870,False,balanced_subsample,log_loss,32.0,0.5,1,2,600,0.8761198383252161,0.004257142058822933,"[0.8774718236351502, 0.8777297415469102, 0.867740557691474, 0.8780191434477148, 0.8796379253048318]",COMPLETE
156,0.8210140164517356,2026-08-26 11:32:19.373083,2026-08-26 11:33:15.154597,0 days 00:00:55.781514,False,balanced_subsample,log_loss,12.0,0.5,1,3,600,0.8210140164517356,0.005440460344203917,"[0.8188507068016232, 0.8251096501191881, 0.8126432146069913, 0.8200058685772972, 0.8284606421535772]",COMPLETE
157,0.8740725420589222,2026-08-26 11:33:15.154920,2026-08-26 11:34:20.725319,0 days 00:01:05.570399,False,balanced_subsample,log_loss,32.0,0.5,2,4,600,0.8740725420589222,0.0037651960187367653,"[0.875324478099529, 0.8770827711050625, 0.8667614879394968, 0.8745588854160283, 0.8766350877344938]",COMPLETE
158,0.8702907554696203,2026-08-26 11:34:20.725649,2026-08-26 11:34:58.279710,0 days 00:00:37.554061,False,balanced_subsample,log_loss,32.0,0.3,1,2,600,0.8702907554696203,0.003536150814933956,"[0.8708233528182087, 0.8719287797624525, 0.8633616284920539, 0.87233793719508, 0.8730020790803064]",COMPLETE
159,0.846892194401381,2026-08-26 11:34:58.280037,2026-08-26 11:35:26.532136,0 days 00:00:28.252099,False,balanced_subsample,log_loss,16.0,sqrt,2,3,700,0.846892194401381,0.0020201792401614146,"[0.8463925910358232, 0.8493401067232383, 0.8439417069274534, 0.8489674795389082, 0.845819087781481]",COMPLETE
160,0.8746488813528985,2026-08-26 11:35:26.532455,2026-08-26 11:36:32.607326,0 days 00:01:06.074871,False,balanced_subsample,log_loss,32.0,0.5,1,4,600,0.8746488813528985,0.004191413404979757,"[0.8762769387461274, 0.8765043035650688, 0.8669006950768819, 0.8742694308408594, 0.879293038535555]",COMPLETE
161,0.8761198383252161,2026-08-26 11:36:32.607658,2026-08-26 11:37:39.342152,0 days 00:01:06.734494,False,balanced_subsample,log_loss,32.0,0.5,1,2,600,0.8761198383252161,0.004257142058822933,"[0.8774718236351502, 0.8777297415469102, 0.867740557691474, 0.8780191434477148, 0.8796379253048318]",COMPLETE
162,0.8761198383252161,2026-08-26 11:37:39.342480,2026-08-26 11:38:45.740170,0 days 00:01:06.397690,False,balanced_subsample,log_loss,32.0,0.5,1,2,600,0.8761198383252161,0.004257142058822933,"[0.8774718236351502, 0.8777297415469102, 0.867740557691474, 0.8780191434477148, 0.8796379253048318]",COMPLETE
163,0.8740725420589222,2026-08-26 11:38:45.740523,2026-08-26 11:39:51.084128,0 days 00:01:05.343605,False,balanced_subsample,log_loss,32.0,0.5,2,3,600,0.8740725420589222,0.0037651960187367653,"[0.875324478099529, 0.8770827711050625, 0.8667614879394968, 0.8745588854160283, 0.8766350877344938]",COMPLETE
164,0.8761198383252161,2026-08-26 11:39:51.084457,2026-08-26 11:40:57.300284,0 days 00:01:06.215827,False,balanced_subsample,log_loss,32.0,0.5,1,2,600,0.8761198383252161,0.004257142058822933,"[0.8774718236351502, 0.8777297415469102, 0.867740557691474, 0.8780191434477148, 0.8796379253048318]",COMPLETE
165,0.8746488813528985,2026-08-26 11:40:57.300610,2026-08-26 11:42:03.476463,0 days 00:01:06.175853,False,balanced_subsample,log_loss,32.0,0.5,1,4,600,0.8746488813528985,0.004191413404979757,"[0.8762769387461274, 0.8765043035650688, 0.8669006950768819, 0.8742694308408594, 0.879293038535555]",COMPLETE
166,0.8347102294893889,2026-08-26 11:42:03.476798,2026-08-26 11:43:01.768094,0 days 00:00:58.291296,False,balanced_subsample,log_loss,32.0,0.5,14,3,600,0.8347102294893889,0.003161367867495141,"[0.8333669085174819, 0.838078162294645, 0.8317733567591032, 0.8314392685821258, 0.8388934512935883]",COMPLETE
167,0.8761198383252161,2026-08-26 11:43:01.768417,2026-08-26 11:44:08.315856,0 days 00:01:06.547439,False,balanced_subsample,log_loss,32.0,0.5,1,2,600,0.8761198383252161,0.004257142058822933,"[0.8774718236351502, 0.8777297415469102, 0.867740557691474, 0.8780191434477148, 0.8796379253048318]",COMPLETE
168,0.8740725420589222,2026-08-26 11:44:08.316188,2026-08-26 11:45:13.552317,0 days 00:01:05.236129,False,balanced_subsample,log_loss,32.0,0.5,2,2,600,0.8740725420589222,0.0037651960187367653,"[0.875324478099529, 0.8770827711050625, 0.8667614879394968, 0.8745588854160283, 0.8766350877344938]",COMPLETE
169,0.8746488813528985,2026-08-26 11:45:13.552636,2026-08-26 11:46:19.756154,0 days 00:01:06.203518,False,balanced_subsample,log_loss,32.0,0.5,1,4,600,0.8746488813528985,0.004191413404979757,"[0.8762769387461274, 0.8765043035650688, 0.8669006950768819, 0.8742694308408594, 0.879293038535555]",COMPLETE
170,0.8702525391166818,2026-08-26 11:46:19.756483,2026-08-26 11:47:11.243035,0 days 00:00:51.486552,False,balanced_subsample,gini,32.0,0.5,2,3,600,0.8702525391166818,0.002829484089843738,"[0.8730835216534499, 0.8721465709655615, 0.8652248975457635, 0.8691578368721226, 0.8716498685465116]",COMPLETE
171,0.8761198383252161,2026-08-26 11:47:11.243374,2026-08-26 11:48:17.842637,0 days 00:01:06.599263,False,balanced_subsample,log_loss,32.0,0.5,1,2,600,0.8761198383252161,0.004257142058822933,"[0.8774718236351502, 0.8777297415469102, 0.867740557691474, 0.8780191434477148, 0.8796379253048318]",COMPLETE
172,0.8761198383252161,2026-08-26 11:48:17.842984,2026-08-26 11:49:24.034262,0 days 00:01:06.191278,False,balanced_subsample,log_loss,32.0,0.5,1,2,600,0.8761198383252161,0.004257142058822933,"[0.8774718236351502, 0.8777297415469102, 0.867740557691474, 0.8780191434477148, 0.8796379253048318]",COMPLETE
173,0.8482037180289552,2026-08-26 11:49:24.034576,2026-08-26 11:50:23.760283,0 days 00:00:59.725707,False,balanced_subsample,log_loss,32.0,0.5,10,3,600,0.8482037180289552,0.004896029810091071,"[0.8462819690698803, 0.8526291107924374, 0.8405270459028898, 0.8473069210212069, 0.8542735433583614]",COMPLETE
174,0.8761198383252161,2026-08-26 11:50:23.760602,2026-08-26 11:51:30.306276,0 days 00:01:06.545674,False,balanced_subsample,log_loss,32.0,0.5,1,2,600,0.8761198383252161,0.004257142058822933,"[0.8774718236351502, 0.8777297415469102, 0.867740557691474, 0.8780191434477148, 0.8796379253048318]",COMPLETE
175,0.8746488813528985,2026-08-26 11:51:30.306602,2026-08-26 11:52:36.549971,0 days 00:01:06.243369,False,balanced_subsample,log_loss,32.0,0.5,1,4,600,0.8746488813528985,0.004191413404979757,"[0.8762769387461274, 0.8765043035650688, 0.8669006950768819, 0.8742694308408594, 0.879293038535555]",COMPLETE
176,0.8528815068269886,2026-08-26 11:52:36.550306,2026-08-26 11:53:39.333697,0 days 00:01:02.783391,False,balanced_subsample,log_loss,32.0,0.5,2,27,600,0.8528815068269886,0.0036436029664680173,"[0.8521861398146898, 0.8572369140522608, 0.8468719781470826, 0.8520498086212372, 0.8560626934996728]",COMPLETE
177,0.865585986151039,2026-08-26 11:53:39.334010,2026-08-26 11:54:20.694084,0 days 00:00:41.360074,True,balanced_subsample,log_loss,32.0,0.5,1,3,600,0.865585986151039,0.0034246148914815495,"[0.8653182913332951, 0.8692889556134653, 0.8592921334848246, 0.8677761880619025, 0.8662543622617078]",COMPLETE
178,0.8761198383252161,2026-08-26 11:54:20.694390,2026-08-26 11:55:27.118890,0 days 00:01:06.424500,False,balanced_subsample,log_loss,32.0,0.5,1,2,600,0.8761198383252161,0.004257142058822933,"[0.8774718236351502, 0.8777297415469102, 0.867740557691474, 0.8780191434477148, 0.8796379253048318]",COMPLETE
179,0.6326590955366941,2026-08-26 11:55:27.119212,2026-08-26 11:57:03.011068,0 days 00:01:35.891856,False,balanced_subsample,log_loss,8.0,1.0,1,2,700,0.6326590955366941,0.00790526756863664,"[0.6430387153580809, 0.6263911803553857, 0.6209672053140064, 0.6363682420825278, 0.6365301345734694]",COMPLETE
180,0.8701804887881224,2026-08-26 11:57:03.011386,2026-08-26 11:58:31.366453,0 days 00:01:28.355067,False,balanced_subsample,log_loss,24.0,0.7,2,4,600,0.8701804887881224,0.0020676920106556607,"[0.8696590291666918, 0.8705488743861909, 0.8665821215147118, 0.8727577150434292, 0.871354703829588]",COMPLETE
181,0.8761198383252161,2026-08-26 11:58:31.366781,2026-08-26 11:59:37.864794,0 days 00:01:06.498013,False,balanced_subsample,log_loss,32.0,0.5,1,2,600,0.8761198383252161,0.004257142058822933,"[0.8774718236351502, 0.8777297415469102, 0.867740557691474, 0.8780191434477148, 0.8796379253048318]",COMPLETE
182,0.8760673323998136,2026-08-26 11:59:37.865123,2026-08-26 12:00:44.196616,0 days 00:01:06.331493,False,balanced_subsample,log_loss,32.0,0.5,1,3,600,0.8760673323998136,0.003651231217437075,"[0.8777467607470824, 0.8787528982843525, 0.8692562093316568, 0.87538756567328, 0.8791932279626957]",COMPLETE
183,0.8761198383252161,2026-08-26 12:00:44.196952,2026-08-26 12:01:50.375832,0 days 00:01:06.178880,False,balanced_subsample,log_loss,32.0,0.5,1,2,600,0.8761198383252161,0.004257142058822933,"[0.8774718236351502, 0.8777297415469102, 0.867740557691474, 0.8780191434477148, 0.8796379253048318]",COMPLETE
184,0.8761198383252161,2026-08-26 12:01:50.376171,2026-08-26 12:02:56.853544,0 days 00:01:06.477373,False,balanced_subsample,log_loss,32.0,0.5,1,2,600,0.8761198383252161,0.004257142058822933,"[0.8774718236351502, 0.8777297415469102, 0.867740557691474, 0.8780191434477148, 0.8796379253048318]",COMPLETE
185,0.8740725420589222,2026-08-26 12:02:56.853876,2026-08-26 12:04:02.539847,0 days 00:01:05.685971,False,balanced_subsample,log_loss,32.0,0.5,2,2,600,0.8740725420589222,0.0037651960187367653,"[0.875324478099529, 0.8770827711050625, 0.8667614879394968, 0.8745588854160283, 0.8766350877344938]",COMPLETE
186,0.8761198383252161,2026-08-26 12:04:02.540178,2026-08-26 12:05:08.814698,0 days 00:01:06.274520,False,balanced_subsample,log_loss,32.0,0.5,1,2,600,0.8761198383252161,0.004257142058822933,"[0.8774718236351502, 0.8777297415469102, 0.867740557691474, 0.8780191434477148, 0.8796379253048318]",COMPLETE
187,0.8761198383252161,2026-08-26 12:05:08.815048,2026-08-26 12:06:15.264310,0 days 00:01:06.449262,False,balanced_subsample,log_loss,32.0,0.5,1,2,600,0.8761198383252161,0.004257142058822933,"[0.8774718236351502, 0.8777297415469102, 0.867740557691474, 0.8780191434477148, 0.8796379253048318]",COMPLETE
188,0.8615775279562055,2026-08-26 12:06:15.264648,2026-08-26 12:06:41.397832,0 days 00:00:26.133184,False,balanced_subsample,log_loss,32.0,log2,1,2,600,0.8615775279562055,0.003467529509624897,"[0.8616094645182631, 0.8639021462230122, 0.8557607051732011, 0.8660363777506634, 0.8605789461158871]",COMPLETE
189,0.8740725420589222,2026-08-26 12:06:41.398147,2026-08-26 12:07:47.332533,0 days 00:01:05.934386,False,balanced_subsample,log_loss,32.0,0.5,2,2,600,0.8740725420589222,0.0037651960187367653,"[0.875324478099529, 0.8770827711050625, 0.8667614879394968, 0.8745588854160283, 0.8766350877344938]",COMPLETE
190,0.8757142646624997,2026-08-26 12:07:47.332868,2026-08-26 12:08:53.613688,0 days 00:01:06.280820,False,balanced_subsample,log_loss,48.0,0.5,1,2,600,0.8757142646624997,0.003944339239928946,"[0.8767903724024183, 0.877117026628333, 0.8679371604393573, 0.8780947589519018, 0.8786320048904878]",COMPLETE
191,0.8761198383252161,2026-08-26 12:08:53.614014,2026-08-26 12:10:00.129698,0 days 00:01:06.515684,False,balanced_subsample,log_loss,32.0,0.5,1,2,600,0.8761198383252161,0.004257142058822933,"[0.8774718236351502, 0.8777297415469102, 0.867740557691474, 0.8780191434477148, 0.8796379253048318]",COMPLETE
192,0.8761198383252161,2026-08-26 12:10:00.130041,2026-08-26 12:11:06.639185,0 days 00:01:06.509144,False,balanced_subsample,log_loss,32.0,0.5,1,2,600,0.8761198383252161,0.004257142058822933,"[0.8774718236351502, 0.8777297415469102, 0.867740557691474, 0.8780191434477148, 0.8796379253048318]",COMPLETE
193,0.8761198383252161,2026-08-26 12:11:06.639512,2026-08-26 12:12:13.302722,0 days 00:01:06.663210,False,balanced_subsample,log_loss,32.0,0.5,1,2,600,0.8761198383252161,0.004257142058822933,"[0.8774718236351502, 0.8777297415469102, 0.867740557691474, 0.8780191434477148, 0.8796379253048318]",COMPLETE
194,0.8761198383252161,2026-08-26 12:12:13.303061,2026-08-26 12:13:20.203275,0 days 00:01:06.900214,False,balanced_subsample,log_loss,32.0,0.5,1,2,600,0.8761198383252161,0.004257142058822933,"[0.8774718236351502, 0.8777297415469102, 0.867740557691474, 0.8780191434477148, 0.8796379253048318]",COMPLETE
195,0.8740725420589222,2026-08-26 12:13:20.203595,2026-08-26 12:14:26.085341,0 days 00:01:05.881746,False,balanced_subsample,log_loss,32.0,0.5,2,2,600,0.8740725420589222,0.0037651960187367653,"[0.875324478099529, 0.8770827711050625, 0.8667614879394968, 0.8745588854160283, 0.8766350877344938]",COMPLETE
196,0.8201690931213609,2026-08-26 12:14:26.085680,2026-08-26 12:15:22.322389,0 days 00:00:56.236709,False,balanced_subsample,log_loss,12.0,0.5,1,2,600,0.8201690931213609,0.004857077144150011,"[0.8177302285785836, 0.8231436307850412, 0.8122041957613707, 0.8214216145644717, 0.8263457959173373]",COMPLETE
197,0.8740725420589222,2026-08-26 12:15:22.322696,2026-08-26 12:16:28.209437,0 days 00:01:05.886741,False,balanced_subsample,log_loss,32.0,0.5,2,4,600,0.8740725420589222,0.0037651960187367653,"[0.875324478099529, 0.8770827711050625, 0.8667614879394968, 0.8745588854160283, 0.8766350877344938]",COMPLETE
198,0.8761198383252161,2026-08-26 12:16:28.209772,2026-08-26 12:17:35.095082,0 days 00:01:06.885310,False,balanced_subsample,log_loss,32.0,0.5,1,2,600,0.8761198383252161,0.004257142058822933,"[0.8774718236351502, 0.8777297415469102, 0.867740557691474, 0.8780191434477148, 0.8796379253048318]",COMPLETE
199,0.8644986115465259,2026-08-26 12:17:35.095420,2026-08-26 12:18:39.055437,0 days 00:01:03.960017,False,balanced_subsample,log_loss,16.0,0.5,1,3,600,0.8644986115465259,0.004512148699122392,"[0.8673572162366504, 0.8689704064853566, 0.8563357199844179, 0.863091462520034, 0.8667382525061699]",COMPLETE
