number,value,datetime_start,datetime_complete,duration,params_bootstrap,params_class_weight,params_criterion,params_max_depth,params_max_features,params_min_samples_leaf,params_min_samples_split,params_n_estimators,user_attrs_cv_mean,user_attrs_cv_std,user_attrs_fold_scores,state
0,0.8122578467668632,2026-08-26 09:12:16.542118,2026-08-26 09:12:39.366447,0 days 00:00:22.824329,True,,log_loss,32.0,0.7,15,3,300,0.8122578467668632,0.004294353296573918,"[0.808408478949257, 0.819546726199175, 0.8089430603373375, 0.8096199873342731, 0.814770981014273]",COMPLETE
1,0.7775075059782822,2026-08-26 09:12:39.366760,2026-08-26 09:12:50.430013,0 days 00:00:11.063253,True,balanced,gini,16.0,sqrt,13,20,600,0.7775075059782822,0.004546001181843983,"[0.7714508675612523, 0.7826750793037364, 0.7785154179701387, 0.7730366767509625, 0.7818594883053215]",COMPLETE
2,0.6717864117914523,2026-08-26 09:12:50.430337,2026-08-26 09:13:26.089920,0 days 00:00:35.659583,True,balanced,entropy,8.0,0.7,15,28,600,0.6717864117914523,0.0005223558755862516,"[0.6711320425447528, 0.6726112373279879, 0.6713347498903174, 0.6718488952774667, 0.6720051339167363]",COMPLETE
3,0.791795267091252,2026-08-26 09:13:26.090242,2026-08-26 09:13:54.204258,0 days 00:00:28.114016,False,,log_loss,24.0,sqrt,20,25,800,0.791795267091252,0.007316264053270146,"[0.7884820699093553, 0.8007198403393881, 0.7856685252533501, 0.7837059879917022, 0.8003999119624642]",COMPLETE
4,0.7725215347964743,2026-08-26 09:13:54.204572,2026-08-26 09:14:16.093285,0 days 00:00:21.888713,True,,entropy,16.0,sqrt,15,31,1000,0.7725215347964743,0.005295898181694006,"[0.7701267483434453, 0.781192532414695, 0.7722723267912422, 0.7649755395469681, 0.7740405268860214]",COMPLETE
5,0.8480947728377547,2026-08-26 09:14:16.093615,2026-08-26 09:14:52.536216,0 days 00:00:36.442601,False,balanced,gini,48.0,0.3,3,18,800,0.8480947728377547,0.00440283888367421,"[0.8478414661385404, 0.8533563753750228, 0.8410365355717407, 0.8461823567537854, 0.8520571303496839]",COMPLETE
6,0.8240808482954375,2026-08-26 09:14:52.536519,2026-08-26 09:15:17.874706,0 days 00:00:25.338187,True,balanced,entropy,48.0,0.5,1,34,400,0.8240808482954375,0.005677117826057362,"[0.81829142721673, 0.8316437721056733, 0.8215880288356979, 0.8187854087854087, 0.8300956045336775]",COMPLETE
7,0.8227163036491728,2026-08-26 09:15:17.875012,2026-08-26 09:16:11.544778,0 days 00:00:53.669766,False,balanced,log_loss,32.0,0.3,15,19,1000,0.8227163036491728,0.005524229820689272,"[0.8178425606195406, 0.8292022852136451, 0.8208585547747481, 0.8163860409574695, 0.8292920766804599]",COMPLETE
8,0.7311173292190988,2026-08-26 09:16:11.545087,2026-08-26 09:18:22.012472,0 days 00:02:10.467385,False,balanced_subsample,gini,24.0,1.0,19,40,900,0.7311173292190988,0.002294594689830099,"[0.7290193478074735, 0.7314605849978264, 0.7286852479972188, 0.7350984268127125, 0.7313230384802628]",COMPLETE
9,0.8649834335849527,2026-08-26 09:18:22.012793,2026-08-26 09:18:58.971170,0 days 00:00:36.958377,False,balanced_subsample,log_loss,,0.3,1,10,600,0.8649834335849527,0.004759040583485532,"[0.8690063802283285, 0.8678001546356492, 0.8558698260423693, 0.8648011090868234, 0.8674396979315926]",COMPLETE
10,0.8395937006166084,2026-08-26 09:18:58.971485,2026-08-26 09:19:18.821792,0 days 00:00:19.850307,False,balanced_subsample,log_loss,,log2,7,2,500,0.8395937006166084,0.0035211436543546985,"[0.8402023677430387, 0.8429513046165068, 0.8343594877280441, 0.8368999500428073, 0.8435553929526455]",COMPLETE
11,0.8600708492943534,2026-08-26 09:19:18.822102,2026-08-26 09:19:52.181639,0 days 00:00:33.359537,False,balanced_subsample,gini,48.0,0.3,1,12,700,0.8600708492943534,0.004554596542058278,"[0.8614416803541228, 0.8633793479291283, 0.8511588056775068, 0.8610660567803426, 0.8633083557306659]",COMPLETE
12,0.7986344811453245,2026-08-26 09:19:52.181949,2026-08-26 09:20:19.615290,0 days 00:00:27.433341,False,balanced_subsample,gini,12.0,0.3,5,11,700,0.7986344811453245,0.006182295693140823,"[0.7901176075301034, 0.8080740532484182, 0.7965465282007989, 0.7957226280083423, 0.8027115887389596]",COMPLETE
13,0.8639935030498649,2026-08-26 09:20:19.615622,2026-08-26 09:20:56.463025,0 days 00:00:36.847403,False,balanced_subsample,log_loss,,0.3,1,11,600,0.8639935030498649,0.00407018422406507,"[0.865417797863195, 0.8659142123193136, 0.8559003791351878, 0.8659532668104096, 0.8667818591212182]",COMPLETE
14,0.8468236167829293,2026-08-26 09:20:56.463338,2026-08-26 09:21:25.105328,0 days 00:00:28.641990,False,balanced_subsample,log_loss,,0.3,8,9,500,0.8468236167829293,0.00344630208715331,"[0.8482156926574459, 0.8495596161460485, 0.8400803724946903, 0.8473995851138709, 0.8488628175025914]",COMPLETE
15,0.8699190711661517,2026-08-26 09:21:25.105637,2026-08-26 09:22:18.480428,0 days 00:00:53.374791,False,balanced_subsample,log_loss,,0.5,4,7,500,0.8699190711661517,0.004333627292751208,"[0.8697565759199025, 0.8746471879771635, 0.8620506846975605, 0.8701291867006153, 0.8730117205355167]",COMPLETE
16,0.8518913438745495,2026-08-26 09:22:18.480741,2026-08-26 09:22:49.097651,0 days 00:00:30.616910,False,balanced_subsample,log_loss,,0.5,9,6,300,0.8518913438745495,0.005097523125017012,"[0.8527510734620369, 0.8553721520464634, 0.8438273825310585, 0.8490038907181764, 0.8585022206150118]",COMPLETE
17,0.8611389643454478,2026-08-26 09:22:49.097960,2026-08-26 09:23:31.401761,0 days 00:00:42.303801,False,balanced_subsample,log_loss,,0.5,4,16,400,0.8611389643454478,0.004926492924182635,"[0.8591073464098864, 0.8667065352196635, 0.8541100237953737, 0.8589662835377121, 0.8668046327646036]",COMPLETE
18,0.6642409730681125,2026-08-26 09:23:31.402092,2026-08-26 09:23:44.735362,0 days 00:00:13.333270,False,balanced_subsample,log_loss,8.0,log2,6,7,500,0.6642409730681125,0.0025881168346299148,"[0.6618547978573699, 0.6615990568452256, 0.666480287975519, 0.663194560051703, 0.6680761626107445]",COMPLETE
19,0.7061373742686053,2026-08-26 09:23:44.735683,2026-08-26 09:24:55.150852,0 days 00:01:10.415169,False,balanced_subsample,log_loss,12.0,1.0,10,15,400,0.7061373742686053,0.017264641657533518,"[0.7131341308837825, 0.7319546542995262, 0.6792120926541675, 0.7072268037982323, 0.699159189707318]",COMPLETE
20,0.8715033686908065,2026-08-26 09:24:55.151179,2026-08-26 09:26:08.732590,0 days 00:01:13.581411,False,,entropy,,0.5,3,5,700,0.8715033686908065,0.005337804108878292,"[0.8708997355502553, 0.8753761952135117, 0.8613670321311516, 0.874315064600779, 0.8755588159583341]",COMPLETE
21,0.8715033686908065,2026-08-26 09:26:08.732915,2026-08-26 09:27:22.455904,0 days 00:01:13.722989,False,,entropy,,0.5,3,5,700,0.8715033686908065,0.005337804108878292,"[0.8708997355502553, 0.8753761952135117, 0.8613670321311516, 0.874315064600779, 0.8755588159583341]",COMPLETE
22,0.8715033686908065,2026-08-26 09:27:22.456222,2026-08-26 09:28:36.605157,0 days 00:01:14.148935,False,,entropy,,0.5,3,5,700,0.8715033686908065,0.005337804108878292,"[0.8708997355502553, 0.8753761952135117, 0.8613670321311516, 0.874315064600779, 0.8755588159583341]",COMPLETE
23,0.8713093564625712,2026-08-26 09:28:36.605470,2026-08-26 09:30:00.507715,0 days 00:01:23.902245,False,,entropy,,0.5,3,3,800,0.8713093564625712,0.0055858165741542445,"[0.8704072487922021, 0.8756797174968861, 0.8608745453730986, 0.8735799658656802, 0.8760053047849888]",COMPLETE
24,0.8715033686908065,2026-08-26 09:30:00.508035,2026-08-26 09:31:14.244303,0 days 00:01:13.736268,False,,entropy,,0.5,3,5,700,0.8715033686908065,0.005337804108878292,"[0.8708997355502553, 0.8753761952135117, 0.8613670321311516, 0.874315064600779, 0.8755588159583341]",COMPLETE
25,0.8605293430731041,2026-08-26 09:31:14.244617,2026-08-26 09:32:45.275403,0 days 00:01:31.030786,False,,entropy,,0.5,6,14,900,0.8605293430731041,0.005267473493264261,"[0.862081020667453, 0.8645626668468808, 0.8515175140930151, 0.858182501611073, 0.8663030121470996]",COMPLETE
26,0.8493558651505658,2026-08-26 09:32:45.275710,2026-08-26 09:33:29.259801,0 days 00:00:43.984091,True,,entropy,,0.5,5,2,700,0.8493558651505658,0.005351054016108993,"[0.8512807927811679, 0.8557018247553024, 0.8396332566959509, 0.8487383190240333, 0.851425132496375]",COMPLETE
27,0.8043118909816158,2026-08-26 09:33:29.260115,2026-08-26 09:34:39.191504,0 days 00:01:09.931389,False,,entropy,12.0,0.5,11,7,800,0.8043118909816158,0.0057888591518653445,"[0.7974269411508721, 0.810296389186969, 0.7977154121554508, 0.8055382358239501, 0.8105824765908376]",COMPLETE
28,0.8620682710490689,2026-08-26 09:34:39.191792,2026-08-26 09:36:09.957724,0 days 00:01:30.765932,False,,entropy,16.0,0.5,3,5,900,0.8620682710490689,0.006232488934755188,"[0.8681071703712364, 0.8653510457597907, 0.8505517611107579, 0.8607227375798804, 0.865608640423679]",COMPLETE
29,0.8449044116291583,2026-08-26 09:36:09.958051,2026-08-26 09:37:07.338402,0 days 00:00:57.380351,True,,entropy,32.0,0.7,7,4,700,0.8449044116291583,0.004111115155352172,"[0.8453366961612594, 0.8491068299954807, 0.8385871851388945, 0.8421864350435779, 0.8493049118065791]",COMPLETE
30,0.6844398845436943,2026-08-26 09:37:07.338726,2026-08-26 09:38:02.871563,0 days 00:00:55.532837,False,,entropy,8.0,0.5,2,9,800,0.6844398845436943,0.006541981695341388,"[0.6797769611440172, 0.6885707932858293, 0.6767005366060129, 0.6822086539229396, 0.6949424777596729]",COMPLETE
31,0.8698895920182649,2026-08-26 09:38:02.871882,2026-08-26 09:39:15.639622,0 days 00:01:12.767740,False,,entropy,,0.5,4,5,700,0.8698895920182649,0.005880747258162377,"[0.8700389260374256, 0.8759736417303666, 0.8587653912035007, 0.872043375471947, 0.8726266256480844]",COMPLETE
32,0.8708942573725891,2026-08-26 09:39:15.639923,2026-08-26 09:40:18.683730,0 days 00:01:03.043807,False,,entropy,,0.5,3,8,600,0.8708942573725891,0.004767279524302879,"[0.8717262976845016, 0.8750955877497514, 0.8616725223359025, 0.8738485869914442, 0.8721282921013452]",COMPLETE
33,0.8646809515631102,2026-08-26 09:40:18.684037,2026-08-26 09:41:55.600493,0 days 00:01:36.916456,False,,entropy,,0.7,5,2,700,0.8646809515631102,0.004519687193430007,"[0.8618901045607722, 0.87060036623256, 0.8586833462643129, 0.8630152601581175, 0.8692156805997883]",COMPLETE
34,0.8519120682874576,2026-08-26 09:41:55.600817,2026-08-26 09:42:34.640504,0 days 00:00:39.039687,True,,entropy,32.0,0.5,2,13,600,0.8519120682874576,0.005271817016328193,"[0.8531438121332023, 0.8581489819991589, 0.8424009554233538, 0.8512016914874057, 0.8546649003941664]",COMPLETE
35,0.8390229726681498,2026-08-26 09:42:34.640814,2026-08-26 09:43:06.644358,0 days 00:00:32.003544,False,,entropy,24.0,sqrt,2,22,800,0.8390229726681498,0.0024821455690400966,"[0.8388695596904793, 0.8420727919559772, 0.8346453068637186, 0.8405443959729674, 0.8389828088576076]",COMPLETE
36,0.813538671387611,2026-08-26 09:43:06.644672,2026-08-26 09:43:23.311219,0 days 00:00:16.666547,True,,entropy,16.0,log2,6,5,700,0.813538671387611,0.00492522851312249,"[0.8115026147796484, 0.81962308449716, 0.8099164678821736, 0.8075414523985952, 0.819109737380478]",COMPLETE
37,0.783911631929177,2026-08-26 09:43:23.311535,2026-08-26 09:45:27.337886,0 days 00:02:04.026351,False,,entropy,,1.0,4,4,600,0.783911631929177,0.0038716769381699117,"[0.7808299044458084, 0.7806978769017135, 0.7900836941867914, 0.7810559650559651, 0.7868907190556068]",COMPLETE
38,0.6641096706088134,2026-08-26 09:45:27.338215,2026-08-26 09:45:48.700246,0 days 00:00:21.362031,False,balanced,entropy,8.0,sqrt,2,8,800,0.6641096706088134,0.002955464090220915,"[0.6617784232700105, 0.6625630916077814, 0.6680932529566116, 0.6608966740395311, 0.6672169111701328]",COMPLETE
39,0.8407088009129892,2026-08-26 09:45:48.700559,2026-08-26 09:46:43.499568,0 days 00:00:54.799009,True,,entropy,24.0,0.5,7,6,900,0.8407088009129892,0.005082530882427649,"[0.8418377888638311, 0.8444110698876534, 0.8346741335921489, 0.835104143104143, 0.8475168691171694]",COMPLETE
40,0.867441064303962,2026-08-26 09:46:43.499885,2026-08-26 09:48:08.756904,0 days 00:01:25.257019,False,,entropy,48.0,0.7,3,10,600,0.867441064303962,0.0034370548906438275,"[0.865803156107518, 0.8707415412913214, 0.8619417890960062, 0.8673733845162417, 0.8713454505087223]",COMPLETE
41,0.8713093564625712,2026-08-26 09:48:08.757224,2026-08-26 09:49:32.736027,0 days 00:01:23.978803,False,,entropy,,0.5,3,3,800,0.8713093564625712,0.0055858165741542445,"[0.8704072487922021, 0.8756797174968861, 0.8608745453730986, 0.8735799658656802, 0.8760053047849888]",COMPLETE
42,0.8701717326540936,2026-08-26 09:49:32.736341,2026-08-26 09:50:55.732353,0 days 00:01:22.996012,False,,entropy,,0.5,4,4,800,0.8701717326540936,0.00561089971035421,"[0.8699568810982378, 0.8765043117097558, 0.8598324096587948, 0.8714308482879911, 0.8731342125156892]",COMPLETE
43,0.8235798303234658,2026-08-26 09:50:55.732689,2026-08-26 09:52:00.418835,0 days 00:01:04.686146,False,,entropy,,0.5,18,2,700,0.8235798303234658,0.007041717925802882,"[0.8169140653541039, 0.8345024298746301, 0.8181416802355609, 0.8189780838352267, 0.8293628923178077]",COMPLETE
44,0.8711127530840723,2026-08-26 09:52:00.419156,2026-08-26 09:53:01.121366,0 days 00:01:00.702210,False,balanced,gini,,0.5,1,4,700,0.8711127530840723,0.0026285680567238244,"[0.8697487042343971, 0.8726829112967791, 0.8666296856630155, 0.8739500688072117, 0.872552395418959]",COMPLETE
45,0.8654154392930483,2026-08-26 09:53:01.121690,2026-08-26 09:54:23.209303,0 days 00:01:22.087613,False,,entropy,,0.5,5,9,800,0.8654154392930483,0.0050171484550505865,"[0.8637072942735786, 0.8713237112617672, 0.8577422263213711, 0.8637516811802527, 0.8705522834282723]",COMPLETE
46,0.8321894067272048,2026-08-26 09:54:23.209644,2026-08-26 09:55:50.814846,0 days 00:01:27.605202,False,,entropy,16.0,0.5,2,40,900,0.8321894067272048,0.004781875727696772,"[0.8308086706277682, 0.8377608808510105, 0.8252234995462945, 0.8297684957684958, 0.837385486842455]",COMPLETE
47,0.7453660543896123,2026-08-26 09:55:50.815161,2026-08-26 09:57:42.742820,0 days 00:01:51.927659,False,balanced,gini,,1.0,3,37,700,0.7453660543896123,0.007471347204751226,"[0.7519864247653337, 0.748094086704525, 0.7352228715806038, 0.7536575462289749, 0.7378693426686241]",COMPLETE
48,0.8327201763513923,2026-08-26 09:57:42.743138,2026-08-26 09:58:06.519355,0 days 00:00:23.776217,False,,entropy,48.0,sqrt,1,28,600,0.8327201763513923,0.002632948078807504,"[0.833683280745975, 0.836334904278533, 0.8287489996597274, 0.8308815977387406, 0.833952099333986]",COMPLETE
49,0.8476741197926444,2026-08-26 09:58:06.519659,2026-08-26 09:58:46.202823,0 days 00:00:39.683164,False,,entropy,32.0,log2,5,6,1000,0.8476741197926444,0.0030510086952429483,"[0.8502443111293182, 0.8508190680941726, 0.8423989793572902, 0.848484358198644, 0.8464238821837968]",COMPLETE
50,0.8300562454215787,2026-08-26 09:58:46.203140,2026-08-26 09:59:23.218358,0 days 00:00:37.015218,True,,gini,,0.5,8,11,800,0.8300562454215787,0.004961945618335544,"[0.8282469474305291, 0.835901555784741, 0.8252138852070264, 0.8248966071823215, 0.8360222315032758]",COMPLETE
51,0.8713093564625712,2026-08-26 09:59:23.218667,2026-08-26 10:00:47.345405,0 days 00:01:24.126738,False,,entropy,,0.5,3,3,800,0.8713093564625712,0.0055858165741542445,"[0.8704072487922021, 0.8756797174968861, 0.8608745453730986, 0.8735799658656802, 0.8760053047849888]",COMPLETE
52,0.8715033686908065,2026-08-26 10:00:47.345716,2026-08-26 10:02:00.933538,0 days 00:01:13.587822,False,,entropy,,0.5,3,3,700,0.8715033686908065,0.005337804108878292,"[0.8708997355502553, 0.8753761952135117, 0.8613670321311516, 0.874315064600779, 0.8755588159583341]",COMPLETE
53,0.8698895920182649,2026-08-26 10:02:00.933845,2026-08-26 10:03:13.705635,0 days 00:01:12.771790,False,,entropy,,0.5,4,7,700,0.8698895920182649,0.005880747258162377,"[0.8700389260374256, 0.8759736417303666, 0.8587653912035007, 0.872043375471947, 0.8726266256480844]",COMPLETE
54,0.8742628269800322,2026-08-26 10:03:13.705960,2026-08-26 10:04:17.664901,0 days 00:01:03.958941,False,,entropy,,0.5,2,2,600,0.8742628269800322,0.003921381457682313,"[0.874020713898326, 0.8768802727377372, 0.8667366051985064, 0.8770208613065756, 0.8766556817590162]",COMPLETE
55,0.8215026792971732,2026-08-26 10:04:17.665221,2026-08-26 10:05:12.337642,0 days 00:00:54.672421,False,,entropy,12.0,0.5,2,5,600,0.8215026792971732,0.0044457919484711655,"[0.8184336772711008, 0.8241907529036454, 0.8142495918764272, 0.824853617996475, 0.8257857564382184]",COMPLETE
56,0.8754130572023169,2026-08-26 10:05:12.337962,2026-08-26 10:06:07.745500,0 days 00:00:55.407538,False,balanced,entropy,,0.5,1,2,500,0.8754130572023169,0.0037789929867655813,"[0.8761776574838412, 0.8764966734365514, 0.8681872229549864, 0.8768826377397806, 0.8793210943964244]",COMPLETE
57,0.8734835100151548,2026-08-26 10:06:07.745825,2026-08-26 10:07:02.622088,0 days 00:00:54.876263,False,balanced,entropy,,0.5,1,8,500,0.8734835100151548,0.00411520835867223,"[0.8728258290093035, 0.876204717124447, 0.8658528808660627, 0.8750191898763328, 0.8775149331996279]",COMPLETE
58,0.8627915922482678,2026-08-26 10:07:02.622425,2026-08-26 10:07:33.204396,0 days 00:00:30.581971,False,balanced,entropy,24.0,0.3,1,12,500,0.8627915922482678,0.0027661245712292904,"[0.8662367217242365, 0.8643566750273427, 0.857933392129727, 0.8631187996902283, 0.8623123726698045]",COMPLETE
59,0.869780454372229,2026-08-26 10:07:33.204703,2026-08-26 10:08:16.861960,0 days 00:00:43.657257,False,balanced,gini,,0.5,1,8,500,0.869780454372229,0.0030538395617617123,"[0.8737307173629111, 0.8702798328937007, 0.8643621119668703, 0.8695762924334353, 0.870953317204228]",COMPLETE
60,0.7778762089090433,2026-08-26 10:08:16.862272,2026-08-26 10:10:03.395026,0 days 00:01:46.532754,False,balanced,entropy,,1.0,1,10,500,0.7778762089090433,0.009073110984194685,"[0.7803300209715385, 0.7901716754688568, 0.7629668036469023, 0.7819627568198997, 0.7739497876380194]",COMPLETE
61,0.8723145087660908,2026-08-26 10:10:03.395348,2026-08-26 10:10:47.134923,0 days 00:00:43.739575,False,balanced,entropy,,0.5,2,6,400,0.8723145087660908,0.0026618964684183032,"[0.8732057258800374, 0.8743168150314222, 0.8670517015978381, 0.8732531083959655, 0.8737451929251906]",COMPLETE
62,0.8726356867484413,2026-08-26 10:10:47.135240,2026-08-26 10:11:20.107146,0 days 00:00:32.971906,False,balanced,entropy,,0.5,2,6,300,0.8726356867484413,0.0034990142002893155,"[0.8729862083125398, 0.874385551345577, 0.8658013890196936, 0.8747597170454314, 0.8752455680189642]",COMPLETE
63,0.8728859422457372,2026-08-26 10:11:20.107474,2026-08-26 10:11:52.949572,0 days 00:00:32.842098,False,balanced,entropy,,0.5,2,7,300,0.8728859422457372,0.0030036904954076223,"[0.8731542258889812, 0.8742443762868155, 0.867217751252903, 0.8737028679885824, 0.876110489811404]",COMPLETE
64,0.8728859422457372,2026-08-26 10:11:52.949885,2026-08-26 10:12:25.896925,0 days 00:00:32.947040,False,balanced,entropy,,0.5,2,7,300,0.8728859422457372,0.0030036904954076223,"[0.8731542258889812, 0.8742443762868155, 0.867217751252903, 0.8737028679885824, 0.876110489811404]",COMPLETE
65,0.6745267906481601,2026-08-26 10:12:25.897246,2026-08-26 10:12:47.144272,0 days 00:00:21.247026,False,balanced,entropy,8.0,0.5,2,7,300,0.6745267906481601,0.006872190941534072,"[0.67143555668344, 0.6759820203453254, 0.6634187464615072, 0.6840506071934644, 0.6777470225570633]",COMPLETE
66,0.8548294148425721,2026-08-26 10:12:47.144587,2026-08-26 10:13:00.010832,0 days 00:00:12.866245,False,balanced,entropy,,log2,2,9,300,0.8548294148425721,0.003325909307460165,"[0.8571277850384055, 0.8581568455399772, 0.8487251741816096, 0.8559568510997083, 0.8541804183531599]",COMPLETE
67,0.8666323586690355,2026-08-26 10:13:00.011157,2026-08-26 10:13:58.999154,0 days 00:00:58.987997,False,balanced,log_loss,48.0,0.7,1,12,400,0.8666323586690355,0.0035065667847817296,"[0.8635757254093982, 0.8693101359240037, 0.8612948186541584, 0.8692272792272792, 0.8697538341303384]",COMPLETE
68,0.8662833775340726,2026-08-26 10:13:58.999487,2026-08-26 10:14:31.575780,0 days 00:00:32.576293,False,balanced,entropy,,0.5,1,17,300,0.8662833775340726,0.0037410825101304728,"[0.8661623232029405, 0.8696843624429093, 0.8594643121716318, 0.8663744412315841, 0.8697314486212974]",COMPLETE
69,0.8732482124594988,2026-08-26 10:14:31.576090,2026-08-26 10:15:15.327661,0 days 00:00:43.751571,False,balanced,entropy,,0.5,2,7,400,0.8732482124594988,0.00297632435546356,"[0.8717016402111248, 0.876464385834657, 0.8682103630422139, 0.8744301407158549, 0.8754345324936429]",COMPLETE
70,0.8060076530999162,2026-08-26 10:15:15.327979,2026-08-26 10:15:30.817745,0 days 00:00:15.489766,False,balanced,entropy,12.0,0.3,4,14,300,0.8060076530999162,0.0061466827976416165,"[0.7979740303041128, 0.8126434561639791, 0.8020553002608516, 0.8036626645198073, 0.8137028142508301]",COMPLETE
71,0.8723145087660908,2026-08-26 10:15:30.818043,2026-08-26 10:16:14.675400,0 days 00:00:43.857357,False,balanced,entropy,,0.5,2,6,400,0.8723145087660908,0.0026618964684183032,"[0.8732057258800374, 0.8743168150314222, 0.8670517015978381, 0.8732531083959655, 0.8737451929251906]",COMPLETE
72,0.8723994871239089,2026-08-26 10:16:14.675721,2026-08-26 10:16:58.273828,0 days 00:00:43.598107,False,balanced,entropy,,0.5,2,8,400,0.8723994871239089,0.004563589654445773,"[0.8722074355942109, 0.874047773538932, 0.8640625255262485, 0.8738148946720375, 0.877864806288116]",COMPLETE
73,0.8704390047103703,2026-08-26 10:16:58.274148,2026-08-26 10:17:42.685459,0 days 00:00:44.411311,False,balanced,entropy,,0.5,1,10,400,0.8704390047103703,0.004206281151980395,"[0.8675727816720208, 0.873519071480919, 0.8639479595728657, 0.8714649454649455, 0.8756902653611002]",COMPLETE
