number,value,datetime_start,datetime_complete,duration,params_colsample_bytree,params_gamma,params_learning_rate,params_max_depth,params_min_child_weight,params_reg_alpha,params_reg_lambda,params_subsample,user_attrs_cv_mean,user_attrs_cv_std,user_attrs_fold_best_iterations,user_attrs_fold_scores,state
0,0.8358851293866095,2026-08-26 12:18:56.125071,2026-08-26 12:19:14.362406,0 days 00:00:18.237335,0.7442003345025142,1.8277151418544553,0.019677977348166304,9,2.1771032186203514,8.665537597324885e-06,1.0311514495138399,0.8978561926718072,0.8358851293866095,0.003959333599185421,"[1467, 1491, 1480, 1500, 1500]","[0.8369214769163328, 0.8424248120368579, 0.8317011595714844, 0.8365641262784119, 0.8318140721299606]",COMPLETE
1,0.8525307266509768,2026-08-26 12:19:14.362726,2026-08-26 12:19:30.104823,0 days 00:00:15.742097,0.7826484435755748,0.3403911033599112,0.09439831569936806,7,2.880043790954131,1.5100408408589772e-07,23.538263110950048,0.9842104900822669,0.8525307266509768,0.004364772244443668,"[1496, 1500, 1438, 1476, 1493]","[0.8558148896119103, 0.8582238554897433, 0.853270619860696, 0.8491383294240437, 0.8462059388684916]",COMPLETE
2,0.8707084398731398,2026-08-26 12:19:30.105142,2026-08-26 12:19:46.833739,0 days 00:00:16.728597,0.6855299248522434,0.41743875595471047,0.14726161255504092,10,6.781935357780796,3.864031899313156e-05,14.610499699549097,0.8585642249613574,0.8707084398731398,0.0027357473765245253,"[1492, 1469, 1460, 1500, 1494]","[0.8710221731891434, 0.8739314975105351, 0.8670063387832115, 0.8733616807902522, 0.8682205090925565]",COMPLETE
3,0.8496985345614421,2026-08-26 12:19:46.834064,2026-08-26 12:20:02.602504,0 days 00:00:15.768440,0.6595392252176876,0.4774657914394431,0.08394754752250128,5,5.011643571251018,5.357340695323986e-08,0.18099954688158187,0.9450697344147837,0.8496985345614421,0.0033550860368645238,"[1496, 1500, 1492, 1500, 1492]","[0.8495155535946447, 0.8507527665259955, 0.8536828043333241, 0.8509772332629475, 0.8435643150902986]",COMPLETE
4,0.7997623600624479,2026-08-26 12:20:02.602816,2026-08-26 12:20:18.341371,0 days 00:00:15.738555,0.9963290723923126,1.1322462171492673,0.048769840070943336,4,13.502442798764482,0.00014367270092871558,0.1399264351773497,0.9178299664912868,0.7997623600624479,0.002962093809692125,"[1498, 1500, 1500, 1500, 1500]","[0.7997547875940331, 0.8023758498890854, 0.8036909466492577, 0.7961373729945157, 0.796852843185348]",COMPLETE
5,0.7834719379868638,2026-08-26 12:20:18.341693,2026-08-26 12:20:36.465729,0 days 00:00:18.124036,0.8904231274266234,2.130692051488852,0.018099146987238985,8,15.164258427643505,0.009425386803829051,20.136195700340338,0.953044632771952,0.7834719379868638,0.003474847696552512,"[1500, 1486, 1497, 1500, 1500]","[0.7801685666726926, 0.7883289622653035, 0.7856240960879264, 0.784299665156808, 0.7789383997515881]",COMPLETE
6,0.8409497701954727,2026-08-26 12:20:36.466066,2026-08-26 12:21:09.905198,0 days 00:00:33.439132,0.7970893967426577,0.46120338258524907,0.01918354750824495,10,0.7811624819629674,6.963704487425356,0.47063847559435423,0.782598566894961,0.8409497701954727,0.0031667829503079807,"[1500, 1500, 1500, 1500, 1500]","[0.8440774694807489, 0.8451981648267148, 0.8398477960038351, 0.836971706400278, 0.8386537142657864]",COMPLETE
7,0.8551460550110856,2026-08-26 12:21:09.905532,2026-08-26 12:21:33.951595,0 days 00:00:24.046063,0.7269413610677277,1.266165560263202,0.022953302153308094,10,1.7604099383967902,2.041568273325791e-06,2.5538276254965817,0.6529433178954122,0.8551460550110856,0.003920300595794076,"[1500, 1494, 1500, 1480, 1500]","[0.861045022129579, 0.8581285100702098, 0.8526579049421188, 0.8501434458577316, 0.8537553920557891]",COMPLETE
8,0.8243323463505096,2026-08-26 12:21:33.951918,2026-08-26 12:21:52.994301,0 days 00:00:19.042383,0.9645659651689448,0.047573401053791486,0.11851328676362981,3,20.063522776432464,0.34420918881100815,4.715832950352583,0.7074625481911713,0.8243323463505096,0.0014505403847676615,"[1499, 1499, 1500, 1500, 1498]","[0.8257391671150112, 0.8254607365508662, 0.8251190147567814, 0.8234236165664738, 0.8219191967634147]",COMPLETE
9,0.7238322489926128,2026-08-26 12:21:52.994619,2026-08-26 12:22:07.607688,0 days 00:00:14.613069,0.837631051781117,1.8972954750065205,0.033391708755025735,3,8.12005959578132,2.437950567013768,6.697837558293906,0.8256997968048689,0.7238322489926128,0.005907824125704608,"[1500, 1500, 1500, 1500, 1500]","[0.7187408595088373, 0.7264580670007742, 0.7240532215098714, 0.7332950167235882, 0.7166140802199926]",COMPLETE
10,0.78261957156579,2026-08-26 12:22:07.608017,2026-08-26 12:22:17.644641,0 days 00:00:10.036624,0.6025554256995838,2.9869578392012968,0.17115128841996644,6,0.8625345056254972,1.239446148413562e-09,0.9684799729031198,0.8154186866999962,0.78261957156579,0.007098792112119973,"[1379, 1500, 1396, 1416, 1467]","[0.7762594509686997, 0.7931163572175253, 0.7883538287169195, 0.7808250773965059, 0.7745431435293]",COMPLETE
11,0.8570340523160944,2026-08-26 12:22:17.644955,2026-08-26 12:22:37.985793,0 days 00:00:20.340838,0.7068708218135153,1.1015819037394388,0.04809950013571818,10,2.000151976177787,4.514632609962317e-05,5.019540607508096,0.6132599083973347,0.8570340523160944,0.003367616232765932,"[1470, 1487, 1500, 1500, 1484]","[0.8614515281056917, 0.8608390384547281, 0.8546010013119648, 0.8542693602693602, 0.8540093334387276]",COMPLETE
12,0.8547945996323734,2026-08-26 12:22:37.986121,2026-08-26 12:22:58.362137,0 days 00:00:20.376016,0.6782743329282878,1.0252076108694772,0.05449774578204275,9,5.024974615071706,0.0009910433108845519,8.210034909208419,0.6446773085991204,0.8547945996323734,0.0029748309049487534,"[1490, 1498, 1500, 1500, 1484]","[0.8550321891955157, 0.8602110388450545, 0.8530853578164691, 0.8513814333814334, 0.8542629789233938]",COMPLETE
13,0.85976741796909,2026-08-26 12:22:58.362460,2026-08-26 12:23:14.808992,0 days 00:00:16.446532,0.6725320077667093,0.7848649789462945,0.19639010434181664,10,1.334503164197373,6.501336646332095e-05,11.389015447500912,0.6021768360536973,0.85976741796909,0.003933584764641335,"[1497, 1428, 1472, 1469, 1448]","[0.8591817612205567, 0.8659888605422846, 0.853680602999647, 0.8607561736133165, 0.8592296914696448]",COMPLETE
14,0.858551660131876,2026-08-26 12:23:14.809307,2026-08-26 12:23:30.005514,0 days 00:00:15.196207,0.6067985020666221,0.7357192839349284,0.1748224970113755,8,0.5629506277333849,0.007366281502087388,15.167077457961938,0.7251257998024343,0.858551660131876,0.002561900650510493,"[1490, 1498, 1476, 1474, 1481]","[0.8593803318898164, 0.8609457327226054, 0.8552307354307139, 0.8613724856582, 0.855829014958044]",COMPLETE
15,0.8648432435241358,2026-08-26 12:23:30.005850,2026-08-26 12:24:00.347585,0 days 00:00:30.341735,0.6536074054839038,0.014190871821646578,0.19817774165410926,9,27.489547649192218,7.749040818304145e-07,11.633131249215683,0.8690856269930812,0.8648432435241358,0.0030867312063663694,"[841, 700, 682, 916, 814]","[0.8641330289282277, 0.8662768891563233, 0.8638393218176735, 0.869675642247071, 0.8602913354713828]",COMPLETE
16,0.8633413100460657,2026-08-26 12:24:00.347897,2026-08-26 12:24:39.335955,0 days 00:00:38.988058,0.6390519450381702,0.020524823242183767,0.13177796734730307,8,29.266819628702436,2.2588770720502548e-07,3.0830473334047306,0.8586927017191538,0.8633413100460657,0.0031187038073727242,"[1236, 1194, 1231, 1262, 1253]","[0.8593532641045233, 0.8688708999554567, 0.8633372288650394, 0.8632685598399884, 0.8618765974653214]",COMPLETE
17,0.8780553715921655,2026-08-26 12:24:39.336284,2026-08-26 12:24:58.223201,0 days 00:00:18.886917,0.7462766269481121,0.262938132752185,0.11559880571167458,9,8.540761076488415,2.172213690433863e-09,2.083558458304227,0.8864095686072445,0.8780553715921655,0.0026010460384190675,"[1490, 1497, 1474, 1500, 1499]","[0.8796309766990295, 0.8800340136569909, 0.8745860980809003, 0.8807868870726013, 0.8752388824513062]",COMPLETE
18,0.8355722541857261,2026-08-26 12:24:58.223530,2026-08-26 12:25:11.982938,0 days 00:00:13.759408,0.7685876627442525,1.4557408989094207,0.0782463128351522,6,7.513754202666461,3.0898501493733272e-09,1.1357101578547972,0.7667214138864583,0.8355722541857261,0.002701564955194048,"[1494, 1500, 1500, 1500, 1494]","[0.8368355042790795, 0.8382481477924625, 0.8381357750280696, 0.8322158113586685, 0.8324260324703511]",COMPLETE
19,0.8371484552667887,2026-08-26 12:25:11.983278,2026-08-26 12:25:22.527404,0 days 00:00:10.544126,0.8425310595120723,0.7312884368852899,0.13279314941400044,7,4.053989981004542,1.3760240810671025e-08,0.35425072033627353,0.9967124142755496,0.8371484552667887,0.003449217916242928,"[893, 1500, 1353, 1497, 1157]","[0.8351062388355283, 0.8429306074199441, 0.8373779492079781, 0.8378048326619756, 0.8325226482085175]",COMPLETE
20,0.87475293241197,2026-08-26 12:25:22.527722,2026-08-26 12:25:46.449165,0 days 00:00:23.921443,0.705568621452069,0.31089772099195145,0.06418949709826452,9,9.115994902439157,0.09095647740042732,2.2641434467107167,0.8681238025780942,0.87475293241197,0.003555900481832692,"[1498, 1497, 1492, 1500, 1500]","[0.8787625289129951, 0.8789879420999345, 0.8718967418622331, 0.8738662967234396, 0.8702511524612481]",COMPLETE
21,0.8731170287189804,2026-08-26 12:25:46.449493,2026-08-26 12:26:07.062471,0 days 00:00:20.612978,0.7156866437123837,0.34181595694196115,0.06857798114488887,9,8.748670161501403,0.48317265512657953,1.9422836377699944,0.8782041330301507,0.8731170287189804,0.003431284577302715,"[1497, 1497, 1500, 1500, 1484]","[0.8729864498695278, 0.8793067327850309, 0.870852630081866, 0.8732459435316579, 0.8691933873268196]",COMPLETE
22,0.8701848815704075,2026-08-26 12:26:07.062831,2026-08-26 12:26:28.766973,0 days 00:00:21.704142,0.739912759336613,0.34106308655449113,0.06651217468208913,9,11.554094959194167,0.15851927368239083,1.9222542302610328,0.900149073766403,0.8701848815704075,0.0028891625659671644,"[1488, 1497, 1485, 1500, 1499]","[0.8723813732241553, 0.8743934311757696, 0.867716383332073, 0.8698534007105435, 0.866579819409496]",COMPLETE
23,0.8768712463582847,2026-08-26 12:26:28.767302,2026-08-26 12:26:53.021431,0 days 00:00:24.254129,0.8161400869086647,0.2298959367723586,0.10357567616016997,8,9.825653021639553,0.03367336652018941,1.616281742805327,0.8224550556193101,0.8768712463582847,0.0029406891959037383,"[1271, 1499, 1492, 1500, 1448]","[0.8772257132516482, 0.8781441436425896, 0.8767410737450391, 0.8806145663288519, 0.8716307348232953]",COMPLETE
24,0.8641812594647591,2026-08-26 12:26:53.021760,2026-08-26 12:27:09.560599,0 days 00:00:16.538839,0.8500368212761793,0.6478612884614297,0.10408414139034529,7,11.4194089410537,0.011601566918598627,0.6463820045841848,0.8172555698933346,0.8641812594647591,0.003404909096011353,"[1500, 1499, 1480, 1500, 1491]","[0.8649063484176548, 0.8677565426194725, 0.8616138671856173, 0.8675906035906036, 0.8590389355104474]",COMPLETE
25,0.8653259936855772,2026-08-26 12:27:09.560913,2026-08-26 12:27:51.125128,0 days 00:00:41.564215,0.8156322899320291,0.19348598583840332,0.03376207213703955,8,16.79796399788668,0.0544165872863283,1.386114759754914,0.7615666242320015,0.8653259936855772,0.002256377235322328,"[1500, 1500, 1500, 1500, 1500]","[0.8669792872872929, 0.8679186645764719, 0.8630110251743518, 0.8664554201697059, 0.8622655712200635]",COMPLETE
26,0.8601239438915359,2026-08-26 12:27:51.125457,2026-08-26 12:28:04.417897,0 days 00:00:13.292440,0.8981480418851177,0.949955346389509,0.10264804653521425,8,3.707821157244363,0.0003824362507556758,3.271475386017675,0.8380099865899632,0.8601239438915359,0.0019309476783573776,"[1496, 1473, 1500, 1500, 1486]","[0.8610563628332356, 0.8608885705244081, 0.8617343206137548, 0.8606063391777677, 0.8563341263085132]",COMPLETE
27,0.8684626484022271,2026-08-26 12:28:04.418212,2026-08-26 12:28:29.066459,0 days 00:00:24.648247,0.7600053655625387,0.5912999703320375,0.039562476336283556,7,5.984494598696171,0.0011105988818385128,0.6872518464735312,0.7895756603797992,0.8684626484022271,0.0035725950264086153,"[1496, 1499, 1500, 1500, 1499]","[0.8742845518635894, 0.8707858698337746, 0.8665788859088611, 0.8661609327323614, 0.8645030016725483]",COMPLETE
28,0.8798321251366319,2026-08-26 12:28:29.066791,2026-08-26 12:28:57.300704,0 days 00:00:28.233913,0.9035571214411334,0.16307760375610608,0.06440850471552748,9,9.356929348314193,0.03078720565945149,1.7914082629340526,0.92788520711102,0.8798321251366319,0.0029187759225365083,"[1496, 1500, 1486, 1499, 1493]","[0.8801025247035321, 0.8824314135635537, 0.8776058191006214, 0.8834221754221754, 0.875598692893277]",COMPLETE
29,0.8760036914499623,2026-08-26 12:28:57.301033,2026-08-26 12:29:17.802702,0 days 00:00:20.501669,0.9177835330770112,0.174106856033297,0.08240518340999604,9,10.099523253467344,1.5900935063071773,1.4202338879009222,0.9241458984244015,0.8760036914499623,0.0025047322151947847,"[1498, 1472, 1486, 1500, 1499]","[0.8786250562846855, 0.8787837010788463, 0.8721332623405283, 0.8746831098259671, 0.8757933277197841]",COMPLETE
30,0.824031104559768,2026-08-26 12:29:17.803013,2026-08-26 12:29:29.637318,0 days 00:00:11.834305,0.939508325727845,0.8704176806234408,0.12088884539740243,6,18.11504872628474,2.9945472770271383e-06,0.31148575461658956,0.9683188589261923,0.824031104559768,0.0032325862497361636,"[1361, 1500, 1324, 1488, 1494]","[0.8225996684699931, 0.8289561585407689, 0.8259975111279365, 0.8231945303373874, 0.8194076543227539]",COMPLETE
31,0.8730464628400924,2026-08-26 12:29:29.637644,2026-08-26 12:29:49.222170,0 days 00:00:19.584526,0.8900715317553145,0.17942344583682485,0.08146000052092844,9,11.870956011452801,2.0854406303849107,1.5208346220440563,0.9362053170330361,0.8730464628400924,0.0017348340073933552,"[1497, 1499, 1489, 1500, 1492]","[0.8751586700014521, 0.8738647291177566, 0.8699344249585382, 0.8734658814658814, 0.8728086086568331]",COMPLETE
32,0.8673618425994457,2026-08-26 12:29:49.222487,2026-08-26 12:30:15.823228,0 days 00:00:26.600741,0.919748875588488,0.21161042326574936,0.09885878528944196,8,22.165997395137644,0.031315264630833645,0.9314326575690436,0.909675369976811,0.8673618425994457,0.0023610548130199895,"[1468, 1498, 1491, 1500, 1494]","[0.8649176972659988, 0.8706710867574655, 0.8685064967540587, 0.8683086537372252, 0.8644052784824799]",COMPLETE
33,0.8254864320751268,2026-08-26 12:30:15.823547,2026-08-26 12:30:28.993447,0 days 00:00:13.169900,0.9461092517946128,0.45624620808148064,0.08829160413873587,9,9.89521112813443,9.408302944249108,4.02067526434441,0.9269577594536152,0.8254864320751268,0.002779628784587804,"[1496, 1495, 1500, 1500, 1492]","[0.8231108926479198, 0.8308113143519852, 0.8240561492671663, 0.8238799541656685, 0.8255738499428945]",COMPLETE
34,0.8694473746301792,2026-08-26 12:30:28.993776,2026-08-26 12:30:41.832708,0 days 00:00:12.838932,0.86212959718046,0.5654177682075594,0.1518842040197946,10,6.099993119114918,0.002554702091970482,1.561814380642602,0.8932166349718167,0.8694473746301792,0.002542968341604858,"[1490, 1411, 1492, 1470, 1439]","[0.8716063110809654, 0.8732539658311816, 0.8671036602688087, 0.8683883103883104, 0.8668846255816298]",COMPLETE
35,0.8755105857704597,2026-08-26 12:30:41.833024,2026-08-26 12:31:01.687130,0 days 00:00:19.854106,0.8100029298045003,0.17607982394743638,0.057010858584817074,8,3.971121098849584,1.0026208197559328,0.683470361192524,0.9701838936753047,0.8755105857704597,0.003458498758189929,"[1496, 1500, 1495, 1500, 1493]","[0.8770675189927145, 0.8807918313323951, 0.8733685236398773, 0.8757964680821825, 0.8705285868051295]",COMPLETE
36,0.816697393961498,2026-08-26 12:31:01.687460,2026-08-26 12:31:12.726911,0 days 00:00:11.039451,0.9905462897315671,2.7487401913156297,0.07446615169345247,9,2.990249280584988,0.21553249625497864,1.2355485254037823,0.8902886358325917,0.816697393961498,0.004014389597268343,"[1490, 1412, 1047, 1446, 1486]","[0.8150332096526501, 0.8239494712886631, 0.8142391522432247, 0.8178041009469581, 0.812461035675994]",COMPLETE
37,0.8590529315094818,2026-08-26 12:31:12.727236,2026-08-26 12:31:27.268513,0 days 00:00:14.541277,0.8763432271184883,0.49783530413082216,0.09085903956289838,7,5.2572706663202045,0.02562594847196976,2.8622239421249454,0.9523040240550134,0.8590529315094818,0.003326086178680312,"[1498, 1491, 1475, 1490, 1494]","[0.8640704297905026, 0.8575347659838068, 0.8618163655529426, 0.8564630456059028, 0.8553800506142538]",COMPLETE
38,0.8783749077444041,2026-08-26 12:31:27.268836,2026-08-26 12:31:43.796956,0 days 00:00:16.528120,0.7823465728292601,0.2736613551856823,0.11269210100597075,10,6.815700128823182,9.289752003627775e-06,0.8973725721058692,0.9210246173601286,0.8783749077444041,0.00220260675449741,"[1489, 1497, 1432, 1493, 1448]","[0.8790773919000262, 0.8792609194351773, 0.8740039281104548, 0.8798001415144272, 0.8797321577619349]",COMPLETE
39,0.8710477259025341,2026-08-26 12:31:43.797267,2026-08-26 12:32:02.922016,0 days 00:00:19.124749,0.7874682268629749,0.3780428799800073,0.11441806103579943,10,14.401850755915802,4.864594119581704e-08,0.23665918139440748,0.8511461396467839,0.8710477259025341,0.002558993685874259,"[1490, 1498, 1447, 1461, 1444]","[0.8733032807779352, 0.8743532881777444, 0.8671263498208092, 0.8702844588558875, 0.8701712518802941]",COMPLETE
40,0.8407356905699255,2026-08-26 12:32:02.922335,2026-08-26 12:32:12.558266,0 days 00:00:09.635931,0.7623638871931769,1.347971371267619,0.14742947603882298,10,6.818164328183039,1.776242175507318e-05,0.8460465685637126,0.9691385867743643,0.8407356905699255,0.005174174734630203,"[1233, 494, 1337, 1349, 1347]","[0.8395879264600731, 0.8505887010816814, 0.8352284186280542, 0.83923071865929, 0.8390426880205283]",COMPLETE
41,0.8811778758068151,2026-08-26 12:32:12.558598,2026-08-26 12:32:33.755083,0 days 00:00:21.196485,0.8230513798268493,0.151445675225869,0.10583738916086247,9,7.439838656943802,6.516119789414097e-06,0.5207717991609646,0.9199604370213873,0.8811778758068151,0.0020625712217599386,"[1493, 1183, 1473, 1500, 1262]","[0.8844831802673406, 0.8826871545756981, 0.8799766099018055, 0.8795914095914096, 0.8791510246978215]",COMPLETE
42,0.8840147699089111,2026-08-26 12:32:33.755422,2026-08-26 12:33:00.669177,0 days 00:00:26.913755,0.8228414012688231,0.014642111988752537,0.11275323430879314,10,7.310656745265945,0.00017000040858317422,0.1274497172043531,0.9106104519441277,0.8840147699089111,0.002897661715095259,"[578, 479, 483, 685, 534]","[0.8861190519233602, 0.8854816876760934, 0.8803200580602789, 0.8873737856595, 0.8807792662253237]",COMPLETE
43,0.8834102346199192,2026-08-26 12:33:00.669502,2026-08-26 12:33:25.312279,0 days 00:00:24.642777,0.7986871572166412,0.0027489230804911002,0.12963862529136935,10,6.671783247432165,6.432045221502888e-06,0.16873361155679586,0.912876909972581,0.8834102346199192,0.0031136928337887116,"[492, 481, 462, 575, 409]","[0.8850577119645816, 0.8854186298584542, 0.8825553360098425, 0.8863152094580666, 0.8777042858086513]",COMPLETE
44,0.8854466504530849,2026-08-26 12:33:25.312601,2026-08-26 12:33:45.964379,0 days 00:00:20.651778,0.8291545919409499,0.04484018730534913,0.13438171891113485,10,6.759346456870686,6.234155584767853e-06,0.11579663844546687,0.9438464562071578,0.8854466504530849,0.003551447035766064,"[469, 511, 462, 870, 470]","[0.8834102661926048, 0.8877684737614006, 0.8840231982341081, 0.8910580970580971, 0.8809732170192138]",COMPLETE
45,0.887132055693379,2026-08-26 12:33:45.964708,2026-08-26 12:34:08.895912,0 days 00:00:22.931204,0.8366027486709143,0.0074592591523478516,0.13425298654718823,10,4.393884468634246,2.866300487200738e-06,0.12470614007973976,0.9444137230908928,0.887132055693379,0.0026161933710011913,"[414, 375, 390, 458, 465]","[0.8880279090593097, 0.8876578436507705, 0.8862412398605732, 0.890879677451106, 0.8828536084451358]",COMPLETE
46,0.8877474627480811,2026-08-26 12:34:08.896236,2026-08-26 12:34:22.061321,0 days 00:00:13.165085,0.8300844307506628,0.033949120465310595,0.15716659617597792,10,2.638176514631532,2.5527729277360785e-06,0.10719977296294511,0.9919841850693425,0.8877474627480811,0.004067115402241554,"[794, 324, 252, 781, 497]","[0.8861629217858988, 0.8937145301579982, 0.8855656923919705, 0.8909719366862224, 0.8823222327183157]",COMPLETE
47,0.8863596510295579,2026-08-26 12:34:22.061640,2026-08-26 12:34:36.802439,0 days 00:00:14.740799,0.799244337406663,0.039965823056099754,0.157926156162152,10,2.6258870771557934,5.40605826184488e-07,0.10527598360394627,0.9945199245851312,0.8863596510295579,0.002995727920184888,"[1251, 544, 690, 1280, 806]","[0.887073488636022, 0.8899978560915223, 0.8849872329966639, 0.8883914303914304, 0.8813482470321509]",COMPLETE
48,0.889176478549048,2026-08-26 12:34:36.802764,2026-08-26 12:34:47.777923,0 days 00:00:10.975159,0.8303954704727565,0.025546748764057856,0.1721988817417702,10,1.5066605755026634,8.348384325931241e-07,0.10243533161390307,0.998565354731129,0.889176478549048,0.001706016041481387,"[462, 241, 292, 243, 718]","[0.8899729814952192, 0.8917177406081059, 0.8878160216203298, 0.8895395469681184, 0.8868361020534669]",COMPLETE
49,0.8650530137135302,2026-08-26 12:34:47.778248,2026-08-26 12:34:54.620865,0 days 00:00:06.842617,0.8401583323240338,0.49640219727433477,0.16779821245996077,10,1.3381600310865613,6.404762323521287e-07,0.1028090462670334,0.9962691305743754,0.8650530137135302,0.0030595008093589364,"[537, 191, 975, 380, 621]","[0.8689016701712019, 0.8667104792071033, 0.8599055567849909, 0.8660318574604289, 0.8637155049439266]",COMPLETE
