number,value,datetime_start,datetime_complete,duration,params_colsample_bytree,params_gamma,params_learning_rate,params_max_depth,params_min_child_weight,params_reg_alpha,params_reg_lambda,params_subsample,user_attrs_cv_mean,user_attrs_cv_std,user_attrs_fold_best_iterations,user_attrs_fold_scores,state
50,0.8844572631798684,2026-08-26 12:34:54.621193,2026-08-26 12:35:08.303372,0 days 00:00:13.682179,0.8663439735461846,0.08897597969845202,0.1615264797234582,10,2.4207665338240956,1.4729112481048257e-07,0.10082680962408064,0.9833299705354099,0.8844572631798684,0.0032655259734164326,"[1135, 1454, 532, 1488, 1335]","[0.88314515239818, 0.8890912169394647, 0.8858539381289354, 0.8850169278740707, 0.879179080558691]",COMPLETE
51,0.8856773292828704,2026-08-26 12:35:08.303697,2026-08-26 12:35:22.044448,0 days 00:00:13.740751,0.8678309385316593,0.0657758308696549,0.16018072458590563,10,2.4328319721387777,1.402276912330485e-07,0.10301467133753961,0.977689787072989,0.8856773292828704,0.0030762841410092705,"[1151, 822, 1486, 529, 762]","[0.8853765107943653, 0.8873523534460196, 0.8806541334364718, 0.8900049585763871, 0.8849986901611083]",COMPLETE
52,0.8871826209479738,2026-08-26 12:35:22.044766,2026-08-26 12:35:33.414957,0 days 00:00:11.370191,0.8575658962113457,0.09417907722266107,0.1851859234065546,10,1.648695779958876,1.1449696358537803e-06,0.20756240087700314,0.9488357797720683,0.8871826209479738,0.0024521389086069167,"[1380, 479, 425, 963, 681]","[0.8866992539724294, 0.8901621712375114, 0.8862050245606135, 0.8894929214929214, 0.8833537334763936]",COMPLETE
53,0.8723235938084308,2026-08-26 12:35:33.415268,2026-08-26 12:35:44.200362,0 days 00:00:10.785094,0.8610240178609769,0.3959381305215221,0.18288076442054635,10,1.6791807619172712,9.838710982885513e-07,0.17464748482384101,0.9566342728259227,0.8723235938084308,0.0039002999667934824,"[1233, 615, 1317, 1500, 1214]","[0.8735437452436702, 0.8767851770198787, 0.8731527247922061, 0.8731168682597253, 0.8650194537266742]",COMPLETE
54,0.8834153195632523,2026-08-26 12:35:44.200696,2026-08-26 12:35:57.255611,0 days 00:00:13.054915,0.8476955562486148,0.09935871217330755,0.19066975437313524,10,2.6303238413194006,1.634123108987769e-07,0.23401754915890172,0.9815024879430511,0.8834153195632523,0.004065164820358278,"[884, 1461, 1298, 1349, 972]","[0.8809537280217808, 0.8910860467126677, 0.8816161921329643, 0.8837932700789843, 0.8796273608698643]",COMPLETE
55,0.8733997161111888,2026-08-26 12:35:57.255947,2026-08-26 12:36:06.546368,0 days 00:00:09.290421,0.875251103906735,0.2932526428236541,0.15496508187121774,10,1.0839742450656709,2.0783671243923288e-08,0.1523962463018573,0.9912521667248914,0.8733997161111888,0.0015126695393587178,"[775, 299, 505, 1137, 1496]","[0.871898484515996, 0.8746873554092502, 0.8732882213544523, 0.8754940803512232, 0.871630438925023]",COMPLETE
56,0.7431190412131707,2026-08-26 12:36:06.546685,2026-08-26 12:36:16.682901,0 days 00:00:10.136216,0.7983501697364842,2.383307589412172,0.14065532537103584,4,1.8365270802286664,3.861491647928445e-07,0.21682376372158296,0.9595547864357238,0.7431190412131707,0.005148453899032589,"[1432, 1489, 1475, 1438, 1459]","[0.7399993926537706, 0.7431220810768554, 0.7484329419811147, 0.7488082182367896, 0.7352325721173235]",COMPLETE
57,0.8719293732458674,2026-08-26 12:36:16.683225,2026-08-26 12:36:27.741189,0 days 00:00:11.057964,0.8828607011524261,0.4061232651917659,0.17616765885721364,10,3.3669204209092243,2.0801547744105997e-06,0.13422155209415462,0.9795919013345618,0.8719293732458674,0.0028616981683060585,"[1496, 849, 1273, 1494, 1456]","[0.8734713064990633, 0.875891854637541, 0.8722517478472896, 0.870717169860027, 0.8673147873854163]",COMPLETE
58,0.889430392937868,2026-08-26 12:36:27.741515,2026-08-26 12:36:46.403321,0 days 00:00:18.661806,0.8336628990924979,0.009469716699535311,0.16071172741139667,10,2.186010539176034,6.233461887206211e-08,0.3162227748521999,0.9428058543001516,0.889430392937868,0.003296402963865757,"[296, 244, 238, 315, 316]","[0.8908357589294252, 0.8882493864034964, 0.8879229411558208, 0.8949640735355021, 0.8851798046650955]",COMPLETE
59,0.8898033042357948,2026-08-26 12:36:46.403634,2026-08-26 12:37:06.702214,0 days 00:00:20.298580,0.8014298399201021,0.0021282319251330686,0.1466640573853812,9,1.5096223825752528,2.347509431444595e-05,0.32493838682786375,0.9992039354885464,0.8898033042357948,0.00336262709326255,"[353, 411, 353, 433, 337]","[0.8868576653542894, 0.8939739736005946, 0.8882685743585969, 0.8937039302753589, 0.8862123775901347]",COMPLETE
60,0.8393409403318479,2026-08-26 12:37:06.702537,2026-08-26 12:37:15.319816,0 days 00:00:08.617279,0.8368979067948068,1.6269006920858553,0.1974081416979652,9,1.3448876281593607,2.7310703390212538e-05,0.34375286662393995,0.9420771096964881,0.8393409403318479,0.004916615855953886,"[1458, 1497, 732, 1490, 493]","[0.8354782803101312, 0.848355382908807, 0.8357285436593119, 0.8408571800000372, 0.8362853147809525]",COMPLETE
61,0.8795040244147622,2026-08-26 12:37:15.320145,2026-08-26 12:37:27.917340,0 days 00:00:12.597195,0.7842687353854406,0.11161684375780337,0.14490224943446123,10,1.5894074150622657,1.2310710991246719e-06,0.27556868848442045,0.9995157616920335,0.8795040244147622,0.0036259459834425286,"[1496, 828, 1450, 883, 1274]","[0.8781478379283545, 0.8831547585927609, 0.8816028835079311, 0.8815801478658623, 0.8730344941789022]",COMPLETE
62,0.8766026732735366,2026-08-26 12:37:27.917667,2026-08-26 12:37:41.452455,0 days 00:00:13.534788,0.8121140722163378,0.27486783453399866,0.1258849831320192,9,2.1635509048563444,3.880813860973189e-08,0.19694316706931417,0.9640508668635288,0.8766026732735366,0.003004553489314012,"[1256, 1396, 1126, 1490, 1214]","[0.8746814597898083, 0.8816698853130105, 0.8770524514245445, 0.876938080938081, 0.8726714889022387]",COMPLETE
63,0.885526719520859,2026-08-26 12:37:41.452779,2026-08-26 12:37:54.304513,0 days 00:00:12.851734,0.8540700287234246,0.10789749504156054,0.1770829029354001,10,1.0047780319394874,7.403031292177867e-05,0.44298548975654584,0.9451353224278459,0.885526719520859,0.0034494230167056088,"[1002, 846, 1475, 1490, 885]","[0.8834809622834486, 0.891198636599987, 0.8813966664207795, 0.8875038526467097, 0.88405347965337]",COMPLETE
64,0.8904271118385614,2026-08-26 12:37:54.304827,2026-08-26 12:38:49.921476,0 days 00:00:55.616649,0.772876152598831,0.023382058979632393,0.023036775169511192,9,0.6910827612003602,3.796873963588685e-07,0.14352519039503875,0.9868210620225404,0.8904271118385614,0.0034690379484421685,"[1500, 1499, 1498, 1497, 1496]","[0.8886844856957384, 0.8913913035051176, 0.8889653102824253, 0.8966245577674149, 0.8864699019421106]",COMPLETE
65,0.8769817856616937,2026-08-26 12:38:49.921812,2026-08-26 12:39:13.883428,0 days 00:00:23.961616,0.7757588427378466,0.28507146586071863,0.029865319243598108,9,0.535594497554299,9.293100574166316e-09,0.13712675701313615,0.9822557052145936,0.8769817856616937,0.003493431237200652,"[1496, 1461, 1430, 1460, 1452]","[0.87775094629151, 0.8824659024991252, 0.8750596058620922, 0.8777555551841266, 0.8718769184716146]",COMPLETE
66,0.8882273590065213,2026-08-26 12:39:13.883773,2026-08-26 12:40:11.164102,0 days 00:00:57.280329,0.7477224689287738,0.0038955362008595315,0.01686520257200218,9,0.6939821329542821,3.3939112202108594e-06,0.2951960198190585,0.953988535035859,0.8882273590065213,0.0029278967625633364,"[1500, 1500, 1500, 1500, 1500]","[0.8895797759994523, 0.891379962801461, 0.8860621068480891, 0.8904976330690616, 0.8836173163145423]",COMPLETE
67,0.8592269944355035,2026-08-26 12:40:11.164437,2026-08-26 12:40:37.834255,0 days 00:00:26.669818,0.7406972997976184,0.6249151412450693,0.01718247778954978,8,0.6499183109408605,1.1305051279130059e-05,0.4048421005755847,0.9581651273880951,0.8592269944355035,0.0036906719747617583,"[1496, 1500, 1492, 1495, 1492]","[0.8612435927988388, 0.8651396251454123, 0.8583920901891108, 0.8569482246625104, 0.8544114393816448]",COMPLETE
68,0.8785203813676883,2026-08-26 12:40:37.834602,2026-08-26 12:41:18.330199,0 days 00:00:40.495597,0.6941548130885556,0.23340047336483888,0.015053368394810192,9,0.7652388025784254,3.111426227375586e-07,0.2776801916369463,0.9717462135312567,0.8785203813676883,0.0030256570585668182,"[1500, 1500, 1500, 1495, 1496]","[0.880936725110983, 0.8805779922614131, 0.8782874956009667, 0.8800503917646775, 0.8727493021004017]",COMPLETE
69,0.8676556486020794,2026-08-26 12:41:18.330581,2026-08-26 12:41:41.765014,0 days 00:00:23.434433,0.7249374062489038,0.3512327499840177,0.023717529686219187,9,1.1296964356453254,5.959543774776188e-09,0.16262170942252144,0.9993275876881084,0.8676556486020794,0.00295681611100821,"[1496, 1492, 1468, 1497, 1377]","[0.8706254905305383, 0.8716619640377008, 0.8649888357473826, 0.8666069074640502, 0.8643950452307251]",COMPLETE
70,0.8843975427619013,2026-08-26 12:41:41.765323,2026-08-26 12:42:24.941641,0 days 00:00:43.176318,0.7462087758665039,0.15080220779669948,0.019113921735748617,9,0.9307681718371413,1.0215143716760767e-07,0.27290915831217544,0.9351120726123396,0.8843975427619013,0.0031888917997036784,"[1500, 1496, 1498, 1498, 1499]","[0.8858327822524587, 0.8890035016484487, 0.882650922986364, 0.8850159361587933, 0.8794845707634416]",COMPLETE
71,0.8906750787618265,2026-08-26 12:42:24.941974,2026-08-26 12:43:25.333095,0 days 00:01:00.391121,0.8293243286422978,0.001578876516716678,0.02199885044841747,10,1.489604042232638,3.2470782658747314e-06,0.18760896542350497,0.9466888230289957,0.8906750787618265,0.0021628898818083957,"[1500, 1497, 1488, 1500, 1497]","[0.8912747859197329, 0.8920537757609882, 0.8899024943826145, 0.8932190817905105, 0.8869252559552864]",COMPLETE
72,0.8835072714326486,2026-08-26 12:43:25.333428,2026-08-26 12:44:08.638195,0 days 00:00:43.304767,0.7572289192405053,0.1093177408029781,0.021890384862878524,8,1.518733629142045,3.330137451832616e-06,0.2011218424630541,0.9553649897172029,0.8835072714326486,0.0034931013962328956,"[1500, 1500, 1500, 1500, 1499]","[0.8830306027341713, 0.8890875145090128, 0.8826127316203407, 0.8845637882780739, 0.8782417200216441]",COMPLETE
73,0.8902177272383354,2026-08-26 12:44:08.638546,2026-08-26 12:45:02.971104,0 days 00:00:54.332558,0.7722121685625409,0.004918078886465699,0.026619051785322385,9,0.7019837603973369,1.3707859524786424e-06,0.245087451435577,0.9881252445910755,0.8902177272383354,0.004465537730985139,"[1473, 1498, 1498, 1500, 1459]","[0.8890643825664725, 0.8933230673159941, 0.8876157164419946, 0.8969360937932366, 0.8841493760739793]",COMPLETE
74,0.8902008276661763,2026-08-26 12:45:02.971435,2026-08-26 12:45:58.993599,0 days 00:00:56.022164,0.7728930781816402,0.0034348862371405345,0.02459459931199894,9,0.6439535040577812,1.6605240778100286e-06,0.5514415880664372,0.987211844194583,0.8902008276661763,0.004716832593099843,"[1500, 1487, 1498, 1495, 1499]","[0.8879419364220564, 0.8926797993045984, 0.8913284628104048, 0.8965203570917857, 0.8825335827020356]",COMPLETE
75,0.8784793783593432,2026-08-26 12:45:58.993934,2026-08-26 12:46:30.919960,0 days 00:00:31.926026,0.767271097426296,0.21522833699965904,0.023020828691865388,9,0.6896269654202604,2.136730745317262e-05,0.5720445021691183,0.9724354236189331,0.8784793783593432,0.0038481903104449627,"[1500, 1467, 1500, 1488, 1496]","[0.8817002131382156, 0.8811658325836871, 0.8786787331753573, 0.8797715563429849, 0.8710805565564717]",COMPLETE
76,0.8800445142740811,2026-08-26 12:46:30.920289,2026-08-26 12:47:02.103458,0 days 00:00:31.183169,0.7279551711332473,0.1913477347973275,0.02666228147370703,8,0.6129040129529579,8.52254140154232e-08,0.41241679101709644,0.965030329985431,0.8800445142740811,0.004208411847316443,"[1496, 1500, 1488, 1476, 1500]","[0.8782833589246621, 0.8858234013254912, 0.8803680727438096, 0.8824851790566076, 0.8732625593198348]",COMPLETE
77,0.8735624525771142,2026-08-26 12:47:02.103779,2026-08-26 12:47:30.316283,0 days 00:00:28.212504,0.7530362995438352,0.31677568935710043,0.02096655110909133,9,0.8611935016836604,9.298293068725492e-05,0.37618627407540756,0.9861187959077796,0.8735624525771142,0.0041184055397624235,"[1496, 1500, 1438, 1488, 1494]","[0.8760273511997871, 0.8772929321796538, 0.8727710852677094, 0.8758397135539994, 0.8658811806844214]",COMPLETE
78,0.8919871207439364,2026-08-26 12:47:30.316593,2026-08-26 12:48:26.030622,0 days 00:00:55.714029,0.7747304831366958,0.005632638465128438,0.025706662941232195,9,0.7306565268641724,2.9487010298861333e-07,0.5000246087351519,0.9311300884365499,0.8919871207439364,0.0033203686941584713,"[1500, 1500, 1466, 1499, 1499]","[0.8902420229877094, 0.8933403036390927, 0.8887571415632717, 0.8978758090186663, 0.8897203265109418]",COMPLETE
79,0.8694140612526435,2026-08-26 12:48:26.030961,2026-08-26 12:48:49.310509,0 days 00:00:23.279548,0.8078130014443669,0.5002026608784363,0.027297336940189144,8,0.7621735283404429,3.0140604234276383e-07,0.5338032192753318,0.9343213019470614,0.8694140612526435,0.004426497922837373,"[1496, 1499, 1492, 1500, 1494]","[0.872528452047046, 0.8757583015626098, 0.8679016372316125, 0.8681019795305508, 0.8627799358913983]",COMPLETE
80,0.8775977614070248,2026-08-26 12:48:49.310833,2026-08-26 12:49:11.998936,0 days 00:00:22.688103,0.7738336923866058,0.22185995484893117,0.03712661775617978,9,0.5246481873672987,1.4646174660965814e-06,0.346142239660126,0.9852078733897099,0.8775977614070248,0.003571930476316822,"[1496, 1479, 1430, 1446, 1494]","[0.8780581710053363, 0.8842067339139464, 0.8746683682877018, 0.8767007638436212, 0.8743547699845181]",COMPLETE
81,0.8866821625722174,2026-08-26 12:49:11.999252,2026-08-26 12:49:59.468558,0 days 00:00:47.469306,0.7920299180492775,0.1452111127895808,0.025306000975149096,9,1.2073957169454197,4.8314139498619396e-06,0.29977249071832685,0.6727976638846234,0.8866821625722174,0.004269800187131114,"[1500, 1475, 1495, 1499, 1480]","[0.8869227073826794, 0.8895989802439273, 0.8842446755782948, 0.892502428216714, 0.8801420214394714]",COMPLETE
82,0.8867019848090928,2026-08-26 12:49:59.468897,2026-08-26 12:50:56.714290,0 days 00:00:57.245393,0.7754701627310474,0.0020467755822579647,0.01687752816106185,9,0.8496167323397132,2.8726780716036393e-08,0.7863918605619761,0.9724429815574215,0.8867019848090928,0.0026360838861036306,"[1500, 1500, 1500, 1500, 1500]","[0.8874610237799606, 0.8902442080320121, 0.8850828036838111, 0.8881360729932158, 0.8825858155564646]",COMPLETE
83,0.889244291850926,2026-08-26 12:50:56.714615,2026-08-26 12:51:36.247801,0 days 00:00:39.533186,0.8036101300989589,0.0941742393802923,0.02982367751321764,9,0.5950080900375068,7.067040787018775e-08,0.4763481614038331,0.9010103608080041,0.889244291850926,0.0032467460225373062,"[1500, 1499, 1498, 1500, 1486]","[0.8892304322215372, 0.8936209192475402, 0.8877302742506901, 0.8915078566507137, 0.8841319768841496]",COMPLETE
84,0.8875077009199931,2026-08-26 12:51:36.248130,2026-08-26 12:52:13.509390,0 days 00:00:37.261260,0.8018946560710924,0.10349795367257311,0.032762866896740885,8,0.5799745207567004,7.706453653548303e-08,0.48068317503809044,0.9012342004688603,0.8875077009199931,0.004883873166439827,"[1492, 1499, 1498, 1500, 1500]","[0.8872700913839054, 0.8916758468116307, 0.8858596084807638, 0.8933130681702109, 0.8794198897534541]",COMPLETE
85,0.8829706987322347,2026-08-26 12:52:13.509724,2026-08-26 12:52:42.902938,0 days 00:00:29.393214,0.7869415375055405,0.2472670039126618,0.02908366984129129,9,0.9590465075523591,5.591197740881322e-07,0.257003147285895,0.8990621443281747,0.8829706987322347,0.0034675571480816563,"[1484, 1499, 1492, 1500, 1486]","[0.883215856633711, 0.8870374904589887, 0.8799825055212475, 0.8864146335574907, 0.878203007489735]",COMPLETE
86,0.8755205960604252,2026-08-26 12:52:42.903264,2026-08-26 12:53:14.641199,0 days 00:00:31.737935,0.8215247475417552,0.351961110226589,0.020269861826513018,9,1.9648633335967287,1.2669589857568346e-05,0.6694481628609926,0.9382388416693188,0.8755205960604252,0.0032948602821030746,"[1496, 1499, 1500, 1500, 1494]","[0.8768041559967399, 0.8808815145447876, 0.8752295832152225, 0.8736902654045511, 0.8709974611408251]",COMPLETE
87,0.8849430643045432,2026-08-26 12:53:14.641514,2026-08-26 12:53:51.174526,0 days 00:00:36.533012,0.8120364312376477,0.1571020765756895,0.0243082139689965,9,0.6061949248842935,1.788755483667465e-08,0.15243067135724464,0.9262231902964027,0.8849430643045432,0.004675330549757747,"[1496, 1499, 1492, 1499, 1496]","[0.8879229574451951, 0.8916854530062118, 0.8838650121198616, 0.8834871717728859, 0.8777547271785616]",COMPLETE
88,0.8758513008842254,2026-08-26 12:53:51.174853,2026-08-26 12:54:16.496819,0 days 00:00:25.321966,0.7326882465033404,0.41354280679150246,0.03131887581169937,8,0.5010931765977534,2.0066068835270198e-07,0.5837609530142494,0.866312336109461,0.8758513008842254,0.0037959432596373823,"[1497, 1498, 1500, 1500, 1500]","[0.8743799054278103, 0.8829640514643193, 0.8748745609407917, 0.8754498431641289, 0.8715881434240765]",COMPLETE
89,0.8906229708424795,2026-08-26 12:54:16.497146,2026-08-26 12:54:52.762466,0 days 00:00:36.265320,0.8279524827064983,0.07190735401615292,0.03985694183195508,9,0.8092537125949333,5.536706763938957e-08,0.33659546885953345,0.8812114217646958,0.8906229708424795,0.0032136728289198294,"[1500, 1487, 1416, 1499, 1500]","[0.8901294249557029, 0.8922274636892578, 0.8894634673923068, 0.8955193560907846, 0.8857751420843457]",COMPLETE
90,0.888141648927356,2026-08-26 12:54:52.762783,2026-08-26 12:55:27.509368,0 days 00:00:34.746585,0.7676294057555995,0.08630688399798525,0.038537666858751304,9,0.706419180477674,6.229180705989942e-09,0.3312440153062345,0.8783324706822272,0.888141648927356,0.0034564599252416787,"[1492, 1476, 1427, 1500, 1491]","[0.8879133512506141, 0.888768715679229, 0.8879268769985735, 0.8934914877772021, 0.8826078129311611]",COMPLETE
91,0.8852366815294515,2026-08-26 12:55:27.509692,2026-08-26 12:56:03.433388,0 days 00:00:35.923696,0.830871291300299,0.20675351128189834,0.025512028875905222,9,1.486092535182036,8.042476783001154e-07,0.44631789994360654,0.8854201168557948,0.8852366815294515,0.002098137858524124,"[1500, 1500, 1483, 1500, 1486]","[0.8854472150298965, 0.8890971125589066, 0.8834984238741607, 0.8848831503117217, 0.8832575058725718]",COMPLETE
92,0.8918181619258434,2026-08-26 12:56:03.433715,2026-08-26 12:56:39.172001,0 days 00:00:35.738286,0.8466054275507165,0.04991113425875956,0.04702222229477066,9,0.8147490789567992,7.865916026150009e-08,0.24796469863333262,0.8472724333165781,0.8918181619258434,0.003719658576221338,"[1170, 1269, 832, 1488, 1066]","[0.8931587521700051, 0.8947108525224484, 0.8909655769951558, 0.8952548503977077, 0.8850007775438993]",COMPLETE
93,0.8897536426202992,2026-08-26 12:56:39.172323,2026-08-26 12:57:12.351663,0 days 00:00:33.179340,0.7908521565770923,0.07495351856753596,0.046934168476134894,9,0.8197952282440417,2.924892461008004e-08,0.3739888715044195,0.8549741681144986,0.8897536426202992,0.0023586495863291393,"[1392, 1474, 1414, 1499, 1500]","[0.8891464193609729, 0.8909638506307673, 0.8892400221267437, 0.8932946972946972, 0.8861232236883151]",COMPLETE
94,0.8830623657248561,2026-08-26 12:57:12.351998,2026-08-26 12:58:03.923641,0 days 00:00:51.571643,0.793639400805494,0.005590594914880161,0.0585883179586671,8,0.7876056597370407,1.0496455432082214e-09,24.479620688243813,0.8035823184701157,0.8830623657248561,0.0038114458494573154,"[1495, 1500, 1500, 1495, 1500]","[0.884511765438783, 0.8825457461046358, 0.8805777507044251, 0.8894458911601769, 0.8782306752162597]",COMPLETE
95,0.8879808712503567,2026-08-26 12:58:03.923965,2026-08-26 12:58:33.100338,0 days 00:00:29.176373,0.8200352662844451,0.1355538332077208,0.0462148440745596,9,1.0542760340890447,3.2696087672699143e-09,0.23751475049439774,0.8408731906952319,0.8879808712503567,0.0027518558881622192,"[1488, 1500, 1473, 1488, 1491]","[0.8884420614533143, 0.890267122851626, 0.8879630922985333, 0.8904040515469087, 0.882828028101402]",COMPLETE
96,0.8821788046072212,2026-08-26 12:58:33.100672,2026-08-26 12:58:58.672602,0 days 00:00:25.571930,0.7812204340331015,0.28661882711868625,0.04340002951699925,8,0.9089073629033956,5.012035825953447e-08,0.18806945395960029,0.8054681911643953,0.8821788046072212,0.0032541733825968908,"[1496, 1499, 1486, 1500, 1491]","[0.883177673412375, 0.8869840225465561, 0.8782338105656078, 0.8836543853686711, 0.8788441311428968]",COMPLETE
97,0.8909181046004075,2026-08-26 12:58:58.672922,2026-08-26 12:59:31.483692,0 days 00:00:32.810770,0.8424295878533347,0.06772750333357927,0.053107439975992196,9,1.1795545008050137,3.385496535350986e-08,0.3757133133409,0.8497976380959205,0.8909181046004075,0.003955525172620701,"[1227, 1424, 1267, 1500, 1140]","[0.8908719742293849, 0.8937583918758497, 0.8892400221267437, 0.8961359987074272, 0.8845841360626326]",COMPLETE
98,0.8846291704498924,2026-08-26 12:59:31.484016,2026-08-26 12:59:59.711201,0 days 00:00:28.227185,0.7607036065011594,0.19255497287870493,0.04336663089681505,9,1.1809195315579308,3.0659785630258004e-08,0.7761513050546104,0.8405982710538239,0.8846291704498924,0.003838942701130048,"[1473, 1498, 1480, 1500, 1491]","[0.8876519480313286, 0.8884881000707815, 0.8820973300426735, 0.8865644679930395, 0.878344006111639]",COMPLETE
99,0.8895312885167893,2026-08-26 12:59:59.711512,2026-08-26 13:00:30.896666,0 days 00:00:31.185154,0.8437578990487206,0.08099034714609528,0.050784931087494434,9,0.8181962002734416,1.2416768489455264e-08,0.3745531307335521,0.8557847201902877,0.8895312885167893,0.003808047999766434,"[1488, 1481, 1430, 1489, 1494]","[0.8899175538060975, 0.8917197003847952, 0.887436124749596, 0.8949068289068288, 0.8836762347366293]",COMPLETE
100,0.8771086979270691,2026-08-26 13:00:30.896997,2026-08-26 13:00:54.568112,0 days 00:00:23.671115,0.8502041817226571,0.4671022631265563,0.0359564580659284,8,1.2874898331379767,4.232198756821946e-05,0.2377790007224804,0.8295872151242434,0.8771086979270691,0.0036844543360460263,"[1500, 1500, 1492, 1500, 1498]","[0.8801981035353664, 0.8821394653961367, 0.8733645877971244, 0.8770920308063165, 0.8727493021004017]",COMPLETE
