number,value,datetime_start,datetime_complete,duration,params_colsample_bytree,params_gamma,params_learning_rate,params_max_depth,params_min_child_weight,params_reg_alpha,params_reg_lambda,params_subsample,user_attrs_cv_mean,user_attrs_cv_std,user_attrs_fold_best_iterations,user_attrs_fold_scores,state
101,0.8901999816164045,2026-08-26 13:00:54.568428,2026-08-26 13:01:31.777275,0 days 00:00:37.208847,0.8471288079155973,0.06561834903141266,0.04140123635800471,9,0.7226161004114922,1.2433561489243939e-08,0.3909286987180213,0.8556111614423496,0.8901999816164045,0.0027586393587833574,"[1330, 1454, 1460, 1488, 1325]","[0.8896312678458215, 0.8922580167820763, 0.8878389282952567, 0.894346439203582, 0.8869252559552864]",COMPLETE
102,0.8903979806325083,2026-08-26 13:01:31.777609,2026-08-26 13:02:02.666464,0 days 00:00:30.888855,0.8164480974428293,0.07155920760605411,0.05191675774063392,9,0.7415263717033415,4.171681959837432e-07,0.4044205239062082,0.8636143630623412,0.8903979806325083,0.003308397682534848,"[1099, 1220, 1481, 1500, 1396]","[0.8869187715399267, 0.8921510972465855, 0.8891407408644575, 0.8959834454120168, 0.8877958480995547]",COMPLETE
103,0.8870375667654529,2026-08-26 13:02:02.666796,2026-08-26 13:02:28.447438,0 days 00:00:25.780642,0.8244259595104987,0.16097157108297047,0.05480258171925577,9,0.7272474570273594,4.253506686754941e-07,0.6203159154748888,0.8299648774314311,0.8870375667654529,0.0038085238529989925,"[1500, 1486, 1429, 1500, 1439]","[0.8846721447420194, 0.8901143818215944, 0.885456804935103, 0.8926964998393571, 0.8822480024891903]",COMPLETE
104,0.8925509083881511,2026-08-26 13:02:28.447764,2026-08-26 13:03:02.603285,0 days 00:00:34.155521,0.871246666291969,0.05355790354504845,0.05025820046025857,9,0.6459673602882025,1.6989049910070127e-06,0.5278787231786399,0.8768747734376305,0.8925509083881511,0.0026926470311442194,"[1481, 1500, 1054, 1500, 1399]","[0.8939796439524228, 0.8933403036390927, 0.8933077826248977, 0.8948442208442208, 0.8872825908801216]",COMPLETE
105,0.8839254213715215,2026-08-26 13:03:02.603619,2026-08-26 13:03:27.978315,0 days 00:00:25.374696,0.8944193080875728,0.2529184571401568,0.04166819578713216,9,0.6402315905216511,1.5560880060746405e-06,0.5383258728911848,0.8654633353738058,0.8839254213715215,0.002968331879263699,"[1496, 1499, 1498, 1500, 1460]","[0.8840690360180233, 0.8881025328482193, 0.8822042577228517, 0.8858072135214993, 0.8794440667470139]",COMPLETE
106,0.86808192319791,2026-08-26 13:03:27.978649,2026-08-26 13:03:53.758444,0 days 00:00:25.779795,0.907173328033117,0.3155279843301239,0.04931507584626242,5,0.6558566301142352,2.8871483516060625e-07,1.0828350799551762,0.8791562115160899,0.86808192319791,0.004426997113649379,"[1497, 1500, 1500, 1500, 1498]","[0.8721465872549358, 0.8710987730441165, 0.8690125092600711, 0.868514666800381, 0.8596370796300458]",COMPLETE
107,0.8915585011486528,2026-08-26 13:03:53.758777,2026-08-26 13:04:26.657261,0 days 00:00:32.898484,0.871357716318286,0.052206273882856966,0.05161506617217216,9,0.5544678179851343,1.1076706321551921e-07,0.427776209512625,0.8511717353204075,0.8915585011486528,0.00412049231090933,"[1164, 801, 1017, 1489, 1141]","[0.8918493094722866, 0.8920518159842991, 0.8906716609063624, 0.8980818220818222, 0.8851378972984936]",COMPLETE
108,0.886878057861829,2026-08-26 13:04:26.657591,2026-08-26 13:04:49.975164,0 days 00:00:23.317573,0.8748740163706457,0.14969598285369104,0.060675222413615754,9,0.55782325413618,1.1896345834190932e-07,0.41959321592052456,0.8751420989528351,0.886878057861829,0.0035107123653183294,"[1500, 1499, 1500, 1496, 1500]","[0.8866268233725098, 0.8907615775310557, 0.8840175278822797, 0.8908510922796636, 0.882133268243637]",COMPLETE
109,0.8877949597280823,2026-08-26 13:04:49.975483,2026-08-26 13:05:18.141040,0 days 00:00:28.165557,0.8624091130001805,0.058092386915492254,0.07302540756328693,8,0.9166161088971856,2.1349735087584323e-07,0.6993819101272598,0.8475500621544636,0.8877949597280823,0.0037385767816515963,"[1227, 1121, 1033, 1338, 756]","[0.8887455755920014, 0.8894654434583703, 0.8864149277888428, 0.8928098488098488, 0.8815390029913482]",COMPLETE
110,0.8862886173210004,2026-08-26 13:05:18.141404,2026-08-26 13:05:41.899279,0 days 00:00:23.757875,0.8805452170005966,0.21431963905179563,0.053142606550752945,9,1.0068032567597254,5.169308166182514e-07,0.472982573092091,0.847983200338518,0.8862886173210004,0.004097776209329362,"[1496, 1500, 1498, 1500, 1451]","[0.8899025106719888, 0.8896009481653034, 0.8818090843057084, 0.8893587390730248, 0.8807718043889766]",COMPLETE
111,0.8897426036676102,2026-08-26 13:05:41.899752,2026-08-26 13:06:12.878681,0 days 00:00:30.978929,0.8535554011316788,0.06995240915586991,0.05217124239478316,9,0.715171557219141,1.7355980961053826e-06,0.25572368037701665,0.8614702246056062,0.8897426036676102,0.003249879025617896,"[1322, 1473, 1498, 1499, 1481]","[0.8907670226152704, 0.8899692709200799, 0.8882321337910235, 0.8948418325561183, 0.8849027584555588]",COMPLETE
112,0.8924330400039306,2026-08-26 13:06:12.879034,2026-08-26 13:06:47.949355,0 days 00:00:35.070321,0.8696969101085084,0.06453360761604508,0.044777375774988755,9,0.6414463348656444,1.5364583413833327e-07,0.3887586661384505,0.8707068588261744,0.8924330400039306,0.0031414851772303635,"[1377, 1465, 1481, 1500, 1439]","[0.8937047068404907, 0.8940503400432669, 0.8901047674823261, 0.8965986914558344, 0.8877066941977353]",COMPLETE
113,0.8880419731797973,2026-08-26 13:06:47.949682,2026-08-26 13:07:32.050263,0 days 00:00:44.100581,0.8870887599487444,0.13428296655047645,0.021902592275943933,9,0.5570485568408573,1.4129899768912564e-07,0.22512885911452052,0.8849775213128825,0.8880419731797973,0.00248300964140396,"[1500, 1499, 1482, 1500, 1500]","[0.8896159994440994, 0.8910860385679804, 0.8856706440060851, 0.8892569266854982, 0.8845802571953231]",COMPLETE
114,0.890298791580781,2026-08-26 13:07:32.050598,2026-08-26 13:08:02.638456,0 days 00:00:30.587858,0.871377704608908,0.06420825180852577,0.056280904932714315,9,0.6553387567098324,8.31649469028047e-07,0.1832229854495631,0.8366590182578435,0.890298791580781,0.003030221301422706,"[1324, 1491, 1011, 1338, 1261]","[0.891326277766102, 0.8922866019535186, 0.8872986602659735, 0.8942851534280106, 0.8862972644902999]",COMPLETE
115,0.88424473540585,2026-08-26 13:08:02.638790,2026-08-26 13:08:24.156961,0 days 00:00:21.518171,0.8733356300152697,0.2669525401197108,0.05649464300685619,9,0.5083409991716723,2.2966730315356864e-07,0.1517320256302572,0.819691775370535,0.88424473540585,0.0020158923731484774,"[1496, 1498, 1486, 1500, 1444]","[0.8851818759678581, 0.8839298288806381, 0.8836873883488394, 0.8872968478682765, 0.8811277359636377]",COMPLETE
116,0.8722105219485797,2026-08-26 13:08:24.157278,2026-08-26 13:08:52.774262,0 days 00:00:28.616984,0.9112818799496603,0.3561626323022675,0.06283741007651081,9,0.7575413916010849,8.26199962147633e-07,29.674671122046007,0.8336970759466857,0.8722105219485797,0.003780177458395206,"[1500, 1499, 1500, 1500, 1494]","[0.8767736029039211, 0.8741147916333855, 0.8658304410157373, 0.8739405156548014, 0.8703932585350538]",COMPLETE
117,0.8874411547656388,2026-08-26 13:08:52.774572,2026-08-26 13:09:20.384797,0 days 00:00:27.610225,0.9289436960356493,0.17646653184753133,0.04529187644929164,9,0.6615672795661218,4.0838464050847616e-07,0.17641809896509825,0.811543385575286,0.8874411547656388,0.0035226067002070926,"[1496, 1500, 1465, 1500, 1491]","[0.8857487612472074, 0.8930407171984709, 0.8877721599024783, 0.8883826126683271, 0.8822615228117102]",COMPLETE
118,0.8868824559812987,2026-08-26 13:09:20.385125,2026-08-26 13:09:43.817193,0 days 00:00:23.432068,0.8974139475853944,0.13133022579887788,0.06903565547609368,8,0.8530168922817748,1.0022491706853655e-07,0.3036439400306384,0.8718933745442191,0.8868824559812987,0.00384844826766237,"[1496, 1499, 1481, 1455, 1260]","[0.8881978945571273, 0.890925659264744, 0.8866154663794789, 0.8889702652559796, 0.8797029944491639]",COMPLETE
119,0.8916202607906796,2026-08-26 13:09:43.817516,2026-08-26 13:10:15.931881,0 days 00:00:32.114365,0.8693270757531025,0.05063968525946976,0.050152402869956786,9,0.5946395189975954,4.651758087149674e-06,0.19759010031385965,0.9067633458025864,0.8916202607906796,0.0027352912318482922,"[1500, 1500, 1008, 1496, 1300]","[0.8935462873139435, 0.8938633434899644, 0.8879172708039924, 0.8941118409689839, 0.8886625613765133]",COMPLETE
120,0.8921584430182412,2026-08-26 13:10:15.932211,2026-08-26 13:10:45.940108,0 days 00:00:30.007897,0.869998282804779,0.062408470974732795,0.04921257907202629,10,0.5758849771122054,5.011064351358821e-06,0.21093537662976009,0.9114785050001796,0.8921584430182412,0.0032727100368798185,"[1484, 1500, 1423, 1477, 1260]","[0.8908281206562205, 0.8946859697814579, 0.892246442666119, 0.8962360839503697, 0.8867955980370391]",COMPLETE
121,0.8904880774360546,2026-08-26 13:10:45.940432,2026-08-26 13:11:15.706887,0 days 00:00:29.766455,0.8685334434661784,0.060509306414805154,0.05008845851015522,10,0.589273868402332,3.5487208486673453e-06,0.2153906732103642,0.9079452107395154,0.8904880774360546,0.0033690283366669695,"[1193, 1084, 1483, 1500, 1459]","[0.8900377819666213, 0.8944206307194197, 0.8880508075895494, 0.8941247741247741, 0.8858063927799078]",COMPLETE
122,0.8833035379920784,2026-08-26 13:11:15.707216,2026-08-26 13:11:37.309916,0 days 00:00:21.602700,0.861609301323729,0.22671799394106532,0.04917256785113684,10,0.5407367635305846,4.834677310147636e-06,0.20575871396569842,0.9042634645800264,0.8833035379920784,0.003095274042108657,"[1496, 1499, 1484, 1468, 1460]","[0.8819197225610257, 0.8873752601209466, 0.8826432847131592, 0.8859583702440844, 0.8786210523211757]",COMPLETE
123,0.8906302386200196,2026-08-26 13:11:37.310239,2026-08-26 13:12:05.973378,0 days 00:00:28.663139,0.8417249376012214,0.07347689958352038,0.051890912989759154,10,0.5961311405917642,8.118027269242614e-06,0.27808414269631776,0.8915623303581797,0.8906302386200196,0.003523746526379644,"[1491, 1473, 1486, 1494, 1486]","[0.8896923658867717, 0.894357798169394, 0.888759109484648, 0.894828568828569, 0.8855133507307156]",COMPLETE
124,0.8854788007769654,2026-08-26 13:12:05.973689,2026-08-26 13:12:32.194677,0 days 00:00:26.220988,0.8887015527447797,0.13626002397580594,0.0445981835806501,10,0.611293153703844,7.546718347047119e-06,0.27637527401595047,0.9149726230489088,0.8854788007769654,0.0029260669655079502,"[1393, 1499, 1432, 1470, 1453]","[0.8874361410389703, 0.8881978945571273, 0.8820877319927796, 0.8879392825107111, 0.8817329537852386]",COMPLETE
125,0.8438857473803122,2026-08-26 13:12:32.195013,2026-08-26 13:12:45.283331,0 days 00:00:13.088318,0.8391219908850607,1.9413564531044352,0.04792637796811558,10,0.5746414294356236,4.386787296759087e-06,0.21498645057942423,0.911423557900647,0.8438857473803122,0.0026232632312462112,"[1352, 1060, 1476, 1500, 1500]","[0.8451809285036163, 0.8472654414892117, 0.839387830259977, 0.8430689799261227, 0.8445255567226329]",COMPLETE
126,0.8916595362867336,2026-08-26 13:12:45.283649,2026-08-26 13:13:21.399793,0 days 00:00:36.116144,0.8677545184899083,0.056699569960002194,0.04095213539144785,10,0.5340126648848872,1.2090800003142797e-05,0.33987849472049153,0.8865223833927339,0.8916595362867336,0.0024802241694898324,"[1500, 1092, 1498, 1500, 1467]","[0.8922521211626345, 0.8940656165896761, 0.8899424202577134, 0.8942473456759171, 0.8877901777477263]",COMPLETE
127,0.8862998995729429,2026-08-26 13:13:21.400127,2026-08-26 13:13:47.564973,0 days 00:00:26.164846,0.8656929352582016,0.20495853217933974,0.039063554587519735,10,0.5812150158626115,1.3626561059657168e-05,0.3324013499831583,0.8904909210558408,0.8862998995729429,0.002959882346968763,"[1489, 1499, 1492, 1500, 1486]","[0.8880966453734646, 0.8890264164680626, 0.8825592718525952, 0.8889780912638057, 0.8828390729067862]",COMPLETE
128,0.8815799262687805,2026-08-26 13:13:47.565319,2026-08-26 13:14:10.189378,0 days 00:00:22.624059,0.8823124099760972,0.29560943194454636,0.04119263081273541,10,0.5147521808783425,2.4398978716577322e-06,0.2984279791516499,0.8920355688575731,0.8815799262687805,0.00201163157752876,"[1500, 1499, 1484, 1500, 1486]","[0.8821449104803515, 0.8839660441805979, 0.8793582246314001, 0.8833387339101625, 0.8790917181413901]",COMPLETE
129,0.8878803391180601,2026-08-26 13:14:10.189710,2026-08-26 13:14:32.679677,0 days 00:00:22.489967,0.8565782522987161,0.11494125162021654,0.0610761028013185,10,0.6261604585283538,9.524765952105697e-06,0.25950849859036834,0.9221092626570642,0.8878803391180601,0.0023467985484668078,"[1467, 1491, 1488, 1500, 1493]","[0.8852695831141871, 0.8917980347488439, 0.8859684959376312, 0.8890588139159568, 0.8873067678736813]",COMPLETE
130,0.8911086792714602,2026-08-26 13:14:32.680003,2026-08-26 13:15:12.526661,0 days 00:00:39.846658,0.8448026437246277,0.053282425428332406,0.03608235474644423,10,0.5510847951810729,3.089245141959771e-05,0.4874733944392904,0.9065604980855,0.8911086792714602,0.0032738019279389434,"[1492, 1487, 1473, 1491, 1247]","[0.8924105325444947, 0.8952033311358142, 0.8897268466776559, 0.8926481472195759, 0.8855545387797603]",COMPLETE
131,0.8904155852303294,2026-08-26 13:15:12.527004,2026-08-26 13:15:50.354991,0 days 00:00:37.827987,0.8457950523553297,0.06507381008782405,0.03590393069336454,10,0.5011168725241131,0.0001341887833036747,0.4816001826714154,0.9059946341751013,0.8904155852303294,0.0028369181450013377,"[1481, 1500, 1484, 1496, 1493]","[0.889850785413319, 0.8943004025588958, 0.8884173958352503, 0.8929140494854781, 0.8865952928587036]",COMPLETE
132,0.8937466773283422,2026-08-26 13:15:50.355323,2026-08-26 13:16:30.092061,0 days 00:00:39.736738,0.87092770448398,0.002060443496776976,0.04999748327913915,10,0.5582538375716869,6.0476461961528765e-05,0.3661635024009572,0.8846760686366034,0.8937466773283422,0.0025357112563242573,"[696, 726, 642, 748, 680]","[0.8945388991032545, 0.8954915850174664, 0.8899749331272212, 0.8969609683895398, 0.8917670010042292]",COMPLETE
133,0.8868052982112038,2026-08-26 13:16:30.092378,2026-08-26 13:16:55.072449,0 days 00:00:24.980071,0.8574808452510001,0.16839193356358464,0.047773032421419934,10,0.5449325820847924,4.052745790646211e-05,0.439950781106277,0.8787400306813726,0.8868052982112038,0.0031117377097016202,"[1500, 1499, 1484, 1500, 1486]","[0.8857945908864352, 0.8920328288627507, 0.8862050245606135, 0.8875627501341787, 0.8824312966120408]",COMPLETE
134,0.8929572944671709,2026-08-26 13:16:55.072784,2026-08-26 13:17:39.172815,0 days 00:00:44.100031,0.8800996904369408,0.008995551562718718,0.043341019841217625,10,0.7825874099215915,0.0002611006219415471,0.3560421085158768,0.8954450055509798,0.8929572944671709,0.003019145729990914,"[832, 803, 784, 923, 779]","[0.8911754965127594, 0.8956938499724911, 0.8894785186711025, 0.8973518304946877, 0.8910867766848138]",COMPLETE
135,0.8920598492971996,2026-08-26 13:17:39.173142,2026-08-26 13:18:15.009474,0 days 00:00:35.836332,0.8994375094624115,0.007307853868208835,0.054175448646278886,10,0.6133075351565261,0.00023331907054650853,0.3438777662252203,0.8952978649673364,0.8920598492971996,0.002627780537075893,"[648, 627, 583, 656, 552]","[0.892282666110766, 0.8925576032226981, 0.8896122807242731, 0.8965803205803207, 0.8892663758479401]",COMPLETE
136,0.8931491799776283,2026-08-26 13:18:15.009805,2026-08-26 13:19:00.576147,0 days 00:00:45.566342,0.8812412016130179,0.00441626191921099,0.04372645880935675,10,0.6655981343973354,0.0005541085574343362,0.5102284493201172,0.8978031407449002,0.8931491799776283,0.0025569456978918785,"[806, 846, 834, 967, 791]","[0.8916298000494765, 0.8962321663697722, 0.8907403972205171, 0.8962844365701509, 0.8908590996782259]",COMPLETE
137,0.8937573662943985,2026-08-26 13:19:00.576477,2026-08-26 13:19:46.885745,0 days 00:00:46.309268,0.8923607739604017,0.0028425350625651685,0.04318658615229615,10,0.5402851175061537,0.0013284973331741587,0.6077237860270733,0.8944659480471635,0.8937573662943985,0.0038231117738752084,"[766, 821, 824, 977, 790]","[0.8929106575757525, 0.8967837832473992, 0.8899958881701461, 0.8994372740087027, 0.8896592284699917]",COMPLETE
138,0.8927561945163616,2026-08-26 13:19:46.886074,2026-08-26 13:20:31.996874,0 days 00:00:45.110800,0.9022150056720006,0.007187475410812105,0.043649424438524265,10,0.6689023953666352,0.0006669769580944939,0.7326491670474743,0.8975980831229105,0.8927561945163616,0.004286860730142956,"[737, 823, 835, 980, 755]","[0.8910762152504731, 0.8959668273077339, 0.8889879916897385, 0.8994451000165286, 0.8883048383173336]",COMPLETE
139,0.8863781603129555,2026-08-26 13:20:31.997204,2026-08-26 13:20:59.729052,0 days 00:00:27.731848,0.90344267166245,0.13306496567349052,0.04524178373439125,10,0.6650953281536479,0.0006539283683958613,0.6505524475286001,0.8961692914656813,0.8863781603129555,0.0035609363890026866,"[1500, 1499, 1492, 1468, 1482]","[0.8864358909764546, 0.8906125307867887, 0.8829657859733949, 0.8900271143128285, 0.8818494795153106]",COMPLETE
140,0.8920810832869825,2026-08-26 13:20:59.729357,2026-08-26 13:21:45.162636,0 days 00:00:45.433279,0.9153315325336474,0.00855277414456546,0.04349917418408306,10,0.7784828791508107,0.00202819555057888,0.8273182906392843,0.8700923679098287,0.8920810832869825,0.0038564467815792886,"[785, 813, 828, 992, 779]","[0.8898946471311705, 0.8962836582161412, 0.8873464496818907, 0.8970324684610399, 0.8898481929446703]",COMPLETE
141,0.8221133635351222,2026-08-26 13:21:45.162952,2026-08-26 13:21:58.064830,0 days 00:00:12.901878,0.911962607870194,2.9974948011661873,0.04354939465502486,10,0.7726084444245123,0.0026814656827411224,0.9959626227825161,0.9173235203904833,0.8221133635351222,0.005088219763106725,"[1412, 1489, 1476, 1446, 1500]","[0.8218913584302073, 0.8295306820933228, 0.8155601609122133, 0.8178405121262263, 0.825744104113642]",COMPLETE
142,0.8920891765867556,2026-08-26 13:21:58.065159,2026-08-26 13:22:39.971311,0 days 00:00:41.906152,0.926948235657913,0.0052253835069947735,0.04663554711477673,10,0.6211594413701746,7.161003026853373e-05,0.7205506164372973,0.8710570388432044,0.8920891765867556,0.0035811488610568336,"[649, 776, 675, 865, 711]","[0.8918645860186961, 0.8968010277151848, 0.8889975978843195, 0.8953498284926855, 0.8874328428228914]",COMPLETE
143,0.89320327301388,2026-08-26 13:22:39.971654,2026-08-26 13:23:29.565954,0 days 00:00:49.594300,0.9488762313170898,0.015344728401266765,0.04211375998759083,10,0.8806855821878674,0.00027482405605048577,1.224384173197861,0.8739311469275127,0.89320327301388,0.0034771674908203824,"[968, 962, 915, 1003, 932]","[0.8935977791603126, 0.8945906162172372, 0.8936494962742954, 0.8973661602233031, 0.8868123131942518]",COMPLETE
144,0.8934007988327544,2026-08-26 13:23:29.566288,2026-08-26 13:24:17.210125,0 days 00:00:47.643837,0.9577595349863112,0.0034316286899933116,0.042153004093346734,10,0.778606972614213,0.00033113861148005374,0.8570866157189816,0.8707419891534809,0.8934007988327544,0.0026030157286532933,"[907, 905, 875, 944, 765]","[0.8934051122551819, 0.8946477865601218, 0.8921318848574233, 0.8973283524712096, 0.8894908580198352]",COMPLETE
145,0.8926695863572209,2026-08-26 13:24:17.210457,2026-08-26 13:25:01.554090,0 days 00:00:44.343633,0.9662911793994222,0.007428565271946391,0.04649160256148709,10,0.9875247353790788,0.00027411343189677424,1.1724788795490733,0.8705592445293292,0.8926695863572209,0.0032315254094603535,"[833, 750, 820, 921, 785]","[0.8944415776176573, 0.8938709817631691, 0.8884440130853163, 0.8971029768172625, 0.8894883825026997]",COMPLETE
146,0.8929904732727701,2026-08-26 13:25:01.554419,2026-08-26 13:25:52.668044,0 days 00:00:51.113625,0.956361447655371,0.0156273981097461,0.03817234936412323,10,0.8998248817229206,0.00029877827277329704,0.8487690976259886,0.8720253997537587,0.8929904732727701,0.0018325397392823922,"[925, 1015, 949, 1053, 970]","[0.8944263010712481, 0.8936036829244417, 0.8922444747447428, 0.8948833508833509, 0.8897945567400672]",COMPLETE
147,0.8935368638564694,2026-08-26 13:25:52.668369,2026-08-26 13:26:45.685758,0 days 00:00:53.017389,0.9627285706833598,0.0001659494224158847,0.03755387130121183,10,0.8930566236739418,0.00029401706550357705,0.8672384874371435,0.8703530169957294,0.8935368638564694,0.004129191093708657,"[972, 1015, 992, 1110, 1018]","[0.8952661718305271, 0.8952624694000754, 0.8920059863450711, 0.8987021752736039, 0.8864475164330695]",COMPLETE
148,0.8930891101449294,2026-08-26 13:26:45.686072,2026-08-26 13:27:38.842136,0 days 00:00:53.156064,0.9613136246259376,0.0019970241207931116,0.03802383471447219,10,1.0031958092333622,0.0005105869649478714,0.8122003956306791,0.87120824857578,0.8930891101449294,0.003038071236399878,"[1009, 1016, 986, 1184, 986]","[0.8938574478705226, 0.8951326350449703, 0.8909121172274103, 0.8970402944688659, 0.888503056112878]",COMPLETE
149,0.8889422027551668,2026-08-26 13:27:38.842464,2026-08-26 13:28:15.898317,0 days 00:00:37.055853,0.9654214029324619,0.13000727254185485,0.03331705312607568,10,1.028971930321828,0.00039658029109389514,1.1452925639806555,0.8713588819075392,0.8889422027551668,0.002601000143187657,"[1500, 1499, 1484, 1500, 1491]","[0.890209735385815, 0.8922447081570434, 0.8857679654916821, 0.8905095745095745, 0.8859790302317184]",COMPLETE
150,0.8856054429220259,2026-08-26 13:28:15.898640,2026-08-26 13:28:45.957594,0 days 00:00:30.058954,0.9599251232065563,0.20875437751047582,0.03713358600122162,10,0.9062843136839203,0.000895541541133148,1.288399824195406,0.8614883602283848,0.8856054429220259,0.001971631684644494,"[1500, 1499, 1477, 1492, 1486]","[0.8856228627348551, 0.8870813440321532, 0.8841645985604832, 0.8883342600485458, 0.8828241492340924]",COMPLETE
151,0.8924847393288913,2026-08-26 13:28:45.957912,2026-08-26 13:29:34.411472,0 days 00:00:48.453560,0.9715279513248406,0.007174239961434583,0.042629269692427564,10,0.9835850088980906,0.002900793775957053,0.8663366344087173,0.8693740438670114,0.8924847393288913,0.004061189813603558,"[912, 960, 859, 1056, 874]","[0.8960239895059313, 0.8942622193375597, 0.8884077977853565, 0.89683428140571, 0.8868954086098985]",COMPLETE
