number,value,datetime_start,datetime_complete,duration,params_ccp_alpha,params_class_weight,params_criterion,params_max_depth,params_max_features,params_min_samples_leaf,params_min_samples_split,params_splitter,user_attrs_cv_mean,user_attrs_cv_std,user_attrs_fold_scores,state
0,0.6937602640477005,2026-08-26 14:04:25.233736,2026-08-26 14:04:25.462919,0 days 00:00:00.229183,1.3480180290890803e-07,balanced,log_loss,12,0.6,59,96,best,0.6937602640477005,0.004798086732874153,"[0.6860360704209624, 0.6995846152974604, 0.6916782633600039, 0.6979028922117113, 0.6935994789483644]",COMPLETE
1,0.5913222953500029,2026-08-26 14:04:25.463199,2026-08-26 14:04:25.493336,0 days 00:00:00.030137,0.0043873144324354085,,log_loss,17,0.8,24,44,random,0.5913222953500029,0.017215918467366826,"[0.6038433815028263, 0.5835724476683545, 0.5612614773598158, 0.6085314750729407, 0.5994026951460775]",COMPLETE
2,0.5272607201460252,2026-08-26 14:04:25.493636,2026-08-26 14:04:25.508030,0 days 00:00:00.014394,0.006124806805925988,,gini,30,sqrt,25,82,random,0.5272607201460252,0.03191979431223211,"[0.5438425682279527, 0.5580098837381801, 0.5207180066528588, 0.468141592920354, 0.5455915491907805]",COMPLETE
3,0.644339821451144,2026-08-26 14:04:25.508294,2026-08-26 14:04:25.586378,0 days 00:00:00.078084,0.00041245717727594227,,log_loss,24,sqrt,72,95,best,0.644339821451144,0.008807037316867727,"[0.6440069947400223, 0.6525298369619122, 0.6294744299224266, 0.6539715278033277, 0.6417163178280313]",COMPLETE
4,0.6012811153083593,2026-08-26 14:04:25.586685,2026-08-26 14:04:25.633983,0 days 00:00:00.047298,1.5027137214154575e-07,,entropy,4,log2,62,99,best,0.6012811153083593,0.01723898745655528,"[0.6235792582453062, 0.606592024932492, 0.5713769080438128, 0.6080680642335373, 0.5967893210866481]",COMPLETE
5,0.6895254765056305,2026-08-26 14:04:25.634252,2026-08-26 14:04:25.965242,0 days 00:00:00.330990,2.8501838758433707e-05,,gini,11,,52,74,best,0.6895254765056305,0.010127598273411597,"[0.6871325368232523, 0.6784948375289003, 0.6861390117092335, 0.7087166734840075, 0.6871443229827584]",COMPLETE
6,0.5815209854432379,2026-08-26 14:04:25.965570,2026-08-26 14:04:25.978419,0 days 00:00:00.012849,0.0017697543538533224,,entropy,11,log2,73,52,random,0.5815209854432379,0.01044877245189947,"[0.5981753597301042, 0.5703868135016688, 0.588446855883341, 0.5722055215409931, 0.5783903765600829]",COMPLETE
7,0.6876837188266516,2026-08-26 14:04:25.978687,2026-08-26 14:04:26.278518,0 days 00:00:00.299831,1.8298712093870903e-07,balanced,entropy,17,0.8,72,81,best,0.6876837188266516,0.016369650836345197,"[0.7039708937852454, 0.6662292169622446, 0.6745917591215899, 0.7085640949060398, 0.6850626293581383]",COMPLETE
8,0.6521802633023437,2026-08-26 14:04:26.278824,2026-08-26 14:04:26.310655,0 days 00:00:00.031831,1.0333896431462928e-08,,entropy,17,,30,71,random,0.6521802633023437,0.011871287387874768,"[0.6496568306495742, 0.6308604880244555, 0.6571202735208475, 0.6661411663255592, 0.6571225579912819]",COMPLETE
9,0.6797916911263687,2026-08-26 14:04:26.310947,2026-08-26 14:04:26.388448,0 days 00:00:00.077501,1.3685182782317289e-05,,gini,16,sqrt,20,99,best,0.6797916911263687,0.01935225452884107,"[0.7008859367106997, 0.6581974842633233, 0.6705248967599716, 0.7050184164387607, 0.6643317214590888]",COMPLETE
10,0.5906330677733533,2026-08-26 14:04:26.388746,2026-08-26 14:04:26.497132,0 days 00:00:00.108386,1.3312110800515346e-09,balanced,log_loss,3,0.6,1,2,best,0.5906330677733533,0.005410523039508073,"[0.5982111457449065, 0.5890646311558402, 0.5907765347853909, 0.5933673046110473, 0.581745722569582]",COMPLETE
11,0.6722903739955449,2026-08-26 14:04:26.497418,2026-08-26 14:04:26.629216,0 days 00:00:00.131798,1.993338966151073e-05,balanced,gini,10,0.4,50,59,best,0.6722903739955449,0.010450683981184988,"[0.6870797219656134, 0.6694037734993951, 0.6656519890643603, 0.6582323056342495, 0.6810840798141067]",COMPLETE
12,0.7018212865721295,2026-08-26 14:04:26.629514,2026-08-26 14:04:26.878539,0 days 00:00:00.249025,4.8231736633537e-06,balanced,log_loss,12,0.6,48,35,best,0.7018212865721295,0.007756125042304136,"[0.7015799328697763, 0.69196108033245, 0.6975536327528613, 0.7026006050720534, 0.7154111818335064]",COMPLETE
13,0.6860303275248534,2026-08-26 14:04:26.878841,2026-08-26 14:04:27.116710,0 days 00:00:00.237869,6.878618899006824e-07,balanced,log_loss,9,0.6,43,23,best,0.6860303275248534,0.01960951491782217,"[0.673788693328448, 0.6579730751286429, 0.6849231203557617, 0.6987602900363664, 0.7147064587750478]",COMPLETE
14,0.6473909760702135,2026-08-26 14:04:27.117008,2026-08-26 14:04:27.322261,0 days 00:00:00.205253,1.579941230102522e-06,balanced,log_loss,7,0.6,40,31,best,0.6473909760702135,0.023932864278232383,"[0.626132110790122, 0.6203828815528999, 0.667874947126533, 0.6403421607675629, 0.6822227801139494]",COMPLETE
15,0.693143776312425,2026-08-26 14:04:27.322557,2026-08-26 14:04:27.554778,0 days 00:00:00.232221,1.5390005185388046e-08,balanced,log_loss,14,0.6,58,5,best,0.693143776312425,0.009293775816351602,"[0.6856850083675136, 0.6934699980786742, 0.6803082616310205, 0.7006763234838992, 0.7055792900010172]",COMPLETE
16,0.6897163498012705,2026-08-26 14:04:27.555075,2026-08-26 14:04:27.784801,0 days 00:00:00.229726,2.5049378265574325e-06,balanced,log_loss,22,0.6,64,18,best,0.6897163498012705,0.01053595090344505,"[0.6810106942285233, 0.6737453170682199, 0.6963521455866556, 0.7016862277453503, 0.6957873643776032]",COMPLETE
17,0.7128207366431222,2026-08-26 14:04:27.785092,2026-08-26 14:04:27.947141,0 days 00:00:00.162049,0.00012124487282954174,balanced,log_loss,24,0.4,39,39,best,0.7128207366431222,0.00677679792713247,"[0.710095501706581, 0.7125682846035737, 0.7161095444453341, 0.7229430568090084, 0.7023872956511138]",COMPLETE
18,0.641017014984764,2026-08-26 14:04:27.947437,2026-08-26 14:04:27.970005,0 days 00:00:00.022568,0.00022582887117893365,balanced,log_loss,23,0.4,36,38,random,0.641017014984764,0.012252286651470656,"[0.6191616057829125, 0.6557357914782428, 0.6384767583989758, 0.6470837412315412, 0.6446271780321475]",COMPLETE
19,0.7163798953213586,2026-08-26 14:04:27.970264,2026-08-26 14:04:28.066304,0 days 00:00:00.096040,0.00011720400246717735,balanced,log_loss,30,log2,15,60,best,0.7163798953213586,0.018735168794726774,"[0.7131133564026865, 0.6999544729301891, 0.7175702228176274, 0.7001160510980727, 0.7511453733582173]",COMPLETE
20,0.7174201824872711,2026-08-26 14:04:28.066604,2026-08-26 14:04:28.163444,0 days 00:00:00.096840,0.00012625695634811774,balanced,log_loss,30,log2,8,61,best,0.7174201824872711,0.009887024145414942,"[0.7134264288216934, 0.7122472378660012, 0.7139220918631252, 0.7104555522611088, 0.7370496016244269]",COMPLETE
21,0.7132931179610572,2026-08-26 14:04:28.163730,2026-08-26 14:04:28.261877,0 days 00:00:00.098147,0.0001456576587254279,balanced,log_loss,30,log2,11,59,best,0.7132931179610572,0.015254240925047846,"[0.7243983278223638, 0.6956678038112155, 0.7034533377676105, 0.7056800591942359, 0.7372660612098603]",COMPLETE
22,0.7119191364441064,2026-08-26 14:04:28.262162,2026-08-26 14:04:28.361241,0 days 00:00:00.099079,0.0006670043202620436,balanced,log_loss,30,log2,10,60,best,0.7119191364441064,0.0065203930134120815,"[0.7244810283711948, 0.7062994860237225, 0.7092468509777413, 0.7079215455139853, 0.7116467713338879]",COMPLETE
23,0.7181528663677101,2026-08-26 14:04:28.361529,2026-08-26 14:04:28.459349,0 days 00:00:00.097820,8.832709162977383e-05,balanced,log_loss,27,log2,12,63,best,0.7181528663677101,0.013531234839060597,"[0.7188699454414502, 0.6939430369604146, 0.7162513619652024, 0.7296685257446592, 0.732031461726824]",COMPLETE
24,0.7024222179092167,2026-08-26 14:04:28.459645,2026-08-26 14:04:28.555177,0 days 00:00:00.095532,6.359877471168925e-05,balanced,log_loss,26,log2,14,70,best,0.7024222179092167,0.015392556405565885,"[0.715210827828365, 0.6962191167988502, 0.675122621956454, 0.7161573019009438, 0.7094012210614707]",COMPLETE
25,0.7275489254351984,2026-08-26 14:04:28.555461,2026-08-26 14:04:28.658958,0 days 00:00:00.103497,0.000929121784244444,balanced,log_loss,28,log2,4,50,best,0.7275489254351984,0.011146123279946598,"[0.738632063981208, 0.7076176586459711, 0.7239802665039162, 0.736130643333326, 0.7313839947115711]",COMPLETE
26,0.6637715979865761,2026-08-26 14:04:28.659256,2026-08-26 14:04:28.680340,0 days 00:00:00.021084,0.0011289972782743858,balanced,log_loss,27,log2,2,54,random,0.6637715979865761,0.0027249919178316743,"[0.6640251220320388, 0.6679011449508353, 0.6653106771579168, 0.6605805488644619, 0.6610404969276277]",COMPLETE
27,0.6984646207275748,2026-08-26 14:04:28.680589,2026-08-26 14:04:28.780167,0 days 00:00:00.099578,0.0023506076504133115,balanced,log_loss,20,log2,6,47,best,0.6984646207275748,0.009263748987073352,"[0.7155246251854234, 0.6948315229565797, 0.6991076016835827, 0.6949967332072786, 0.6878626206050095]",COMPLETE
28,0.7014861397788359,2026-08-26 14:04:28.780456,2026-08-26 14:04:28.874929,0 days 00:00:00.094473,0.0004991731157925871,balanced,entropy,27,log2,17,68,best,0.7014861397788359,0.01430728203564719,"[0.7038748082874918, 0.6773080467259541, 0.6986494451261785, 0.7216073990871257, 0.7059909996674292]",COMPLETE
29,0.6990885586405406,2026-08-26 14:04:28.875207,2026-08-26 14:04:28.961250,0 days 00:00:00.086043,4.396971508374943e-05,balanced,gini,27,log2,7,86,best,0.6990885586405406,0.01813157656206866,"[0.6881150967341013, 0.6992308599311183, 0.6726826752735894, 0.7258545903307265, 0.7095595709331676]",COMPLETE
30,0.6974430072402062,2026-08-26 14:04:28.961544,2026-08-26 14:04:29.054230,0 days 00:00:00.092686,9.815473246667535e-06,balanced,log_loss,20,log2,30,49,best,0.6974430072402062,0.009075188096891802,"[0.71215251102698, 0.6898322397330768, 0.7006366458395105, 0.6983933800375278, 0.6862002595639355]",COMPLETE
31,0.7074307241903239,2026-08-26 14:04:29.054510,2026-08-26 14:04:29.148552,0 days 00:00:00.094042,7.689603115223e-05,balanced,log_loss,28,log2,14,64,best,0.7074307241903239,0.010539911413087305,"[0.7195000366309757, 0.6965313586596923, 0.6980937296576926, 0.7022823903640556, 0.7207461056392033]",COMPLETE
32,0.6332752910108372,2026-08-26 14:04:29.148852,2026-08-26 14:04:29.514189,0 days 00:00:00.365337,0.008145814427780637,balanced,log_loss,25,0.8,20,56,best,0.6332752910108372,0.012520010947951483,"[0.6435536348057833, 0.6372103068331508, 0.6374337172926957, 0.6086529006882989, 0.6395258954342574]",COMPLETE
33,0.7325026203156291,2026-08-26 14:04:29.514522,2026-08-26 14:04:29.617560,0 days 00:00:00.103038,0.00033887950518049666,balanced,log_loss,29,log2,6,44,best,0.7325026203156291,0.013906465854025227,"[0.7431730519306252, 0.7133803592485725, 0.7249342613573649, 0.752797394164693, 0.7282280348768898]",COMPLETE
34,0.6754371987355676,2026-08-26 14:04:29.617871,2026-08-26 14:04:29.638994,0 days 00:00:00.021123,0.0002850976164068334,balanced,log_loss,28,log2,7,42,random,0.6754371987355676,0.011082246677995337,"[0.678014549266646, 0.6549413313876188, 0.6743190775164103, 0.6865224660834294, 0.6833885694237338]",COMPLETE
35,0.7179075811839337,2026-08-26 14:04:29.639262,2026-08-26 14:04:30.078424,0 days 00:00:00.439162,0.00403137232595888,balanced,log_loss,29,,25,28,best,0.7179075811839337,0.014272048407289331,"[0.7300789039858437, 0.724706868178321, 0.6915675988027451, 0.714411148889038, 0.7287733860637203]",COMPLETE
36,0.7251081622400296,2026-08-26 14:04:30.078753,2026-08-26 14:04:30.521104,0 days 00:00:00.442351,0.0036221526885801838,balanced,log_loss,21,,24,28,best,0.7251081622400296,0.016504247042360042,"[0.7515432442830953, 0.7219567412661528, 0.6998033551897036, 0.7284457569328268, 0.7237917135283695]",COMPLETE
37,0.6448748072771755,2026-08-26 14:04:30.521443,2026-08-26 14:04:30.558577,0 days 00:00:00.037134,0.0009918830683616614,,gini,21,,22,19,random,0.6448748072771755,0.0049414181131096704,"[0.6498527031499663, 0.6444073477800525, 0.6494399560612171, 0.6361497487202757, 0.6445242806743661]",COMPLETE
38,0.7237387317348697,2026-08-26 14:04:30.558836,2026-08-26 14:04:30.994414,0 days 00:00:00.435578,0.003228851046590318,balanced,entropy,25,,29,43,best,0.7237387317348697,0.010571342402771446,"[0.7253280008618601, 0.7338901433677818, 0.7055229958400996, 0.7198905955085388, 0.7340619230960682]",COMPLETE
39,0.5756029403242646,2026-08-26 14:04:30.994713,2026-08-26 14:04:31.416993,0 days 00:00:00.422280,0.009946448151624675,,entropy,25,,28,45,best,0.5756029403242646,0.009783757014234059,"[0.5919600577377151, 0.5749510474778733, 0.5649167623138367, 0.5795679609514267, 0.5666188731404711]",COMPLETE
40,0.6200588143265015,2026-08-26 14:04:31.417322,2026-08-26 14:04:31.446816,0 days 00:00:00.029494,0.0023298086174905093,balanced,entropy,19,,80,30,random,0.6200588143265015,0.010481611387289909,"[0.6285500624454916, 0.6027302415253541, 0.6315185860907492, 0.6141554685533026, 0.6233397130176099]",COMPLETE
41,0.7110346434915303,2026-08-26 14:04:31.447088,2026-08-26 14:04:31.873280,0 days 00:00:00.426192,0.003748709272237722,balanced,entropy,24,,33,49,best,0.7110346434915303,0.011459471597190518,"[0.7095011629254583, 0.7152044090060157, 0.6896937919876649, 0.718584623878776, 0.7221892296597366]",COMPLETE
42,0.7183472400141767,2026-08-26 14:04:31.873589,2026-08-26 14:04:31.972100,0 days 00:00:00.098511,0.0004844348603498636,balanced,entropy,22,sqrt,18,42,best,0.7183472400141767,0.007775358324152048,"[0.7230232883708511, 0.7073453747944128, 0.7277528169323987, 0.711055526338381, 0.7225591936348401]",COMPLETE
43,0.7215563532856636,2026-08-26 14:04:31.972393,2026-08-26 14:04:32.072137,0 days 00:00:00.099744,0.0004485476097564535,balanced,entropy,19,sqrt,18,43,best,0.7215563532856636,0.015241942590559129,"[0.7382398388889992, 0.7050365863272074, 0.7055364742156631, 0.7188074198637832, 0.7401614471326649]",COMPLETE
44,0.7314235987617683,2026-08-26 14:04:32.072429,2026-08-26 14:04:32.177957,0 days 00:00:00.105528,0.0015301683999290757,,entropy,18,sqrt,3,35,best,0.7314235987617683,0.012174665743964929,"[0.7297828460069308, 0.7092283509733326, 0.744886549591164, 0.7389274723921749, 0.7342927748452391]",COMPLETE
45,0.6439130331837264,2026-08-26 14:04:32.178240,2026-08-26 14:04:32.283528,0 days 00:00:00.105288,0.0034630221943211825,,entropy,15,sqrt,3,36,best,0.6439130331837264,0.012425886397362028,"[0.6677829944511994, 0.6386710666085564, 0.6434921569320572, 0.6327078934224806, 0.6369110545043385]",COMPLETE
46,0.7852679170121849,2026-08-26 14:04:32.283819,2026-08-26 14:04:32.770168,0 days 00:00:00.486349,0.0016544763040507997,,entropy,25,,4,25,best,0.7852679170121849,0.013690546519909617,"[0.7972213508562863, 0.7645273936806335, 0.773421076235664, 0.7979166471284328, 0.7932531171599079]",COMPLETE
47,0.8019591164866124,2026-08-26 14:04:32.770522,2026-08-26 14:04:33.181839,0 days 00:00:00.411317,0.0012586759075589157,,entropy,23,0.8,4,10,best,0.8019591164866124,0.011418726991791138,"[0.7976073107554017, 0.7815974811715344, 0.8117996144294848, 0.8070541561370614, 0.8117370199395794]",COMPLETE
48,0.7955912224736958,2026-08-26 14:04:33.182150,2026-08-26 14:04:33.589111,0 days 00:00:00.406961,0.0013073405797630762,,entropy,23,0.8,4,12,best,0.7955912224736958,0.010269447490254574,"[0.8032238043155034, 0.7876817806168465, 0.7826773296127727, 0.8109251792647997, 0.793448018558557]",COMPLETE
49,0.7966373813786604,2026-08-26 14:04:33.589430,2026-08-26 14:04:34.009930,0 days 00:00:00.420500,0.0013158045586943378,,entropy,18,0.8,1,11,best,0.7966373813786604,0.012997313878587581,"[0.7940508702953322, 0.7802237763741825, 0.7857851833095147, 0.8131765849956464, 0.8099504919186257]",COMPLETE
50,0.8132701631500806,2026-08-26 14:04:34.010271,2026-08-26 14:04:34.423890,0 days 00:00:00.413619,0.0002856408713718199,,entropy,23,0.8,1,10,best,0.8132701631500806,0.011640686729215312,"[0.8239621455593031, 0.7958498352758312, 0.8249877059420038, 0.8033595422209814, 0.8181915867522838]",COMPLETE
51,0.8133978770708981,2026-08-26 14:04:34.424202,2026-08-26 14:04:34.837603,0 days 00:00:00.413401,0.00023859430773192898,,entropy,23,0.8,1,10,best,0.8133978770708981,0.011450816309788664,"[0.8239621455593031, 0.7964884048799181, 0.8249877059420038, 0.8033595422209814, 0.8181915867522838]",COMPLETE
52,0.8135243379530968,2026-08-26 14:04:34.837894,2026-08-26 14:04:35.251121,0 days 00:00:00.413227,0.00020883664120967678,,entropy,24,0.8,1,10,best,0.8135243379530968,0.011257623042568707,"[0.8239621455593031, 0.797191359544981, 0.8249877059420038, 0.8032888919669121, 0.8181915867522838]",COMPLETE
53,0.8078616893720978,2026-08-26 14:04:35.251421,2026-08-26 14:04:35.674573,0 days 00:00:00.423152,3.906008703184941e-05,,entropy,23,0.8,1,11,best,0.8078616893720978,0.00995651765026511,"[0.822584715252495, 0.7941774271958156, 0.8102483628162278, 0.8124763587368852, 0.7998215828590652]",COMPLETE
54,0.8099884264657632,2026-08-26 14:04:35.674889,2026-08-26 14:04:36.094334,0 days 00:00:00.419445,3.533440156262541e-05,,entropy,23,0.8,1,9,best,0.8099884264657632,0.009030619970631409,"[0.8250549584658508, 0.7971989833968062, 0.8061091548830074, 0.8114444995122053, 0.8101345360709464]",COMPLETE
55,0.8116198004774196,2026-08-26 14:04:36.094648,2026-08-26 14:04:36.520365,0 days 00:00:00.425717,9.064468712937647e-06,,entropy,23,0.8,1,8,best,0.8116198004774196,0.007685208287594053,"[0.8198672729645251, 0.7980647514667513, 0.8096768003370435, 0.817842327293434, 0.8126478503253448]",COMPLETE
56,0.7828857287775803,2026-08-26 14:04:36.520679,2026-08-26 14:04:36.910968,0 days 00:00:00.390289,2.6208098333609346e-05,,entropy,22,0.8,10,6,best,0.7828857287775803,0.014446093972701518,"[0.7989389979512578, 0.756639222720461, 0.7918297598203973, 0.7863463213894004, 0.7806743420063854]",COMPLETE
57,0.7454107278794483,2026-08-26 14:04:36.911324,2026-08-26 14:04:36.955120,0 days 00:00:00.043796,1.2788537019841253e-05,,entropy,23,0.8,1,17,random,0.7454107278794483,0.010091039623031489,"[0.76289785776485, 0.7322583702259587, 0.74672847000839, 0.7450993540239023, 0.7400695873741406]",COMPLETE
58,0.7903343054691847,2026-08-26 14:04:36.955395,2026-08-26 14:04:37.350579,0 days 00:00:00.395184,6.104173321168967e-06,,entropy,21,0.8,9,4,best,0.7903343054691847,0.0047844687439877395,"[0.7857508241009352, 0.7849445105530336, 0.7893204373774952, 0.797054848692309, 0.7946009066221508]",COMPLETE
59,0.7753721010744652,2026-08-26 14:04:37.350904,2026-08-26 14:04:37.739413,0 days 00:00:00.388509,3.533210691444276e-05,,entropy,26,0.8,12,14,best,0.7753721010744652,0.01462524607380452,"[0.8025584648135714, 0.7654450164253679, 0.7698479240055279, 0.7613660339645446, 0.7776430661633137]",COMPLETE
60,0.8116295202979421,2026-08-26 14:04:37.739745,2026-08-26 14:04:38.167804,0 days 00:00:00.428059,8.37925530188253e-07,,entropy,24,0.8,1,8,best,0.8116295202979421,0.008905371528893017,"[0.8198672729645251, 0.7980647514667513, 0.8055879709886682, 0.8219797557444212, 0.8126478503253448]",COMPLETE
61,0.8234155655168663,2026-08-26 14:04:38.168148,2026-08-26 14:04:38.579974,0 days 00:00:00.411826,5.045770404424941e-07,,entropy,24,0.8,1,7,best,0.8234155655168663,0.02010789584862356,"[0.8412655430798998, 0.7880966996307041, 0.8210635869119564, 0.8220648222092849, 0.8445871757524865]",COMPLETE
62,0.8043396016287521,2026-08-26 14:04:38.580300,2026-08-26 14:04:38.987698,0 days 00:00:00.407398,2.630712860709499e-07,,entropy,24,0.8,6,8,best,0.8043396016287521,0.007686417460889327,"[0.8100132476427752, 0.7922966162292218, 0.8081747249557715, 0.7985263843109304, 0.8126870350050607]",COMPLETE
63,0.7943370174877993,2026-08-26 14:04:38.988052,2026-08-26 14:04:39.380820,0 days 00:00:00.392768,5.587618712858482e-08,,entropy,22,0.8,8,2,best,0.7943370174877993,0.004257665670751285,"[0.7970178785086403, 0.7872246663676657, 0.7916664081608017, 0.7973811311879991, 0.7983950032138892]",COMPLETE
64,0.8021637807950512,2026-08-26 14:04:39.381140,2026-08-26 14:04:39.796364,0 days 00:00:00.415224,7.016468591735365e-08,,entropy,26,0.8,1,15,best,0.8021637807950512,0.01136878467391363,"[0.8097145443601116, 0.7816766098401651, 0.8149870398385192, 0.800628854592976, 0.8038118553434845]",COMPLETE
65,0.7979827280252704,2026-08-26 14:04:39.796673,2026-08-26 14:04:40.188375,0 days 00:00:00.391702,8.642466682005532e-07,,entropy,24,0.8,5,20,best,0.7979827280252704,0.00857594283684121,"[0.8066643555065478, 0.7823710860906664, 0.8018290672651499, 0.803338428904755, 0.7957107023592327]",COMPLETE
66,0.7748515537048803,2026-08-26 14:04:40.188692,2026-08-26 14:04:40.570195,0 days 00:00:00.381503,2.8004478728462134e-06,,entropy,20,0.8,11,22,best,0.7748515537048803,0.012798458378651106,"[0.7842196925244868, 0.7506331973810436, 0.7865375796588828, 0.7776871684662282, 0.7751801304937606]",COMPLETE
67,0.7885287407016094,2026-08-26 14:04:40.570561,2026-08-26 14:04:40.909935,0 days 00:00:00.339374,3.7531583493180403e-07,,gini,22,0.8,8,7,best,0.7885287407016094,0.006781058927966441,"[0.7954062836094002, 0.7766888488108568, 0.7881248056697189, 0.7949447434696008, 0.7874790219484705]",COMPLETE
68,0.7444285963121166,2026-08-26 14:04:40.910242,2026-08-26 14:04:41.090560,0 days 00:00:00.180318,0.00017837425924705158,,entropy,26,0.4,15,15,best,0.7444285963121166,0.0109482406020939,"[0.7525636498009588, 0.7328230681625163, 0.7614911387796551, 0.7403666046012121, 0.7348985202162407]",COMPLETE
69,0.6923727690447831,2026-08-26 14:04:41.090852,2026-08-26 14:04:41.126458,0 days 00:00:00.035606,1.5354460689549413e-06,,entropy,21,0.8,13,2,random,0.6923727690447831,0.01265669856385375,"[0.6912133667438557, 0.6868409532964183, 0.6784896668592836, 0.6891576508237439, 0.7161622075006138]",COMPLETE
