number,value,datetime_start,datetime_complete,duration,params_bootstrap,params_class_weight,params_criterion,params_max_depth,params_max_features,params_min_samples_leaf,params_min_samples_split,params_n_estimators,user_attrs_cv_mean,user_attrs_cv_std,user_attrs_fold_scores,state
0,0.8357399479313574,2026-08-26 14:05:32.160792,2026-08-26 14:05:40.722351,0 days 00:00:08.561559,True,,log_loss,32.0,0.7,15,3,300,0.8357399479313574,0.007590648962725666,"[0.8393412022238219, 0.8212413282286172, 0.843322168284673, 0.838378742593807, 0.8364162983258678]",COMPLETE
1,0.8185042100691302,2026-08-26 14:05:40.722661,2026-08-26 14:05:45.385488,0 days 00:00:04.662827,True,balanced,gini,16.0,sqrt,13,20,600,0.8185042100691302,0.010534320615535856,"[0.8177672618552098, 0.7984265051562298, 0.823356894639983, 0.8268467598874886, 0.8261236288067394]",COMPLETE
2,0.7616070189226948,2026-08-26 14:05:45.385797,2026-08-26 14:06:00.097052,0 days 00:00:14.711255,True,balanced,entropy,8.0,0.7,15,28,600,0.7616070189226948,0.012808625161050486,"[0.7682859958387596, 0.737920981368324, 0.7626180800685245, 0.7630586822741687, 0.7761513550636971]",COMPLETE
3,0.8211589898301673,2026-08-26 14:06:00.097365,2026-08-26 14:06:11.341764,0 days 00:00:11.244399,False,,log_loss,24.0,sqrt,20,25,800,0.8211589898301673,0.009716496512957716,"[0.8261087975505351, 0.8023127972306021, 0.8301097411502621, 0.8235170119703846, 0.8237466012490523]",COMPLETE
4,0.8042999348777651,2026-08-26 14:06:11.342081,2026-08-26 14:06:20.458020,0 days 00:00:09.115939,True,,entropy,16.0,sqrt,15,31,1000,0.8042999348777651,0.00901242256917275,"[0.8082293527320994, 0.787143674944307, 0.807963195017065, 0.8133939583692537, 0.8047694933260999]",COMPLETE
5,0.8800443502340224,2026-08-26 14:06:20.458337,2026-08-26 14:06:34.703234,0 days 00:00:14.244897,False,balanced,gini,48.0,0.3,3,18,800,0.8800443502340224,0.007009609108671959,"[0.8791112797192197, 0.8671082355555133, 0.8871715923456293, 0.8848179866216602, 0.8820126569280896]",COMPLETE
6,0.856957075286575,2026-08-26 14:06:34.703553,2026-08-26 14:06:44.512467,0 days 00:00:09.808914,True,balanced,entropy,48.0,0.5,1,34,400,0.856957075286575,0.010156563247861884,"[0.8533463812580756, 0.8385967580578305, 0.8647041983516703, 0.8625751801184703, 0.8655628586468289]",COMPLETE
7,0.8549673549939657,2026-08-26 14:06:44.512759,2026-08-26 14:07:05.605842,0 days 00:00:21.093083,False,balanced,log_loss,32.0,0.3,15,19,1000,0.8549673549939657,0.009383883680895575,"[0.8583976727856238, 0.8363264393164919, 0.8594354280003453, 0.861636875969848, 0.8590403588975194]",COMPLETE
8,0.7702325867740885,2026-08-26 14:07:05.606178,2026-08-26 14:07:51.549178,0 days 00:00:45.943000,False,balanced_subsample,gini,24.0,1.0,19,40,900,0.7702325867740885,0.00770060307219994,"[0.780563162604181, 0.7782333893407989, 0.7612517984192908, 0.7663914000028376, 0.7647231835033339]",COMPLETE
9,0.8956610039917106,2026-08-26 14:07:51.549496,2026-08-26 14:08:05.965640,0 days 00:00:14.416144,False,balanced_subsample,log_loss,,0.3,1,10,600,0.8956610039917106,0.00926910460265808,"[0.8946819360704499, 0.8793930261727602, 0.9077336297854547, 0.8998038842249622, 0.8966925437049253]",COMPLETE
10,0.873632696321095,2026-08-26 14:08:05.965958,2026-08-26 14:08:13.760824,0 days 00:00:07.794866,False,balanced_subsample,log_loss,,log2,7,2,500,0.873632696321095,0.008922337114634828,"[0.8816369254829935, 0.856807086687132, 0.8804857409367243, 0.8736243219631632, 0.8756094065354612]",COMPLETE
11,0.8900688913605356,2026-08-26 14:08:13.761133,2026-08-26 14:08:26.913777,0 days 00:00:13.152644,False,balanced_subsample,gini,48.0,0.3,1,12,700,0.8900688913605356,0.006632672216436086,"[0.8930291781324501, 0.8771947163442229, 0.8960571122418037, 0.8910596648369261, 0.8930037852472746]",COMPLETE
12,0.861304660215426,2026-08-26 14:08:26.914104,2026-08-26 14:08:38.377279,0 days 00:00:11.463175,False,balanced_subsample,gini,12.0,0.3,5,11,700,0.861304660215426,0.007297015618977441,"[0.8627522748412025, 0.8477620682261765, 0.8623870599899531, 0.863734849452196, 0.8698870485676009]",COMPLETE
13,0.8945006691068176,2026-08-26 14:08:38.377595,2026-08-26 14:08:52.719036,0 days 00:00:14.341441,False,balanced_subsample,log_loss,,0.3,1,11,600,0.8945006691068176,0.008975583445287826,"[0.8973502410010944, 0.8768114737625715, 0.9017070404733615, 0.8977203269534085, 0.8989142633436519]",COMPLETE
14,0.8775171632323225,2026-08-26 14:08:52.719347,2026-08-26 14:09:03.754519,0 days 00:00:11.035172,False,balanced_subsample,log_loss,,0.3,8,9,500,0.8775171632323225,0.008942889400853088,"[0.8851571094386647, 0.8609931142407312, 0.8841227621507977, 0.8753222245547868, 0.8819906057766321]",COMPLETE
15,0.8971446978109519,2026-08-26 14:09:03.754832,2026-08-26 14:09:23.954575,0 days 00:00:20.199743,False,balanced_subsample,log_loss,,0.5,4,7,500,0.8971446978109519,0.008315719266679285,"[0.8945965422087259, 0.882180768248059, 0.9059119810374526, 0.9018653903450584, 0.9011688072154637]",COMPLETE
16,0.8782034068750718,2026-08-26 14:09:23.954880,2026-08-26 14:09:35.641426,0 days 00:00:11.686546,False,balanced_subsample,log_loss,,0.5,9,6,300,0.8782034068750718,0.006827804002556851,"[0.8768772174822796, 0.8656106671705706, 0.883722691260073, 0.8842766152227973, 0.8805298432396388]",COMPLETE
17,0.8899079381272346,2026-08-26 14:09:35.641740,2026-08-26 14:09:51.792081,0 days 00:00:16.150341,False,balanced_subsample,log_loss,,0.5,4,16,400,0.8899079381272346,0.007972458422232875,"[0.8852899315322414, 0.8771665877876456, 0.898945308094504, 0.8910830746471156, 0.8970547885746661]",COMPLETE
18,0.761898176578695,2026-08-26 14:09:51.792398,2026-08-26 14:09:57.723113,0 days 00:00:05.930715,False,balanced_subsample,log_loss,8.0,log2,6,7,500,0.761898176578695,0.00930528626400457,"[0.7655209716896807, 0.7440073164012769, 0.762313500041962, 0.7674805753883659, 0.7701685193721891]",COMPLETE
19,0.7778413210048133,2026-08-26 14:09:57.723410,2026-08-26 14:10:25.937824,0 days 00:00:28.214414,False,balanced_subsample,log_loss,12.0,1.0,10,15,400,0.7778413210048133,0.015088575669208331,"[0.770601529590483, 0.7841134674958422, 0.7545267623306696, 0.8001851142463664, 0.7797797313607052]",COMPLETE
20,0.8971134299747853,2026-08-26 14:10:25.938126,2026-08-26 14:10:54.103319,0 days 00:00:28.165193,False,,entropy,,0.5,3,5,700,0.8971134299747853,0.008230564116130629,"[0.8964822597096811, 0.8816535078408051, 0.9018735302739224, 0.9002840197926517, 0.9052738322568668]",COMPLETE
21,0.8971134299747853,2026-08-26 14:10:54.103632,2026-08-26 14:11:22.315497,0 days 00:00:28.211865,False,,entropy,,0.5,3,5,700,0.8971134299747853,0.008230564116130629,"[0.8964822597096811, 0.8816535078408051, 0.9018735302739224, 0.9002840197926517, 0.9052738322568668]",COMPLETE
22,0.8971134299747853,2026-08-26 14:11:22.315816,2026-08-26 14:11:50.466369,0 days 00:00:28.150553,False,,entropy,,0.5,3,5,700,0.8971134299747853,0.008230564116130629,"[0.8964822597096811, 0.8816535078408051, 0.9018735302739224, 0.9002840197926517, 0.9052738322568668]",COMPLETE
23,0.894673007160188,2026-08-26 14:11:50.466685,2026-08-26 14:12:22.219238,0 days 00:00:31.752553,False,,entropy,,0.5,4,2,800,0.894673007160188,0.008513354413978875,"[0.8953687884691258, 0.878794260948701, 0.8973405277319081, 0.8974426435603303, 0.9044188150908751]",COMPLETE
24,0.8885519996696223,2026-08-26 14:12:22.219726,2026-08-26 14:12:57.124316,0 days 00:00:34.904590,False,,entropy,,0.5,6,7,900,0.8885519996696223,0.006048834651556092,"[0.8916862952045683, 0.8780850410905449, 0.8910079275933489, 0.8862134373512841, 0.8957672971083653]",COMPLETE
25,0.8908660226458581,2026-08-26 14:12:57.124631,2026-08-26 14:13:25.008872,0 days 00:00:27.884241,False,,entropy,,0.5,3,14,700,0.8908660226458581,0.007195251253764235,"[0.890104187520638, 0.8780702974828903, 0.8961794997394502, 0.8909673842549007, 0.8990087442314115]",COMPLETE
26,0.8530518933225739,2026-08-26 14:13:25.009193,2026-08-26 14:13:45.551646,0 days 00:00:20.542453,True,,entropy,,0.5,10,5,900,0.8530518933225739,0.008457560238949086,"[0.8538780200991235, 0.8364958443766364, 0.8582576873031297, 0.8578738121054329, 0.8587541027285474]",COMPLETE
27,0.8725111299318847,2026-08-26 14:13:45.551964,2026-08-26 14:14:04.017182,0 days 00:00:18.465218,False,,entropy,12.0,0.5,5,7,500,0.8725111299318847,0.0056976275529249535,"[0.8741480753662881, 0.8638111740895043, 0.879784576842732, 0.8684675868513576, 0.8763442365095409]",COMPLETE
28,0.880921392295144,2026-08-26 14:14:04.017496,2026-08-26 14:14:35.051114,0 days 00:00:31.033618,False,,entropy,16.0,0.5,3,22,800,0.880921392295144,0.00684268584321027,"[0.8814906944359228, 0.8677838922221636, 0.8839175084940218, 0.8839179293175229, 0.8874969370060884]",COMPLETE
29,0.8679824068398586,2026-08-26 14:14:35.051430,2026-08-26 14:14:44.631727,0 days 00:00:09.580297,True,,entropy,32.0,0.7,7,4,300,0.8679824068398586,0.0052656119011585956,"[0.8687059174052635, 0.8580144061994014, 0.8727382600463195, 0.8684864998618496, 0.8719669506864592]",COMPLETE
30,0.7552079099686403,2026-08-26 14:14:44.632026,2026-08-26 14:15:04.999466,0 days 00:00:20.367440,False,,entropy,8.0,0.5,12,9,700,0.7552079099686403,0.00504189278260966,"[0.7614909402427323, 0.7461085085354974, 0.7553340941822233, 0.7557805518462969, 0.7573254550364518]",COMPLETE
31,0.8971134299747853,2026-08-26 14:15:04.999788,2026-08-26 14:15:33.130721,0 days 00:00:28.130933,False,,entropy,,0.5,3,4,700,0.8971134299747853,0.008230564116130629,"[0.8964822597096811, 0.8816535078408051, 0.9018735302739224, 0.9002840197926517, 0.9052738322568668]",COMPLETE
32,0.901184662791333,2026-08-26 14:15:33.131017,2026-08-26 14:15:57.585002,0 days 00:00:24.453985,False,,entropy,,0.5,2,4,600,0.901184662791333,0.006197018220321731,"[0.9002640358808809, 0.8901033329579019, 0.9078515204834035, 0.9016507222653867, 0.9060537023690921]",COMPLETE
33,0.8957375676125819,2026-08-26 14:15:57.585338,2026-08-26 14:16:30.274032,0 days 00:00:32.688694,False,,entropy,,0.7,2,2,600,0.8957375676125819,0.006404441773541099,"[0.9022642839921292, 0.8837391498137773, 0.8966078980635627, 0.8961434532006994, 0.8999330529927404]",COMPLETE
34,0.8709954731380822,2026-08-26 14:16:30.274342,2026-08-26 14:16:44.787163,0 days 00:00:14.512821,True,,entropy,32.0,0.5,5,13,600,0.8709954731380822,0.005713456270534928,"[0.8722247427022024, 0.8599945000726379, 0.8762812211961343, 0.8743969779582269, 0.8720799237612099]",COMPLETE
35,0.887834964143998,2026-08-26 14:16:44.787482,2026-08-26 14:16:54.619366,0 days 00:00:09.831884,False,,entropy,24.0,sqrt,2,8,600,0.887834964143998,0.009820929780744812,"[0.8974047889887767, 0.8693024694078543, 0.8945022896405518, 0.8892384369124252, 0.8887268357703824]",COMPLETE
36,0.8656449307687304,2026-08-26 14:16:54.619679,2026-08-26 14:16:59.907812,0 days 00:00:05.288133,True,balanced,entropy,16.0,log2,4,4,500,0.8656449307687304,0.009412667428384367,"[0.8720812529771669, 0.8470948659695162, 0.8720331161643596, 0.8688685955773133, 0.8681468231552961]",COMPLETE
37,0.8126006046471937,2026-08-26 14:16:59.908128,2026-08-26 14:17:49.014455,0 days 00:00:49.106327,False,,gini,,1.0,2,9,800,0.8126006046471937,0.007962182699201632,"[0.8114183024101645, 0.8019466651073298, 0.810810005884315, 0.8266950229565232, 0.8121330268776363]",COMPLETE
38,0.7610951683880268,2026-08-26 14:17:49.014779,2026-08-26 14:17:56.105640,0 days 00:00:07.090861,False,balanced,entropy,8.0,sqrt,5,17,600,0.7610951683880268,0.010202089851995373,"[0.7657119136511404, 0.7431778048357304, 0.7566181108487577, 0.7699862547021015, 0.7699817579024041]",COMPLETE
39,0.8690440000638343,2026-08-26 14:17:56.105949,2026-08-26 14:18:05.710539,0 days 00:00:09.604590,True,,entropy,24.0,0.5,6,6,400,0.8690440000638343,0.007180988779059776,"[0.8732116570422739, 0.855418110181558, 0.8762105709420651, 0.8708274688572574, 0.8695521932960171]",COMPLETE
40,0.8745046159936525,2026-08-26 14:18:05.710846,2026-08-26 14:18:34.589755,0 days 00:00:28.878909,False,,gini,48.0,0.7,2,22,700,0.8745046159936525,0.005610193902520172,"[0.8750558610377291, 0.8638818243435734, 0.8762668049853398, 0.8804753045138972, 0.8768432850877224]",COMPLETE
41,0.8942616052961083,2026-08-26 14:18:34.590068,2026-08-26 14:19:02.331757,0 days 00:00:27.741689,False,,entropy,,0.5,4,3,700,0.8942616052961083,0.008325693732436242,"[0.8953687884691258, 0.8787236106946318, 0.8985204687348579, 0.8952209239216037, 0.9034742346603221]",COMPLETE
42,0.898095845118951,2026-08-26 14:19:02.332073,2026-08-26 14:19:34.301422,0 days 00:00:31.969349,False,,entropy,,0.5,3,5,800,0.898095845118951,0.008479982387504841,"[0.896127649780603, 0.8825474044673275, 0.9034566803085623, 0.9017965195732224, 0.9065509714650405]",COMPLETE
43,0.8467215510157482,2026-08-26 14:19:34.301728,2026-08-26 14:20:02.471219,0 days 00:00:28.169491,False,,entropy,,0.5,18,5,800,0.8467215510157482,0.007107119219336102,"[0.8508488400463077, 0.8342689018955257, 0.8548308373690306, 0.8441213722308912, 0.8495378035369855]",COMPLETE
44,0.8989801628848918,2026-08-26 14:20:02.471539,2026-08-26 14:20:39.637957,0 days 00:00:37.166418,False,balanced,entropy,,0.5,1,11,900,0.8989801628848918,0.006942644784060332,"[0.8962493001467254, 0.8879412796337632, 0.9092195816148706, 0.9012974709950408, 0.9001931820340587]",COMPLETE
45,0.8978857519026923,2026-08-26 14:20:39.638284,2026-08-26 14:21:16.614608,0 days 00:00:36.976324,False,balanced,entropy,,0.5,1,12,900,0.8978857519026923,0.0068711130112243555,"[0.8955897217418908, 0.8856785847442502, 0.9051793513691072, 0.9003528905644878, 0.9026282110937252]",COMPLETE
46,0.8943132753948635,2026-08-26 14:21:16.614932,2026-08-26 14:21:57.053949,0 days 00:00:40.439017,False,balanced,log_loss,16.0,0.5,1,13,1000,0.8943132753948635,0.007405596617637112,"[0.8926535594026243, 0.8806706694769298, 0.9015702367649205, 0.8979412713150109, 0.8987306400148323]",COMPLETE
47,0.8237747565972802,2026-08-26 14:21:57.054278,2026-08-26 14:23:07.342215,0 days 00:01:10.287937,False,balanced,entropy,,1.0,1,11,900,0.8237747565972802,0.009524540554922316,"[0.8160756837246032, 0.8105320296354676, 0.8242514331444918, 0.8318508202330978, 0.8361638162487409]",COMPLETE
48,0.887870728958303,2026-08-26 14:23:07.342536,2026-08-26 14:23:22.255849,0 days 00:00:14.913313,False,balanced,log_loss,48.0,sqrt,2,10,900,0.887870728958303,0.00865483628174387,"[0.8942146582858067, 0.8714203159136001, 0.895352389183345, 0.8877255163083535, 0.8906407651004097]",COMPLETE
49,0.8577614062438308,2026-08-26 14:23:22.256146,2026-08-26 14:23:34.599799,0 days 00:00:12.343653,False,balanced,gini,32.0,log2,1,36,1000,0.8577614062438308,0.009416607110816122,"[0.8599784218108223, 0.8391990711575187, 0.8614159316082456, 0.8640660495710847, 0.8641475570714819]",COMPLETE
50,0.8779153954493649,2026-08-26 14:23:34.600107,2026-08-26 14:23:57.087482,0 days 00:00:22.487375,True,balanced,log_loss,,0.5,2,15,900,0.8779153954493649,0.007804741036627324,"[0.8712874938200231, 0.8660940472216004, 0.8860681570551782, 0.8822209645611303, 0.8839063145888927]",COMPLETE
51,0.8972668936713966,2026-08-26 14:23:57.087795,2026-08-26 14:24:29.288699,0 days 00:00:32.200904,False,balanced,entropy,,0.5,4,8,800,0.8972668936713966,0.007861411278129064,"[0.893957972604639, 0.8841174858610675, 0.9075437301747042, 0.9008236117092817, 0.8998916680072901]",COMPLETE
52,0.8972668936713966,2026-08-26 14:24:29.289017,2026-08-26 14:25:01.543544,0 days 00:00:32.254527,False,balanced,entropy,,0.5,4,8,800,0.8972668936713966,0.007861411278129064,"[0.893957972604639, 0.8841174858610675, 0.9075437301747042, 0.9008236117092817, 0.8998916680072901]",COMPLETE
53,0.8950116676024159,2026-08-26 14:25:01.543855,2026-08-26 14:25:33.553256,0 days 00:00:32.009401,False,balanced,entropy,,0.5,4,11,800,0.8950116676024159,0.007090187853060267,"[0.8953491383271098, 0.881471548389903, 0.9017525014350082, 0.897351300813536, 0.8991338490465223]",COMPLETE
54,0.8985660229871903,2026-08-26 14:25:33.553577,2026-08-26 14:26:10.501108,0 days 00:00:36.947531,False,balanced,entropy,,0.5,2,9,900,0.8985660229871903,0.00652250600295736,"[0.8949511521378039, 0.8880615713411536, 0.9071657104354368, 0.9010841615741011, 0.9015675194474563]",COMPLETE
55,0.8613775825595189,2026-08-26 14:26:10.501430,2026-08-26 14:26:44.030101,0 days 00:00:33.528671,False,balanced,entropy,12.0,0.5,1,29,900,0.8613775825595189,0.011018311738867283,"[0.8584451010174771, 0.8419944370846429, 0.8642334772068766, 0.8746580448347764, 0.8675568526538212]",COMPLETE
56,0.895975415942267,2026-08-26 14:26:44.030407,2026-08-26 14:27:24.856685,0 days 00:00:40.826278,False,balanced,entropy,,0.5,2,12,1000,0.895975415942267,0.007368698998413817,"[0.8934830709681707, 0.8837628759319894, 0.9061018806482029, 0.8970187420359151, 0.8995105101270574]",COMPLETE
57,0.8927172063548989,2026-08-26 14:27:24.857002,2026-08-26 14:28:01.810847,0 days 00:00:36.953845,False,balanced,entropy,,0.5,1,18,900,0.8927172063548989,0.008368186444445458,"[0.8905755412814772, 0.8774009060093331, 0.9004533110753772, 0.8961902728210781, 0.8989660005872292]",COMPLETE
58,0.8902314703703389,2026-08-26 14:28:01.811182,2026-08-26 14:28:22.272583,0 days 00:00:20.461401,False,balanced,entropy,24.0,0.3,5,9,900,0.8902314703703389,0.008945906957031211,"[0.8969039720171992, 0.8732296220633887, 0.8964585417912604, 0.8891705039758202, 0.8953947120040264]",COMPLETE
59,0.8945734693632363,2026-08-26 14:28:22.272913,2026-08-26 14:29:02.436638,0 days 00:00:40.163725,False,balanced,entropy,,0.5,3,13,1000,0.8945734693632363,0.007594555301373677,"[0.895065178652101, 0.8805986605641284, 0.9016629381704471, 0.8944424124681106, 0.9010981569613946]",COMPLETE
60,0.8112967658214612,2026-08-26 14:29:02.436954,2026-08-26 14:30:01.632244,0 days 00:00:59.195290,False,balanced,entropy,,1.0,7,15,800,0.8112967658214612,0.010664729279413228,"[0.8069466300606557, 0.7974910710196365, 0.809878915852854, 0.8301826878982944, 0.8119845242758649]",COMPLETE
61,0.8972668936713966,2026-08-26 14:30:01.632568,2026-08-26 14:30:33.815890,0 days 00:00:32.183322,False,balanced,entropy,,0.5,4,8,800,0.8972668936713966,0.007861411278129064,"[0.893957972604639, 0.8841174858610675, 0.9075437301747042, 0.9008236117092817, 0.8998916680072901]",COMPLETE
62,0.8965728506502986,2026-08-26 14:30:33.816204,2026-08-26 14:31:06.262286,0 days 00:00:32.446082,False,balanced,entropy,,0.5,3,10,800,0.8965728506502986,0.00668155507905106,"[0.893269761547231, 0.8854652753233104, 0.9047320400345026, 0.8985123288059939, 0.9008848475404551]",COMPLETE
63,0.9004646951986768,2026-08-26 14:31:06.262604,2026-08-26 14:31:43.248991,0 days 00:00:36.986387,False,balanced,entropy,,0.5,2,8,900,0.9004646951986768,0.007982771542148192,"[0.8959156990183953, 0.8871886835153792, 0.9083456514383866, 0.9031866318561467, 0.9076868101650758]",COMPLETE
64,0.9011564826058087,2026-08-26 14:31:43.249312,2026-08-26 14:32:20.363224,0 days 00:00:37.113912,False,balanced,entropy,,0.5,2,7,900,0.9011564826058087,0.007714919843750027,"[0.8989882553314392, 0.8872879664220217, 0.9096448417980176, 0.9050348285553033, 0.9048265209222625]",COMPLETE
65,0.7773430844439206,2026-08-26 14:32:20.363537,2026-08-26 14:32:50.216117,0 days 00:00:29.852580,False,balanced,entropy,8.0,0.5,2,6,1000,0.7773430844439206,0.008256851487007034,"[0.7724000144795574, 0.7647524269341659, 0.7792794082884916, 0.7811087641183279, 0.7891748083990601]",COMPLETE
66,0.8939515614042722,2026-08-26 14:32:50.216424,2026-08-26 14:33:05.658677,0 days 00:00:15.442253,False,balanced,entropy,,log2,1,3,900,0.8939515614042722,0.008300982369223013,"[0.8976677398630376, 0.8775466089558366, 0.9004802798500329, 0.8970614856800977, 0.8970016926723566]",COMPLETE
67,0.8948895559066713,2026-08-26 14:33:05.659003,2026-08-26 14:34:00.442813,0 days 00:00:54.783810,False,balanced,entropy,48.0,0.7,2,12,1000,0.8948895559066713,0.00439953441990422,"[0.8920498876442039, 0.8877293288715556, 0.8986379386093057, 0.8994038133342374, 0.8966268110740545]",COMPLETE
68,0.8953244939172114,2026-08-26 14:34:00.443134,2026-08-26 14:34:28.540541,0 days 00:00:28.097407,False,balanced,gini,,0.5,3,6,900,0.8953244939172114,0.007147692106263664,"[0.8933341466082068, 0.8825067455245637, 0.901023009907628, 0.9024508640468359, 0.8973077034988228]",COMPLETE
69,0.9000828697364479,2026-08-26 14:34:28.540874,2026-08-26 14:35:05.669164,0 days 00:00:37.128290,False,balanced,entropy,,0.5,1,10,900,0.9000828697364479,0.006875492430910481,"[0.8971718294258212, 0.8880181950809257, 0.9060753326970482, 0.9028320219270687, 0.9063169695513756]",COMPLETE
70,0.8598562904185837,2026-08-26 14:35:05.669472,2026-08-26 14:35:18.306946,0 days 00:00:12.637474,True,balanced,entropy,12.0,0.3,2,10,900,0.8598562904185837,0.00922182169215453,"[0.8653709383185259, 0.8417037081205448, 0.8668993700392423, 0.8627682178701859, 0.8625392177444198]",COMPLETE
71,0.9016085413818231,2026-08-26 14:35:18.307258,2026-08-26 14:35:55.682550,0 days 00:00:37.375292,False,balanced,entropy,,0.5,1,7,900,0.9016085413818231,0.0062295392047517365,"[0.9000024436653521, 0.8914663701237954, 0.9095066794308447, 0.9004676431214715, 0.9065995705676525]",COMPLETE
72,0.9016085413818231,2026-08-26 14:35:55.682865,2026-08-26 14:36:33.169723,0 days 00:00:37.486858,False,balanced,entropy,,0.5,1,7,900,0.9016085413818231,0.0062295392047517365,"[0.9000024436653521, 0.8914663701237954, 0.9095066794308447, 0.9004676431214715, 0.9065995705676525]",COMPLETE
73,0.9016085413818231,2026-08-26 14:36:33.170031,2026-08-26 14:37:10.748374,0 days 00:00:37.578343,False,balanced,entropy,,0.5,1,7,900,0.9016085413818231,0.0062295392047517365,"[0.9000024436653521, 0.8914663701237954, 0.9095066794308447, 0.9004676431214715, 0.9065995705676525]",COMPLETE
