number,value,datetime_start,datetime_complete,duration,params_bootstrap,params_class_weight,params_criterion,params_max_depth,params_max_features,params_min_samples_leaf,params_min_samples_split,params_n_estimators,user_attrs_cv_mean,user_attrs_cv_std,user_attrs_fold_scores,state
148,0.8851422477455138,2026-08-26 15:25:45.027657,2026-08-26 15:26:01.099033,0 days 00:00:16.071376,False,balanced,log_loss,24.0,log2,4,6,1000,0.8851422477455138,0.008941459669307749,"[0.8895886269414057, 0.8687099933814597, 0.895352389183345, 0.8874681045844993, 0.8845921246368592]",COMPLETE
149,0.9015386639644845,2026-08-26 15:26:01.099349,2026-08-26 15:26:42.252923,0 days 00:00:41.153574,False,balanced,log_loss,48.0,0.5,2,5,1000,0.9015386639644845,0.006138315167299377,"[0.8974978067023259, 0.8915160115771167, 0.9076616208726532, 0.9043697110000618, 0.9066481696702643]",COMPLETE
150,0.9029409686577292,2026-08-26 15:26:42.253243,2026-08-26 15:27:24.016638,0 days 00:00:41.763395,False,balanced,log_loss,48.0,0.5,1,2,1000,0.9029409686577292,0.005487849049872532,"[0.901704843056673, 0.893849356720699, 0.9081089322072579, 0.9018892209787489, 0.9091524903252677]",COMPLETE
151,0.9032749047794102,2026-08-26 15:27:24.016946,2026-08-26 15:28:05.671093,0 days 00:00:41.654147,False,balanced,log_loss,48.0,0.5,2,2,1000,0.9032749047794102,0.005839697598946765,"[0.9017334757092463, 0.8928141595860383, 0.9099319396139919, 0.9057175004623047, 0.9061774485254706]",COMPLETE
152,0.9032749047794102,2026-08-26 15:28:05.671413,2026-08-26 15:28:46.906952,0 days 00:00:41.235539,False,balanced,log_loss,48.0,0.5,2,2,1000,0.9032749047794102,0.005839697598946765,"[0.9017334757092463, 0.8928141595860383, 0.9099319396139919, 0.9057175004623047, 0.9061774485254706]",COMPLETE
153,0.8990872239014079,2026-08-26 15:28:46.907268,2026-08-26 15:29:27.608380,0 days 00:00:40.701112,False,balanced,log_loss,48.0,0.5,3,4,1000,0.8990872239014079,0.008138363017752719,"[0.8950218023918731, 0.8852309571016228, 0.9082750011843176, 0.9036604911419057, 0.90324786768732]",COMPLETE
154,0.9032749047794102,2026-08-26 15:29:27.608705,2026-08-26 15:30:08.897835,0 days 00:00:41.289130,False,balanced,log_loss,48.0,0.5,2,3,1000,0.9032749047794102,0.005839697598946765,"[0.9017334757092463, 0.8928141595860383, 0.9099319396139919, 0.9057175004623047, 0.9061774485254706]",COMPLETE
155,0.8990872239014079,2026-08-26 15:30:08.898150,2026-08-26 15:30:49.571472,0 days 00:00:40.673322,False,balanced,log_loss,48.0,0.5,3,3,1000,0.8990872239014079,0.008138363017752719,"[0.8950218023918731, 0.8852309571016228, 0.9082750011843176, 0.9036604911419057, 0.90324786768732]",COMPLETE
156,0.9029409686577292,2026-08-26 15:30:49.571777,2026-08-26 15:31:31.349984,0 days 00:00:41.778207,False,balanced,log_loss,48.0,0.5,1,2,1000,0.9029409686577292,0.005487849049872532,"[0.901704843056673, 0.893849356720699, 0.9081089322072579, 0.9018892209787489, 0.9091524903252677]",COMPLETE
157,0.788728648493636,2026-08-26 15:31:31.350309,2026-08-26 15:31:53.622790,0 days 00:00:22.272481,False,balanced,gini,8.0,0.5,2,4,1000,0.788728648493636,0.010021013790082842,"[0.7885784185654043, 0.7745080239120096, 0.7835050413453079, 0.7921777568087439, 0.8048740018367142]",COMPLETE
158,0.8950880467832082,2026-08-26 15:31:53.623143,2026-08-26 15:32:17.091167,0 days 00:00:23.468024,False,balanced,log_loss,48.0,0.3,3,2,1000,0.8950880467832082,0.008776497964918887,"[0.8981797525666408, 0.8781655284179077, 0.9037829628042523, 0.8972010067060029, 0.8981109834212373]",COMPLETE
159,0.892699295732816,2026-08-26 15:32:17.091488,2026-08-26 15:32:32.045532,0 days 00:00:14.954044,False,balanced_subsample,log_loss,48.0,sqrt,2,4,900,0.892699295732816,0.008612480760355729,"[0.8962989416000468, 0.8760575189854555, 0.9003389793418947, 0.8933992751736017, 0.8974017635630812]",COMPLETE
160,0.8702700326136472,2026-08-26 15:32:32.045860,2026-08-26 15:33:11.146837,0 days 00:00:39.100977,False,balanced,entropy,48.0,0.5,1,37,1000,0.8702700326136472,0.0074477302282322235,"[0.8697836602419873, 0.8560348404267323, 0.8755949903246666, 0.8759590146766404, 0.8739776573982093]",COMPLETE
161,0.9032749047794102,2026-08-26 15:33:11.147145,2026-08-26 15:33:52.353964,0 days 00:00:41.206819,False,balanced,log_loss,48.0,0.5,2,3,1000,0.9032749047794102,0.005839697598946765,"[0.9017334757092463, 0.8928141595860383, 0.9099319396139919, 0.9057175004623047, 0.9061774485254706]",COMPLETE
162,0.9032749047794102,2026-08-26 15:33:52.354273,2026-08-26 15:34:33.614491,0 days 00:00:41.260218,False,balanced,log_loss,48.0,0.5,2,2,1000,0.9032749047794102,0.005839697598946765,"[0.9017334757092463, 0.8928141595860383, 0.9099319396139919, 0.9057175004623047, 0.9061774485254706]",COMPLETE
163,0.8990872239014079,2026-08-26 15:34:33.614806,2026-08-26 15:35:14.324629,0 days 00:00:40.709823,False,balanced,log_loss,48.0,0.5,3,2,1000,0.8990872239014079,0.008138363017752719,"[0.8950218023918731, 0.8852309571016228, 0.9082750011843176, 0.9036604911419057, 0.90324786768732]",COMPLETE
164,0.9030090051836185,2026-08-26 15:35:14.324954,2026-08-26 15:35:55.973969,0 days 00:00:41.649015,False,balanced,log_loss,48.0,0.5,1,3,1000,0.9030090051836185,0.005813205250879288,"[0.8986112779428811, 0.8945375677781072, 0.9104543980023628, 0.9037563306883976, 0.9076854515063437]",COMPLETE
165,0.8486366708620455,2026-08-26 15:35:55.974283,2026-08-26 15:36:31.293404,0 days 00:00:35.319121,False,balanced,log_loss,48.0,0.5,19,2,1000,0.8486366708620455,0.00809397923283181,"[0.8474570997504197, 0.8336371255850995, 0.851527312767809, 0.8567870895197394, 0.8537747266871595]",COMPLETE
166,0.8759105521664117,2026-08-26 15:36:31.293724,2026-08-26 15:37:09.298372,0 days 00:00:38.004648,False,balanced,entropy,12.0,0.5,2,3,1000,0.8759105521664117,0.009981696853725902,"[0.8723491103857889, 0.8578280443101339, 0.8820954389225187, 0.8842590608710372, 0.8830211063425796]",COMPLETE
167,0.9025784354102402,2026-08-26 15:37:09.298680,2026-08-26 15:37:51.261066,0 days 00:00:41.962386,False,balanced,entropy,48.0,0.5,1,5,1000,0.9025784354102402,0.004881416013700601,"[0.9008109464301506, 0.8941829578490291, 0.908348789579352, 0.9036370813317164, 0.9059124018609537]",COMPLETE
168,0.8994325964296191,2026-08-26 15:37:51.261378,2026-08-26 15:38:31.944458,0 days 00:00:40.683080,False,balanced,log_loss,16.0,0.5,2,3,1000,0.8994325964296191,0.005848741353543827,"[0.8983993271806736, 0.8885651056301954, 0.9046159288187869, 0.9038958517143026, 0.9016867688041375]",COMPLETE
169,0.8884064137889517,2026-08-26 15:38:31.944759,2026-08-26 15:38:56.813366,0 days 00:00:24.868607,True,balanced,entropy,48.0,0.5,3,4,1000,0.8884064137889517,0.007834509635278897,"[0.8852836663391482, 0.8744151022167453, 0.8955670572630168, 0.8939213127384716, 0.8928449303873766]",COMPLETE
170,0.9029409686577292,2026-08-26 15:38:56.813676,2026-08-26 15:39:38.606557,0 days 00:00:41.792881,False,balanced,log_loss,48.0,0.5,1,2,1000,0.9029409686577292,0.005487849049872532,"[0.901704843056673, 0.893849356720699, 0.9081089322072579, 0.9018892209787489, 0.9091524903252677]",COMPLETE
171,0.9032749047794102,2026-08-26 15:39:38.606884,2026-08-26 15:40:19.852086,0 days 00:00:41.245202,False,balanced,log_loss,48.0,0.5,2,2,1000,0.9032749047794102,0.005839697598946765,"[0.9017334757092463, 0.8928141595860383, 0.9099319396139919, 0.9057175004623047, 0.9061774485254706]",COMPLETE
172,0.9032749047794102,2026-08-26 15:40:19.852411,2026-08-26 15:41:01.108369,0 days 00:00:41.255958,False,balanced,log_loss,48.0,0.5,2,2,1000,0.9032749047794102,0.005839697598946765,"[0.9017334757092463, 0.8928141595860383, 0.9099319396139919, 0.9057175004623047, 0.9061774485254706]",COMPLETE
173,0.9032749047794102,2026-08-26 15:41:01.108687,2026-08-26 15:41:42.299766,0 days 00:00:41.191079,False,balanced,log_loss,48.0,0.5,2,3,1000,0.9032749047794102,0.005839697598946765,"[0.9017334757092463, 0.8928141595860383, 0.9099319396139919, 0.9057175004623047, 0.9061774485254706]",COMPLETE
174,0.8990872239014079,2026-08-26 15:41:42.300079,2026-08-26 15:42:23.070011,0 days 00:00:40.769932,False,balanced,log_loss,32.0,0.5,3,2,1000,0.8990872239014079,0.008138363017752719,"[0.8950218023918731, 0.8852309571016228, 0.9082750011843176, 0.9036604911419057, 0.90324786768732]",COMPLETE
175,0.9032749047794102,2026-08-26 15:42:23.070328,2026-08-26 15:43:04.281616,0 days 00:00:41.211288,False,balanced,log_loss,48.0,0.5,2,4,1000,0.9032749047794102,0.005839697598946765,"[0.9017334757092463, 0.8928141595860383, 0.9099319396139919, 0.9057175004623047, 0.9061774485254706]",COMPLETE
176,0.8806015869635326,2026-08-26 15:43:04.281930,2026-08-26 15:43:57.756457,0 days 00:00:53.474527,False,balanced,entropy,48.0,0.7,1,27,1000,0.8806015869635326,0.00478390536776986,"[0.8769541329294421, 0.8737841564644838, 0.8821426793663986, 0.8875590265077925, 0.8825679395495457]",COMPLETE
177,0.9032749047794102,2026-08-26 15:43:57.756771,2026-08-26 15:44:38.981199,0 days 00:00:41.224428,False,balanced,entropy,48.0,0.5,2,3,1000,0.9032749047794102,0.005839697598946765,"[0.9017334757092463, 0.8928141595860383, 0.9099319396139919, 0.9057175004623047, 0.9061774485254706]",COMPLETE
178,0.8990872239014079,2026-08-26 15:44:38.981528,2026-08-26 15:45:19.673940,0 days 00:00:40.692412,False,balanced,log_loss,48.0,0.5,3,4,1000,0.8990872239014079,0.008138363017752719,"[0.8950218023918731, 0.8852309571016228, 0.9082750011843176, 0.9036604911419057, 0.90324786768732]",COMPLETE
179,0.8333972386937554,2026-08-26 15:45:19.674256,2026-08-26 15:46:38.347453,0 days 00:01:18.673197,False,balanced,entropy,48.0,1.0,1,5,1000,0.8333972386937554,0.00729603586074403,"[0.8203792856681283, 0.8303888510096754, 0.8375772541771541, 0.8393588645749094, 0.8392819380389097]",COMPLETE
180,0.9017375105590266,2026-08-26 15:46:38.347777,2026-08-26 15:47:15.528768,0 days 00:00:37.180991,False,balanced,log_loss,24.0,0.5,2,2,900,0.9017375105590266,0.005128293343712705,"[0.9001227353727425, 0.8924099082036391, 0.9064816798697034, 0.9051275299608298, 0.9045456993882189]",COMPLETE
181,0.9032749047794102,2026-08-26 15:47:15.529084,2026-08-26 15:47:57.213183,0 days 00:00:41.684099,False,balanced,log_loss,48.0,0.5,2,2,1000,0.9032749047794102,0.005839697598946765,"[0.9017334757092463, 0.8928141595860383, 0.9099319396139919, 0.9057175004623047, 0.9061774485254706]",COMPLETE
182,0.9032749047794102,2026-08-26 15:47:57.213511,2026-08-26 15:48:38.399438,0 days 00:00:41.185927,False,balanced,log_loss,48.0,0.5,2,2,1000,0.9032749047794102,0.005839697598946765,"[0.9017334757092463, 0.8928141595860383, 0.9099319396139919, 0.9057175004623047, 0.9061774485254706]",COMPLETE
183,0.9032749047794102,2026-08-26 15:48:38.399767,2026-08-26 15:49:19.593193,0 days 00:00:41.193426,False,balanced,log_loss,48.0,0.5,2,3,1000,0.9032749047794102,0.005839697598946765,"[0.9017334757092463, 0.8928141595860383, 0.9099319396139919, 0.9057175004623047, 0.9061774485254706]",COMPLETE
184,0.8990872239014079,2026-08-26 15:49:19.593515,2026-08-26 15:50:00.283269,0 days 00:00:40.689754,False,balanced,log_loss,48.0,0.5,3,3,1000,0.8990872239014079,0.008138363017752719,"[0.8950218023918731, 0.8852309571016228, 0.9082750011843176, 0.9036604911419057, 0.90324786768732]",COMPLETE
185,0.9032749047794102,2026-08-26 15:50:00.283588,2026-08-26 15:50:41.544543,0 days 00:00:41.260955,False,balanced,log_loss,48.0,0.5,2,4,1000,0.9032749047794102,0.005839697598946765,"[0.9017334757092463, 0.8928141595860383, 0.9099319396139919, 0.9057175004623047, 0.9061774485254706]",COMPLETE
186,0.7767657802667315,2026-08-26 15:50:41.544860,2026-08-26 15:51:11.304121,0 days 00:00:29.759261,False,balanced,entropy,8.0,0.5,3,2,1000,0.7767657802667315,0.007787560771235585,"[0.7745500415135055, 0.7631206777969143, 0.7807433089664503, 0.7791224050519981, 0.7862924680047891]",COMPLETE
187,0.8891081122799316,2026-08-26 15:51:11.304431,2026-08-26 15:51:24.516884,0 days 00:00:13.212453,False,balanced,gini,48.0,log2,1,3,1000,0.8891081122799316,0.006168323347307184,"[0.8895859096239415, 0.8771423575734375, 0.8941962788140856, 0.8927903916616348, 0.8918256237265579]",COMPLETE
188,0.9032749047794102,2026-08-26 15:51:24.517206,2026-08-26 15:52:06.040904,0 days 00:00:41.523698,False,balanced,log_loss,48.0,0.5,2,2,1000,0.9032749047794102,0.005839697598946765,"[0.9017334757092463, 0.8928141595860383, 0.9099319396139919, 0.9057175004623047, 0.9061774485254706]",COMPLETE
189,0.8784546351743245,2026-08-26 15:52:06.041215,2026-08-26 15:52:44.188206,0 days 00:00:38.146991,False,balanced_subsample,entropy,48.0,0.5,9,4,1000,0.8784546351743245,0.00750616536573731,"[0.8795168897603508, 0.8637942412649527, 0.8845291093234527, 0.8826934651881574, 0.8817394703347086]",COMPLETE
190,0.9012476004149006,2026-08-26 15:52:44.188543,2026-08-26 15:53:24.756554,0 days 00:00:40.568011,False,,log_loss,48.0,0.5,2,3,1000,0.9012476004149006,0.005863742019957364,"[0.8993204978010372, 0.8910965124910667, 0.9078515204834035, 0.9021731806537576, 0.9057962906452378]",COMPLETE
191,0.9032749047794102,2026-08-26 15:53:24.756874,2026-08-26 15:54:05.967298,0 days 00:00:41.210424,False,balanced,log_loss,48.0,0.5,2,2,1000,0.9032749047794102,0.005839697598946765,"[0.9017334757092463, 0.8928141595860383, 0.9099319396139919, 0.9057175004623047, 0.9061774485254706]",COMPLETE
192,0.9032749047794102,2026-08-26 15:54:05.967616,2026-08-26 15:54:47.233086,0 days 00:00:41.265470,False,balanced,log_loss,48.0,0.5,2,3,1000,0.9032749047794102,0.005839697598946765,"[0.9017334757092463, 0.8928141595860383, 0.9099319396139919, 0.9057175004623047, 0.9061774485254706]",COMPLETE
193,0.8626546653378314,2026-08-26 15:54:47.233390,2026-08-26 15:55:23.838626,0 days 00:00:36.605236,False,balanced,log_loss,48.0,0.5,14,2,1000,0.8626546653378314,0.009975360280581281,"[0.8570771573172222, 0.8458749920664892, 0.8687475667383991, 0.8735694465786207, 0.8680041639884258]",COMPLETE
194,0.9032749047794102,2026-08-26 15:55:23.838949,2026-08-26 15:56:05.087876,0 days 00:00:41.248927,False,balanced,log_loss,48.0,0.5,2,3,1000,0.9032749047794102,0.005839697598946765,"[0.9017334757092463, 0.8928141595860383, 0.9099319396139919, 0.9057175004623047, 0.9061774485254706]",COMPLETE
195,0.9028002325161794,2026-08-26 15:56:05.088191,2026-08-26 15:56:46.718637,0 days 00:00:41.630446,False,balanced,log_loss,48.0,0.5,1,4,1000,0.9028002325161794,0.005351482484213653,"[0.9007116635235081, 0.8938989981740203, 0.9091286596915772, 0.9030471108302415, 0.9072147303615498]",COMPLETE
196,0.8897362926291116,2026-08-26 15:56:46.718944,2026-08-26 15:57:03.041768,0 days 00:00:16.322824,False,balanced,entropy,48.0,sqrt,3,2,1000,0.8897362926291116,0.008059760947459596,"[0.8944056002472663, 0.8740018683237887, 0.896397305960087, 0.892762064228247, 0.8911146243861688]",COMPLETE
197,0.8990313568434173,2026-08-26 15:57:03.042075,2026-08-26 15:57:27.032115,0 days 00:00:23.990040,False,balanced,log_loss,48.0,0.3,1,3,1000,0.8990313568434173,0.00682769145170651,"[0.901087282253334, 0.885655713188774, 0.9029859591637684, 0.9008177562508521, 0.9046100733603574]",COMPLETE
198,0.9015386639644845,2026-08-26 15:57:27.032417,2026-08-26 15:58:08.497013,0 days 00:00:41.464596,False,balanced,entropy,48.0,0.5,2,5,1000,0.9015386639644845,0.006138315167299377,"[0.8974978067023259, 0.8915160115771167, 0.9076616208726532, 0.9043697110000618, 0.9066481696702643]",COMPLETE
199,0.8686273692648829,2026-08-26 15:58:08.497317,2026-08-26 15:58:31.705674,0 days 00:00:23.208357,True,balanced,log_loss,12.0,0.5,3,3,1000,0.8686273692648829,0.00888279144361149,"[0.8663283654432882, 0.8522110466540364, 0.8735190679937755, 0.87517600642345, 0.8759023598098646]",COMPLETE
