number,value,datetime_start,datetime_complete,duration,params_colsample_bytree,params_gamma,params_learning_rate,params_max_depth,params_min_child_weight,params_reg_alpha,params_reg_lambda,params_subsample,user_attrs_cv_mean,user_attrs_cv_std,user_attrs_fold_best_iterations,user_attrs_fold_scores,state
0,0.8822628938173069,2026-08-26 15:58:42.209325,2026-08-26 15:58:57.281429,0 days 00:00:15.072104,0.7442003345025142,1.8277151418544553,0.019677977348166304,9,2.1771032186203514,8.665537597324885e-06,1.0311514495138399,0.8978561926718072,0.8822628938173069,0.007559272720683666,"[1500, 1496, 1487, 1500, 1489]","[0.8889107570532871, 0.8678299857998559, 0.8819131742524311, 0.8863129320504709, 0.8863476199304895]",COMPLETE
1,0.894385703465716,2026-08-26 15:58:57.281731,2026-08-26 15:59:09.374500,0 days 00:00:12.092769,0.7826484435755748,0.3403911033599112,0.09439831569936806,7,2.880043790954131,1.5100408408589772e-07,23.538263110950048,0.9842104900822669,0.894385703465716,0.006424035040846202,"[1494, 1009, 1499, 1495, 1463]","[0.8965136096797185, 0.8815869335629323, 0.8977730020322169, 0.8980807923409161, 0.8979741797127964]",COMPLETE
2,0.9023619060883409,2026-08-26 15:59:09.374822,2026-08-26 15:59:21.849013,0 days 00:00:12.474191,0.6855299248522434,0.41743875595471047,0.14726161255504092,10,6.781935357780796,3.864031899313156e-05,14.610499699549097,0.8585642249613574,0.9023619060883409,0.006784815807476229,"[1454, 1490, 1487, 1352, 1482]","[0.9001947442855438, 0.8918223387116054, 0.9128169973257269, 0.9023595213000416, 0.9046159288187869]",COMPLETE
3,0.8928310242206132,2026-08-26 15:59:21.849332,2026-08-26 15:59:33.945607,0 days 00:00:12.096275,0.6595392252176876,0.4774657914394431,0.08394754752250128,5,5.011643571251018,5.357340695323986e-08,0.18099954688158187,0.9450697344147837,0.8928310242206132,0.00539148819334135,"[1495, 1457, 1498, 1480, 1488]","[0.8933283855111096, 0.8824025560835601, 0.8975110935086651, 0.8960269211614825, 0.8948861648382488]",COMPLETE
4,0.8584298850338492,2026-08-26 15:59:33.945923,2026-08-26 15:59:46.382725,0 days 00:00:12.436802,0.9963290723923126,1.1322462171492673,0.048769840070943336,4,13.502442798764482,0.00014367270092871558,0.1399264351773497,0.9178299664912868,0.8584298850338492,0.00982546182957295,"[1500, 1495, 1481, 1500, 1488]","[0.862408006081414, 0.8388239565236888, 0.8628240310899593, 0.8642397534888072, 0.863853677985376]",COMPLETE
5,0.8397212584429357,2026-08-26 15:59:46.383044,2026-08-26 16:00:01.703818,0 days 00:00:15.320774,0.8904231274266234,2.130692051488852,0.018099146987238985,8,15.164258427643505,0.009425386803829051,20.136195700340338,0.953044632771952,0.8397212584429357,0.010800850021491058,"[1500, 1460, 1492, 1500, 1471]","[0.8443166105007709, 0.8184197205042151, 0.842092786532109, 0.8467247667615805, 0.8470524079160026]",COMPLETE
6,0.8712380060214496,2026-08-26 16:00:01.704137,2026-08-26 16:00:24.596109,0 days 00:00:22.891972,0.7970893967426577,0.46120338258524907,0.01918354750824495,10,0.7811624819629674,6.963704487425356,0.47063847559435423,0.782598566894961,0.8712380060214496,0.008035722322607268,"[1497, 1500, 1500, 1499, 1492]","[0.8757217286402285, 0.8561971497356184, 0.8711105868852641, 0.8796977308956352, 0.8734628339505011]",COMPLETE
7,0.8882129209955373,2026-08-26 16:00:24.596433,2026-08-26 16:00:42.297903,0 days 00:00:17.701470,0.7269413610677277,1.266165560263202,0.022953302153308094,10,1.7604099383967902,2.041568273325791e-06,2.5538276254965817,0.6529433178954122,0.8882129209955373,0.007514894984158233,"[1500, 1498, 1500, 1500, 1495]","[0.891696636373858, 0.8735918558442922, 0.8943196041469631, 0.8925325591142795, 0.8889239494982942]",COMPLETE
8,0.8816776424700852,2026-08-26 16:00:42.298230,2026-08-26 16:00:59.900423,0 days 00:00:17.602193,0.9645659651689448,0.047573401053791486,0.11851328676362981,3,20.063522776432464,0.34420918881100815,4.715832950352583,0.7074625481911713,0.8816776424700852,0.007593142678294674,"[1500, 1473, 1500, 1487, 1499]","[0.8821396052092991, 0.8705247101616055, 0.8928336523175471, 0.8858674001980997, 0.8770228444638745]",COMPLETE
9,0.7819758328621575,2026-08-26 16:00:59.900750,2026-08-26 16:01:11.704415,0 days 00:00:11.803665,0.837631051781117,1.8972954750065205,0.033391708755025735,3,8.12005959578132,2.437950567013768,6.697837558293906,0.8256997968048689,0.7819758328621575,0.012999249950133511,"[1493, 1500, 1499, 1499, 1500]","[0.7910610385356903, 0.7591627032719095, 0.7774298529306028, 0.7963228202003938, 0.7859027493721915]",COMPLETE
10,0.8413298698671238,2026-08-26 16:01:11.704733,2026-08-26 16:01:19.247782,0 days 00:00:07.543049,0.6025554256995838,2.9869578392012968,0.17115128841996644,6,0.8625345056254972,1.239446148413562e-09,0.9684799729031198,0.8154186866999962,0.8413298698671238,0.00848722934910187,"[1457, 507, 891, 1486, 1500]","[0.8464393635408779, 0.8261679496149812, 0.8386672952567421, 0.8448369645592066, 0.8505377763638108]",COMPLETE
11,0.9084935370079652,2026-08-26 16:01:19.248091,2026-08-26 16:01:51.221629,0 days 00:00:31.973538,0.7080525776861748,0.0231232521247709,0.07963679092664983,7,4.263452155975748,0.0003004717544533422,26.482920034602543,0.9782175947325363,0.9084935370079652,0.008022670484330393,"[1302, 1112, 1500, 1349, 1374]","[0.906550449015107, 0.8956532522401307, 0.9188233149685958, 0.9064456333309526, 0.91499503548504]",COMPLETE
12,0.8845161759578714,2026-08-26 16:01:51.221952,2026-08-26 16:02:03.617334,0 days 00:00:12.395382,0.6782743329282878,0.9246854180884267,0.0585450019205184,8,5.621485435738427,0.0009910433108845519,11.18104428147794,0.8754617904374793,0.8845161759578714,0.007905384998660338,"[1454, 1486, 1497, 1500, 1500]","[0.8894549502850927, 0.8687958913391794, 0.8893096041782242, 0.8873502138865503, 0.8876702201003099]",COMPLETE
13,0.9042596223315856,2026-08-26 16:02:03.617657,2026-08-26 16:02:19.023269,0 days 00:00:15.405612,0.6725320077667093,0.0874654369563248,0.19738799740979307,6,3.8908230822550127,0.01542774835998499,28.40799586072418,0.7471784805954584,0.9042596223315856,0.0074227237859004706,"[684, 481, 594, 670, 746]","[0.9035499016148644, 0.8917091667600444, 0.9143798756911424, 0.9080787411269364, 0.9035804264649409]",COMPLETE
14,0.9019333688436142,2026-08-26 16:02:19.023592,2026-08-26 16:02:49.817272,0 days 00:00:30.793680,0.6067985020666221,0.06281619047092823,0.06690526775980236,6,3.4409161251561335,0.028821948481089064,29.79320282769025,0.6153035209350135,0.9019333688436142,0.007155269338899878,"[1454, 1469, 1499, 1490, 1491]","[0.9059838883238213, 0.8898073469927025, 0.9111694733189483, 0.9031645807046894, 0.8995415548779095]",COMPLETE
15,0.8927188199124375,2026-08-26 16:02:49.817593,2026-08-26 16:03:00.465361,0 days 00:00:10.647768,0.7162113834683212,0.8176019870032434,0.19552025796695158,6,1.5238549913116142,0.0044186419258787895,8.471808259523181,0.7381684507383188,0.8927188199124375,0.005064989439181679,"[1497, 1491, 1487, 1500, 1491]","[0.8945845159185354, 0.8869431935662372, 0.9006036051829103, 0.8939995979332035, 0.8874631869613007]",COMPLETE
16,0.9041703685348068,2026-08-26 16:03:00.465697,2026-08-26 16:03:34.752004,0 days 00:00:34.286307,0.6454066471769822,0.022210797407799604,0.03967552663790742,7,9.827433159084407,0.11991651861512725,3.0448988685029024,0.7019973020575317,0.9041703685348068,0.006476438705967709,"[1491, 1465, 1471, 1500, 1435]","[0.9077569379692113, 0.8945746788452419, 0.9137899051896676, 0.9040574238916651, 0.9006728967782474]",COMPLETE
17,0.8453281309708849,2026-08-26 16:03:34.752334,2026-08-26 16:03:44.282923,0 days 00:00:09.530589,0.758827649993029,0.765566598885689,0.12516543455198414,5,29.38805037408496,9.298132346477619e-05,12.515087970033553,0.9951193607803736,0.8453281309708849,0.010906617449260187,"[1464, 1449, 869, 1482, 1464]","[0.8514879377509619, 0.8241744707928221, 0.8510048543794381, 0.8458805226772165, 0.8540928692539858]",COMPLETE
18,0.866389348491456,2026-08-26 16:03:44.283250,2026-08-26 16:03:55.371720,0 days 00:00:11.088470,0.8314618346028646,1.4105893916491228,0.09225532085375182,7,3.897863418148991,0.0015807637315907734,29.853985807567263,0.7696987572334235,0.866389348491456,0.006974664782219756,"[1457, 1494, 1500, 1495, 1489]","[0.8724882216770303, 0.8537931543379669, 0.8685356159761914, 0.8726451378172918, 0.8644846126488002]",COMPLETE
19,0.8934667296332485,2026-08-26 16:03:55.372046,2026-08-26 16:04:17.210563,0 days 00:00:21.838517,0.6413910206120615,0.6459090593224095,0.02769088718221053,5,1.1009764936879791,0.3214791517081728,5.130986908864023,0.6554870713977182,0.8934667296332485,0.007475392154827899,"[1500, 1499, 1500, 1495, 1500]","[0.9003884035644676, 0.8796649595575784, 0.8994425771904524, 0.8954824116216541, 0.8923552962320906]",COMPLETE
20,0.9081996281391964,2026-08-26 16:04:17.210898,2026-08-26 16:04:36.571508,0 days 00:00:19.360610,0.69976923741993,0.25344958514561045,0.065983752373723,8,2.63905904725469,0.0004593312895991956,15.794576869776742,0.8417010098217245,0.9081996281391964,0.006833829674763583,"[1500, 1495, 1468, 1493, 1494]","[0.9122913102587953, 0.8954909429312443, 0.915231754716169, 0.9074842738257641, 0.9104998589640095]",COMPLETE
21,0.9085799477033266,2026-08-26 16:04:36.571836,2026-08-26 16:04:55.088504,0 days 00:00:18.516668,0.7073147237704728,0.28154602647921256,0.06924562519353196,8,2.5305048449427314,0.0007090918725798462,16.063636889598452,0.8347594297402318,0.9085799477033266,0.0071022404631840225,"[1499, 1495, 1441, 1499, 1494]","[0.910758844028186, 0.8959175617731235, 0.9177860331325164, 0.9083361528507906, 0.9101011467320169]",COMPLETE
22,0.9064231495703872,2026-08-26 16:04:55.088831,2026-08-26 16:05:13.300657,0 days 00:00:18.211826,0.7094659591620004,0.3190981570244375,0.06424278718033752,8,2.4791512197359102,0.00018408339991178335,16.108135447033,0.8357333248921924,0.9064231495703872,0.006388122851581905,"[1495, 1498, 1500, 1493, 1494]","[0.9111134539572641, 0.8941927949223226, 0.9114975352968718, 0.906301194681849, 0.9090107689936282]",COMPLETE
23,0.909367867657172,2026-08-26 16:05:13.300985,2026-08-26 16:05:34.554100,0 days 00:00:21.253115,0.7661279370004789,0.28555720928720923,0.048147252083289196,9,1.6986108410500351,1.4237778102835148e-06,9.5245069028663,0.797125813581282,0.909367867657172,0.006861438539923842,"[1475, 1396, 1499, 1495, 1495]","[0.9116527406547084, 0.8972577273835411, 0.9175020734575074, 0.9073915724202378, 0.9130352243698651]",COMPLETE
24,0.900792743113745,2026-08-26 16:05:34.554430,2026-08-26 16:05:51.185392,0 days 00:00:16.630962,0.7773121824982291,0.6116233530595634,0.04595975130520439,9,1.4430903451707973,7.400887224418553e-07,10.422026094821254,0.7990285126872183,0.900792743113745,0.006674814732660057,"[1478, 1500, 1500, 1499, 1494]","[0.9057285613013857, 0.888311991829228, 0.9064465711661837, 0.9038454731294575, 0.8996311181424707]",COMPLETE
25,0.8948452242305194,2026-08-26 16:05:51.185717,2026-08-26 16:06:01.980019,0 days 00:00:10.794302,0.8165719869281165,0.9192059057713484,0.08116752782895725,9,0.5935612761684949,6.139749775621481e-06,2.9709497905855238,0.8890488290718077,0.8948452242305194,0.006916659404905999,"[1449, 1347, 1392, 1493, 1488]","[0.8943922152983438, 0.8821682378618725, 0.8994533502720805, 0.8958856206533442, 0.9023266970669562]",COMPLETE
26,0.9122195635948727,2026-08-26 16:06:01.980347,2026-08-26 16:06:19.639182,0 days 00:00:17.658835,0.8721107150104113,0.22166146587817856,0.051580879983002634,9,1.8241492017008714,2.367484546938393e-08,5.855325749410361,0.9195735536042786,0.9122195635948727,0.008780819459101058,"[1500, 1500, 1484, 1500, 1493]","[0.9123185842526365, 0.8969800329016255, 0.9220868132430992, 0.9102739128145085, 0.9194384747624932]",COMPLETE
27,0.8997265289715687,2026-08-26 16:06:19.639498,2026-08-26 16:06:32.334683,0 days 00:00:12.695185,0.8678566544113497,0.601431411484846,0.051819276773546995,9,1.0393760513244503,2.1262209343987285e-09,1.975435616880923,0.9341070359689122,0.8997265289715687,0.007069236514785778,"[1500, 1440, 1486, 1473, 1467]","[0.899493148279213, 0.8875593957108441, 0.9073911515967366, 0.8981059816333387, 0.9060829676377109]",COMPLETE
28,0.856343903631991,2026-08-26 16:06:32.334994,2026-08-26 16:06:43.749134,0 days 00:00:11.414140,0.9212010741316281,2.8144138500819156,0.03737351393150527,9,1.9666010448342721,1.0139452481892552e-08,6.24145221052672,0.9067987106560302,0.856343903631991,0.009122659125236339,"[1500, 1496, 1455, 1493, 1469]","[0.8602083375941447, 0.8382484133218457, 0.8596500960800171, 0.8630566743448921, 0.8605559968190554]",COMPLETE
29,0.8947592519308548,2026-08-26 16:06:43.749448,2026-08-26 16:06:57.624886,0 days 00:00:13.875438,0.7418108166302164,1.1091046956474826,0.03130069570883663,9,1.3085990179202678,2.6470404133087577e-07,1.4680879897806767,0.8644163043982267,0.8947592519308548,0.006852118271240856,"[1495, 1490, 1499, 1500, 1494]","[0.8979830495080839, 0.8813673589488994, 0.898789591375571, 0.89559852283737, 0.9000577369843499]",COMPLETE
30,0.883430587654022,2026-08-26 16:06:57.625212,2026-08-26 16:07:09.898137,0 days 00:00:12.272925,0.9207519379228849,1.5543130931395168,0.04412209841286764,10,2.201288932370683,2.7847708828382445e-08,3.7811848836852895,0.8027034219058168,0.883430587654022,0.007230836137642852,"[1495, 1490, 1445, 1499, 1494]","[0.8872566404565555, 0.8698387123256657, 0.8878457035002656, 0.8898635281409485, 0.8823483538466754]",COMPLETE
31,0.9078514356304307,2026-08-26 16:07:09.898449,2026-08-26 16:07:24.913748,0 days 00:00:15.015299,0.7474127746790082,0.2239029462102208,0.07335055630629271,8,3.171999744904933,1.938848805358695e-05,8.416673365120081,0.951950623121882,0.9078514356304307,0.009419039705980951,"[1499, 1349, 1469, 1492, 1500]","[0.9117023821080297, 0.8909503054485671, 0.9193957311183109, 0.9065176422437539, 0.9106911172334918]",COMPLETE
32,0.9019969531460823,2026-08-26 16:07:24.914055,2026-08-26 16:07:42.772983,0 days 00:00:17.858928,0.770724159975682,0.23256475220591893,0.05547195344982661,7,4.960528185736757,3.529210309417308e-06,18.851818991802745,0.9720816582001799,0.9019969531460823,0.007940226074248187,"[1463, 1495, 1486, 1500, 1497]","[0.9050689828965509, 0.887715439826637, 0.9102969018011967, 0.8996625837168238, 0.9072408574892035]",COMPLETE
33,0.9066428786294065,2026-08-26 16:07:42.773297,2026-08-26 16:07:55.024478,0 days 00:00:12.251181,0.8006801135162676,0.4259324039865958,0.09306887119493903,8,1.955361313142587,6.209005369809257e-07,8.325324664162439,0.9115843298573224,0.9066428786294065,0.007353609871657478,"[1499, 1486, 1487, 1493, 1488]","[0.9101846594850751, 0.8924693867302538, 0.9121936976029653, 0.9066117023080125, 0.9117549470207259]",COMPLETE
34,0.9047505372688264,2026-08-26 16:07:55.024811,2026-08-26 16:08:10.494135,0 days 00:00:15.469324,0.8597139241910556,0.19401757160928915,0.07809502939546813,7,2.9554730393246373,2.3801069548910886e-05,20.416198289127422,0.9774965260758111,0.9047505372688264,0.006738666435499044,"[1495, 1479, 1492, 1495, 1469]","[0.9052250270123441, 0.8935542253182357, 0.9108382732000596, 0.9018874414965157, 0.912247719316977]",COMPLETE
35,0.9047449748191155,2026-08-26 16:08:10.494462,2026-08-26 16:08:23.258095,0 days 00:00:12.763633,0.727223906360833,0.4439425613235627,0.11498984470720786,9,4.192357017667249,3.021291465044793e-08,12.087631457396789,0.8521812496116874,0.9047449748191155,0.007534323670404352,"[1495, 1409, 1491, 1500, 1494]","[0.9111420866098373, 0.8921706834475903, 0.9135779544274601, 0.9021430737381366, 0.9046910758725536]",COMPLETE
36,0.90117904206787,2026-08-26 16:08:23.258427,2026-08-26 16:08:34.265712,0 days 00:00:11.007285,0.6891480751995454,0.59317221378863,0.10544214460880422,10,1.7114580288193666,1.496301897045065e-07,4.710768256211455,0.8879067624687673,0.90117904206787,0.006437578684499128,"[1449, 1486, 1455, 1493, 1488]","[0.9046857403148997, 0.8914055569430198, 0.9093964236735582, 0.8963329319879486, 0.9040745574199239]",COMPLETE
37,0.8962961470770837,2026-08-26 16:08:34.266038,2026-08-26 16:08:50.147570,0 days 00:00:15.881532,0.6323278036245177,0.37379613829788944,0.056522685649488105,7,0.5075384288782143,3.4693636635863977e-09,21.79492549895766,0.932375805011315,0.8962961470770837,0.006573919454440792,"[1500, 1486, 1484, 1500, 1488]","[0.8988259460225531, 0.8839140135134214, 0.9031124226376109, 0.8961871346801128, 0.8994412185317203]",COMPLETE
38,0.9080761557538907,2026-08-26 16:08:50.147896,2026-08-26 16:09:10.618183,0 days 00:00:20.470287,0.9046479790927684,0.17471704857124193,0.041711104770153024,8,6.697851074094307,5.6882864926879936e-05,0.31399058639720645,0.9607040727883477,0.9080761557538907,0.007304337600723283,"[1500, 1491, 1500, 1495, 1459]","[0.907551252400097, 0.8968883738468083, 0.9192751231028975, 0.9055244627105892, 0.9111415667090617]",COMPLETE
39,0.897706455004843,2026-08-26 16:09:10.618498,2026-08-26 16:09:32.140834,0 days 00:00:21.522336,0.9638361387346186,0.7550889246014035,0.023188345720861633,10,2.3231230360072193,0.0030536552221186565,6.419869368187415,0.766061568594797,0.897706455004843,0.005965981936089243,"[1491, 1494, 1500, 1500, 1500]","[0.8985929864595975, 0.8874391040034536, 0.9052369440711138, 0.8960489723129398, 0.9012142681771104]",COMPLETE
40,0.9154994941412612,2026-08-26 16:09:32.141159,2026-08-26 16:09:52.099537,0 days 00:00:19.958378,0.663896332790834,0.0037486710095065434,0.1393710797242199,9,1.2645543708931894,0.0003120829532626767,14.648280026300263,0.9978487579237947,0.9154994941412612,0.006360773330237534,"[433, 320, 586, 320, 355]","[0.9160430951186896, 0.905336840305173, 0.9240200764071197, 0.9124767194427431, 0.9196207394325807]",COMPLETE
41,0.8978412139741658,2026-08-26 16:09:52.099870,2026-08-26 16:10:02.222775,0 days 00:00:10.122905,0.6664890343771287,0.3280792755522298,0.1412582242183532,9,1.1668101400070234,0.0002837967776166703,14.520343304535997,0.9950992320700915,0.8978412139741658,0.008129632437433778,"[1379, 1416, 869, 1291, 1464]","[0.8967331842937515, 0.8826788919067438, 0.9023136395148939, 0.9015341902261698, 0.90594616392927]",COMPLETE
42,0.9158691334810924,2026-08-26 16:10:02.223099,2026-08-26 16:10:38.485900,0 days 00:00:36.262801,0.6978025307955179,0.014642111988752537,0.048725762060703934,8,0.826722130751743,0.0005352800724305713,8.863080979939701,0.9228355608225394,0.9158691334810924,0.006953740765570358,"[975, 908, 1267, 1037, 1075]","[0.9175335437478029, 0.9043436607720081, 0.925797622852207, 0.9138875242183925, 0.917783315815052]",COMPLETE
43,0.9158403909598091,2026-08-26 16:10:38.486215,2026-08-26 16:11:24.025234,0 days 00:00:45.539019,0.6258450425139167,0.003674877510156549,0.035510562463122994,9,0.8901443809418318,1.317074995529345e-05,9.197251887963903,0.9289166073036291,0.9158403909598091,0.009327787797429663,"[1221, 966, 1456, 1171, 1365]","[0.9163766962470197, 0.9014137636258348, 0.9279896563988137, 0.910485863576716, 0.9229359749506614]",COMPLETE
44,0.9117916097674419,2026-08-26 16:11:24.025561,2026-08-26 16:12:06.921788,0 days 00:00:42.896227,0.6542965147102028,0.12475281955313108,0.016503822031064642,10,0.8082110482362114,1.1924737111696177e-05,8.750444697376249,0.9438464562071578,0.9117916097674419,0.007129852040832109,"[1500, 1500, 1492, 1492, 1495]","[0.9138510504832457, 0.8986971759006012, 0.917594774863034, 0.9104638124252588, 0.9183512351650699]",COMPLETE
45,0.9142859179670808,2026-08-26 16:12:06.922127,2026-08-26 16:13:04.850256,0 days 00:00:57.928129,0.6336037099199829,0.0074592591523478516,0.015269760737057807,10,0.7727395738241987,7.92881362466919e-06,4.173812468312798,0.9368448639956566,0.9142859179670808,0.006670744355616098,"[1500, 1496, 1500, 1495, 1500]","[0.9123395930533844, 0.9046982707010862, 0.9225750887396528, 0.9107698232517248, 0.9210468140895557]",COMPLETE
46,0.9161090494923181,2026-08-26 16:13:04.850600,2026-08-26 16:13:52.191736,0 days 00:00:47.341136,0.629310587976339,0.03650031899603208,0.022185572069383003,10,0.6671833013826846,4.5632347289097206e-05,4.1364170704680445,0.9202555865653528,0.9161090494923181,0.007402237414497983,"[1283, 1290, 1480, 1421, 1482]","[0.9135174493549156, 0.906046060163329, 0.9244642496007588, 0.9116658045796658, 0.924851683762922]",COMPLETE
47,0.9154802629703583,2026-08-26 16:13:52.192054,2026-08-26 16:14:46.888975,0 days 00:00:54.696921,0.6242155857799384,0.039965823056099754,0.015565434176870585,10,0.6724651828773508,4.343126363513494e-05,4.201581765045689,0.9265836400105572,0.9154802629703583,0.006921927387126425,"[1500, 1500, 1500, 1500, 1496]","[0.9138224178306723, 0.9052661900511039, 0.9242743499900085, 0.9119983633572866, 0.9220399936227204]",COMPLETE
48,0.9020653455684183,2026-08-26 16:14:46.889291,2026-08-26 16:15:06.104107,0 days 00:00:19.214816,0.6127400137335001,0.49992496953807014,0.021675594159146147,10,0.6502376998068837,4.3315980170347286e-05,1.9714192153942987,0.9625731403348633,0.9020653455684183,0.005916085846206322,"[1500, 1453, 1492, 1454, 1487]","[0.899449772018985, 0.892915655714149, 0.9080031732496687, 0.9009662708761521, 0.9089918559831363]",COMPLETE
49,0.9144996465460716,2026-08-26 16:15:06.104443,2026-08-26 16:15:36.307827,0 days 00:00:30.203384,0.6215001102845186,0.10240729903415945,0.026756075319945612,10,0.934893845685105,0.00013673603617888022,3.3987343379091337,0.8957356705515839,0.9144996465460716,0.0057509200290464186,"[1500, 985, 1492, 1493, 1490]","[0.913971342190636, 0.905713817693731, 0.9205477655113738, 0.9113377426017425, 0.9209275647328745]",COMPLETE
