number,value,datetime_start,datetime_complete,duration,params_colsample_bytree,params_gamma,params_learning_rate,params_max_depth,params_min_child_weight,params_reg_alpha,params_reg_lambda,params_subsample,user_attrs_cv_mean,user_attrs_cv_std,user_attrs_fold_best_iterations,user_attrs_fold_scores,state
101,0.9174003187513057,2026-08-26 16:38:21.631866,2026-08-26 16:38:50.557360,0 days 00:00:28.925494,0.6267399585673852,0.006413164427008329,0.04119471389881507,10,0.618275937058121,0.2154617428158274,1.043842315578754,0.8559872640182389,0.9174003187513057,0.007518287806467671,"[577, 504, 703, 553, 521]","[0.9157381266429329, 0.9058117419416414, 0.928011707550271, 0.9148807037515573, 0.9225593138701261]",COMPLETE
102,0.9153970916005406,2026-08-26 16:38:50.557696,2026-08-26 16:39:18.397639,0 days 00:00:27.839943,0.6111921723024634,0.06534771808232326,0.031113976297987046,10,0.7041598208250942,0.08661303496873507,1.3578697740665868,0.8688087002640763,0.9153970916005406,0.006493360325352454,"[1387, 847, 1432, 997, 1479]","[0.9150351719778701, 0.9056207999801819, 0.9243526351847403, 0.9118525660494509, 0.9201242848104599]",COMPLETE
103,0.9116214424325785,2026-08-26 16:39:18.397963,2026-08-26 16:39:39.028170,0 days 00:00:20.630207,0.6298067855442437,0.1417631856745399,0.03613596115683632,10,0.7706148272193977,0.21403230944457052,0.6039862979399488,0.8494739689867983,0.9116214424325785,0.006356776245681298,"[1451, 1490, 1500, 1492, 1494]","[0.910402875440376, 0.9009178531886185, 0.9175682269118793, 0.9105610106304826, 0.918657245991536]",COMPLETE
104,0.9188093736404465,2026-08-26 16:39:39.028491,2026-08-26 16:40:13.312215,0 days 00:00:34.283724,0.643312984827942,0.0017800980978417914,0.033800720278934805,9,0.9082054958936334,0.04488016372279369,1.054889192437628,0.8607549069051028,0.9188093736404465,0.0073778097605344175,"[769, 681, 1050, 827, 881]","[0.9184337055674187, 0.9068979391883555, 0.927824946080486, 0.9157811818791958, 0.9251090954867762]",COMPLETE
105,0.9159293286355036,2026-08-26 16:40:13.312540,2026-08-26 16:40:42.251685,0 days 00:00:28.939145,0.6456970831604101,0.06366539864681464,0.030326503250487413,9,0.8986098082615206,0.002721523351337975,1.7685172440263455,0.9009763038255899,0.9159293286355036,0.007000429890346328,"[1061, 851, 1495, 1412, 1500]","[0.9150638046304435, 0.904492585131972, 0.9254839770850781, 0.9142686820986251, 0.9203375942313995]",COMPLETE
106,0.9135935240217895,2026-08-26 16:40:42.252011,2026-08-26 16:41:03.372287,0 days 00:00:21.120276,0.6702466293208995,0.20867336150548185,0.032832711460331156,8,0.9941563085655792,0.037608023920670856,0.5146059331765481,0.813618843417295,0.9135935240217895,0.0067013911605744506,"[1447, 1483, 1500, 1499, 1491]","[0.9135460820074889, 0.9036420647656774, 0.9239053238501359, 0.9103445630685777, 0.9165295864170678]",COMPLETE
107,0.9145754589640669,2026-08-26 16:41:03.372606,2026-08-26 16:41:32.814145,0 days 00:00:29.441539,0.659310153922367,0.1206309627241133,0.02581338573327565,9,1.1780528848071186,0.023082756121954092,1.5525180259762381,0.8351547772881767,0.9145754589640669,0.006323942696274304,"[1499, 1488, 1500, 1499, 1494]","[0.913900691936567, 0.9037771000807225, 0.9230048457224974, 0.9141980318445561, 0.9179966252359918]",COMPLETE
108,0.9149490261145339,2026-08-26 16:41:32.814457,2026-08-26 16:42:06.847334,0 days 00:00:34.032877,0.649657747315959,0.06608185043357688,0.02218971986153277,9,1.3852974697406264,0.057126193066752325,1.974192724292421,0.9582685048075289,0.9149490261145339,0.007956788924938568,"[1500, 1481, 1468, 1500, 1493]","[0.9145602703414016, 0.9010877863493301, 0.9229076475172736, 0.9135594622404691, 0.9226299641241953]",COMPLETE
109,0.9087395800224286,2026-08-26 16:42:06.847643,2026-08-26 16:42:32.571097,0 days 00:00:25.723454,0.639223957494568,0.26254923807654484,0.016817175048875904,9,0.8022335292315823,0.007441689127377739,1.081351311664673,0.9441978355045526,0.9087395800224286,0.0073387221977486965,"[1499, 1460, 1498, 1453, 1493]","[0.9068777849503437, 0.8959868533684606, 0.916363096616507, 0.9090233215574894, 0.9154468436193417]",COMPLETE
110,0.9174486439044038,2026-08-26 16:42:32.571423,2026-08-26 16:43:09.000793,0 days 00:00:36.429370,0.6766007849468542,0.0011304808138073226,0.028336299214537022,9,0.6927616668205309,0.0014181168711703879,0.41363963805671145,0.9294594401488925,0.9174486439044038,0.008971737313769927,"[875, 831, 979, 837, 1039]","[0.915808776897002, 0.9019879481689457, 0.9290048870834359, 0.9177895920969826, 0.9226520152756527]",COMPLETE
111,0.8983938508670117,2026-08-26 16:43:09.001126,2026-08-26 16:43:44.751187,0 days 00:00:35.750061,0.6874930500259061,0.16804971908409694,0.03450727085905775,9,22.06709157519892,0.0011398221915239139,0.4037941576925236,0.926727356781125,0.8983938508670117,0.005592063379315096,"[1500, 1481, 1500, 1494, 1490]","[0.9015005161462907, 0.8893177017485794, 0.9060874644374083, 0.8988827136045986, 0.8961808583981822]",COMPLETE
112,0.9157424619109845,2026-08-26 16:43:44.751498,2026-08-26 16:44:10.329659,0 days 00:00:25.578161,0.6736498910091305,0.05717943761918691,0.032069380313847186,9,0.6915752487462412,0.002542572129465825,0.30574114595017765,0.8820532202007387,0.9157424619109845,0.0069680891962948695,"[1063, 834, 1463, 1312, 1500]","[0.9124102433074536, 0.905954401108512, 0.926003297332484, 0.9135329142893145, 0.9208114535171587]",COMPLETE
113,0.9180190715494261,2026-08-26 16:44:10.330003,2026-08-26 16:44:48.780311,0 days 00:00:38.450308,0.6641297726691447,0.0037494406581725353,0.027988420131734706,9,0.5304132530567675,0.01339646304137751,0.7724898489754383,0.9676334808610031,0.9180190715494261,0.00819026510503383,"[841, 835, 1075, 885, 1069]","[0.9157443918360261, 0.9046128768393622, 0.9278514940316406, 0.9166582501966448, 0.9252283448434574]",COMPLETE
114,0.9180861689400139,2026-08-26 16:44:48.780638,2026-08-26 16:45:25.610003,0 days 00:00:36.829365,0.6638223247232518,0.006930824966145097,0.02784195012598231,9,0.5328633749518937,0.00470767087806902,0.754976941882627,0.8588139463010819,0.9180861689400139,0.007842440613115152,"[841, 855, 987, 822, 970]","[0.9173264995199566, 0.9061887193301995, 0.9292888467584447, 0.9144068444657982, 0.9232199346256703]",COMPLETE
115,0.8863959329410983,2026-08-26 16:45:25.610333,2026-08-26 16:45:47.355532,0 days 00:00:21.745199,0.6596796385643401,0.11404748007721016,0.024050980448684804,4,0.5392265304376427,0.004887387045013282,0.7406146806446862,0.8593342090766718,0.8863959329410983,0.007731150503437805,"[1500, 1500, 1500, 1500, 1500]","[0.8915195834573169, 0.8715844879772146, 0.8902604608907078, 0.8925735232762287, 0.8860416091040234]",COMPLETE
116,0.909503333983853,2026-08-26 16:45:47.355845,2026-08-26 16:46:11.524073,0 days 00:00:24.168228,0.6965273372329955,0.1986607874609443,0.019745751404588105,8,0.5776300341196733,0.013831420078531137,0.6278525266204844,0.9683023089023529,0.909503333983853,0.007054336063609229,"[1495, 1500, 1492, 1500, 1488]","[0.906508431413611, 0.8979942212355384, 0.9169607020586446, 0.9093558803351102, 0.9166974348763608]",COMPLETE
117,0.9136842393273291,2026-08-26 16:46:11.524391,2026-08-26 16:46:37.456333,0 days 00:00:25.931942,0.6667881727312561,0.11830439187318754,0.026502652640067147,10,0.5389355683947566,0.009687705206342446,0.9356383502668212,0.8680214145880154,0.9136842393273291,0.006433981307507246,"[1495, 1495, 1495, 1352, 1500]","[0.9133614052391225, 0.9015626879857984, 0.9192485751517429, 0.9154940840632216, 0.9187544441967598]",COMPLETE
118,0.9045636470580648,2026-08-26 16:46:37.456648,2026-08-26 16:46:55.367128,0 days 00:00:17.910480,0.654599343903263,0.34104440245399603,0.025127049794024074,10,0.5047593964135575,0.09831703063323437,0.5379099826504692,0.9751939104999353,0.9045636470580648,0.005150767807315848,"[1375, 1009, 1444, 1447, 1006]","[0.9019257763294379, 0.8958231854008423, 0.9095863232843087, 0.9063497937844609, 0.9091331564912745]",COMPLETE
119,0.9177368053395621,2026-08-26 16:46:55.367447,2026-08-26 16:47:33.380496,0 days 00:00:38.013049,0.633747858228511,0.0020542883529186826,0.028745284354519573,9,0.6104275707623643,0.02030281729532268,0.8270340756392008,0.8593546766526008,0.9177368053395621,0.006586253727750078,"[904, 855, 1119, 916, 955]","[0.9173054907192086, 0.9065433292592776, 0.9249160577350605, 0.9160871927056619, 0.9238319562786025]",COMPLETE
120,0.9172861072531091,2026-08-26 16:47:33.380819,2026-08-26 16:48:16.343982,0 days 00:00:42.963163,0.6827376667193363,0.00038421167029300575,0.02311835507878317,10,0.6068439418582058,0.004490029324421602,0.810932457995462,0.697636884781691,0.9172861072531091,0.0062866060263642954,"[850, 864, 1059, 890, 919]","[0.9162774133403772, 0.9068335541273796, 0.9256707385548631, 0.9163446044295159, 0.9213042258134098]",COMPLETE
121,0.9141777069489126,2026-08-26 16:48:16.344297,2026-08-26 16:48:45.984799,0 days 00:00:29.640502,0.6346527239160847,0.06705198174833674,0.02925737332634666,9,0.6325145721895846,0.34115934513937174,0.9068672053503303,0.8261193509779553,0.9141777069489126,0.006327881969993163,"[1464, 1494, 1392, 1493, 1445]","[0.9138014090299243, 0.9038973917881131, 0.9219630670867206, 0.9117630027848898, 0.9194636640549158]",COMPLETE
122,0.913262909172585,2026-08-26 16:48:45.985115,2026-08-26 16:49:10.257247,0 days 00:00:24.272132,0.6402987319502185,0.14934497830920523,0.027644765638963984,9,0.7495210050404691,0.021417865421175776,0.6487428196647977,0.8405124209778013,0.913262909172585,0.007413443890522175,"[1500, 1494, 1497, 1500, 1491]","[0.910473525694445, 0.9021306073358163, 0.9228635452143591, 0.9108638833159833, 0.9199829843023215]",COMPLETE
123,0.9154357601947207,2026-08-26 16:49:10.257575,2026-08-26 16:49:43.939555,0 days 00:00:33.681980,0.6235964252067457,0.0727992707493166,0.021336585374219015,9,0.585915972697417,0.03950935167061309,0.7538255478651616,0.8602879058914865,0.9154357601947207,0.0070518998351272195,"[1500, 1498, 1500, 1492, 1491]","[0.9136663737148792, 0.9056704414335032, 0.926761116293252, 0.9122337239296835, 0.9188471456022862]",COMPLETE
124,0.916887205236303,2026-08-26 16:49:43.939878,2026-08-26 16:50:20.219060,0 days 00:00:36.279182,0.6474833858930589,0.0027246466377722793,0.0300574135495501,9,0.6629223125769249,0.0719298669325015,1.0105172860750107,0.8750432163071239,0.916887205236303,0.006948326793831839,"[788, 830, 1034, 844, 864]","[0.9156030913278878, 0.906379661291659, 0.9273996858973388, 0.9145260938224794, 0.9205274938421498]",COMPLETE
125,0.9105778861669565,2026-08-26 16:50:20.219391,2026-08-26 16:50:45.991086,0 days 00:00:25.771695,0.6646416541875215,0.24344032337455154,0.018221774040024622,9,0.9514283214039033,0.014041357146586697,0.47669701084800675,0.8852801405860931,0.9105778861669565,0.007280341851434897,"[1500, 1499, 1497, 1500, 1500]","[0.9064091485069685, 0.8989377593153819, 0.9183715068342938, 0.911480401768613, 0.9176906144095257]",COMPLETE
126,0.9092004148696876,2026-08-26 16:50:45.991409,2026-08-26 16:51:04.954598,0 days 00:00:18.963189,0.6557659591846167,0.1231937457094601,0.03683222206155197,8,0.7904252298616831,0.7931374538915448,1.0781345185775442,0.9484315915422888,0.9092004148696876,0.008156193504551436,"[1495, 1491, 1482, 1500, 1500]","[0.9059838883238213, 0.895376916416947, 0.9179273336406547, 0.9101578015987926, 0.9165561343682226]",COMPLETE
127,0.9114811864929168,2026-08-26 16:51:04.954934,2026-08-26 16:51:26.494751,0 days 00:00:21.539817,0.7080820913913755,0.201940943858615,0.03135882846437578,10,0.5389893226803272,0.12565393980295964,1.32415984062931,0.8486721290875011,0.9114811864929168,0.006466442353938525,"[1500, 1498, 1500, 1500, 1491]","[0.9081611893516106, 0.9012724631176964, 0.9169341541074898, 0.911551052022682, 0.9194870738651052]",COMPLETE
128,0.8492315595390363,2026-08-26 16:51:26.495076,2026-08-26 16:51:43.883290,0 days 00:00:17.388214,0.692198974456319,0.0715489634427533,0.028822114464844315,3,1.0974571500320662,0.006603892112779157,0.8721562523685762,0.9893548015602014,0.8492315595390363,0.011082569163934231,"[1500, 1500, 1500, 1500, 1500]","[0.8633935617627536, 0.8321185483994089, 0.851852236604767, 0.8569391631095057, 0.8418542878187467]",COMPLETE
129,0.8603985632167126,2026-08-26 16:51:43.883605,2026-08-26 16:51:56.390821,0 days 00:00:12.507216,0.6318718461717596,2.675421010690279,0.02676337940489558,9,0.8692251185128145,0.0020017289052462798,3.452397425187514,0.892543755038105,0.8603985632167126,0.008221498747414742,"[1500, 1496, 1447, 1500, 1464]","[0.8663941091629962, 0.8445754853988355, 0.8602683940148799, 0.8663908228734646, 0.864364004633387]",COMPLETE
130,0.910270975980551,2026-08-26 16:51:56.391146,2026-08-26 16:52:18.563555,0 days 00:00:22.172409,0.6430254889463805,0.1707488493243243,0.02472831300851451,10,0.723987081395331,0.055962821496941546,0.7681052730007434,0.9579398431516202,0.910270975980551,0.007456561549329396,"[1495, 1491, 1492, 1454, 1488]","[0.9083458661199769, 0.8973556516314515, 0.9154405673374112, 0.9109831326726644, 0.9192296621412511]",COMPLETE
131,0.9192125171927643,2026-08-26 16:52:18.563871,2026-08-26 16:52:56.276795,0 days 00:00:37.712924,0.676741748385979,0.0005945750098949246,0.02810782412741267,9,0.6619620512512246,0.001380834645115194,0.6922388830866041,0.9127305685215837,0.9192125171927643,0.008527408113733793,"[931, 860, 968, 891, 1068]","[0.9185043558214877, 0.9046835270934315, 0.9292888467584447, 0.9174835812705165, 0.9261022750199409]",COMPLETE
132,0.9173966791399772,2026-08-26 16:52:56.277127,2026-08-26 16:53:28.670313,0 days 00:00:32.393186,0.679343490863481,0.0016069766209532966,0.03402303470245369,9,0.5937996648488397,0.003550330903550246,0.6832981384335172,0.9105481800080781,0.9173966791399772,0.007342772762283433,"[700, 686, 881, 697, 882]","[0.913992350991384, 0.9059606663016052, 0.9279631084476591, 0.9177409929943708, 0.921326276964867]",COMPLETE
133,0.9135317783930035,2026-08-26 16:53:28.670647,2026-08-26 16:53:52.343454,0 days 00:00:23.672807,0.6671689277821854,0.10320681295355766,0.027836057856876324,9,0.6577725332893236,0.023288037855417,0.5974328360420713,0.9392778517158942,0.9135317783930035,0.006105540321412847,"[1500, 1354, 1486, 1450, 1488]","[0.9125739112750719, 0.9026265177730326, 0.9187747158659838, 0.913914072169547, 0.9197696748813818]",COMPLETE
134,0.9157437149496032,2026-08-26 16:53:52.343772,2026-08-26 16:54:28.246932,0 days 00:00:35.903160,0.6730797345425569,0.05553073879605337,0.022270173832480766,9,0.7605767759069937,0.0005847017145906699,0.8553065223161264,0.8698978189199261,0.9157437149496032,0.00764773687773736,"[1490, 1099, 1453, 1493, 1499]","[0.9157443918360261, 0.9036196973061973, 0.926761116293252, 0.9128722935337704, 0.9197210757787699]",COMPLETE
135,0.9129586737581965,2026-08-26 16:54:28.247257,2026-08-26 16:55:00.660503,0 days 00:00:32.413246,0.6546830975114213,0.13163218790355766,0.020556481613453446,9,0.9190881673512452,0.0089777765308434,2.6633403707501278,0.8993476158834203,0.9129586737581965,0.008020377063444398,"[1500, 1496, 1495, 1495, 1500]","[0.9120556333783756, 0.8988671090613126, 0.9215378069035735, 0.9124204853994685, 0.9199123340482522]",COMPLETE
136,0.9176696681736125,2026-08-26 16:55:00.660851,2026-08-26 16:55:47.646496,0 days 00:00:46.985645,0.6868758463385273,0.003533094939267132,0.025893846757179335,10,0.535510534023825,0.0010041523641354268,2.184220520209182,0.8577835327932161,0.9176696681736125,0.00812577611282356,"[927, 849, 1189, 851, 934]","[0.9172209514202209, 0.9049178453151191, 0.9288181256136508, 0.9141714838934014, 0.9232199346256703]",COMPLETE
137,0.9110360064668367,2026-08-26 16:55:47.646832,2026-08-26 16:56:10.687877,0 days 00:00:23.041045,0.6893466561059537,0.27583346563929745,0.0263325562339581,10,0.5348043242055044,0.000907838481497784,2.3467737668230826,0.85740852975658,0.9110360064668367,0.007660188583439255,"[1500, 1498, 1497, 1500, 1494]","[0.9111554715587599, 0.8974486693450007, 0.9206418255756325, 0.9108418321645261, 0.9150922336902637]",COMPLETE
138,0.9148785232867696,2026-08-26 16:56:10.688232,2026-08-26 16:56:43.636720,0 days 00:00:32.948488,0.7033913682413258,0.06424230730008357,0.02572926190153898,10,0.58191387017711,0.0016621019081457288,1.582821641830403,0.8764717894492564,0.9148785232867696,0.007249780532258639,"[1495, 920, 1495, 1417, 1391]","[0.9159080598036445, 0.9020313244291737, 0.9230754959765667, 0.9133020505166148, 0.920075685707848]",COMPLETE
139,0.9124405223847093,2026-08-26 16:56:43.637055,2026-08-26 16:57:10.978082,0 days 00:00:27.341027,0.7113299232358486,0.19654941095691594,0.022739055242299334,10,0.6573286382383576,0.0001832625683331899,2.1194687431172845,0.8650386011215955,0.9124405223847093,0.007249373467154841,"[1476, 1495, 1500, 1497, 1500]","[0.9099776152572286, 0.8993916521511025, 0.9183935579857513, 0.9155912822684454, 0.9188485042610183]",COMPLETE
140,0.9150157463402,2026-08-26 16:57:10.978413,2026-08-26 16:57:40.103986,0 days 00:00:29.125573,0.6839143132934421,0.11835646965563282,0.0246731116321348,10,0.6172307543673006,0.00040517609145125275,1.1337054778038018,0.8529825699489512,0.9150157463402,0.006936892861186312,"[1500, 1498, 1500, 1402, 1493]","[0.9155324410738186, 0.903499405598807, 0.9241141364713781, 0.9125662827073042, 0.919366465849692]",COMPLETE
141,0.916352916621981,2026-08-26 16:57:40.104346,2026-08-26 16:58:08.604623,0 days 00:00:28.500277,0.6601066107974947,0.046012460489182644,0.031075096547714436,9,0.5148764547500698,0.002870367371910002,0.5450148425986212,0.8384389611340651,0.916352916621981,0.008084024529061137,"[1055, 882, 1429, 700, 1346]","[0.9175398089408963, 0.9039036569812063, 0.9282956672252798, 0.9123043741837528, 0.9197210757787699]",COMPLETE
142,0.9178619896969,2026-08-26 16:58:08.604967,2026-08-26 16:58:44.713623,0 days 00:00:36.108656,0.7300875600852457,0.004526829953381676,0.0300962843331866,10,0.8191027949899299,0.1754192615651806,0.6828749225571453,0.9784820164409963,0.9178619896969,0.008121257122670991,"[712, 638, 1055, 798, 774]","[0.9162626697327226, 0.9053220966975184, 0.9287695265110391, 0.9146939422817724, 0.9242617132614471]",COMPLETE
143,0.9120621489667627,2026-08-26 16:58:44.713960,2026-08-26 16:59:10.455764,0 days 00:00:25.741804,0.7366121704708988,0.05972644792994143,0.0285852906556221,10,0.7167308451429859,0.015779536220814912,0.6966898482018269,0.9807167644750211,0.9120621489667627,0.006838074353775572,"[1398, 1453, 1465, 1184, 1469]","[0.9107574853694539, 0.8999519476492948, 0.9166267846222916, 0.9129208926363823, 0.9200536345563908]",COMPLETE
144,0.9183808930040218,2026-08-26 16:59:10.456114,2026-08-26 16:59:48.676006,0 days 00:00:38.219892,0.7279535698842616,0.003405494661643981,0.02986141714729361,10,0.7884407134533038,0.006088732913957779,1.0017789485563713,0.9661011397575648,0.9183808930040218,0.008533429889515165,"[766, 653, 904, 818, 898]","[0.9177244857092627, 0.9030517779561796, 0.9279896563988137, 0.918738669327233, 0.9243998756286201]",COMPLETE
145,0.9098599932745224,2026-08-26 16:59:48.676343,2026-08-26 17:00:12.441274,0 days 00:00:23.764931,0.757826342203661,0.15604066285405502,0.02383255770951367,10,0.8474765357049555,0.005044922351791311,0.9213515273519648,0.964742351612781,0.9098599932745224,0.006878276002557407,"[1451, 1491, 1500, 1454, 1488]","[0.9064091485069685, 0.8988881178620606, 0.9173373631391799, 0.9098517907723265, 0.9168135460920767]",COMPLETE
146,0.9100322497463393,2026-08-26 17:00:12.441615,2026-08-26 17:00:33.354181,0 days 00:00:20.912566,0.7297487350045835,0.10873283572165186,0.03230788955178606,10,0.8048875493033866,0.008444972484434933,1.0173449198484452,0.9875024418273697,0.9100322497463393,0.007184605545686972,"[1463, 1469, 1440, 1443, 1487]","[0.906224471738602, 0.89929236924446, 0.9155895027862123, 0.9091911700167824, 0.9198637349456403]",COMPLETE
147,0.9172656650367171,2026-08-26 17:00:33.354532,2026-08-26 17:01:16.526582,0 days 00:00:43.172050,0.7198878974548804,0.0001660262145071617,0.02717326819326597,10,0.5632859336538116,0.0011909845861584334,1.357525478358206,0.9745555362232079,0.9172656650367171,0.007755552985122321,"[865, 822, 1020, 850, 1034]","[0.9146309205954709, 0.9041589840036418, 0.9269996150066141, 0.9181221508746035, 0.9224166547032557]",COMPLETE
148,0.9100151944602372,2026-08-26 17:01:16.526917,2026-08-26 17:01:43.010398,0 days 00:00:26.483481,0.7254454969178202,0.2339589893770141,0.018997886351243682,10,0.6728043396937765,0.027524745365424753,0.8422426071134597,0.880264415221093,0.9100151944602372,0.007198234749396119,"[1500, 1499, 1497, 1495, 1490]","[0.907636646261821, 0.8976333461133672, 0.9170502653232057, 0.910655070694741, 0.9171006439080508]",COMPLETE
149,0.912956354882626,2026-08-26 17:01:43.010734,2026-08-26 17:02:07.422269,0 days 00:00:24.411535,0.7472344070451267,0.0894117370701876,0.028891939191645653,10,0.7460626056639865,0.002356396117136895,0.7795971341608239,0.9550577043039854,0.912956354882626,0.008431510989989566,"[1500, 1395, 1492, 1445, 1500]","[0.9116303731952282, 0.8991287012768415, 0.9186586046502679, 0.9111509811319575, 0.9242131141588351]",COMPLETE
150,0.9070179281917298,2026-08-26 17:02:07.422631,2026-08-26 17:02:24.416903,0 days 00:00:16.994272,0.6928624257359852,0.1703864412004225,0.04001845386822967,10,0.6203090249488615,0.04624350492620773,1.8028858544250297,0.9929182466078288,0.9070179281917298,0.006246766311219121,"[1464, 1067, 1499, 1381, 1487]","[0.9057495701021336, 0.8979584688271357, 0.9138385042922795, 0.9033513421744743, 0.9141917555626254]",COMPLETE
151,0.9163104654257024,2026-08-26 17:02:24.417242,2026-08-26 17:03:01.800054,0 days 00:00:37.382812,0.994049457975389,0.007092548394327912,0.030438269134771156,10,1.0477803647556623,0.08503648052241285,0.6510738089694309,0.9671173314023865,0.9163104654257024,0.00823892275617525,"[703, 662, 957, 803, 851]","[0.9175111762883229, 0.9013493785648589, 0.9245911338981027, 0.9151426122751088, 0.9229580261021187]",COMPLETE
