number,value,datetime_start,datetime_complete,duration,params_colsample_bytree,params_gamma,params_learning_rate,params_max_depth,params_min_child_weight,params_reg_alpha,params_reg_lambda,params_subsample,user_attrs_cv_mean,user_attrs_cv_std,user_attrs_fold_best_iterations,user_attrs_fold_scores,state
152,0.9133681736869896,2026-08-26 17:03:01.800400,2026-08-26 17:03:24.624388,0 days 00:00:22.823988,0.7020151853287661,0.057269412724689356,0.03455761898672616,10,0.8281602790776526,0.17537362875988052,0.9539909631436126,0.9808263763684122,0.9133681736869896,0.006674200870942525,"[1379, 1453, 1440, 1484, 1467]","[0.9102181986720095, 0.9023425580980238, 0.918068634148793, 0.9146232920277031, 0.9215881854884186]",COMPLETE
153,0.9181260295289757,2026-08-26 17:03:24.624764,2026-08-26 17:04:06.575139,0 days 00:00:41.950375,0.7915682883734584,0.0004890471883828686,0.027728365709993406,10,0.7120541649873842,0.012153873304309143,1.184153896074476,0.9474864862082502,0.9181260295289757,0.008592198619987454,"[882, 747, 982, 819, 983]","[0.9163543287875396, 0.902767818281171, 0.928060306652883, 0.9200599108383213, 0.9233877830849634]",COMPLETE
154,0.9129008792478475,2026-08-26 17:04:06.575480,2026-08-26 17:04:31.758241,0 days 00:00:25.182761,0.7952068637242822,0.11282596568428209,0.026262902855449927,10,0.6954309932706612,0.005241489194782275,1.2472841078595849,0.9591023671827688,0.9129008792478475,0.007940555130718485,"[1500, 1494, 1484, 1500, 1488]","[0.9126025439276452, 0.8981851631969979, 0.9172433030749213, 0.9148586526001, 0.9216147334395733]",COMPLETE
155,0.9165032273755159,2026-08-26 17:04:31.758572,2026-08-26 17:05:03.891507,0 days 00:00:32.132935,0.6756367746466712,0.04629282199288433,0.027882647335194823,10,0.5028032959844092,0.01215838356506802,1.1091846054023557,0.8630364001119543,0.9165032273755159,0.007125259905589415,"[1202, 855, 1318, 997, 1066]","[0.9161920194786534, 0.9046772619003383, 0.9258385870141562, 0.9145260938224794, 0.9212821746619525]",COMPLETE
156,0.91376803832534,2026-08-26 17:05:03.891861,2026-08-26 17:05:31.982277,0 days 00:00:28.090416,0.827506157809964,0.15883725335814258,0.023821578995026228,10,0.5700684215240338,0.003723007956149178,1.4377817011545386,0.8464266492057738,0.91376803832534,0.007642848778836989,"[1500, 1498, 1500, 1500, 1482]","[0.9150078979840289, 0.8999805803018681, 0.9218249047195476, 0.9124470333506233, 0.9195797752706317]",COMPLETE
157,0.912937814601521,2026-08-26 17:05:31.982644,2026-08-26 17:05:55.644238,0 days 00:00:23.661594,0.8419869442375527,0.0899420919597394,0.03196094713941696,10,0.6399903789410291,0.023744214245847398,1.0023457918558323,0.9453095264924949,0.912937814601521,0.007256685776246622,"[1500, 1495, 1468, 1486, 1488]","[0.9099279738039074, 0.9003351902309461, 0.918875052212173, 0.9151912113777207, 0.9203596453828569]",COMPLETE
158,0.917016172195739,2026-08-26 17:05:55.644560,2026-08-26 17:06:24.692876,0 days 00:00:29.048316,0.7151187841827669,0.011857835238761313,0.037260548484912774,10,0.7581271885820342,0.0007215253631022646,0.7334213068304213,0.9730677550067224,0.917016172195739,0.008665478682986115,"[555, 557, 727, 555, 673]","[0.9111120952985319, 0.9047045358941794, 0.9271643253249419, 0.9158783800844196, 0.9262215243766221]",COMPLETE
159,0.9129231201841185,2026-08-26 17:06:24.693218,2026-08-26 17:06:47.610076,0 days 00:00:22.916858,0.803261564670948,0.20677106519071148,0.02558782722893706,10,0.6958214138206444,0.0002806193264650342,0.8260318258873746,0.887998153432044,0.9129231201841185,0.006238077369627624,"[1500, 1486, 1494, 1500, 1490]","[0.9145392615406537, 0.9018466476608072, 0.9201004541767693, 0.9113125533093199, 0.916816684233042]",COMPLETE
160,0.9171563439707002,2026-08-26 17:06:47.610413,2026-08-26 17:07:29.451717,0 days 00:00:41.841304,0.666436773692611,0.06793919675299648,0.017439140332896137,10,0.8826727438949649,0.00676072931912238,1.1442554722722764,0.8705063657386739,0.9171563439707002,0.007922360031712023,"[1473, 1465, 1500, 1427, 1500]","[0.9170005222434519, 0.9036840823671733, 0.9268506795578131, 0.9152132625291781, 0.9230331731558853]",COMPLETE
161,0.9189911414626438,2026-08-26 17:07:29.452052,2026-08-26 17:08:12.600415,0 days 00:00:43.148363,0.7759569370755841,0.005926430269769769,0.02971780832056077,9,0.9631390254843593,0.12221557961768044,2.1681829460324575,0.9511965405555008,0.9189911414626438,0.009130173454277364,"[988, 935, 1275, 976, 1121]","[0.9223791497062369, 0.9024132083520929, 0.9283253533173997, 0.9166803013481021, 0.9251576945893881]",COMPLETE
162,0.9178235928344659,2026-08-26 17:08:12.600742,2026-08-26 17:08:56.715670,0 days 00:00:44.114928,0.762983241503579,0.0051186446435419275,0.02934458698618158,9,0.7981928379317745,0.046594893120185166,2.6957297854639353,0.9641423381559934,0.9178235928344659,0.008035293061976962,"[1044, 898, 1324, 1050, 1197]","[0.9155038084212452, 0.9048471950610498, 0.9291506843912716, 0.917270271849577, 0.9223460044491865]",COMPLETE
163,0.9189366073593754,2026-08-26 17:08:56.715990,2026-08-26 17:09:42.119346,0 days 00:00:45.403356,0.7743945512916495,0.0023451467823250747,0.029168675566387015,9,0.7918341631081017,0.04016127408978869,3.045495356869739,0.960581098440285,0.9189366073593754,0.008447421381409569,"[1162, 929, 1415, 1092, 1120]","[0.9200864635054183, 0.9044143110260773, 0.9284635156845727, 0.9160417317440152, 0.9256770148367939]",COMPLETE
164,0.9127065061452013,2026-08-26 17:09:42.119694,2026-08-26 17:10:07.371659,0 days 00:00:25.251965,0.7776259908861682,0.11853679506264511,0.02942154946240329,9,0.7992552148222587,0.04509998920550318,3.4060029507114087,0.9613729084884136,0.9127065061452013,0.007305449141008514,"[1494, 1494, 1480, 1454, 1494]","[0.9132411135317321, 0.8988027240003369, 0.9188233149685958, 0.914149432741944, 0.9185159454833975]",COMPLETE
165,0.916258835654627,2026-08-26 17:10:07.372014,2026-08-26 17:10:36.177715,0 days 00:00:28.805701,0.7885123690362223,0.05709073350312105,0.03296827735733758,9,1.2151279238154604,0.01559400045199206,2.9594816752514976,0.968888586303277,0.916258835654627,0.007480093566300607,"[1495, 1460, 1493, 1494, 1488]","[0.9158870510028966, 0.9033084636373475, 0.925177966258612, 0.9150940131724971, 0.9218266842017808]",COMPLETE
166,0.9122607007086956,2026-08-26 17:10:36.178035,2026-08-26 17:10:58.957988,0 days 00:00:22.779953,0.766350313251517,0.1554398043980894,0.02982955441988358,9,0.7539454316658737,0.03169668846426569,2.581441320376236,0.9496359960099279,0.9122607007086956,0.006859773106829086,"[1495, 1495, 1498, 1500, 1493]","[0.9117940411628468, 0.9006191499059549, 0.9213069431308739, 0.9112405443965187, 0.9163428249472828]",COMPLETE
167,0.9170328340278001,2026-08-26 17:10:58.958351,2026-08-26 17:11:47.384958,0 days 00:00:48.426607,0.7613723813447614,0.0011930979271547572,0.027668367175056274,9,0.9267108065102299,0.11074150495845805,3.778809920716549,0.9795189635445152,0.9170328340278001,0.008216199119580814,"[1234, 1081, 1495, 1233, 1346]","[0.9173908845809325, 0.9051521635368066, 0.9281089057554949, 0.911195083434872, 0.9233171328308941]",COMPLETE
168,0.9146007703441636,2026-08-26 17:11:47.385289,2026-08-26 17:12:12.389305,0 days 00:00:25.004016,0.7731476404894277,0.09971606335515514,0.030937916547148614,9,1.0304372957022156,0.07570993013042347,1.931133576246474,0.9410410462769484,0.9146007703441636,0.008207114395785862,"[1420, 1500, 1469, 1492, 1495]","[0.9142056604123235, 0.9002645399768768, 0.9208096740349254, 0.9135594622404691, 0.9241645150562232]",COMPLETE
169,0.8862332510812664,2026-08-26 17:12:12.389667,2026-08-26 17:12:25.410080,0 days 00:00:13.020413,0.8078360717094808,1.2185961801018121,0.03515363196051048,9,0.6584340783515538,0.018053212808411684,3.2018453173047523,0.9567208744138137,0.8862332510812664,0.006636871666718376,"[1463, 1424, 1445, 1450, 1468]","[0.8863627438300329, 0.8747200706925021, 0.8883461107371794, 0.8863835823045402, 0.8953537478420772]",COMPLETE
170,0.9148637023461582,2026-08-26 17:12:25.410397,2026-08-26 17:12:56.299533,0 days 00:00:30.889136,0.777836563132425,0.06046229168271504,0.028720019247924385,8,0.8337093833187436,0.010022823528838527,2.686544006019473,0.965882611001319,0.9148637023461582,0.0073504254445726875,"[1495, 1494, 1468, 1486, 1493]","[0.9171145487577491, 0.9005905172533817, 0.9195325348267517, 0.9160385936030501, 0.9210423172898582]",COMPLETE
171,0.9174699876985027,2026-08-26 17:12:56.299895,2026-08-26 17:13:40.963287,0 days 00:00:44.663392,0.7834283252644093,0.002046976525677793,0.026934989053131665,9,0.5737326583631642,0.052876874787207394,2.2448829148557845,0.8563689708307599,0.9174699876985027,0.007831229030534015,"[1040, 935, 1309, 912, 1071]","[0.9152842338072125, 0.9056207999801819, 0.9290048870834359, 0.9151646634265661, 0.9222753541951173]",COMPLETE
172,0.9153612640769486,2026-08-26 17:13:40.963670,2026-08-26 17:14:06.846098,0 days 00:00:25.882428,0.8105649834582498,0.0634448625620834,0.032246950109538874,9,0.6011996645705227,0.02755152494702752,2.023300460224515,0.9760346735564907,0.9153612640769486,0.007424423476998142,"[1495, 1493, 1465, 1486, 1487]","[0.9173264995199566, 0.9018466476608072, 0.9231240950791785, 0.913962671272159, 0.9205464068526418]",COMPLETE
173,0.9168116645500539,2026-08-26 17:14:06.846443,2026-08-26 17:14:20.105900,0 days 00:00:13.259457,0.7902607823471904,0.0020288624936154764,0.18207875493843462,9,0.707777484593628,0.003101014626169132,2.4726821200935643,0.9982285458734489,0.9168116645500539,0.008014999870234686,"[182, 130, 228, 166, 179]","[0.9201361049587394, 0.9022929166447025, 0.9255591241388448, 0.9148852005512548, 0.9211849764567287]",COMPLETE
174,0.912238731504171,2026-08-26 17:14:20.106237,2026-08-26 17:14:42.635333,0 days 00:00:22.529096,0.7508466869557512,0.13962791288418366,0.029817972446697275,9,0.5388339817449465,0.011517707472910935,1.5727938984989516,0.9479004188488256,0.912238731504171,0.0066386064546218055,"[1495, 1498, 1486, 1500, 1493]","[0.9109707947903937, 0.9017326211465102, 0.9196297330319756, 0.9097325414156453, 0.9191279671363297]",COMPLETE
175,0.9178835419611406,2026-08-26 17:14:42.635666,2026-08-26 17:15:29.336793,0 days 00:00:46.701127,0.7415640387455199,0.001337620401946256,0.02537005257255322,9,0.6197575438916375,0.0013544549121952613,1.7761354057321128,0.9628937684556528,0.9178835419611406,0.00842047535299135,"[1120, 1034, 1302, 1190, 1255]","[0.915808776897002, 0.9037547326212425, 0.9271643253249419, 0.9168450116664298, 0.9258448632960868]",COMPLETE
176,0.9140274594569824,2026-08-26 17:15:29.337122,2026-08-26 17:15:53.394882,0 days 00:00:24.057760,0.7639637177176641,0.10290798919113511,0.02880099445910259,9,0.7820293612108511,0.1359063162940209,1.7600860313511169,0.9619019016681174,0.9140274594569824,0.00670714434624392,"[1495, 1494, 1492, 1454, 1500]","[0.913681117322534, 0.9019172979148765, 0.9191779248976738, 0.914149432741944, 0.9212115244078833]",COMPLETE
177,0.9080379673615988,2026-08-26 17:15:53.395213,2026-08-26 17:16:08.982693,0 days 00:00:15.587480,0.7400442199330697,0.19019808761027163,0.0435380189295264,9,0.6372579070434974,0.00653588919116252,1.2962535012362868,0.9852529856373529,0.9080379673615988,0.006978894943750371,"[1463, 1453, 1498, 1154, 1469]","[0.9061041800312116, 0.8970086655541989, 0.9160381727795489, 0.9059465847527709, 0.9150922336902637]",COMPLETE
178,0.9139391869670754,2026-08-26 17:16:08.983017,2026-08-26 17:16:37.372140,0 days 00:00:28.389123,0.732586913028183,0.061141169809634924,0.027417129095518803,9,0.7208854727492001,0.002026934091374136,1.4726824345794651,0.9709534389794967,0.9139391869670754,0.00897494959385847,"[1441, 1494, 1412, 1484, 1488]","[0.9136377410623059, 0.8985397731260759, 0.9229341954684283, 0.9117189004819751, 0.9228653246965922]",COMPLETE
179,0.9177133746262772,2026-08-26 17:16:37.372467,2026-08-26 17:17:20.673523,0 days 00:00:43.301056,0.7682055498623144,0.000856005676761635,0.02482328121697812,9,0.8953758915056579,0.036318961266279204,0.9492004247462462,0.9524454681087569,0.9177133746262772,0.008295480456428249,"[1008, 928, 1403, 1116, 1298]","[0.9146022879428974, 0.9044429436786506, 0.9277542958264169, 0.916561051991421, 0.9252062936919999]",COMPLETE
180,0.9136789929987026,2026-08-26 17:17:20.673854,2026-08-26 17:17:56.894072,0 days 00:00:36.220218,0.7492164398007669,0.12268284729357636,0.015787084313230178,9,0.670367187761209,0.01792632022401034,1.8931872444309013,0.9375816081084065,0.9136789929987026,0.006953096028273007,"[1500, 1500, 1500, 1492, 1493]","[0.9147735797623412, 0.9016619708924409, 0.9211831969744955, 0.9112670923476734, 0.9195091250165625]",COMPLETE
181,0.9178238013046081,2026-08-26 17:17:56.894382,2026-08-26 17:18:41.571811,0 days 00:00:44.677429,0.7578619950467057,0.000287843670917093,0.024970837722980126,9,0.9068328167792149,0.03419286547466243,0.923989974058828,0.953981971849294,0.9178238013046081,0.008244853920828367,"[1122, 1011, 1265, 1164, 1312]","[0.9166172796618005, 0.9039246657819543, 0.9286768251055125, 0.9169156619204989, 0.9229845740532734]",COMPLETE
182,0.9155575391148817,2026-08-26 17:18:41.572130,2026-08-26 17:19:07.496313,0 days 00:00:25.924183,0.7767916863522677,0.06219571345495424,0.031103211292197713,9,0.9753901317179205,0.072851032732565,1.058776205714146,0.9550887720217334,0.9155575391148817,0.007761794445461845,"[1500, 1494, 1465, 1367, 1488]","[0.9151702072929152, 0.9032364547245461, 0.9248719554321462, 0.9119277131032174, 0.9225813650215834]",COMPLETE
183,0.9144831931841525,2026-08-26 17:19:07.496649,2026-08-26 17:19:35.072963,0 days 00:00:27.576314,0.7555208221721783,0.06504582269144332,0.026899715291540765,9,1.0868398763889664,0.04989842633931128,0.8831104904622341,0.9654941992968631,0.9144831931841525,0.008303729855236839,"[1495, 1491, 1403, 1447, 1488]","[0.9113464135202195, 0.9000302217551893, 0.9213024463311766, 0.9165875999425755, 0.923149284371601]",COMPLETE
184,0.9104803762761833,2026-08-26 17:19:35.073282,2026-08-26 17:19:58.051453,0 days 00:00:22.978171,0.7382758572438564,0.11532399820059402,0.027823484065875655,9,0.8329143136179321,0.02993100491340533,1.1670681911870517,0.9770876751259854,0.9104803762761833,0.008711868631056732,"[1495, 1500, 1479, 1495, 1469]","[0.9096440141288986, 0.8968660063873283, 0.9198164945017607, 0.906211631417288, 0.9198637349456403]",COMPLETE
185,0.9157678365526859,2026-08-26 17:19:58.051773,2026-08-26 17:20:29.630026,0 days 00:00:31.578253,0.7559987493723181,0.0512517470219056,0.025046577732607305,9,0.7537285794122983,0.00996297917912146,0.8202930459879431,0.9472612165972245,0.9157678365526859,0.0076425305953869435,"[1338, 1495, 1486, 1381, 1418]","[0.9133824140398704, 0.9037833652738159, 0.9235948162239724, 0.9135594622404691, 0.9245191249853013]",COMPLETE
186,0.9179941771096132,2026-08-26 17:20:29.630352,2026-08-26 17:21:02.136087,0 days 00:00:32.505735,0.7825473230396778,0.003071372236391272,0.033970107743495966,9,0.6070946373611582,0.00510301785023409,0.6536130190437348,0.9588113404872419,0.9179941771096132,0.008334050306782885,"[700, 620, 892, 695, 881]","[0.9149645217238009, 0.9044429436786506, 0.9264582436077511, 0.9170583210873695, 0.9270468554504939]",COMPLETE
187,0.9109303834728386,2026-08-26 17:21:02.136410,2026-08-26 17:21:20.784238,0 days 00:00:18.647828,0.789431193846866,0.16429635495719622,0.03448353126341099,9,0.8803049113288139,0.0014309194885277089,0.636914939758981,0.9597396057669845,0.9109303834728386,0.00719415246114012,"[1495, 1453, 1492, 1454, 1500]","[0.9095089788138534, 0.899490935057745, 0.9164148338600842, 0.9087614130339379, 0.9204757565985727]",COMPLETE
188,0.910217924476077,2026-08-26 17:21:20.784566,2026-08-26 17:21:47.206009,0 days 00:00:26.421443,0.7833932099991346,0.10410141570702391,0.033071894890129516,5,0.6966886237803902,0.005199642485313238,2.2180319085404427,0.9395330655178117,0.910217924476077,0.0055532229174395965,"[1500, 1498, 1499, 1499, 1500]","[0.9114533202786873, 0.9010247599470862, 0.9169562052589472, 0.9075108217769188, 0.9141445151187456]",COMPLETE
189,0.9145758148605136,2026-08-26 17:21:47.206344,2026-08-26 17:22:13.574257,0 days 00:00:26.367913,0.7439813657636635,0.05320152321330604,0.03696383926996595,9,0.7905366428906762,0.0034153055145442817,3.0036432873465366,0.9699941449543065,0.9145758148605136,0.007839549123897222,"[1495, 1479, 1250, 1494, 1366]","[0.9132334896799067, 0.9028818447954681, 0.923315353348661, 0.9102770509554737, 0.9231713355230583]",COMPLETE
190,0.9184507726391281,2026-08-26 17:22:13.574588,2026-08-26 17:22:49.862297,0 days 00:00:36.287709,0.7708844675898574,0.0031887697507954056,0.031592491740662566,8,1.007381769780483,0.12376646282112157,0.6730951512192175,0.9237716697518222,0.9184507726391281,0.006869655850995977,"[1061, 928, 1180, 997, 1038]","[0.9193562348465143, 0.9062097281309475, 0.926928964752545, 0.9177189418429136, 0.9220399936227204]",COMPLETE
191,0.9174175005606171,2026-08-26 17:22:49.862617,2026-08-26 17:23:25.799034,0 days 00:00:35.936417,0.7656793208097221,0.0099526841528341,0.031147540060350927,8,1.006171691908959,0.11093560503158238,0.7139916708891094,0.9229351497851286,0.9174175005606171,0.007806424339769726,"[973, 939, 1288, 1009, 1062]","[0.9181783785449831, 0.903875024328633, 0.9275675343566318, 0.9160651415542046, 0.9214014240186336]",COMPLETE
192,0.9165275574487405,2026-08-26 17:23:25.799352,2026-08-26 17:23:53.779185,0 days 00:00:27.979833,0.7699862298398901,0.05565301109338572,0.029855880030358092,8,0.9258561563024398,0.06574153766011541,0.6099665323109187,0.9130281014880711,0.9165275574487405,0.007936485874509831,"[1493, 888, 1377, 1271, 1493]","[0.9142763106663928, 0.9040176834955034, 0.9257458856086299, 0.914149432741944, 0.924448474731232]",COMPLETE
193,0.9169335886787522,2026-08-26 17:23:53.779533,2026-08-26 17:24:26.940908,0 days 00:00:33.161375,0.796307073846248,0.004119779389358036,0.033476600678179105,9,0.5906728596543414,0.14617915382036026,0.6907521866449832,0.9278421954194689,0.9169335886787522,0.007406804520699894,"[687, 614, 1011, 727, 738]","[0.9165179967551581, 0.903875024328633, 0.9261256848301304, 0.9168450116664298, 0.9213042258134098]",COMPLETE
194,0.9154763727173172,2026-08-26 17:24:26.941245,2026-08-26 17:24:59.002000,0 days 00:00:32.060755,0.7583068909243166,0.0007218240180429209,0.032087376857119626,6,1.1329372531870014,0.2854280483326251,0.9761550413587688,0.9541292016576427,0.9154763727173172,0.007320061653730213,"[1493, 1494, 1499, 1500, 1500]","[0.9172634731177127, 0.9029104774480414, 0.924349497043775, 0.9128047814206665, 0.9200536345563908]",COMPLETE
195,0.9137549528430029,2026-08-26 17:24:59.002319,2026-08-26 17:25:23.900220,0 days 00:00:24.897901,0.7832223687174463,0.11375839239194645,0.026182276157962463,8,0.6440001748072633,0.040470966847536274,0.7909382383571029,0.9445521199151764,0.9137549528430029,0.006949854831598055,"[1500, 1479, 1492, 1428, 1488]","[0.9146595532480442, 0.9009241183817117, 0.9207610749323135, 0.9134888119864, 0.9189412056665448]",COMPLETE
196,0.9116469435974889,2026-08-26 17:25:23.900552,2026-08-26 17:25:45.471110,0 days 00:00:21.570558,0.7439825370287292,0.167265970121365,0.029133576566450624,7,0.8037220090842974,0.00719774801005526,0.9052855897542741,0.9632624988095367,0.9116469435974889,0.006697806676403728,"[1500, 1491, 1480, 1500, 1500]","[0.9111841042113332, 0.9000449653628438, 0.9162249342493337, 0.9108904312671381, 0.9198902828967951]",COMPLETE
197,0.9148583505843565,2026-08-26 17:25:45.471437,2026-08-26 17:26:05.966481,0 days 00:00:20.495044,0.7227974369536475,0.08397157062489602,0.039437664819663674,9,0.7308713587752863,0.0019773262305780447,1.592852175756629,0.9785685854722971,0.9148583505843565,0.0060758449086878875,"[1463, 1453, 1500, 1486, 1468]","[0.9133614052391225, 0.9048758277136231, 0.9214482436390123, 0.9136080613430811, 0.9209982149869438]",COMPLETE
198,0.9104612083668847,2026-08-26 17:26:05.966815,2026-08-26 17:26:27.185184,0 days 00:00:21.218369,0.7734373103673436,0.23843956944240433,0.027885462252777122,9,0.9689160443793008,0.08779919833064746,2.6426443294907727,0.9343007952260285,0.9104612083668847,0.006791764718858305,"[1500, 1486, 1486, 1484, 1493]","[0.9083955075732982, 0.8986824322929463, 0.9169607020586446, 0.9110992438883804, 0.9171681560211548]",COMPLETE
199,0.9152062713613759,2026-08-26 17:26:27.185526,2026-08-26 17:26:51.823806,0 days 00:00:24.638280,0.7607521910614048,0.05242409997953581,0.03600792307816994,10,0.8701550369578614,0.012690062135552403,1.3026660600999938,0.9552547065079967,0.9152062713613759,0.007731390732038029,"[1178, 828, 1486, 1492, 1500]","[0.9115163466809312, 0.9032650873771194, 0.9244232854388095, 0.9141039717802975, 0.9227226655297218]",COMPLETE
