number,value,datetime_start,datetime_complete,duration,params_colsample_bytree,params_gamma,params_learning_rate,params_max_depth,params_min_child_weight,params_reg_alpha,params_reg_lambda,params_subsample,user_attrs_cv_mean,user_attrs_cv_std,user_attrs_fold_best_iterations,user_attrs_fold_scores,state
50,0.9189927716661842,2026-08-26 16:15:36.308148,2026-08-26 16:16:31.805526,0 days 00:00:55.497378,0.6591156028262714,0.002955339001152864,0.01819416696588673,10,0.660568843357785,0.005882241968176584,2.142467914279903,0.8726579161721966,0.9189927716661842,0.0073228019968884376,"[1234, 1276, 1465, 1413, 1437]","[0.9198248712898894, 0.9070888811498152, 0.9280823578043402, 0.9154486231015749, 0.9245191249853013]",COMPLETE
51,0.918214299801115,2026-08-26 16:16:31.805844,2026-08-26 16:17:23.369686,0 days 00:00:51.563842,0.657731691136559,0.024697479497055624,0.019855107713810365,10,0.6619711449030812,0.030957017034407064,2.2961080448861324,0.8736149298919784,0.918214299801115,0.008236067684986593,"[1194, 1156, 1458, 1266, 1464]","[0.9190512663707575, 0.9047765448069808, 0.9286237292032031, 0.9144554435684101, 0.9241645150562232]",COMPLETE
52,0.9135152852557222,2026-08-26 16:17:23.370012,2026-08-26 16:17:56.750211,0 days 00:00:33.380199,0.6564384536167481,0.1294743494700074,0.01828004829856575,10,0.5521392149231755,0.07044502064828426,1.4476842553194176,0.8765114332378914,0.9135152852557222,0.006908409586028439,"[1500, 1496, 1495, 1493, 1500]","[0.9119143328702372, 0.9021019746832429, 0.919928108917779, 0.9121851248270717, 0.9214468849802802]",COMPLETE
53,0.9181243573323057,2026-08-26 16:17:56.750528,2026-08-26 16:18:38.061788,0 days 00:00:41.311260,0.6793938477557956,0.0027844366019047946,0.024490358931607597,10,0.7080953090223107,0.006470012645800772,0.7501817019288527,0.8715265785227624,0.9181243573323057,0.007914287723453053,"[891, 851, 996, 849, 947]","[0.9147015708495401, 0.9070888811498152, 0.9296434566875226, 0.9149747638158159, 0.9242131141588351]",COMPLETE
54,0.9081644282437976,2026-08-26 16:18:38.062132,2026-08-26 16:18:58.619083,0 days 00:00:20.556951,0.6880883015186918,0.4430362881010931,0.020841038253647873,10,0.730944454498044,0.0058899524867055695,0.3745130160066922,0.8653459238195773,0.9081644282437976,0.005382855711882327,"[1495, 1495, 1497, 1500, 1489]","[0.9072610275319949, 0.8982571721097993, 0.9117814949718807, 0.9098972517339732, 0.9136251948713398]",COMPLETE
55,0.9139759116328394,2026-08-26 16:18:58.619411,2026-08-26 16:19:22.624000,0 days 00:00:24.004589,0.6764398579894919,0.14200355027092781,0.025540998357964865,10,0.923564662791299,0.014729676703818886,0.6480129271663166,0.9054097034357298,0.9139759116328394,0.008134006080827812,"[1500, 1500, 1497, 1500, 1493]","[0.9068840501434369, 0.9031658044704769, 0.9241847867254473, 0.9139595331311937, 0.9216853836936423]",COMPLETE
56,0.8721789679307077,2026-08-26 16:19:22.624316,2026-08-26 16:19:33.874569,0 days 00:00:11.250253,0.6436962167948225,2.383307589412172,0.0314080064881256,9,0.6075368212782354,0.042484777250646054,0.7995427792853927,0.8823229793037521,0.8721789679307077,0.008464519237418902,"[1500, 579, 1392, 1500, 1489]","[0.8769854828994795, 0.855521469064397, 0.873452914539404, 0.8772375125435463, 0.8776974606067122]",COMPLETE
57,0.9086921520115026,2026-08-26 16:19:33.874884,2026-08-26 16:19:56.066737,0 days 00:00:22.191853,0.6925495856732976,0.35130486927129145,0.02471886003212025,10,0.505058016639027,0.0017879107240644301,2.476899721434982,0.8520911454229773,0.9086921520115026,0.007406480130731161,"[1500, 1498, 1497, 1500, 1500]","[0.9082255744125866, 0.8951363330021662, 0.9170988644258177, 0.9101105611549128, 0.9128894270620291]",COMPLETE
58,0.8993377239402065,2026-08-26 16:19:56.067057,2026-08-26 16:20:17.875984,0 days 00:00:21.808927,0.6531024769524317,0.00902450427671753,0.035058950920545555,4,0.982797087325097,0.26266881334514325,0.20956027695374077,0.817885947909653,0.8993377239402065,0.006986410417668296,"[1500, 1500, 1500, 1500, 1500]","[0.9059915121756467, 0.8884322835366185, 0.9078132736389186, 0.8974408640780972, 0.8970106862717514]",COMPLETE
59,0.9017904780857388,2026-08-26 16:20:17.876310,2026-08-26 16:20:37.535837,0 days 00:00:19.659527,0.6047078314534533,0.5241194152043764,0.02013053917044681,9,0.7123239839430967,0.011792918224344447,1.098085564533217,0.9019926419865332,0.9017904780857388,0.006458608654227944,"[1500, 1490, 1487, 1500, 1490]","[0.9006276283205162, 0.890106050275366, 0.9046501117106042, 0.9042707333126048, 0.9092978668096023]",COMPLETE
60,0.9111588299554741,2026-08-26 16:20:37.536156,2026-08-26 16:21:08.525061,0 days 00:00:30.988905,0.7242816980153026,0.18431383198449816,0.017574443624735054,10,0.8367121981977088,0.0010032920010561528,2.384202123596936,0.9200059849612808,0.9111588299554741,0.005973046213120442,"[1500, 1500, 1487, 1429, 1493]","[0.909807682096517, 0.9008038266743212, 0.9150670443978411, 0.911618564135786, 0.9184970324729056]",COMPLETE
61,0.913474839031697,2026-08-26 16:21:08.525375,2026-08-26 16:21:35.136956,0 days 00:00:26.611581,0.6728803664887636,0.09568489185623555,0.02917894892773737,9,1.1476945309219475,0.7387770860941593,1.450297908993047,0.8745643445624138,0.913474839031697,0.0071447564822360535,"[1492, 1496, 1445, 1492, 1489]","[0.9120346245776276, 0.9013010957702697, 0.9209964355047106, 0.9126589841128308, 0.9203830551930462]",COMPLETE
62,0.9148905009390254,2026-08-26 16:21:35.137286,2026-08-26 16:22:22.657238,0 days 00:00:47.519952,0.6593880161626777,0.025391139663111163,0.022540690255099288,9,1.258475142540824,0.00344064289143222,7.047762779940633,0.84656466602996,0.9148905009390254,0.006919947931822162,"[1453, 1440, 1500, 1500, 1497]","[0.9163060459929505, 0.9030455127630864, 0.9239714773045077, 0.9129429437878396, 0.9181865248467421]",COMPLETE
63,0.8983876652246428,2026-08-26 16:22:22.657574,2026-08-26 16:22:42.657538,0 days 00:00:19.999964,0.6209667260911045,0.30518011739290923,0.019594488488920536,8,0.8740205910313312,0.000484289059324522,1.8012330007444088,0.9999197068287736,0.8983876652246428,0.008568620065440093,"[1491, 1457, 1475, 1347, 1320]","[0.8986055168457839, 0.883750345545803, 0.906065413285951, 0.8957946987300508, 0.9077223517156252]",COMPLETE
64,0.9145046821867886,2026-08-26 16:22:42.657866,2026-08-26 16:23:09.683161,0 days 00:00:27.025295,0.6389317916266568,0.1058337820649797,0.023455815182439197,10,0.5938454750529422,0.02245177263982145,0.5567014077067657,0.893480809247702,0.9145046821867886,0.007986982220455302,"[1387, 1491, 1497, 1500, 1500]","[0.9154827996204974, 0.8995973377202167, 0.9212052481259527, 0.9146012408762458, 0.9216367845910304]",COMPLETE
65,0.9118909161603268,2026-08-26 16:23:09.683501,2026-08-26 16:23:40.109368,0 days 00:00:30.425867,0.6685660599729456,0.25185881038567703,0.017614394113250866,9,1.3922823233717072,9.087893005729705e-05,3.027474523260964,0.8633002272678733,0.9118909161603268,0.00813205639999564,"[1500, 1495, 1500, 1497, 1500]","[0.9117233909087775, 0.8983215571707751, 0.9232636161050838, 0.9103931621711897, 0.9157528544458079]",COMPLETE
66,0.9184975708040938,2026-08-26 16:23:40.109696,2026-08-26 16:24:22.411723,0 days 00:00:42.302027,0.7029682547938318,0.00411418963789878,0.02732324465040228,9,1.0260856791803326,0.0014755620195630425,1.145774613313684,0.9473651444719048,0.9184975708040938,0.008522126782862705,"[1130, 928, 1234, 1030, 1296]","[0.9165179967551581, 0.9041589840036418, 0.9293860449636685, 0.9180249526693798, 0.9243998756286201]",COMPLETE
67,0.9040394154753837,2026-08-26 16:24:22.412046,2026-08-26 16:24:39.329327,0 days 00:00:16.917281,0.6816794057837398,0.3552148997940181,0.030906805262129966,8,0.7036084425897544,0.008474772847944801,1.2005534028317002,0.9479453643453188,0.9040394154753837,0.006316604738927809,"[1495, 1498, 1500, 1450, 1500]","[0.9030826238302213, 0.8935752341189837, 0.9090935509880574, 0.9025714720622492, 0.911874196377407]",COMPLETE
68,0.9140999062131628,2026-08-26 16:24:39.329648,2026-08-26 16:25:00.497571,0 days 00:00:21.167923,0.7047793749757043,0.15874328819849642,0.036219813447934485,10,1.0254218431115707,0.0018753710999715675,0.8238981561183499,0.829871460103813,0.9140999062131628,0.0074418394943344115,"[1211, 1469, 1500, 1492, 1370]","[0.9144686112865846, 0.9019172979148765, 0.9222470267617294, 0.9106771218461983, 0.921189473256426]",COMPLETE
69,0.9073747140056083,2026-08-26 16:25:00.497889,2026-08-26 16:25:20.576436,0 days 00:00:20.078547,0.739246667830191,0.23339592856805472,0.02712512779280714,9,0.7805435255923082,0.060180746927252164,1.6638562232916885,0.9623807213735205,0.9073747140056083,0.007045674243446602,"[1500, 1453, 1500, 1500, 1488]","[0.9070267093103074, 0.8958875704618182, 0.9154968013806859, 0.9045798822800362, 0.913882606595194]",COMPLETE
70,0.9173330761521807,2026-08-26 16:25:20.576749,2026-08-26 16:25:50.474351,0 days 00:00:29.897602,0.7175252527406324,0.003921023048466453,0.03873537346801519,10,0.6362667458768928,0.1599693307352164,0.8478418897059496,0.9163281588199501,0.9173330761521807,0.005810786521498178,"[511, 497, 666, 554, 601]","[0.9152484813988098, 0.9092885496370845, 0.9253678658693625, 0.9143172812012371, 0.9224432026544104]",COMPLETE
71,0.9180403498641532,2026-08-26 16:25:50.474666,2026-08-26 16:26:22.048489,0 days 00:00:31.573823,0.7010818006138103,0.0016097453394630628,0.03876414394079032,10,0.6137995742849668,0.11712387043822808,0.9210641875902696,0.9209904671264554,0.9180403498641532,0.008006094660278724,"[577, 499, 855, 514, 621]","[0.9136873825156272, 0.9064999529990496, 0.928720927408427, 0.9161357918082738, 0.9251576945893881]",COMPLETE
72,0.9083511286697454,2026-08-26 16:26:22.048814,2026-08-26 16:26:41.640093,0 days 00:00:19.591279,0.7207529799084708,0.10947273346680421,0.04105300375763451,10,0.6377451164188808,1.2624391428183022,0.8437249648786371,0.9160862604092073,0.9083511286697454,0.006265886157913267,"[1499, 1500, 1492, 1474, 1488]","[0.9058202203562029, 0.8983922074248443, 0.9152758570190835, 0.9074401715228496, 0.9148271870257468]",COMPLETE
73,0.9111651841141819,2026-08-26 16:26:41.640398,2026-08-26 16:27:04.467946,0 days 00:00:22.827548,0.7025590806792131,0.1827134588026768,0.024699477740326246,10,0.5623208120800561,0.1402816541740653,0.6842916413544895,0.9071964632305153,0.9111651841141819,0.006596846169007892,"[1500, 1500, 1487, 1493, 1493]","[0.9083955075732982, 0.8998316559419043, 0.9180731309484905, 0.9127795921282439, 0.9167460339789728]",COMPLETE
74,0.904523786469103,2026-08-26 16:27:04.468271,2026-08-26 16:27:25.984344,0 days 00:00:21.516073,0.7328380773957046,0.09714225412730754,0.03327325840612018,10,0.5482135918862449,2.9513039840050883,1.2201646519632607,0.9414219320185521,0.904523786469103,0.007238596103934556,"[1499, 1479, 1486, 1500, 1494]","[0.903365224846498, 0.8915392335993327, 0.9129393848233732, 0.9058349703367524, 0.9089401187395589]",COMPLETE
75,0.9087890130056078,2026-08-26 16:27:25.984676,2026-08-26 16:27:45.983928,0 days 00:00:19.999252,0.6929035922782182,0.29444468935023843,0.02862230636929088,10,0.6693868647245368,0.13404433858542086,0.9546125607992543,0.8737281933408809,0.9087890130056078,0.00671804369360993,"[1495, 1460, 1497, 1492, 1500]","[0.9036491845215068, 0.8998392797937297, 0.9177594851813616, 0.9077727303004703, 0.9149243852309707]",COMPLETE
76,0.9069173478571304,2026-08-26 16:27:45.984251,2026-08-26 16:28:08.138193,0 days 00:00:22.153942,0.711868028848516,0.3833307187204108,0.019104759778232342,10,0.7683390484826632,0.02073077109140297,0.4917289055531173,0.896235834450309,0.9069173478571304,0.004916591072539512,"[1500, 1496, 1494, 1352, 1493]","[0.9035288928141164, 0.9000029477613481, 0.9108855136439397, 0.9064955910922966, 0.9136737939739517]",COMPLETE
77,0.9092147533906434,2026-08-26 16:28:08.138507,2026-08-26 16:28:24.885894,0 days 00:00:16.747387,0.6818725381203824,0.23813263857263603,0.03875640222480893,10,0.9968222550436352,0.007001533064235991,0.6649877136592801,0.9173273696927321,0.9092147533906434,0.006944387088689651,"[1500, 1500, 1487, 1338, 1466]","[0.9084661578273674, 0.8967743473325113, 0.9164116957191188, 0.9093779314865674, 0.9150436345876519]",COMPLETE
78,0.900632504069546,2026-08-26 16:28:24.886220,2026-08-26 16:28:46.657065,0 days 00:00:21.770845,0.7516352712699886,0.5379915512861331,0.01637848320839792,10,1.09575053296391,0.6643236067464575,0.9832013344703967,0.9542696643490617,0.900632504069546,0.006094497856369789,"[1495, 1455, 1492, 1468, 1500]","[0.9000324349766574, 0.8892828039029128, 0.906300773858348, 0.9022434100843258, 0.9053030975254858]",COMPLETE
79,0.8835575054303078,2026-08-26 16:28:46.657393,2026-08-26 16:29:07.250919,0 days 00:00:20.593526,0.6980853511538124,0.06004318104772716,0.047545812576762665,9,0.5029811773517289,9.247703912669701,2.3377964936323643,0.8893254286877149,0.8835575054303078,0.008176434649531345,"[1499, 1496, 1496, 1494, 1499]","[0.8857375591748688, 0.8685119316641708, 0.8922329087344444, 0.8887434643104398, 0.8825616632676151]",COMPLETE
80,0.9120941494989182,2026-08-26 16:29:07.251234,2026-08-26 16:29:24.816620,0 days 00:00:17.565386,0.7177892690567675,0.1500391100527791,0.04322431764135142,10,1.5437344199437666,0.0007885002808840433,0.34684663436838437,0.9235789420929593,0.9120941494989182,0.007057385500945684,"[1500, 1375, 1484, 1401, 1467]","[0.9122045577383392, 0.902016580821519, 0.9198164945017607, 0.9066854907030469, 0.9197476237299247]",COMPLETE
81,0.9174243770927838,2026-08-26 16:29:24.816933,2026-08-26 16:29:55.155949,0 days 00:00:30.339016,0.6131777169270153,0.028961263941602564,0.033476469309953176,9,0.8540095266377755,0.031658790468792636,1.2322793754983967,0.9342589055716145,0.9174243770927838,0.0073538616361936045,"[916, 865, 1368, 1086, 1415]","[0.9185329884740611, 0.9049115801220258, 0.9255546273391474, 0.9145260938224794, 0.9235965957062056]",COMPLETE
82,0.917928501452424,2026-08-26 16:29:55.156263,2026-08-26 16:30:33.815786,0 days 00:00:38.659523,0.6496953733741055,0.0019806482642620894,0.03039893142204459,9,0.8333905369626343,0.04586617595697207,1.3132385429151172,0.9728735396040008,0.917928501452424,0.008970535375280942,"[907, 851, 1070, 1027, 1026]","[0.9142973194671408, 0.903101419409501, 0.9284635156845727, 0.9182193490798273, 0.925560903621078]",COMPLETE
83,0.9126218100050183,2026-08-26 16:30:33.816127,2026-08-26 16:30:55.710254,0 days 00:00:21.894127,0.6010042104058383,0.0885101928951023,0.032583434054363695,9,0.6294153613452966,0.052096157160512364,1.3769845986930134,0.9823651120897763,0.9126218100050183,0.00785214313109773,"[1486, 1490, 1500, 1447, 1469]","[0.9118499478092611, 0.8993420106977812, 0.9207610749323135, 0.9106991729976556, 0.9204568435880806]",COMPLETE
84,0.9081159765674904,2026-08-26 16:30:55.710587,2026-08-26 16:31:15.960887,0 days 00:00:20.250300,0.651503353152587,0.18787149889923474,0.029298335922324493,9,0.7182152602206986,0.032399093980559374,1.6853463880964126,0.9637465592424839,0.9081159765674904,0.007527796597215354,"[1495, 1453, 1492, 1500, 1488]","[0.9040681795115608, 0.8962918218442174, 0.9153730552243072, 0.9081007922783938, 0.9167460339789728]",COMPLETE
85,0.9047258932922849,2026-08-26 16:31:15.961213,2026-08-26 16:31:35.300973,0 days 00:00:19.339760,0.6163312219717292,0.26146887741749913,0.026345779924686657,9,0.5723743796097591,0.34930142166644235,2.129247930707195,0.9702675013137756,0.9047258932922849,0.007235667966400721,"[1463, 1460, 1500, 1430, 1488]","[0.9043373955789148, 0.8918728347276629, 0.9095156730302394, 0.9046064302311908, 0.9132971328934164]",COMPLETE
86,0.9176278423877594,2026-08-26 16:31:35.301297,2026-08-26 16:32:21.797538,0 days 00:00:46.496241,0.6323959650602927,0.006990924303860463,0.021380249948514052,10,0.8637997667804189,0.21284764238863513,0.7400892984912798,0.9501114160965421,0.9176278423877594,0.007538913038899799,"[1049, 959, 1429, 1040, 1221]","[0.9128788797508287, 0.9061167104173982, 0.9269730670554596, 0.9180956029234487, 0.9240749517916621]",COMPLETE
87,0.9016868879857715,2026-08-26 16:32:21.797860,2026-08-26 16:32:41.167734,0 days 00:00:19.369874,0.6446922784689654,0.40037308469558336,0.0206825949507104,9,0.8615351305825945,0.08043075249593348,1.2133565066747556,0.9855409061628031,0.9016868879857715,0.006337542009494863,"[1499, 1469, 1499, 1495, 1487]","[0.8995141570799611, 0.8919931264350534, 0.9073911515967366, 0.8997377307705903, 0.9097982740465161]",COMPLETE
88,0.9141220228439924,2026-08-26 16:32:41.168068,2026-08-26 16:33:08.902932,0 days 00:00:27.734864,0.6649908370056714,0.08195517685621902,0.024231144813777545,10,1.161159311234048,0.11034328373113511,0.9239236903076474,0.9514146778055741,0.9141220228439924,0.007580224460581419,"[1500, 1498, 1495, 1492, 1493]","[0.9118150499635945, 0.901747364754165, 0.9207831260837708, 0.9130180908416062, 0.923246482576825]",COMPLETE
89,0.90311448093825,2026-08-26 16:33:08.903252,2026-08-26 16:33:28.904613,0 days 00:00:20.001361,0.674209367935411,0.30686126816714493,0.0380256156111037,10,11.78186325557294,0.004625655120101366,0.7290850233362324,0.9418311908615837,0.90311448093825,0.005707824902558437,"[1500, 1491, 1494, 1492, 1495]","[0.9069846917088115, 0.8930645800741126, 0.9084738943944627, 0.9005365138933076, 0.9065127246205554]",COMPLETE
90,0.9175061267292032,2026-08-26 16:33:28.904940,2026-08-26 16:34:04.780311,0 days 00:00:35.875371,0.6365700527313609,0.004973221456999472,0.030378245207399304,9,0.9579343084558988,0.19682772994728037,0.5279287740191314,0.9313694715536761,0.9175061267292032,0.009183594322811253,"[956, 697, 1179, 841, 870]","[0.918951983464115, 0.9012787283107896, 0.9291020852886596, 0.916206442062343, 0.9219913945201085]",COMPLETE
91,0.9174802274962757,2026-08-26 16:34:04.780624,2026-08-26 16:34:37.305595,0 days 00:00:32.524971,0.6370390261554882,0.013647009661844232,0.03012019374849688,9,0.9735813852144377,0.3362995699083281,0.568810006237657,0.9329588050775262,0.9174802274962757,0.00768992912547167,"[956, 804, 1428, 1176, 1004]","[0.9169508807901307, 0.9039036569812063, 0.9265037045693978, 0.9171289713414387, 0.9229139237992042]",COMPLETE
92,0.9098633964939318,2026-08-26 16:34:37.305913,2026-08-26 16:34:56.472499,0 days 00:00:19.166586,0.6382771004329206,0.19428358410605576,0.029908383626163153,9,0.9422468037683953,0.21459914491526552,0.4268386540223801,0.9344584867035154,0.9098633964939318,0.007167551964799843,"[1500, 1485, 1486, 1460, 1493]","[0.9053019424595065, 0.8995195677103182, 0.9181847453645089, 0.9087879609850925, 0.9175227659502326]",COMPLETE
93,0.9138121639360557,2026-08-26 16:34:56.472813,2026-08-26 16:35:20.110625,0 days 00:00:23.637812,0.6469924982864613,0.07083337707825779,0.027418256485158332,9,0.8139735504120098,0.5184886316316331,0.5683529530834476,0.972429782325333,0.9138121639360557,0.0061713393096694226,"[1495, 1489, 1486, 1500, 1494]","[0.9129075124034021, 0.9025558675189633, 0.9177626233223269, 0.9153104607344019, 0.9205243557011845]",COMPLETE
94,0.906820421383653,2026-08-26 16:35:20.110948,2026-08-26 16:35:39.439833,0 days 00:00:19.328885,0.6102514948313476,0.1457318158806476,0.03312295920534742,9,1.0717367799505642,1.6615373043302215,0.5766975473797867,0.9331264714152874,0.906820421383653,0.008710363019863256,"[1499, 1498, 1492, 1484, 1500]","[0.9059342468705, 0.8906453369728103, 0.9158703243202558, 0.9096132920589644, 0.9120389066957347]",COMPLETE
95,0.9125268296777247,2026-08-26 16:35:39.440153,2026-08-26 16:36:08.715164,0 days 00:00:29.275011,0.630042068999678,0.06973694593050532,0.021368988284564537,8,1.2875603626814762,0.03376421500135491,0.26913812924103403,0.9882555877667313,0.9125268296777247,0.0063032245457831804,"[1494, 1477, 1498, 1470, 1497]","[0.9102888489260788, 0.9036196973061973, 0.9200518550741575, 0.9092807332813436, 0.9193930138008466]",COMPLETE
96,0.9169669476827014,2026-08-26 16:36:08.715486,2026-08-26 16:36:47.747183,0 days 00:00:39.031697,0.6612133252117571,0.005848403494218413,0.025675172918500477,9,0.7434214635477459,0.01635530863917514,0.4618716329579496,0.9528526227949532,0.9169669476827014,0.007529439178281399,"[952, 851, 1069, 1015, 1065]","[0.9156241001286357, 0.9052228137908758, 0.928060306652883, 0.914907251702712, 0.9210202661384009]",COMPLETE
97,0.8476277756508027,2026-08-26 16:36:47.747507,2026-08-26 16:36:59.557256,0 days 00:00:11.809749,0.6374975926578715,1.8243980665474,0.03484800324231105,9,0.930177220506055,4.700229868798506,1.1804979659088326,0.9085168378583064,0.8476277756508027,0.009041779850333102,"[1363, 1440, 1487, 1500, 1464]","[0.851445920149466, 0.8304729102172385, 0.8468719227281483, 0.8545523123289502, 0.8547958128302112]",COMPLETE
98,0.9103830961240265,2026-08-26 16:36:59.557566,2026-08-26 16:37:24.595630,0 days 00:00:25.038064,0.6184575571587184,0.22354428010680746,0.018894924936605415,8,1.0271980700395416,0.45381965451586076,0.12367806391774026,0.8827775816159918,0.9103830961240265,0.006807549431553094,"[1500, 1499, 1495, 1497, 1500]","[0.9083955075732982, 0.8995986963789488, 0.9201945142410279, 0.9095381450051977, 0.9141886174216601]",COMPLETE
99,0.9139675081125403,2026-08-26 16:37:24.595958,2026-08-26 16:37:53.209718,0 days 00:00:28.613760,0.652309587532777,0.14802708654854482,0.023445070631735142,9,1.514589591455416,0.010889413997722135,0.7345904547468035,0.8430723136347863,0.9139675081125403,0.008096071725682422,"[1500, 1494, 1500, 1495, 1494]","[0.9114953378801832, 0.9004988581985645, 0.9246334567187838, 0.9141008336393321, 0.9191090541258378]",COMPLETE
100,0.906339205363839,2026-08-26 16:37:53.210036,2026-08-26 16:38:21.631541,0 days 00:00:28.421505,0.6838197081505226,0.29810092397055876,0.02796228115321499,10,0.847084852288196,1.1323923103383635,2.8241748851247164,0.6398760933167036,0.906339205363839,0.007252727022512544,"[1500, 1474, 1500, 1495, 1491]","[0.908608816994238, 0.8938381849932445, 0.9163896445676616, 0.9059024824498564, 0.9069568978141946]",COMPLETE
