number,value,datetime_start,datetime_complete,duration,params_ccp_alpha,params_class_weight,params_criterion,params_max_depth,params_max_features,params_min_samples_leaf,params_min_samples_split,params_splitter,user_attrs_cv_mean,user_attrs_cv_std,user_attrs_fold_scores,state
0,0.6563241507058202,2026-08-27 05:38:37.687539,2026-08-27 05:38:38.250920,0 days 00:00:00.563381,1.3480180290890803e-07,balanced,log_loss,12,0.6,59,96,best,0.6563241507058202,0.01269108900666628,"[0.6353218541535238, 0.665567091421344, 0.672660626872792, 0.6531885903867239, 0.6548825906947172]",COMPLETE
1,0.5634130049761991,2026-08-27 05:38:38.251232,2026-08-27 05:38:38.320281,0 days 00:00:00.069049,0.0043873144324354085,,log_loss,17,0.8,24,44,random,0.5634130049761991,0.0044335272591622555,"[0.5574170163684801, 0.5642466480490897, 0.5630357243931517, 0.5613792823461611, 0.5709863537241128]",COMPLETE
2,0.5071353293726183,2026-08-27 05:38:38.320664,2026-08-27 05:38:38.347582,0 days 00:00:00.026918,0.006124806805925988,,gini,30,sqrt,25,82,random,0.5071353293726183,0.011238819584177138,"[0.49386548551742754, 0.4934412878336866, 0.5138694901160911, 0.5142526929091357, 0.5202476904867507]",COMPLETE
3,0.6254649636421721,2026-08-27 05:38:38.347910,2026-08-27 05:38:38.529330,0 days 00:00:00.181420,0.00041245717727594227,,log_loss,24,sqrt,72,95,best,0.6254649636421721,0.01102924445791424,"[0.6066263599757883, 0.6289474315130003, 0.630930889090048, 0.6213985172118398, 0.6394216204201838]",COMPLETE
4,0.5657425068301214,2026-08-27 05:38:38.529614,2026-08-27 05:38:38.626415,0 days 00:00:00.096801,1.5027137214154575e-07,,entropy,4,log2,62,99,best,0.5657425068301214,0.008307144032387206,"[0.5755212161402742, 0.558977671957971, 0.5684916366064242, 0.5723344739908823, 0.5533875354550556]",COMPLETE
5,0.6622885154206145,2026-08-27 05:38:38.626722,2026-08-27 05:38:39.405677,0 days 00:00:00.778955,2.8501838758433707e-05,,gini,11,,52,74,best,0.6622885154206145,0.015033042918972084,"[0.6357570168070787, 0.6813720903981709, 0.6699259281881068, 0.6608688901870844, 0.6635186515226318]",COMPLETE
6,0.5614378926706893,2026-08-27 05:38:39.405988,2026-08-27 05:38:39.428086,0 days 00:00:00.022098,0.0017697543538533224,,entropy,11,log2,73,52,random,0.5614378926706893,0.014436362855564329,"[0.5673298939653785, 0.5373931544415326, 0.57217815271809, 0.5531785104860261, 0.5771097517424195]",COMPLETE
7,0.6679794076815909,2026-08-27 05:38:39.428384,2026-08-27 05:38:40.157081,0 days 00:00:00.728697,1.8298712093870903e-07,balanced,entropy,17,0.8,72,81,best,0.6679794076815909,0.0067306317976064955,"[0.6593273630081743, 0.6716815124285578, 0.6789275967551737, 0.6651938539159438, 0.6647667123001053]",COMPLETE
8,0.6446618047377609,2026-08-27 05:38:40.157399,2026-08-27 05:38:40.218581,0 days 00:00:00.061182,1.0333896431462928e-08,,entropy,17,,30,71,random,0.6446618047377609,0.009053644879494099,"[0.6373781398325602, 0.6498241958809116, 0.6586103069091964, 0.6330194039031007, 0.6444769771630355]",COMPLETE
9,0.657703676375181,2026-08-27 05:38:40.218884,2026-08-27 05:38:40.400142,0 days 00:00:00.181258,1.3685182782317289e-05,,gini,16,sqrt,20,99,best,0.657703676375181,0.007762018168453787,"[0.6567254752305368, 0.661267407898626, 0.6472263016546351, 0.670213230538221, 0.6530859665538855]",COMPLETE
10,0.5670299344152916,2026-08-27 05:38:40.400448,2026-08-27 05:38:40.546104,0 days 00:00:00.145656,1.3381271619726983e-09,balanced,entropy,3,0.4,1,2,best,0.5670299344152916,0.003392183630495494,"[0.5733085094489114, 0.5649177432181661, 0.5645748871765931, 0.5679294155956806, 0.5644191166371071]",COMPLETE
11,0.6410965428747815,2026-08-27 05:38:40.546426,2026-08-27 05:38:41.296683,0 days 00:00:00.750257,7.780462950625712e-06,balanced,gini,9,,46,65,best,0.6410965428747815,0.005981773168642449,"[0.639840845144893, 0.6413432841443442, 0.6522920358826851, 0.6358474444772798, 0.6361591047247054]",COMPLETE
12,0.6875066900146961,2026-08-27 05:38:41.297007,2026-08-27 05:38:41.969859,0 days 00:00:00.672852,5.88256804402977e-06,balanced,gini,22,0.8,47,41,best,0.6875066900146961,0.006247517405543392,"[0.6774811849863059, 0.6955756615879348, 0.6853925168849412, 0.6866452121707133, 0.6924388744435852]",COMPLETE
13,0.6617994534763081,2026-08-27 05:38:41.970181,2026-08-27 05:38:42.586088,0 days 00:00:00.615907,7.808721364002951e-07,balanced,gini,22,0.8,80,24,best,0.6617994534763081,0.0027542329299666993,"[0.6593478977731155, 0.6603309752593955, 0.6600297140143603, 0.6623592030608977, 0.6669294772737713]",COMPLETE
14,0.6952316232430725,2026-08-27 05:38:42.586428,2026-08-27 05:38:43.379342,0 days 00:00:00.792914,8.169966361917122e-07,balanced,entropy,24,0.8,40,34,best,0.6952316232430725,0.003023412662961079,"[0.6927648433738148, 0.695373199810945, 0.691120842124279, 0.6974519670507169, 0.6994472638556067]",COMPLETE
15,0.6926780413007207,2026-08-27 05:38:43.379656,2026-08-27 05:38:44.171538,0 days 00:00:00.791882,1.981870083915325e-06,balanced,entropy,25,0.8,39,30,best,0.6926780413007207,0.005823615822227404,"[0.6892534806379486, 0.6987284940279931, 0.6852584696100346, 0.6898452928874793, 0.7003044693401484]",COMPLETE
16,0.6912382003624047,2026-08-27 05:38:44.171860,2026-08-27 05:38:44.973475,0 days 00:00:00.801615,0.00010697124005528724,balanced,entropy,29,0.8,37,23,best,0.6912382003624047,0.010177272754127923,"[0.6830549549487733, 0.7086708869019197, 0.6901671073644011, 0.6796513463635083, 0.6946467062334211]",COMPLETE
17,0.7404701011811345,2026-08-27 05:38:44.973827,2026-08-27 05:38:45.432720,0 days 00:00:00.458893,1.7939622855533723e-06,balanced,entropy,26,0.4,9,24,best,0.7404701011811345,0.009057158833839136,"[0.7320417446491283, 0.7557195636991422, 0.745899636961048, 0.7333302954130089, 0.7353592651833453]",COMPLETE
18,0.6747683258528381,2026-08-27 05:38:45.433046,2026-08-27 05:38:45.487240,0 days 00:00:00.054194,1.6811067194681347e-08,balanced,entropy,27,0.4,8,6,random,0.6747683258528381,0.014702247259896786,"[0.6551929182170663, 0.6957118451676302, 0.68229559659569, 0.6613004054871593, 0.6793408637966446]",COMPLETE
19,0.7250948324636457,2026-08-27 05:38:45.487551,2026-08-27 05:38:46.182784,0 days 00:00:00.695233,6.091579582816418e-07,balanced,entropy,21,0.6,15,14,best,0.7250948324636457,0.010225626219480598,"[0.7074991083394179, 0.725749653459865, 0.7241589508964097, 0.728928654795994, 0.7391377948265418]",COMPLETE
20,0.730293864683566,2026-08-27 05:38:46.183104,2026-08-27 05:38:46.888043,0 days 00:00:00.704939,2.6870819059195422e-08,balanced,entropy,20,0.6,14,13,best,0.730293864683566,0.006322689957080529,"[0.7197870912302978, 0.7333480976988228, 0.7284880650538031, 0.7307973789484321, 0.7390486904864746]",COMPLETE
21,0.7390385953338579,2026-08-27 05:38:46.888358,2026-08-27 05:38:47.587254,0 days 00:00:00.698896,2.1617327577514438e-08,balanced,entropy,20,0.6,13,13,best,0.7390385953338579,0.006621255250476585,"[0.7353854765409515, 0.7476204750832159, 0.7328549903516978, 0.7328400785404942, 0.7464919561529303]",COMPLETE
22,0.7442726335081312,2026-08-27 05:38:47.587572,2026-08-27 05:38:48.304827,0 days 00:00:00.717255,1.0779905314585888e-08,balanced,entropy,19,0.6,11,14,best,0.7442726335081312,0.0059179257465413896,"[0.7330902594607845, 0.7502496609268077, 0.7458620116425424, 0.7444565576148067, 0.7477046778957148]",COMPLETE
23,0.7510549699667601,2026-08-27 05:38:48.305146,2026-08-27 05:38:49.060456,0 days 00:00:00.755310,3.440765696140843e-09,balanced,entropy,19,0.6,2,16,best,0.7510549699667601,0.003280116844668212,"[0.7513301006180609, 0.7567360675259168, 0.7468292904021504, 0.7491670766701084, 0.7512123146175641]",COMPLETE
24,0.7248374590556098,2026-08-27 05:38:49.060807,2026-08-27 05:38:49.502697,0 days 00:00:00.441890,1.2430508504579793e-09,balanced,entropy,14,0.4,2,21,best,0.7248374590556098,0.008990969677932935,"[0.7173945119451574, 0.7417954364468331, 0.7229640229562609, 0.7247922729235518, 0.7172410510062459]",COMPLETE
25,0.7427678724063157,2026-08-27 05:38:49.503008,2026-08-27 05:38:50.230762,0 days 00:00:00.727754,4.1190104086750976e-09,balanced,log_loss,26,0.6,7,33,best,0.7427678724063157,0.006515905129781352,"[0.7330163380741018, 0.7446383625142797, 0.7418318911358336, 0.7532570065445902, 0.7410957637627732]",COMPLETE
26,0.591808178415824,2026-08-27 05:38:50.231094,2026-08-27 05:38:50.268882,0 days 00:00:00.037788,4.507188496968598e-09,balanced,log_loss,7,0.6,6,35,random,0.591808178415824,0.005265632007496219,"[0.5850353778360424, 0.5980765021235044, 0.5860122347221851, 0.5948337302821066, 0.5950830471152816]",COMPLETE
27,0.7148661611607954,2026-08-27 05:38:50.269196,2026-08-27 05:38:50.947344,0 days 00:00:00.678148,4.164251617726668e-09,balanced,log_loss,28,0.6,20,53,best,0.7148661611607954,0.002772633305630274,"[0.7138231459345995, 0.7142390788564303, 0.7202540178603619, 0.71372019735831, 0.7122943657942749]",COMPLETE
28,0.7514478898879022,2026-08-27 05:38:50.947675,2026-08-27 05:38:51.675960,0 days 00:00:00.728285,4.423726734938565e-08,balanced,log_loss,19,0.6,6,9,best,0.7514478898879022,0.004149712647874561,"[0.7454586687235066, 0.7518497675359129, 0.7498706676889301, 0.7517199485318854, 0.7583403969592761]",COMPLETE
29,0.7373156679455187,2026-08-27 05:38:51.676315,2026-08-27 05:38:52.384742,0 days 00:00:00.708427,6.098192666002708e-08,balanced,log_loss,14,0.6,1,8,best,0.7373156679455187,0.011818992957269145,"[0.7175394634645187, 0.744077895145559, 0.7394963169575478, 0.7327779043858441, 0.7526867597741242]",COMPLETE
30,0.7236763259645718,2026-08-27 05:38:52.385081,2026-08-27 05:38:53.070352,0 days 00:00:00.685271,7.128865133257722e-08,balanced,log_loss,19,0.6,18,17,best,0.7236763259645718,0.007804949868540116,"[0.7267128460070222, 0.7344468239998568, 0.7164044088799996, 0.7131586865107592, 0.7276588644252211]",COMPLETE
31,0.7239017534023736,2026-08-27 05:38:53.070679,2026-08-27 05:38:53.744883,0 days 00:00:00.674204,4.570019350778928e-09,balanced,log_loss,14,0.6,9,30,best,0.7239017534023736,0.005013877998232287,"[0.716464907185903, 0.7288440957539196, 0.727564654558492, 0.7193261883025444, 0.7273089212110092]",COMPLETE
32,0.7514478898879022,2026-08-27 05:38:53.745224,2026-08-27 05:38:54.472472,0 days 00:00:00.727248,2.7727967953322756e-09,balanced,log_loss,19,0.6,6,7,best,0.7514478898879022,0.004149712647874561,"[0.7454586687235066, 0.7518497675359129, 0.7498706676889301, 0.7517199485318854, 0.7583403969592761]",COMPLETE
33,0.7394559478615632,2026-08-27 05:38:54.472813,2026-08-27 05:38:55.175170,0 days 00:00:00.702357,5.379937069098533e-08,balanced,log_loss,19,0.6,12,3,best,0.7394559478615632,0.011374118361616191,"[0.7336605293779795, 0.7368675422228699, 0.734501327856378, 0.7304238830655575, 0.7618264567850312]",COMPLETE
34,0.6486313265485868,2026-08-27 05:38:55.175497,2026-08-27 05:38:55.231548,0 days 00:00:00.056051,8.787190162389402e-09,balanced,log_loss,18,0.6,24,9,random,0.6486313265485868,0.008564382136798093,"[0.6472650741763389, 0.6423725207900537, 0.6605801292689565, 0.6371532682914606, 0.6557856402161243]",COMPLETE
35,0.6953168927210702,2026-08-27 05:38:55.231862,2026-08-27 05:38:55.879926,0 days 00:00:00.648064,1.3897945194840648e-09,balanced,log_loss,23,0.6,30,18,best,0.6953168927210702,0.011926683370830261,"[0.6784990463167052, 0.7037848923165968, 0.6937511601503438, 0.6879241554866627, 0.7126252093350427]",COMPLETE
36,0.7268662616968398,2026-08-27 05:38:55.880257,2026-08-27 05:38:56.133272,0 days 00:00:00.253015,1.7997258599885267e-07,balanced,log_loss,21,log2,4,10,best,0.7268662616968398,0.010673144454454811,"[0.7265470610450141, 0.7324377563061694, 0.7063560108005937, 0.7353209534006843, 0.7336695269317373]",COMPLETE
37,0.6046156063026092,2026-08-27 05:38:56.133576,2026-08-27 05:38:56.163189,0 days 00:00:00.029613,2.7163157026888063e-09,,log_loss,15,sqrt,17,17,random,0.6046156063026092,0.01052759025655785,"[0.6005300856572678, 0.6040444513149286, 0.6030023402597203, 0.5917057278977141, 0.623795426383415]",COMPLETE
38,0.6893826884126781,2026-08-27 05:38:56.163497,2026-08-27 05:38:56.771163,0 days 00:00:00.607666,3.0850535210385855e-08,balanced,log_loss,12,0.6,25,27,best,0.6893826884126781,0.008908847593433869,"[0.6842351745199394, 0.6972401318971512, 0.685773280696964, 0.6776839881649971, 0.7019808667843391]",COMPLETE
39,0.6995746207572164,2026-08-27 05:38:56.771465,2026-08-27 05:38:57.006809,0 days 00:00:00.235344,1.1723384896752559e-08,,log_loss,17,log2,10,2,best,0.6995746207572164,0.009049305524153943,"[0.6958727732534383, 0.7175647071122023, 0.6962438056220862, 0.6947944336428676, 0.6933973841554876]",COMPLETE
40,0.6656831568443569,2026-08-27 05:38:57.007112,2026-08-27 05:38:57.068832,0 days 00:00:00.061720,2.5122587085393225e-07,balanced,entropy,18,0.6,5,41,random,0.6656831568443569,0.009238206494417539,"[0.6620270650435282, 0.663341902154529, 0.6776306118739273, 0.6515853727415196, 0.6738308324082798]",COMPLETE
41,0.7322175624052052,2026-08-27 05:38:57.069144,2026-08-27 05:38:57.772878,0 days 00:00:00.703734,7.820379384820639e-09,balanced,log_loss,23,0.6,5,47,best,0.7322175624052052,0.006787955034642885,"[0.7353578259814891, 0.7376537507394628, 0.7233337811239471, 0.7248879299127369, 0.7398545242683897]",COMPLETE
42,0.7415988591453317,2026-08-27 05:38:57.773213,2026-08-27 05:38:58.501188,0 days 00:00:00.727975,2.8967221876096188e-09,balanced,log_loss,30,0.6,11,8,best,0.7415988591453317,0.0072494212457462825,"[0.729244525688368, 0.7493376458626883, 0.7462859615636224, 0.7453234455025592, 0.737802717109421]",COMPLETE
43,0.7558675242866653,2026-08-27 05:38:58.501536,2026-08-27 05:38:59.699183,0 days 00:00:01.197647,2.0228615949949153e-09,balanced,log_loss,19,,7,18,best,0.7558675242866653,0.003774949333767051,"[0.7488907150384628, 0.756116990711796, 0.7565181867454638, 0.7575592524572317, 0.760252476480372]",COMPLETE
44,0.7270843864591539,2026-08-27 05:38:59.699509,2026-08-27 05:39:00.769938,0 days 00:00:01.070429,1.5595647657165098e-09,,log_loss,16,,21,19,best,0.7270843864591539,0.011519595540763244,"[0.7084906227981769, 0.7448233529909007, 0.7263676837882717, 0.7286941381461715, 0.727046134572249]",COMPLETE
45,0.7618306543644704,2026-08-27 05:39:00.770259,2026-08-27 05:39:01.890576,0 days 00:00:01.120317,7.884683236734928e-09,balanced,gini,19,,1,13,best,0.7618306543644704,0.007611566190696074,"[0.7599757021650501, 0.7715024295816857, 0.7522160481517576, 0.7697523285667366, 0.7557067633571224]",COMPLETE
46,0.7644047102964227,2026-08-27 05:39:01.890892,2026-08-27 05:39:03.029555,0 days 00:00:01.138663,3.908327617472764e-08,balanced,gini,21,,2,12,best,0.7644047102964227,0.0037997828846501433,"[0.7638871033253994, 0.7704293640008067, 0.7586304854274454, 0.7634776354913172, 0.7655989632371446]",COMPLETE
47,0.7682022611351078,2026-08-27 05:39:03.029866,2026-08-27 05:39:04.202068,0 days 00:00:01.172202,1.175060844481843e-07,balanced,gini,22,,1,5,best,0.7682022611351078,0.00622732846211247,"[0.7667893747693489, 0.7781480798319763, 0.758926270820976, 0.7667486219767324, 0.7703989582765053]",COMPLETE
48,0.7721804005028391,2026-08-27 05:39:04.202420,2026-08-27 05:39:05.308122,0 days 00:00:01.105702,1.0119837446826463e-07,,gini,22,,1,4,best,0.7721804005028391,0.009212355920331499,"[0.7669474331274744, 0.7872334318297064, 0.770570366544861, 0.7598880384772181, 0.7762627325349357]",COMPLETE
49,0.774898025974836,2026-08-27 05:39:05.308481,2026-08-27 05:39:06.422410,0 days 00:00:01.113929,4.0393555171617235e-07,,gini,24,,1,2,best,0.774898025974836,0.008821268785687935,"[0.765817575729934, 0.7914480621669391, 0.774897955076738, 0.7696110421785566, 0.7727154947220124]",COMPLETE
50,0.774898025974836,2026-08-27 05:39:06.422751,2026-08-27 05:39:07.544680,0 days 00:00:01.121929,3.781855190347504e-07,,gini,24,,1,2,best,0.774898025974836,0.008821268785687935,"[0.765817575729934, 0.7914480621669391, 0.774897955076738, 0.7696110421785566, 0.7727154947220124]",COMPLETE
51,0.7743558462556959,2026-08-27 05:39:07.545041,2026-08-27 05:39:08.658340,0 days 00:00:01.113299,4.193724438171176e-07,,gini,24,,1,4,best,0.7743558462556959,0.007432646836140892,"[0.7713723123883575, 0.7884152604933753, 0.7700409367876592, 0.7672217768890369, 0.7747289447200502]",COMPLETE
52,0.7741597205057523,2026-08-27 05:39:08.658736,2026-08-27 05:39:09.767234,0 days 00:00:01.108498,3.2182407400765e-07,,gini,24,,1,5,best,0.7741597205057523,0.0073846498900954315,"[0.7718258235398663, 0.7884102677322734, 0.7733747838918802, 0.7677088640074583, 0.7694788633572833]",COMPLETE
53,0.7732996858069225,2026-08-27 05:39:09.767571,2026-08-27 05:39:10.835052,0 days 00:00:01.067481,4.2959889831577103e-07,,gini,24,,4,2,best,0.7732996858069225,0.008149258792695277,"[0.7769308457516662, 0.782658195252074, 0.7590480973372778, 0.7702305724433076, 0.7776307182502872]",COMPLETE
54,0.7726891488004789,2026-08-27 05:39:10.835417,2026-08-27 05:39:11.911771,0 days 00:00:01.076354,3.7425989089102095e-07,,gini,25,,4,2,best,0.7726891488004789,0.006277316846702187,"[0.7738953465609887, 0.7821531904496862, 0.7628412290883517, 0.7701946131940444, 0.7743613647093235]",COMPLETE
55,0.7420567244873408,2026-08-27 05:39:11.912081,2026-08-27 05:39:12.882294,0 days 00:00:00.970213,3.87047887185982e-07,,gini,25,,15,2,best,0.7420567244873408,0.01068062816662148,"[0.7495940902714349, 0.7571072230090542, 0.7321440817165423, 0.7283550593246485, 0.7430831681150245]",COMPLETE
56,0.7726891488004789,2026-08-27 05:39:12.882620,2026-08-27 05:39:13.946724,0 days 00:00:01.064104,1.6806734202260689e-06,,gini,25,,4,6,best,0.7726891488004789,0.006277316846702187,"[0.7738953465609887, 0.7821531904496862, 0.7628412290883517, 0.7701946131940444, 0.7743613647093235]",COMPLETE
57,0.6981445664556529,2026-08-27 05:39:13.947115,2026-08-27 05:39:14.033092,0 days 00:00:00.085977,3.5450106702366812e-06,,gini,27,,10,5,random,0.6981445664556529,0.007184666642095001,"[0.7009906291888034, 0.6862843955294675, 0.6958675970073799, 0.699295406215669, 0.7082848043369454]",COMPLETE
58,0.7618976871773128,2026-08-27 05:39:14.033409,2026-08-27 05:39:15.062536,0 days 00:00:01.029127,4.1490015400543845e-07,,gini,24,,8,11,best,0.7618976871773128,0.007288668499142846,"[0.7668693235259414, 0.7735218487450357, 0.7533517912476237, 0.7574530076538935, 0.7582924647140693]",COMPLETE
59,0.6784820096802763,2026-08-27 05:39:15.062922,2026-08-27 05:39:15.883686,0 days 00:00:00.820764,9.833106161537544e-07,,gini,24,,58,2,best,0.6784820096802763,0.007429440645040203,"[0.675046026638015, 0.6922981352420722, 0.6784650376015858, 0.6764304162841578, 0.6701704326355508]",COMPLETE
60,0.7167627642927068,2026-08-27 05:39:15.884024,2026-08-27 05:39:16.870809,0 days 00:00:00.986785,2.425069810697089e-05,,gini,27,,4,87,best,0.7167627642927068,0.011138557415062955,"[0.712384481352219, 0.7352768964318912, 0.7198584618095504, 0.7010636156149213, 0.7152303662549518]",COMPLETE
61,0.7726891488004789,2026-08-27 05:39:16.871140,2026-08-27 05:39:17.947158,0 days 00:00:01.076018,1.4452582276107937e-06,,gini,25,,4,7,best,0.7726891488004789,0.006277316846702187,"[0.7738953465609887, 0.7821531904496862, 0.7628412290883517, 0.7701946131940444, 0.7743613647093235]",COMPLETE
62,0.7468636054143161,2026-08-27 05:39:17.947574,2026-08-27 05:39:18.938613,0 days 00:00:00.991039,3.324371980404003e-06,,gini,26,,13,6,best,0.7468636054143161,0.008332713434333772,"[0.7479814835967415, 0.761711611607046, 0.739960719384542, 0.7380461511952384, 0.7466180612880127]",COMPLETE
63,0.7698373890885618,2026-08-27 05:39:18.938981,2026-08-27 05:39:20.012529,0 days 00:00:01.073548,3.296345285107579e-07,,gini,28,,4,11,best,0.7698373890885618,0.01111112588423325,"[0.7710669965037219, 0.7880173451023113, 0.7553751260332637, 0.7617127251057588, 0.7730147526977532]",COMPLETE
64,0.7617985571702331,2026-08-27 05:39:20.012846,2026-08-27 05:39:21.044725,0 days 00:00:01.031879,6.199733357223718e-07,,gini,23,,8,2,best,0.7617985571702331,0.006813367127639473,"[0.7671598911898284, 0.7720533352276496, 0.7533517912476237, 0.7574530076538935, 0.7589747605321703]",COMPLETE
65,0.7250090247735306,2026-08-27 05:39:21.045089,2026-08-27 05:39:21.263142,0 days 00:00:00.218053,1.2662135118334646e-06,,gini,25,sqrt,3,15,best,0.7250090247735306,0.008990054870224876,"[0.7160623757443566, 0.7203419550285552, 0.7266202254409958, 0.7203412825626706, 0.7416792850910752]",COMPLETE
66,0.7420567244873408,2026-08-27 05:39:21.263441,2026-08-27 05:39:22.243896,0 days 00:00:00.980455,9.057521738640706e-06,,gini,28,,15,22,best,0.7420567244873408,0.01068062816662148,"[0.7495940902714349, 0.7571072230090542, 0.7321440817165423, 0.7283550593246485, 0.7430831681150245]",COMPLETE
67,0.7643625129733187,2026-08-27 05:39:22.244218,2026-08-27 05:39:23.288155,0 days 00:00:01.043937,2.9417730833219405e-06,,gini,24,,7,5,best,0.7643625129733187,0.008260794685612569,"[0.7697157301304322, 0.7744573153906066, 0.7548152481301645, 0.7542678387483311, 0.7685564324670588]",COMPLETE
68,0.7562015070351235,2026-08-27 05:39:23.288530,2026-08-27 05:39:24.298982,0 days 00:00:01.010452,2.2223821583234248e-07,,gini,26,,10,9,best,0.7562015070351235,0.008536947074535634,"[0.7611119421167988, 0.7705459142302571, 0.748199826726375, 0.7486802992550133, 0.752469552847173]",COMPLETE
69,0.7165803291234571,2026-08-27 05:39:24.299357,2026-08-27 05:39:24.402651,0 days 00:00:00.103294,5.8236391195336e-07,,gini,23,,4,6,random,0.7165803291234571,0.008014804349861869,"[0.710271654100004, 0.7230380150794571, 0.7049793222871178, 0.717860717405807, 0.7267519367448999]",COMPLETE
70,0.7491348244605693,2026-08-27 05:39:24.402963,2026-08-27 05:39:25.400808,0 days 00:00:00.997845,2.0805707786681355e-06,,gini,29,,12,11,best,0.7491348244605693,0.007944135641010396,"[0.7535708426518758, 0.7622462460450431, 0.7398977514468009, 0.7435471247038823, 0.7464121574552448]",COMPLETE
