number,value,datetime_start,datetime_complete,duration,params_bootstrap,params_class_weight,params_criterion,params_max_depth,params_max_features,params_min_samples_leaf,params_min_samples_split,params_n_estimators,user_attrs_cv_mean,user_attrs_cv_std,user_attrs_fold_scores,state
147,0.692744060721601,2026-08-27 07:36:49.193224,2026-08-27 07:37:09.653833,0 days 00:00:20.460609,True,balanced_subsample,entropy,8.0,0.5,3,4,500,0.692744060721601,0.004454008502662015,"[0.6877148787644322, 0.700377968563768, 0.6931013884330023, 0.6889064288694507, 0.6936196389773513]",COMPLETE
148,0.8541720887967971,2026-08-27 07:37:09.654133,2026-08-27 07:37:29.008708,0 days 00:00:19.354575,False,balanced_subsample,entropy,,log2,3,6,500,0.8541720887967971,0.004169424348963432,"[0.8469330723805056, 0.858336680003568, 0.8570019119669507, 0.8564316198182148, 0.8521571598147465]",COMPLETE
149,0.8776991343088747,2026-08-27 07:37:29.009022,2026-08-27 07:38:29.547937,0 days 00:01:00.538915,False,balanced_subsample,entropy,,0.5,2,4,600,0.8776991343088747,0.005406303140844625,"[0.8719541728840735, 0.8867806458461397, 0.8806415391296586, 0.875630112591769, 0.8734892010927329]",COMPLETE
150,0.8780341732230447,2026-08-27 07:38:29.548249,2026-08-27 07:39:19.794286,0 days 00:00:50.246037,False,balanced_subsample,entropy,,0.5,2,2,500,0.8780341732230447,0.006470430247765284,"[0.8709433694962074, 0.8892999694191701, 0.8807763636252609, 0.8751635268909776, 0.8739876366836076]",COMPLETE
151,0.857509950852491,2026-08-27 07:39:19.794596,2026-08-27 07:40:08.055931,0 days 00:00:48.261335,False,balanced_subsample,entropy,,0.5,2,25,500,0.857509950852491,0.006769888133474163,"[0.848418054878934, 0.8692740180936801, 0.8581377335658775, 0.8547964615263872, 0.8569234861975764]",COMPLETE
152,0.8780341732230447,2026-08-27 07:40:08.056232,2026-08-27 07:40:57.884654,0 days 00:00:49.828422,False,balanced_subsample,entropy,,0.5,2,4,500,0.8780341732230447,0.006470430247765284,"[0.8709433694962074, 0.8892999694191701, 0.8807763636252609, 0.8751635268909776, 0.8739876366836076]",COMPLETE
153,0.8764491765238974,2026-08-27 07:40:57.884967,2026-08-27 07:41:47.725289,0 days 00:00:49.840322,False,balanced_subsample,entropy,,0.5,2,5,500,0.8764491765238974,0.003853362747924731,"[0.8717723683029766, 0.8825479481985227, 0.8790652847946622, 0.8747279972971786, 0.8741322840261466]",COMPLETE
154,0.878475742893491,2026-08-27 07:41:47.725597,2026-08-27 07:42:38.174273,0 days 00:00:50.448676,False,balanced_subsample,entropy,,0.5,1,4,500,0.878475742893491,0.004638218982685092,"[0.8744454543876764, 0.8855649885688508, 0.8823035822286333, 0.8738707918126369, 0.8761938974696571]",COMPLETE
155,0.8787210602058131,2026-08-27 07:42:38.174579,2026-08-27 07:43:28.686797,0 days 00:00:50.512218,False,balanced_subsample,entropy,48.0,0.5,1,2,500,0.8787210602058131,0.004743156400083871,"[0.8749800888256732, 0.887292230975811, 0.8801798565711381, 0.8743267608834007, 0.8768263637730431]",COMPLETE
156,0.8705964803244661,2026-08-27 07:43:28.687111,2026-08-27 07:44:07.863898,0 days 00:00:39.176787,False,balanced_subsample,gini,48.0,0.5,1,2,500,0.8705964803244661,0.005846621816966662,"[0.8703665192517289, 0.8799887040629989, 0.8735782434921351, 0.8646208810829377, 0.8644280537325306]",COMPLETE
157,0.8684248727041647,2026-08-27 07:44:07.864210,2026-08-27 07:44:42.261817,0 days 00:00:34.397607,False,balanced_subsample,entropy,48.0,0.3,1,2,600,0.8684248727041647,0.005322372760850995,"[0.86280625328865, 0.8776453985268731, 0.8707893459174144, 0.8663531931735919, 0.8645301726142934]",COMPLETE
158,0.8767176532083603,2026-08-27 07:44:42.262128,2026-08-27 07:45:32.611110,0 days 00:00:50.348982,False,balanced_subsample,entropy,48.0,0.5,1,5,500,0.8767176532083603,0.004288479357337876,"[0.8764981922599152, 0.8838524082773548, 0.8782146485216336, 0.8712118775319131, 0.8738111394509852]",COMPLETE
159,0.8594896105536233,2026-08-27 07:45:32.611425,2026-08-27 07:45:52.569343,0 days 00:00:19.957918,False,balanced_subsample,entropy,48.0,sqrt,1,3,500,0.8594896105536233,0.0049027721612739175,"[0.8543792770950122, 0.8667671474974105, 0.8638470210724365, 0.8568736401204662, 0.855580966982791]",COMPLETE
160,0.8610097813214722,2026-08-27 07:45:52.569653,2026-08-27 07:46:40.263517,0 days 00:00:47.693864,False,balanced_subsample,entropy,16.0,0.5,1,6,500,0.8610097813214722,0.004367016431310921,"[0.8551985957842584, 0.8686967655760759, 0.8608423680021363, 0.8594459264758513, 0.8608652507690389]",COMPLETE
161,0.8780341732230447,2026-08-27 07:46:40.263826,2026-08-27 07:47:30.145800,0 days 00:00:49.881974,False,balanced_subsample,entropy,,0.5,2,4,500,0.8780341732230447,0.006470430247765284,"[0.8709433694962074, 0.8892999694191701, 0.8807763636252609, 0.8751635268909776, 0.8739876366836076]",COMPLETE
162,0.877950947434163,2026-08-27 07:47:30.146120,2026-08-27 07:48:21.024518,0 days 00:00:50.878398,False,balanced_subsample,entropy,,0.5,1,3,500,0.877950947434163,0.004657998769582032,"[0.8753505837198318, 0.8849873445412815, 0.8818157632677864, 0.8726124284173782, 0.8749886172245369]",COMPLETE
163,0.8148885025564695,2026-08-27 07:48:21.024820,2026-08-27 07:49:02.933171,0 days 00:00:41.908351,False,balanced_subsample,entropy,12.0,0.5,2,4,500,0.8148885025564695,0.008438496841051621,"[0.8039151238685059, 0.8299500306817346, 0.8123014058894976, 0.8134463019305405, 0.8148296504120692]",COMPLETE
164,0.8741839594130829,2026-08-27 07:49:02.933488,2026-08-27 07:49:52.089512,0 days 00:00:49.156024,False,balanced_subsample,entropy,,0.5,3,2,500,0.8741839594130829,0.005262246592470397,"[0.8695147765413148, 0.8823526775581779, 0.8781631695000717, 0.868694295017639, 0.8721948784482109]",COMPLETE
165,0.878475742893491,2026-08-27 07:49:52.089832,2026-08-27 07:50:42.532434,0 days 00:00:50.442602,False,balanced_subsample,entropy,,0.5,1,4,500,0.878475742893491,0.004638218982685092,"[0.8744454543876764, 0.8855649885688508, 0.8823035822286333, 0.8738707918126369, 0.8761938974696571]",COMPLETE
166,0.8776512708839921,2026-08-27 07:50:42.532756,2026-08-27 07:51:33.018484,0 days 00:00:50.485728,False,balanced_subsample,entropy,32.0,0.5,1,3,500,0.8776512708839921,0.004722898566229397,"[0.8750577208119568, 0.8846479807436295, 0.8818157632677864, 0.8724179515601241, 0.8743169380364638]",COMPLETE
167,0.8774320816010514,2026-08-27 07:51:33.018797,2026-08-27 07:52:22.983825,0 days 00:00:49.965028,False,balanced_subsample,entropy,,0.5,1,6,500,0.8774320816010514,0.005080255067225099,"[0.8728200893315418, 0.8863428959978666, 0.8789100208220951, 0.8723640126862292, 0.8767233891675242]",COMPLETE
168,0.877950947434163,2026-08-27 07:52:22.984137,2026-08-27 07:53:13.386718,0 days 00:00:50.402581,False,balanced_subsample,entropy,48.0,0.5,1,3,500,0.877950947434163,0.004657998769582032,"[0.8753505837198318, 0.8849873445412815, 0.8818157632677864, 0.8726124284173782, 0.8749886172245369]",COMPLETE
169,0.8763715891447067,2026-08-27 07:53:13.387030,2026-08-27 07:54:13.513504,0 days 00:01:00.126474,False,balanced_subsample,log_loss,,0.5,1,5,600,0.8763715891447067,0.004489330184905219,"[0.8736083737927265, 0.8840468851346088, 0.8785856226115097, 0.8714063543891671, 0.8742107097955211]",COMPLETE
170,0.8616571245153569,2026-08-27 07:54:13.513820,2026-08-27 07:54:44.511663,0 days 00:00:30.997843,True,balanced_subsample,entropy,,0.5,2,2,500,0.8616571245153569,0.006104429373737654,"[0.8548784953532073, 0.8730206581376692, 0.860721521090921, 0.8611938202794694, 0.8584711277155184]",COMPLETE
171,0.8780341732230447,2026-08-27 07:54:44.511979,2026-08-27 07:55:34.290776,0 days 00:00:49.778797,False,balanced_subsample,entropy,,0.5,2,4,500,0.8780341732230447,0.006470430247765284,"[0.8709433694962074, 0.8892999694191701, 0.8807763636252609, 0.8751635268909776, 0.8739876366836076]",COMPLETE
172,0.8780341732230447,2026-08-27 07:55:34.291097,2026-08-27 07:56:23.951324,0 days 00:00:49.660227,False,balanced_subsample,entropy,,0.5,2,4,500,0.8780341732230447,0.006470430247765284,"[0.8709433694962074, 0.8892999694191701, 0.8807763636252609, 0.8751635268909776, 0.8739876366836076]",COMPLETE
173,0.877950947434163,2026-08-27 07:56:23.951633,2026-08-27 07:57:14.265330,0 days 00:00:50.313697,False,balanced_subsample,entropy,,0.5,1,3,500,0.877950947434163,0.004657998769582032,"[0.8753505837198318, 0.8849873445412815, 0.8818157632677864, 0.8726124284173782, 0.8749886172245369]",COMPLETE
174,0.8780341732230447,2026-08-27 07:57:14.265636,2026-08-27 07:58:04.507272,0 days 00:00:50.241636,False,balanced_subsample,entropy,,0.5,2,2,500,0.8780341732230447,0.006470430247765284,"[0.8709433694962074, 0.8892999694191701, 0.8807763636252609, 0.8751635268909776, 0.8739876366836076]",COMPLETE
175,0.878475742893491,2026-08-27 07:58:04.507588,2026-08-27 07:58:54.542507,0 days 00:00:50.034919,False,balanced_subsample,entropy,,0.5,1,4,500,0.878475742893491,0.004638218982685092,"[0.8744454543876764, 0.8855649885688508, 0.8823035822286333, 0.8738707918126369, 0.8761938974696571]",COMPLETE
176,0.8738432908487821,2026-08-27 07:58:54.542823,2026-08-27 08:00:01.746413,0 days 00:01:07.203590,False,balanced_subsample,entropy,,0.7,1,7,500,0.8738432908487821,0.004866026717196736,"[0.8718373280131031, 0.8832320600648936, 0.8712976662958912, 0.8694198511389417, 0.8734295487310811]",COMPLETE
177,0.7813983420439122,2026-08-27 08:00:01.746738,2026-08-27 08:01:40.067619,0 days 00:01:38.320881,False,balanced_subsample,entropy,,1.0,1,5,500,0.7813983420439122,0.007441115333388929,"[0.771889989466902, 0.7828458617194874, 0.7808997909037991, 0.7770912178834873, 0.7942648502458853]",COMPLETE
178,0.877950947434163,2026-08-27 08:01:40.067990,2026-08-27 08:02:32.988441,0 days 00:00:52.920451,False,balanced_subsample,entropy,,0.5,1,3,500,0.877950947434163,0.004657998769582032,"[0.8753505837198318, 0.8849873445412815, 0.8818157632677864, 0.8726124284173782, 0.8749886172245369]",COMPLETE
179,0.6835649986683288,2026-08-27 08:02:32.988757,2026-08-27 08:03:05.447078,0 days 00:00:32.458321,False,balanced,entropy,8.0,0.5,1,4,500,0.6835649986683288,0.008400614980815006,"[0.67484734811196, 0.6993379378134182, 0.6799527876130466, 0.6797111888560717, 0.6839757309471474]",COMPLETE
180,0.8764977525040145,2026-08-27 08:03:05.447399,2026-08-27 08:04:06.590452,0 days 00:01:01.143053,False,balanced_subsample,entropy,24.0,0.5,1,5,600,0.8764977525040145,0.0042668182673277115,"[0.8735307418064432, 0.8838908273789511, 0.8787441402195006, 0.8735227170520585, 0.872800336063119]",COMPLETE
181,0.8780341732230447,2026-08-27 08:04:06.590783,2026-08-27 08:04:57.179699,0 days 00:00:50.588916,False,balanced_subsample,entropy,,0.5,2,4,500,0.8780341732230447,0.006470430247765284,"[0.8709433694962074, 0.8892999694191701, 0.8807763636252609, 0.8751635268909776, 0.8739876366836076]",COMPLETE
182,0.8780341732230447,2026-08-27 08:04:57.180013,2026-08-27 08:05:47.788378,0 days 00:00:50.608365,False,balanced_subsample,entropy,,0.5,2,3,500,0.8780341732230447,0.006470430247765284,"[0.8709433694962074, 0.8892999694191701, 0.8807763636252609, 0.8751635268909776, 0.8739876366836076]",COMPLETE
183,0.8423952539232349,2026-08-27 08:05:47.788703,2026-08-27 08:06:33.535053,0 days 00:00:45.746350,False,balanced_subsample,entropy,,0.5,12,2,500,0.8423952539232349,0.008479633784398003,"[0.8302350808804427, 0.8559113712925789, 0.8428630876798192, 0.8378034357557919, 0.8451632940075416]",COMPLETE
184,0.8212518373105617,2026-08-27 08:06:33.535370,2026-08-27 08:07:17.191321,0 days 00:00:43.655951,False,balanced_subsample,entropy,,0.5,19,4,500,0.8212518373105617,0.008562896958209533,"[0.8068466334380991, 0.8332039466895277, 0.8236612793301757, 0.8189881832089885, 0.8235591438860177]",COMPLETE
185,0.8741839594130829,2026-08-27 08:07:17.191671,2026-08-27 08:08:07.508119,0 days 00:00:50.316448,False,balanced_subsample,entropy,,0.5,3,3,500,0.8741839594130829,0.005262246592470397,"[0.8695147765413148, 0.8823526775581779, 0.8781631695000717, 0.868694295017639, 0.8721948784482109]",COMPLETE
186,0.8766147239126436,2026-08-27 08:08:07.508471,2026-08-27 08:08:37.953419,0 days 00:00:30.444948,False,balanced_subsample,entropy,,0.5,2,5,300,0.8766147239126436,0.0049253475003575835,"[0.8701262491825044, 0.8846606530197864, 0.8790759014246898, 0.8742017592347354, 0.8750090567015016]",COMPLETE
187,0.8554222937793469,2026-08-27 08:08:37.953743,2026-08-27 08:08:53.545286,0 days 00:00:15.591543,False,balanced_subsample,gini,,log2,1,3,500,0.8554222937793469,0.005286439485081026,"[0.8496392794010195, 0.8649146730266183, 0.8569439091121458, 0.8531124202001409, 0.8525011871568106]",COMPLETE
188,0.8780341732230447,2026-08-27 08:08:53.545616,2026-08-27 08:09:44.045045,0 days 00:00:50.499429,False,balanced,entropy,,0.5,2,2,500,0.8780341732230447,0.006470430247765284,"[0.8709433694962074, 0.8892999694191701, 0.8807763636252609, 0.8751635268909776, 0.8739876366836076]",COMPLETE
189,0.878475742893491,2026-08-27 08:09:44.045359,2026-08-27 08:10:35.050745,0 days 00:00:51.005386,False,balanced_subsample,entropy,,0.5,1,4,500,0.878475742893491,0.004638218982685092,"[0.8744454543876764, 0.8855649885688508, 0.8823035822286333, 0.8738707918126369, 0.8761938974696571]",COMPLETE
190,0.8672176619006511,2026-08-27 08:10:35.051067,2026-08-27 08:11:03.917988,0 days 00:00:28.866921,False,balanced_subsample,entropy,,0.3,1,6,500,0.8672176619006511,0.00500539705156972,"[0.8619233794817296, 0.8752917159585785, 0.870714173783464, 0.8643332524671017, 0.863825787812381]",COMPLETE
191,0.878475742893491,2026-08-27 08:11:03.918312,2026-08-27 08:11:54.853898,0 days 00:00:50.935586,False,balanced_subsample,entropy,,0.5,1,4,500,0.878475742893491,0.004638218982685092,"[0.8744454543876764, 0.8855649885688508, 0.8823035822286333, 0.8738707918126369, 0.8761938974696571]",COMPLETE
192,0.878475742893491,2026-08-27 08:11:54.854212,2026-08-27 08:12:45.994314,0 days 00:00:51.140102,False,balanced_subsample,entropy,,0.5,1,4,500,0.878475742893491,0.004638218982685092,"[0.8744454543876764, 0.8855649885688508, 0.8823035822286333, 0.8738707918126369, 0.8761938974696571]",COMPLETE
193,0.8767176532083603,2026-08-27 08:12:45.994655,2026-08-27 08:13:37.278085,0 days 00:00:51.283430,False,balanced_subsample,entropy,,0.5,1,5,500,0.8767176532083603,0.004288479357337876,"[0.8764981922599152, 0.8838524082773548, 0.8782146485216336, 0.8712118775319131, 0.8738111394509852]",COMPLETE
194,0.8787210602058131,2026-08-27 08:13:37.278426,2026-08-27 08:14:28.500952,0 days 00:00:51.222526,False,balanced_subsample,entropy,,0.5,1,2,500,0.8787210602058131,0.004743156400083871,"[0.8749800888256732, 0.887292230975811, 0.8801798565711381, 0.8743267608834007, 0.8768263637730431]",COMPLETE
195,0.8787210602058131,2026-08-27 08:14:28.501286,2026-08-27 08:15:19.636053,0 days 00:00:51.134767,False,balanced_subsample,entropy,,0.5,1,2,500,0.8787210602058131,0.004743156400083871,"[0.8749800888256732, 0.887292230975811, 0.8801798565711381, 0.8743267608834007, 0.8768263637730431]",COMPLETE
196,0.8787210602058131,2026-08-27 08:15:19.636413,2026-08-27 08:16:10.866305,0 days 00:00:51.229892,False,balanced_subsample,entropy,,0.5,1,2,500,0.8787210602058131,0.004743156400083871,"[0.8749800888256732, 0.887292230975811, 0.8801798565711381, 0.8743267608834007, 0.8768263637730431]",COMPLETE
197,0.8787210602058131,2026-08-27 08:16:10.866619,2026-08-27 08:17:01.935817,0 days 00:00:51.069198,False,balanced,entropy,,0.5,1,2,500,0.8787210602058131,0.004743156400083871,"[0.8749800888256732, 0.887292230975811, 0.8801798565711381, 0.8743267608834007, 0.8768263637730431]",COMPLETE
198,0.8783780978734652,2026-08-27 08:17:01.936168,2026-08-27 08:18:44.478538,0 days 00:01:42.542370,False,balanced,entropy,48.0,0.5,1,2,1000,0.8783780978734652,0.004795005141511469,"[0.8754282157061152, 0.8866311684177658, 0.8805794269156738, 0.8730226153919416, 0.8762290629358297]",COMPLETE
199,0.8595165604548409,2026-08-27 08:18:44.478867,2026-08-27 08:19:24.642792,0 days 00:00:40.163925,False,balanced,entropy,48.0,sqrt,1,2,1000,0.8595165604548409,0.00508753988936879,"[0.8543097268969095, 0.8688671800425172, 0.8605637972660212, 0.8565337221375823, 0.8573083759311744]",COMPLETE
