number,value,datetime_start,datetime_complete,duration,params_colsample_bytree,params_gamma,params_learning_rate,params_max_depth,params_min_child_weight,params_reg_alpha,params_reg_lambda,params_subsample,user_attrs_cv_mean,user_attrs_cv_std,user_attrs_fold_best_iterations,user_attrs_fold_scores,state
0,0.8330644788546315,2026-08-27 08:19:35.141796,2026-08-27 08:19:53.600005,0 days 00:00:18.458209,0.7442003345025142,1.8277151418544553,0.019677977348166304,9,2.1771032186203514,8.665537597324885e-06,1.0311514495138399,0.8978561926718072,0.8330644788546315,0.004178598295363615,"[1499, 1498, 1500, 1489, 1498]","[0.8288540880030987, 0.8408284646849267, 0.8321479466794016, 0.8333238368867716, 0.8301680580189593]",COMPLETE
1,0.8554768025671576,2026-08-27 08:19:53.600310,2026-08-27 08:20:09.857614,0 days 00:00:16.257304,0.7826484435755748,0.3403911033599112,0.09439831569936806,7,2.880043790954131,1.5100408408589772e-07,23.538263110950048,0.9842104900822669,0.8554768025671576,0.004549005192642116,"[1497, 1453, 1467, 1461, 1439]","[0.8497851686607439, 0.8634432897815495, 0.8543486492333182, 0.8565883020973627, 0.8532186030628138]",COMPLETE
2,0.8727881912840747,2026-08-27 08:20:09.857967,2026-08-27 08:20:25.839397,0 days 00:00:15.981430,0.6855299248522434,0.41743875595471047,0.14726161255504092,10,6.781935357780796,3.864031899313156e-05,14.610499699549097,0.8585642249613574,0.8727881912840747,0.003777088241143931,"[1499, 1496, 1500, 1483, 1494]","[0.8722016340899431, 0.8795666294126772, 0.8713156005422528, 0.8680061164521806, 0.8728509759233201]",COMPLETE
3,0.8543777834846493,2026-08-27 08:20:25.839726,2026-08-27 08:20:41.271861,0 days 00:00:15.432135,0.6595392252176876,0.4774657914394431,0.08394754752250128,5,5.011643571251018,5.357340695323986e-08,0.18099954688158187,0.9450697344147837,0.8543777834846493,0.003693155760190953,"[1497, 1500, 1500, 1498, 1494]","[0.8522030171560743, 0.8600891808575574, 0.8507998238542133, 0.857402168775642, 0.8513947267797591]",COMPLETE
4,0.8061522990100844,2026-08-27 08:20:41.272184,2026-08-27 08:20:56.497548,0 days 00:00:15.225364,0.9963290723923126,1.1322462171492673,0.048769840070943336,4,13.502442798764482,0.00014367270092871558,0.1399264351773497,0.9178299664912868,0.8061522990100844,0.0047008688689629385,"[1495, 1499, 1491, 1488, 1498]","[0.8008832020833173, 0.8107621367080147, 0.8107202937905001, 0.8082581757756374, 0.8001376866929523]",COMPLETE
5,0.7885066397251064,2026-08-27 08:20:56.497869,2026-08-27 08:21:14.351803,0 days 00:00:17.853934,0.8904231274266234,2.130692051488852,0.018099146987238985,8,15.164258427643505,0.009425386803829051,20.136195700340338,0.953044632771952,0.7885066397251064,0.004501183255928839,"[1469, 1488, 1476, 1491, 1499]","[0.7835442051749006, 0.7960251742252981, 0.7906466159077726, 0.7876657632687963, 0.7846514400487644]",COMPLETE
6,0.8416985869971396,2026-08-27 08:21:14.352163,2026-08-27 08:21:47.044767,0 days 00:00:32.692604,0.7970893967426577,0.46120338258524907,0.01918354750824495,10,0.7811624819629674,6.963704487425356,0.47063847559435423,0.782598566894961,0.8416985869971396,0.005745762061552451,"[1500, 1500, 1500, 1498, 1499]","[0.8322620719272421, 0.8472061943065302, 0.8465605458793127, 0.8379447055815764, 0.844519417291037]",COMPLETE
7,0.8555837356930995,2026-08-27 08:21:47.045092,2026-08-27 08:22:10.705630,0 days 00:00:23.660538,0.7269413610677277,1.266165560263202,0.022953302153308094,10,1.7604099383967902,2.041568273325791e-06,2.5538276254965817,0.6529433178954122,0.8555837356930995,0.003684448727257686,"[1499, 1492, 1500, 1500, 1495]","[0.8500822305466301, 0.8616307358732508, 0.8561781770634646, 0.8551551075387236, 0.8548724274434285]",COMPLETE
8,0.8312718980913367,2026-08-27 08:22:10.705976,2026-08-27 08:22:29.462406,0 days 00:00:18.756430,0.9645659651689448,0.047573401053791486,0.11851328676362981,3,20.063522776432464,0.34420918881100815,4.715832950352583,0.7074625481911713,0.8312718980913367,0.003318708617473186,"[1500, 1500, 1500, 1500, 1500]","[0.827854552298937, 0.835229130870749, 0.832080976701416, 0.8269803219421284, 0.8342145086434529]",COMPLETE
9,0.7300092020681866,2026-08-27 08:22:29.462738,2026-08-27 08:22:43.746183,0 days 00:00:14.283445,0.837631051781117,1.8972954750065205,0.033391708755025735,3,8.12005959578132,2.437950567013768,6.697837558293906,0.8256997968048689,0.7300092020681866,0.006703998264138724,"[1500, 1500, 1500, 1498, 1499]","[0.7357810576715705, 0.7335069108235822, 0.7356095205522527, 0.7268898953035112, 0.7182586259900163]",COMPLETE
10,0.7908186853594091,2026-08-27 08:22:43.746511,2026-08-27 08:22:53.587032,0 days 00:00:09.840521,0.6025554256995838,2.9869578392012968,0.17115128841996644,6,0.8625345056254972,1.239446148413562e-09,0.9684799729031198,0.8154186866999962,0.7908186853594091,0.005490992861754707,"[1484, 1467, 1466, 1497, 1493]","[0.7845372574202237, 0.800375424421692, 0.7914025747967028, 0.791356854641168, 0.7864213155172589]",COMPLETE
11,0.8599526598920336,2026-08-27 08:22:53.587365,2026-08-27 08:23:13.195616,0 days 00:00:19.608251,0.7068708218135153,1.1015819037394388,0.04809950013571818,10,2.000151976177787,4.514632609962317e-05,5.019540607508096,0.6132599083973347,0.8599526598920336,0.0037227926681374017,"[1495, 1500, 1488, 1499, 1499]","[0.853921383991763, 0.8652415838475097, 0.8587489046685427, 0.8600301054524341, 0.8618213214999194]",COMPLETE
12,0.8546608769302703,2026-08-27 08:23:13.195950,2026-08-27 08:23:32.952269,0 days 00:00:19.756319,0.6782743329282878,1.0252076108694772,0.05449774578204275,9,5.024974615071706,0.0009910433108845519,8.210034909208419,0.6446773085991204,0.8546608769302703,0.00423501895643461,"[1491, 1489, 1488, 1499, 1495]","[0.8488627765644555, 0.8603743642503775, 0.8554509548729197, 0.850950916526935, 0.8576653724366637]",COMPLETE
13,0.8624044717365378,2026-08-27 08:23:32.952588,2026-08-27 08:23:48.831367,0 days 00:00:15.878779,0.6725320077667093,0.7848649789462945,0.19639010434181664,10,1.334503164197373,6.501336646332095e-05,11.389015447500912,0.6021768360536973,0.8624044717365378,0.004781376637393378,"[1421, 1500, 1470, 1352, 1464]","[0.8588432723721374, 0.8709428811177973, 0.8641477427330285, 0.8577992792678447, 0.8602891831918807]",COMPLETE
14,0.8620390011457493,2026-08-27 08:23:48.831697,2026-08-27 08:24:03.561734,0 days 00:00:14.730037,0.6067985020666221,0.7357192839349284,0.1748224970113755,8,0.5629506277333849,0.007366281502087388,15.167077457961938,0.7251257998024343,0.8620390011457493,0.003018913912161451,"[1495, 1463, 1493, 1498, 1495]","[0.8597602801973587, 0.8649038076160394, 0.8659454206730915, 0.8579463864627169, 0.86163911077954]",COMPLETE
15,0.8694503838434328,2026-08-27 08:24:03.562044,2026-08-27 08:24:31.908744,0 days 00:00:28.346700,0.6536074054839038,0.014190871821646578,0.19817774165410926,9,27.489547649192218,7.749040818304145e-07,11.633131249215683,0.8690856269930812,0.8694503838434328,0.0029413733484459307,"[839, 655, 780, 694, 707]","[0.8712462071631256, 0.8743888818704114, 0.8666162275750132, 0.8674430468543228, 0.8675575557542908]",COMPLETE
16,0.8684761409918978,2026-08-27 08:24:31.909068,2026-08-27 08:25:08.861915,0 days 00:00:36.952847,0.6390519450381702,0.020524823242183767,0.13177796734730307,8,29.266819628702436,2.2588770720502548e-07,3.0830473334047306,0.8586927017191538,0.8684761409918978,0.003158003446304332,"[1273, 1280, 1365, 1097, 1007]","[0.8734261669385037, 0.8708994692550992, 0.8659020818668292, 0.8668972416010662, 0.8652557452979915]",COMPLETE
17,0.8816454702401959,2026-08-27 08:25:08.862227,2026-08-27 08:25:27.073550,0 days 00:00:18.211323,0.7462766269481121,0.262938132752185,0.11559880571167458,9,8.540761076488415,2.172213690433863e-09,2.083558458304227,0.8864095686072445,0.8816454702401959,0.0035930161110207712,"[1500, 1473, 1500, 1497, 1381]","[0.8807112350309664, 0.8856480048262011, 0.8854748808687442, 0.8760516026605157, 0.8803416278145527]",COMPLETE
18,0.8399800471096395,2026-08-27 08:25:27.073878,2026-08-27 08:25:40.483909,0 days 00:00:13.410031,0.7685876627442525,1.4557408989094207,0.0782463128351522,6,7.513754202666461,3.0898501493733272e-09,1.1357101578547972,0.7667214138864583,0.8399800471096395,0.005159281713797241,"[1500, 1499, 1500, 1499, 1495]","[0.8317266437061545, 0.8474820998549529, 0.8426113563725813, 0.8390232561681238, 0.8390568794463845]",COMPLETE
19,0.841983396479679,2026-08-27 08:25:40.484231,2026-08-27 08:25:49.829934,0 days 00:00:09.345703,0.8425310595120723,0.7312884368852899,0.13279314941400044,7,4.053989981004542,1.3760240810671025e-08,0.35425072033627353,0.9967124142755496,0.841983396479679,0.007819705283776077,"[625, 1466, 1500, 610, 1326]","[0.8350373407674483, 0.8524781289214062, 0.8443648397826257, 0.8468954368385954, 0.8311412360883201]",COMPLETE
20,0.8771485015635772,2026-08-27 08:25:49.830241,2026-08-27 08:26:12.848298,0 days 00:00:23.018057,0.705568621452069,0.31089772099195145,0.06418949709826452,9,9.115994902439157,0.09095647740042732,2.2641434467107167,0.8681238025780942,0.8771485015635772,0.002917720160745021,"[1484, 1495, 1488, 1494, 1498]","[0.8754396919260555, 0.8826332596998613, 0.8776712411800448, 0.8751576441436201, 0.874840670868304]",COMPLETE
21,0.8764992941722545,2026-08-27 08:26:12.848626,2026-08-27 08:26:32.702907,0 days 00:00:19.854281,0.7156866437123837,0.34181595694196115,0.06857798114488887,9,8.748670161501403,0.48317265512657953,1.9422836377699944,0.8782041330301507,0.8764992941722545,0.0024877615337704152,"[1499, 1496, 1500, 1476, 1498]","[0.8737493671597943, 0.881035936713154, 0.8769676501612231, 0.8752311667707237, 0.8755123500563772]",COMPLETE
22,0.8742456889312089,2026-08-27 08:26:32.703224,2026-08-27 08:26:53.509578,0 days 00:00:20.806354,0.739912759336613,0.34106308655449113,0.06651217468208913,9,11.554094959194167,0.15851927368239083,1.9222542302610328,0.900149073766403,0.8742456889312089,0.003573768411961297,"[1500, 1487, 1500, 1489, 1498]","[0.8724618644404144, 0.8803829559432894, 0.8751005135749668, 0.8737292907865867, 0.8695538199107878]",COMPLETE
23,0.8797945272966287,2026-08-27 08:26:53.509896,2026-08-27 08:27:16.892894,0 days 00:00:23.382998,0.8161400869086647,0.2298959367723586,0.10357567616016997,8,9.825653021639553,0.03367336652018941,1.616281742805327,0.8224550556193101,0.8797945272966287,0.0027416069912127717,"[1472, 1464, 1500, 1496, 1391]","[0.8801028514168557, 0.8836417678437393, 0.8816759736892482, 0.8774554071814048, 0.8760966363518952]",COMPLETE
24,0.8657853931118964,2026-08-27 08:27:16.893254,2026-08-27 08:27:32.978689,0 days 00:00:16.085435,0.8500368212761793,0.6478612884614297,0.10408414139034529,7,11.4194089410537,0.011601566918598627,0.6463820045841848,0.8172555698933346,0.8657853931118964,0.004157928706646867,"[1497, 1495, 1488, 1497, 1499]","[0.8612833763927026, 0.8735859352937623, 0.8655719247902169, 0.8637325287348637, 0.8647532003479368]",COMPLETE
25,0.8698359797104287,2026-08-27 08:27:32.979015,2026-08-27 08:28:13.954046,0 days 00:00:40.975031,0.8156322899320291,0.19348598583840332,0.03376207213703955,8,16.79796399788668,0.0544165872863283,1.386114759754914,0.7615666242320015,0.8698359797104287,0.0027181802462383563,"[1500, 1499, 1500, 1499, 1500]","[0.8688045155763787, 0.8737085667089256, 0.8708457612060375, 0.8654158050938939, 0.8704052499669072]",COMPLETE
26,0.8645322037009716,2026-08-27 08:28:13.954379,2026-08-27 08:28:26.898371,0 days 00:00:12.943992,0.8981480418851177,0.949955346389509,0.10264804653521425,8,3.707821157244363,0.0003824362507556758,3.271475386017675,0.8380099865899632,0.8645322037009716,0.00265165398325757,"[1496, 1492, 1477, 1480, 1493]","[0.8638606770754501, 0.8685537823697009, 0.8665214263095843, 0.8614617124448917, 0.8622634203052314]",COMPLETE
27,0.871331210973867,2026-08-27 08:28:26.898704,2026-08-27 08:28:50.488396,0 days 00:00:23.589692,0.7600053655625387,0.5912999703320375,0.039562476336283556,7,5.984494598696171,0.0011105988818385128,0.6872518464735312,0.7895756603797992,0.871331210973867,0.0025229697614586833,"[1500, 1500, 1492, 1498, 1500]","[0.8713276358542942, 0.8759757417196652, 0.8711782542536524, 0.8693707080883825, 0.8688037149533404]",COMPLETE
28,0.881979777972656,2026-08-27 08:28:50.488705,2026-08-27 08:29:17.613742,0 days 00:00:27.125037,0.9035571214411334,0.16307760375610608,0.06440850471552748,9,9.356929348314193,0.03078720565945149,1.7914082629340526,0.92788520711102,0.881979777972656,0.00405505697497413,"[1476, 1500, 1496, 1500, 1458]","[0.8865635111905252, 0.8846091593689076, 0.8844190891677687, 0.8780911890608799, 0.8762159410751987]",COMPLETE
29,0.8815187856878474,2026-08-27 08:29:17.614067,2026-08-27 08:29:37.383141,0 days 00:00:19.769074,0.9177835330770112,0.174106856033297,0.08240518340999604,9,10.099523253467344,1.5900935063071773,1.4202338879009222,0.9241458984244015,0.8815187856878474,0.0035312545330903394,"[1499, 1500, 1500, 1490, 1477]","[0.8824165273173724, 0.8874309290988908, 0.8799224283385385, 0.8811979156346729, 0.8766261280497623]",COMPLETE
30,0.844612800193741,2026-08-27 08:29:37.383460,2026-08-27 08:29:50.011869,0 days 00:00:12.628409,0.9256774211214311,0.8704176806234408,0.0867007426495319,9,17.615678469659315,0.912619853645507,0.2565511024442974,0.9279628822484165,0.844612800193741,0.0045106052494446785,"[1499, 1458, 1492, 1491, 1499]","[0.8359717082252477, 0.8486355810445136, 0.8461936192079511, 0.8475034781871672, 0.8447596143038258]",COMPLETE
31,0.8437901438458967,2026-08-27 08:29:50.012186,2026-08-27 08:30:02.958781,0 days 00:00:12.946595,0.8900715317553145,0.17942344583682485,0.11321933353495126,8,11.870956011452801,7.899617664387512,1.5208346220440563,0.9649585431081329,0.8437901438458967,0.005232594172295676,"[1497, 1466, 1470, 1488, 1499]","[0.836578981888426, 0.8522840543372779, 0.8455857017407098, 0.8407032788917301, 0.8437987023713398]",COMPLETE
32,0.8730705378473738,2026-08-27 08:30:02.959121,2026-08-27 08:30:32.676599,0 days 00:00:29.717478,0.942676755303653,0.21161042326574936,0.07423148918991787,9,22.165997395137644,0.031315264630833645,0.9314326575690436,0.909675369976811,0.8730705378473738,0.002953329393923545,"[1499, 1500, 1493, 1498, 1440]","[0.874291289602881, 0.8775715632454749, 0.8733804676211872, 0.8687178023080316, 0.871391566459294]",COMPLETE
33,0.8740596885435359,2026-08-27 08:30:32.676912,2026-08-27 08:30:49.736105,0 days 00:00:17.059193,0.9103274874490116,0.45624620808148064,0.09241418546947341,8,9.89521112813443,0.0023840731945147815,4.02067526434441,0.884449035166676,0.8740596885435359,0.0035832370919118314,"[1499, 1495, 1488, 1480, 1493]","[0.8717062125366334, 0.8799601736151613, 0.8763596707533164, 0.8702818524468189, 0.8719905333657499]",COMPLETE
34,0.864317172830612,2026-08-27 08:30:49.736428,2026-08-27 08:31:00.498247,0 days 00:00:10.761819,0.86212959718046,0.5654177682075594,0.1518842040197946,10,6.099993119114918,1.3727077453139833e-05,1.561814380642602,0.972546088847288,0.864317172830612,0.004579016435274635,"[1416, 1436, 1500, 1247, 763]","[0.8618329783508442, 0.8726873862888905, 0.8611814922019295, 0.8656797571597367, 0.8602042501516586]",COMPLETE
35,0.8766761164733223,2026-08-27 08:31:00.498547,2026-08-27 08:31:20.958909,0 days 00:00:20.460362,0.8100029298045003,0.17607982394743638,0.057010858584817074,7,3.971121098849584,1.7576291074546322,0.683470361192524,0.9424240064805532,0.8766761164733223,0.003080917507082995,"[1499, 1500, 1492, 1497, 1493]","[0.8750649119486016, 0.8824821947053053, 0.8771515103884493, 0.8744459582877692, 0.8742360070364864]",COMPLETE
36,0.784370958246851,2026-08-27 08:31:20.959224,2026-08-27 08:31:31.444580,0 days 00:00:10.485356,0.9817231978849792,2.7487401913156297,0.08982640409595438,6,2.990249280584988,4.132132693963929e-06,1.2355485254037823,0.9140461488336601,0.784370958246851,0.007102750901780675,"[1499, 1500, 1481, 1489, 1494]","[0.7779209314008617, 0.7974613605899611, 0.7843963477871675, 0.783959292567852, 0.7781168588884123]",COMPLETE
37,0.8698186485897276,2026-08-27 08:31:31.444905,2026-08-27 08:31:44.372452,0 days 00:00:12.927547,0.8674037391984981,0.49783530413082216,0.12276122262746605,10,5.2572706663202045,0.02562594847196976,2.8622239421249454,0.932375805011315,0.8698186485897276,0.002634985323005684,"[1359, 1495, 1491, 1475, 1493]","[0.8694374499597121, 0.8744288024329047, 0.8692628757188627, 0.8697515050251957, 0.8662126098119628]",COMPLETE
38,0.8825448027926578,2026-08-27 08:31:44.372766,2026-08-27 08:32:01.803624,0 days 00:00:17.430858,0.93813156925849,0.2736613551856823,0.10031978723371286,9,6.815700128823182,0.14729646187469195,0.46788856796196493,0.8924225652853496,0.8825448027926578,0.0034337553666527044,"[1499, 1499, 1488, 1489, 1380]","[0.8781269517478094, 0.8886073734914927, 0.8820478035028806, 0.8810287194559892, 0.8829131657651169]",COMPLETE
39,0.8745594795874206,2026-08-27 08:32:01.803938,2026-08-27 08:32:21.454409,0 days 00:00:19.650471,0.9483657085002307,0.3907145241727707,0.07876808535802723,9,13.861935169574851,4.864594119581704e-08,0.1255083073345048,0.8878213075673229,0.8745594795874206,0.0025075120893169227,"[1483, 1499, 1500, 1489, 1493]","[0.8720928710071533, 0.878496652858877, 0.8718426323877869, 0.8742620980605428, 0.876103143622743]",COMPLETE
40,0.839445128511195,2026-08-27 08:32:21.454732,2026-08-27 08:32:34.833165,0 days 00:00:13.378433,0.9986174516811182,1.347971371267619,0.05561247359334463,10,7.016721571809928,2.0122101247024515,0.325677351616332,0.8462516264518701,0.839445128511195,0.003867159607768846,"[1499, 1492, 1500, 1488, 1499]","[0.832712494051672, 0.8445677306185413, 0.8398175390931945, 0.8389914062780406, 0.8411364725145266]",COMPLETE
41,0.8828489454457783,2026-08-27 08:32:34.833491,2026-08-27 08:32:52.790250,0 days 00:00:17.956759,0.9255517550827884,0.151445675225869,0.10307203944162678,9,7.060975218534914,0.19146783899566103,0.5207717991609646,0.9588046540630358,0.8828489454457783,0.0037994116748999735,"[1497, 1498, 1492, 1491, 1500]","[0.8851895009135905, 0.889113172076971, 0.8812273676130884, 0.879830008422382, 0.8788846782028598]",COMPLETE
42,0.8865851418930649,2026-08-27 08:32:52.790567,2026-08-27 08:33:08.725234,0 days 00:00:15.934667,0.9214776573823018,0.10642662702366446,0.15327631216486937,9,7.013110183282827,0.30746871869994175,0.18455137497022647,0.9529213709820022,0.8865851418930649,0.001799124121768391,"[1125, 1500, 1462, 1497, 917]","[0.8863571558402054, 0.8898238245518725, 0.8843340941868814, 0.8865844256216189, 0.8858262092647466]",COMPLETE
43,0.8885642507474621,2026-08-27 08:33:08.725552,2026-08-27 08:33:31.190917,0 days 00:00:22.465365,0.9579049288720979,0.0027489230804911002,0.14416117925901117,9,6.406169878771643,0.24979500393990256,0.21239121810304054,0.9539029439494215,0.8885642507474621,0.003117113622399577,"[472, 486, 468, 489, 424]","[0.8924074001572229, 0.8921344975305946, 0.8874457239029452, 0.8853873640948585, 0.8854462680516896]",COMPLETE
44,0.8910431212661498,2026-08-27 08:33:31.191232,2026-08-27 08:33:45.879952,0 days 00:00:14.688720,0.9610443932753171,0.04484018730534913,0.14400834671259607,10,3.2055025879334256,0.20172518317120286,0.16478488521827642,0.9851398025911507,0.8910431212661498,0.003936723673914886,"[1272, 1015, 761, 1483, 368]","[0.8914661469674593, 0.897439466976, 0.8922708303612753, 0.8881402404796508, 0.8858989215463641]",COMPLETE
45,0.8934095587178585,2026-08-27 08:33:45.880268,2026-08-27 08:34:01.010175,0 days 00:00:15.129907,0.9722037697949377,0.008931907202626266,0.14605479901423182,10,2.461889341097133,0.18309087346287928,0.16920015134750324,0.98472289760005,0.8934095587178585,0.0027884807805133686,"[289, 287, 302, 277, 303]","[0.8950819877028201, 0.8950419810350421, 0.8949813021666219, 0.8940579536119758, 0.8878845690728333]",COMPLETE
46,0.8896207237615219,2026-08-27 08:34:01.010495,2026-08-27 08:34:14.054119,0 days 00:00:13.043624,0.9695673687651456,0.033949120465310595,0.15406256161095544,10,2.327966353268698,0.3289873033179792,0.18302234886341742,0.9968163177634469,0.8896207237615219,0.0009106483071014693,"[719, 864, 1500, 1354, 253]","[0.8888299785234585, 0.8911805720646742, 0.8891420767443362, 0.8888364685038685, 0.8901145229712714]",COMPLETE
47,0.8917937893694571,2026-08-27 08:34:14.054435,2026-08-27 08:34:28.339222,0 days 00:00:14.284787,0.9741778130684731,0.04007029345848031,0.15507758072671712,10,2.6348447187185493,0.6752129962673824,0.16279881372894608,0.9888059261710743,0.8917937893694571,0.0033604142344428886,"[1151, 661, 1500, 1323, 1459]","[0.8948402161726982, 0.894328631043027, 0.8942033947376059, 0.8890276917256986, 0.8865690131682555]",COMPLETE
48,0.8759509833702472,2026-08-27 08:34:28.339552,2026-08-27 08:34:39.127292,0 days 00:00:10.787740,0.9708703637889466,0.02500231017840442,0.1716073086433985,10,1.5116804587139485,4.133181301930363,0.10417228621425464,0.998439823259808,0.8759509833702472,0.0022478237516866152,"[746, 515, 672, 735, 1152]","[0.87405759986094, 0.8784885710706963, 0.8766522810144838, 0.87264742462395, 0.8779090402811659]",COMPLETE
49,0.8917484933214747,2026-08-27 08:34:39.127597,2026-08-27 08:34:54.941088,0 days 00:00:15.813491,0.9560253403399127,0.02102543446041491,0.1398625477652813,10,2.485327336160835,0.703279929419113,0.18613840213232655,0.9806477731181086,0.8917484933214747,0.0031775376162965496,"[1272, 754, 758, 830, 1098]","[0.8942472023518583, 0.8948136755641679, 0.8911644773031595, 0.8925830243756514, 0.8859340870125364]",COMPLETE
