number,value,datetime_start,datetime_complete,duration,params_ccp_alpha,params_class_weight,params_criterion,params_max_depth,params_max_features,params_min_samples_leaf,params_min_samples_split,params_splitter,user_attrs_cv_mean,user_attrs_cv_std,user_attrs_fold_scores,state
0,0.6553585863540555,2026-08-26 23:52:31.755229,2026-08-26 23:52:32.367926,0 days 00:00:00.612697,1.3480180290890803e-07,balanced,log_loss,12,0.6,59,96,best,0.6553585863540555,0.010015641619914722,"[0.6590113845747602, 0.6435412418540537, 0.6695491172385246, 0.6443129915029185, 0.6603781966000207]",COMPLETE
1,0.5548661393778292,2026-08-26 23:52:32.368276,2026-08-26 23:52:32.450788,0 days 00:00:00.082512,0.0043873144324354085,,log_loss,17,0.8,24,44,random,0.5548661393778292,0.020893520230539094,"[0.5694197466718363, 0.5141956624155252, 0.5589302079772791, 0.5712367463752436, 0.560548333449262]",COMPLETE
2,0.5072259363337743,2026-08-26 23:52:32.451124,2026-08-26 23:52:32.481548,0 days 00:00:00.030424,0.006124806805925988,,gini,30,sqrt,25,82,random,0.5072259363337743,0.015877655961483376,"[0.49481612031683836, 0.5039499587908628, 0.5362755835702937, 0.4915277482245924, 0.5095602707662845]",COMPLETE
3,0.6262011315441411,2026-08-26 23:52:32.481888,2026-08-26 23:52:32.691250,0 days 00:00:00.209362,0.00041245717727594227,,log_loss,24,sqrt,72,95,best,0.6262011315441411,0.009025647119994594,"[0.6273111698462425, 0.6416407969244166, 0.6135490728080137, 0.6241390190441006, 0.6243655990979323]",COMPLETE
4,0.5681685851061552,2026-08-26 23:52:32.691572,2026-08-26 23:52:32.799721,0 days 00:00:00.108149,1.5027137214154575e-07,,entropy,4,log2,62,99,best,0.5681685851061552,0.0049851556688888556,"[0.5749024993556228, 0.5604591587192195, 0.5695415076598427, 0.5709291150207272, 0.5650106447753637]",COMPLETE
5,0.6558043406956037,2026-08-26 23:52:32.800050,2026-08-26 23:52:33.673830,0 days 00:00:00.873780,2.8501838758433707e-05,,gini,11,,52,74,best,0.6558043406956037,0.008260266409982156,"[0.6593503161253905, 0.6682211039929399, 0.6514482060131472, 0.6566372090746441, 0.6433648682718968]",COMPLETE
6,0.5610270892672088,2026-08-26 23:52:33.674174,2026-08-26 23:52:33.698938,0 days 00:00:00.024764,0.0017697543538533224,,entropy,11,log2,73,52,random,0.5610270892672088,0.006209252374752719,"[0.5627334597958386, 0.5549404554780276, 0.5609119579733234, 0.5717216120631479, 0.5548279610257065]",COMPLETE
7,0.6587416876955358,2026-08-26 23:52:33.699322,2026-08-26 23:52:34.489023,0 days 00:00:00.789701,1.8298712093870903e-07,balanced,entropy,17,0.8,72,81,best,0.6587416876955358,0.0036466810988016332,"[0.653609190903131, 0.6641298979408004, 0.6605095949122274, 0.656006063859157, 0.6594536908623629]",COMPLETE
8,0.653221331056351,2026-08-26 23:52:34.489376,2026-08-26 23:52:34.563209,0 days 00:00:00.073833,1.0333896431462928e-08,,entropy,17,,30,71,random,0.653221331056351,0.00966221158986264,"[0.6629958498484569, 0.6597071898768134, 0.6578597407809202, 0.6360902616651154, 0.6494536131104494]",COMPLETE
9,0.6557280847616954,2026-08-26 23:52:34.563530,2026-08-26 23:52:34.768096,0 days 00:00:00.204566,1.3685182782317289e-05,,gini,16,sqrt,20,99,best,0.6557280847616954,0.005024720795694991,"[0.6493017371948103, 0.6608493039574977, 0.6541809060082988, 0.6520428453528143, 0.6622656312950558]",COMPLETE
10,0.5596050112696085,2026-08-26 23:52:34.768408,2026-08-26 23:52:34.928605,0 days 00:00:00.160197,1.3381271619726983e-09,balanced,entropy,3,0.4,1,2,best,0.5596050112696085,0.004943295062673638,"[0.5642905566734201, 0.5534408410214846, 0.5649106351765626, 0.5613491676713585, 0.5540338558052166]",COMPLETE
11,0.6336044652635934,2026-08-26 23:52:34.928944,2026-08-26 23:52:35.786158,0 days 00:00:00.857214,7.780462950625712e-06,balanced,gini,9,,46,65,best,0.6336044652635934,0.005555194258250174,"[0.6355028902709322, 0.6404380998325842, 0.6242113821213617, 0.6367233323242366, 0.6311466217688522]",COMPLETE
12,0.6808379096104638,2026-08-26 23:52:35.786523,2026-08-26 23:52:36.542982,0 days 00:00:00.756459,5.88256804402977e-06,balanced,gini,22,0.8,47,41,best,0.6808379096104638,0.004513691188252586,"[0.6789347445460598, 0.6887064886609261, 0.6765750013717398, 0.6828770561570469, 0.677096257316546]",COMPLETE
13,0.6515428179546873,2026-08-26 23:52:36.543295,2026-08-26 23:52:37.248988,0 days 00:00:00.705693,7.808721364002951e-07,balanced,gini,22,0.8,80,24,best,0.6515428179546873,0.010474481208760208,"[0.6524708926814249, 0.6370292958696495, 0.6579086666125351, 0.6435232405993531, 0.6667819940104737]",COMPLETE
14,0.686856353030452,2026-08-26 23:52:37.249304,2026-08-26 23:52:38.152513,0 days 00:00:00.903209,8.169966361917122e-07,balanced,entropy,24,0.8,40,34,best,0.686856353030452,0.009686804213198091,"[0.6863328959948909, 0.7015083007812418, 0.68916610720458, 0.686179590538006, 0.6710948706335413]",COMPLETE
15,0.6924302403225706,2026-08-26 23:52:38.152855,2026-08-26 23:52:39.029632,0 days 00:00:00.876777,1.981870083915325e-06,balanced,entropy,25,0.8,39,30,best,0.6924302403225706,0.00808754035674314,"[0.701640942327486, 0.7025546197058611, 0.6838707663177822, 0.6849954872775355, 0.6890893859841883]",COMPLETE
16,0.6956177903898724,2026-08-26 23:52:39.030002,2026-08-26 23:52:39.924423,0 days 00:00:00.894421,0.00010697124005528724,balanced,entropy,29,0.8,37,23,best,0.6956177903898724,0.00644835465495784,"[0.6931632632606256, 0.7073421751534669, 0.6968902843606931, 0.68844521277832, 0.6922480163962564]",COMPLETE
17,0.6793143850226315,2026-08-26 23:52:39.924754,2026-08-26 23:52:40.355970,0 days 00:00:00.431216,0.00014703801271882184,balanced,entropy,30,0.4,37,17,best,0.6793143850226315,0.011586604878534162,"[0.6789514162494332, 0.6754003681028613, 0.701170393226641, 0.6739599630994452, 0.6670897844347773]",COMPLETE
18,0.6839529588838487,2026-08-26 23:52:40.356299,2026-08-26 23:52:40.434444,0 days 00:00:00.078145,0.00013098976900088977,balanced,entropy,27,0.6,10,8,random,0.6839529588838487,0.006378960698143318,"[0.6829439018792384, 0.6948442843997018, 0.686214330791508, 0.6794573249252749, 0.6763049524235202]",COMPLETE
19,0.6947267384275637,2026-08-26 23:52:40.434762,2026-08-26 23:52:41.337706,0 days 00:00:00.902944,1.6799088957042346e-06,balanced,entropy,27,0.8,35,26,best,0.6947267384275637,0.0026853243560712326,"[0.6922875073590927, 0.6915442008680882, 0.6990364566786873, 0.6948621719026568, 0.6959033553292938]",COMPLETE
20,0.6963543186708534,2026-08-26 23:52:41.338043,2026-08-26 23:52:42.257026,0 days 00:00:00.918983,5.724815041812275e-05,balanced,entropy,27,0.8,32,15,best,0.6963543186708534,0.005095358868590145,"[0.7012305841062606, 0.6963132093240693, 0.6975795406732144, 0.6998879888242531, 0.6867602704264696]",COMPLETE
21,0.6965016138420471,2026-08-26 23:52:42.257369,2026-08-26 23:52:43.168364,0 days 00:00:00.910995,8.018294994700074e-05,balanced,entropy,27,0.8,34,19,best,0.6965016138420471,0.0023941128912474013,"[0.6960440212914983, 0.6969667853792032, 0.6959404066484822, 0.7005043440455613, 0.6930525118454901]",COMPLETE
22,0.7333490150843249,2026-08-26 23:52:43.168676,2026-08-26 23:52:44.163653,0 days 00:00:00.994977,5.1904830858415424e-05,balanced,entropy,28,0.8,15,16,best,0.7333490150843249,0.006076544285361621,"[0.7286152053405353, 0.7441572677346159, 0.7271072078717206, 0.7316409788538009, 0.7352244156209524]",COMPLETE
23,0.7311894465736517,2026-08-26 23:52:44.164026,2026-08-26 23:52:45.218821,0 days 00:00:01.054795,0.0008343607151346607,balanced,entropy,20,0.8,11,13,best,0.7311894465736517,0.009396623796849324,"[0.7267831921660267, 0.7412621748510103, 0.7423379409757352, 0.7280234915380607, 0.7175404333374251]",COMPLETE
24,0.726803637840609,2026-08-26 23:52:45.219138,2026-08-26 23:52:46.242868,0 days 00:00:01.023730,0.000779453998595457,balanced,entropy,20,0.8,13,12,best,0.726803637840609,0.008605948537304944,"[0.7341119963767117, 0.739253976937047, 0.7248150755090174, 0.7177677912599969, 0.7180693491202721]",COMPLETE
25,0.7213568624434852,2026-08-26 23:52:46.243198,2026-08-26 23:52:47.264813,0 days 00:00:01.021615,0.0008133987650164101,balanced,log_loss,19,0.8,14,9,best,0.7213568624434852,0.010998848369558292,"[0.7169526427320534, 0.7376659514493257, 0.7289869763783311, 0.7056537424597075, 0.7175249991980085]",COMPLETE
26,0.6839930982263104,2026-08-26 23:52:47.265146,2026-08-26 23:52:47.377546,0 days 00:00:00.112400,0.00046559637553929853,balanced,entropy,20,0.6,3,9,random,0.6839930982263104,0.006580297374326128,"[0.6895009036889412, 0.6926028175701835, 0.674686878018207, 0.6842197755937134, 0.6789551162605066]",COMPLETE
27,0.6567885306200326,2026-08-26 23:52:47.377907,2026-08-26 23:52:47.843871,0 days 00:00:00.465964,0.001562541631075915,balanced,entropy,14,0.4,11,34,best,0.6567885306200326,0.007140734773490981,"[0.6576514071511957, 0.6515188399055796, 0.656606555226432, 0.648693636225422, 0.6694722145915338]",COMPLETE
28,0.6934275803701685,2026-08-26 23:52:47.844193,2026-08-26 23:52:48.105466,0 days 00:00:00.261273,0.0003227113474925329,balanced,entropy,20,log2,17,2,best,0.6934275803701685,0.010088071788566421,"[0.6804177578217705, 0.7039608007472884, 0.7011529049464764, 0.6996119240824163, 0.6819945142528908]",COMPLETE
29,0.620869333885565,2026-08-26 23:52:48.105832,2026-08-26 23:52:48.662873,0 days 00:00:00.557041,0.0018362693706525386,balanced,log_loss,8,0.6,7,14,best,0.620869333885565,0.007168051827675333,"[0.6124906309930869, 0.6225797483762897, 0.6247440019751341, 0.613187007378349, 0.631345280704965]",COMPLETE
30,0.5538694654383438,2026-08-26 23:52:48.663260,2026-08-26 23:52:49.620243,0 days 00:00:00.956983,0.008450202429177014,balanced,entropy,14,0.8,21,43,best,0.5538694654383438,0.004777612161978216,"[0.5557885329197183, 0.5512018271973801, 0.5515742986571938, 0.5622261281488021, 0.5485565402686251]",COMPLETE
31,0.7216282653597912,2026-08-26 23:52:49.620608,2026-08-26 23:52:50.610219,0 days 00:00:00.989611,0.0007457331540019733,balanced,log_loss,20,0.8,15,11,best,0.7216282653597912,0.0048438436168511696,"[0.7260751423604912, 0.724178128800065, 0.72377841664417, 0.7123335049748779, 0.7217761340193514]",COMPLETE
32,0.7502619439931529,2026-08-26 23:52:50.610533,2026-08-26 23:52:51.661366,0 days 00:00:01.050833,2.564967935058499e-05,balanced,log_loss,22,0.8,7,12,best,0.7502619439931529,0.008423667786003142,"[0.7503260656627773, 0.7640244328125075, 0.7399478036779022, 0.7433661334885128, 0.7536452843240647]",COMPLETE
33,0.7519063269133495,2026-08-26 23:52:51.661692,2026-08-26 23:52:52.711233,0 days 00:00:01.049541,4.061567776345653e-05,balanced,log_loss,22,0.8,6,21,best,0.7519063269133495,0.00705484515657972,"[0.7592277830138108, 0.7613252650847778, 0.7491574927473724, 0.7441702365073372, 0.7456508572134491]",COMPLETE
34,0.6989585208234838,2026-08-26 23:52:52.711589,2026-08-26 23:52:52.800061,0 days 00:00:00.088472,1.9845501204646827e-05,balanced,log_loss,22,0.8,8,21,random,0.6989585208234838,0.007392849069884332,"[0.7005360569433878, 0.70720379246104, 0.7014747108731054, 0.6850320471083182, 0.7005459967315669]",COMPLETE
35,0.6814941920475901,2026-08-26 23:52:52.800386,2026-08-26 23:52:53.057205,0 days 00:00:00.256819,4.423001177850657e-05,balanced,log_loss,24,sqrt,25,52,best,0.6814941920475901,0.00441278056115635,"[0.6743717795930754, 0.6857113852073233, 0.6847852559062276, 0.6783059279862895, 0.6842966115450348]",COMPLETE
36,0.7484197711515613,2026-08-26 23:52:53.057555,2026-08-26 23:52:54.125431,0 days 00:00:01.067876,1.0919157335610923e-05,balanced,log_loss,25,0.8,4,29,best,0.7484197711515613,0.010389938904421447,"[0.7400032167099496, 0.7673141938528029, 0.7493770045273577, 0.7379262657766814, 0.7474781748910152]",COMPLETE
37,0.6887117074398625,2026-08-26 23:52:54.125745,2026-08-26 23:52:54.207663,0 days 00:00:00.081918,4.237844268457373e-06,,log_loss,25,0.8,5,30,random,0.6887117074398625,0.012689026644427875,"[0.6892266792989262, 0.6676326130381073, 0.7063513072513659, 0.6854288834011327, 0.6949190542097808]",COMPLETE
38,0.6791925858183627,2026-08-26 23:52:54.207982,2026-08-26 23:52:54.454284,0 days 00:00:00.246302,1.6363134454174837e-05,balanced,log_loss,29,log2,27,38,best,0.6791925858183627,0.005874309062298604,"[0.6751718890433605, 0.6890008150318453, 0.6819980788856341, 0.6721230479200425, 0.6776690982109312]",COMPLETE
39,0.7156589641846363,2026-08-26 23:52:54.454669,2026-08-26 23:52:55.653690,0 days 00:00:01.199021,2.8130373852924847e-06,,log_loss,23,,19,55,best,0.7156589641846363,0.006869542690822533,"[0.7228883682470958, 0.7250927878172778, 0.7101948411960365, 0.7090285967832467, 0.7110902268795245]",COMPLETE
40,0.6762994853642877,2026-08-26 23:52:55.654009,2026-08-26 23:52:55.701002,0 days 00:00:00.046993,4.5056250008776727e-07,balanced,log_loss,26,sqrt,1,29,random,0.6762994853642877,0.007800598685309532,"[0.6660224875763758, 0.6892830706947706, 0.6727788448194855, 0.6737628511607143, 0.6796501725700926]",COMPLETE
41,0.7546671152547192,2026-08-26 23:52:55.701324,2026-08-26 23:52:56.783693,0 days 00:00:01.082369,3.018755482356877e-05,balanced,log_loss,18,0.8,5,17,best,0.7546671152547192,0.0056029198299954236,"[0.7446882662249522, 0.7613232127259981, 0.7542996274529522, 0.7547603058483395, 0.7582641640213535]",COMPLETE
42,0.74960678091365,2026-08-26 23:52:56.784031,2026-08-26 23:52:57.833789,0 days 00:00:01.049758,2.9044729378373537e-05,balanced,log_loss,18,0.8,8,19,best,0.74960678091365,0.006889419598621993,"[0.7451587426198958, 0.7622639190144954, 0.7433892962577987, 0.7514999127248755, 0.7457220339511842]",COMPLETE
43,0.7520676383310747,2026-08-26 23:52:57.834386,2026-08-26 23:52:58.927122,0 days 00:00:01.092736,2.810539698884863e-05,balanced,log_loss,18,0.8,6,5,best,0.7520676383310747,0.009517450087002671,"[0.7485366747400609, 0.7695507513964527, 0.742079033077291, 0.7537706496706577, 0.7464010827709116]",COMPLETE
44,0.7511829751731331,2026-08-26 23:52:58.927449,2026-08-26 23:52:59.951868,0 days 00:00:01.024419,0.00023585448574495223,,log_loss,18,0.8,7,5,best,0.7511829751731331,0.009331233663952916,"[0.750496636327625, 0.7615487077868345, 0.741072267691416, 0.740789185454172, 0.7620080786056184]",COMPLETE
45,0.7425716638108535,2026-08-26 23:52:59.952177,2026-08-26 23:53:00.952517,0 days 00:00:01.000340,0.00019047328027897028,,log_loss,15,0.8,5,6,best,0.7425716638108535,0.009490688913199555,"[0.7485306567437792, 0.7536453118936496, 0.7279553995031603, 0.7352122161918807, 0.7475147347217979]",COMPLETE
46,0.7561333330510238,2026-08-26 23:53:00.952824,2026-08-26 23:53:02.258534,0 days 00:00:01.305710,0.00022515464222252658,,log_loss,18,,8,3,best,0.7561333330510238,0.008390373385378635,"[0.7537971705048262, 0.7720802183101195, 0.7549385450813414, 0.7473056532185782, 0.7525450781402537]",COMPLETE
47,0.5908017736719675,2026-08-26 23:53:02.258861,2026-08-26 23:53:03.641906,0 days 00:00:01.383045,0.004104035366052291,,log_loss,18,,1,5,best,0.5908017736719675,0.0023091982437756548,"[0.5940443466488791, 0.5912474931933106, 0.5874074862490367, 0.5921354180607123, 0.5891741242078989]",COMPLETE
48,0.7203345577479862,2026-08-26 23:53:03.642218,2026-08-26 23:53:04.835166,0 days 00:00:01.192948,0.00025592524549474145,,log_loss,16,,21,2,best,0.7203345577479862,0.008209569165724457,"[0.715780134527856, 0.7357200044155233, 0.7211350235129705, 0.7121477507937617, 0.7168898754898195]",COMPLETE
49,0.7079100627666056,2026-08-26 23:53:04.835492,2026-08-26 23:53:06.007286,0 days 00:00:01.171794,8.545769347826296e-06,,log_loss,12,,10,6,best,0.7079100627666056,0.009854923800071259,"[0.7032877611258325, 0.7262293225387855, 0.7063977877193279, 0.6967129960743393, 0.7069224463747429]",COMPLETE
50,0.7291924930435184,2026-08-26 23:53:06.007927,2026-08-26 23:53:07.264354,0 days 00:00:01.256427,0.00010121974731458862,,log_loss,17,,17,22,best,0.7291924930435184,0.005863961713588361,"[0.7283492130925877, 0.7384180287174092, 0.721186216764365, 0.7323164110208918, 0.725692595622338]",COMPLETE
51,0.7383751331767916,2026-08-26 23:53:07.264681,2026-08-26 23:53:07.767223,0 days 00:00:00.502542,2.9449165287914546e-05,,log_loss,21,0.4,7,10,best,0.7383751331767916,0.013716695241493217,"[0.7412120403110757, 0.7519988970169779, 0.7461543265804694, 0.7402691635952562, 0.7122412383801793]",COMPLETE
52,0.7203341508083483,2026-08-26 23:53:07.767553,2026-08-26 23:53:08.048908,0 days 00:00:00.281355,4.0821118481749396e-05,,log_loss,18,log2,4,6,best,0.7203341508083483,0.00712939968008492,"[0.7195692067306073, 0.7149636075173486, 0.7341006531644044, 0.7182623523388377, 0.7147749342905433]",COMPLETE
53,0.7329446472428012,2026-08-26 23:53:08.049223,2026-08-26 23:53:09.031071,0 days 00:00:00.981848,6.808115462528129e-08,,log_loss,16,0.8,11,17,best,0.7329446472428012,0.006984850083990395,"[0.7228074509454965, 0.7431226145046356, 0.73735437565787, 0.7286899013017768, 0.7327488938042269]",COMPLETE
54,0.6687457535032698,2026-08-26 23:53:09.031417,2026-08-26 23:53:09.255343,0 days 00:00:00.223926,1.704183342263618e-05,,gini,22,sqrt,7,90,best,0.6687457535032698,0.005846268368402076,"[0.6778886253989175, 0.6675279396836314, 0.6712274388707972, 0.6599709552202957, 0.6671138083427076]",COMPLETE
55,0.7186821326934602,2026-08-26 23:53:09.255657,2026-08-26 23:53:10.180601,0 days 00:00:00.924944,7.866735789771315e-05,,log_loss,13,0.8,13,25,best,0.7186821326934602,0.005260395710900899,"[0.7218952905659299, 0.7226043220103032, 0.7240614498017353, 0.710780811670965, 0.7140687894183673]",COMPLETE
56,0.7494429903048302,2026-08-26 23:53:10.180965,2026-08-26 23:53:10.990829,0 days 00:00:00.809864,0.0001759975587891604,,log_loss,19,0.6,1,13,best,0.7494429903048302,0.007523505099767116,"[0.7419135791175502, 0.751603855287323, 0.7617843559102222, 0.7412113269533133, 0.7507018342557424]",COMPLETE
57,0.6693540306497398,2026-08-26 23:53:10.991158,2026-08-26 23:53:11.070322,0 days 00:00:00.079164,0.0003742883683594934,balanced,log_loss,23,0.8,17,5,random,0.6693540306497398,0.009424355230147393,"[0.6866818231877873, 0.6623987846189816, 0.6597632197081751, 0.6702231839313533, 0.6677031418024018]",COMPLETE
58,0.7478602616289469,2026-08-26 23:53:11.070677,2026-08-26 23:53:12.201051,0 days 00:00:01.130374,7.3547682145448425e-06,,gini,21,,10,18,best,0.7478602616289469,0.007827118545041787,"[0.7369321855882789, 0.7608034760086259, 0.7497756036061188, 0.7478920701075021, 0.7438979728342084]",COMPLETE
59,0.6703841331193363,2026-08-26 23:53:12.201378,2026-08-26 23:53:13.054469,0 days 00:00:00.853091,4.410687443921569e-06,balanced,log_loss,19,0.8,58,2,best,0.6703841331193363,0.007143187609262812,"[0.6821973996036106, 0.6696189074804968, 0.6607284866178579, 0.6729117473897941, 0.6664641245049224]",COMPLETE
60,0.7459936285240645,2026-08-26 23:53:13.054829,2026-08-26 23:53:14.076602,0 days 00:00:01.021773,6.398721455812e-05,balanced,log_loss,15,0.8,5,14,best,0.7459936285240645,0.006277210729918325,"[0.7418135685475532, 0.7549591867889376, 0.7463645398651658, 0.7368682532909546, 0.7499625941277112]",COMPLETE
61,0.7532240074861003,2026-08-26 23:53:14.076930,2026-08-26 23:53:15.102335,0 days 00:00:01.025405,2.382659809438025e-05,balanced,log_loss,18,0.8,8,20,best,0.7532240074861003,0.010589525342032594,"[0.7469955532922201, 0.7692411856065849, 0.7605693795994775, 0.7389734973512748, 0.7503404215809443]",COMPLETE
62,0.7492058410569954,2026-08-26 23:53:15.102672,2026-08-26 23:53:16.142096,0 days 00:00:01.039424,3.112535126591868e-05,balanced,log_loss,18,0.8,8,21,best,0.7492058410569954,0.0068860426870875876,"[0.7487922674240678, 0.7622248117546179, 0.744553402891161, 0.7478895608253081, 0.7425691623898221]",COMPLETE
63,0.7429133873413223,2026-08-26 23:53:16.142421,2026-08-26 23:53:17.144514,0 days 00:00:01.002093,1.7810493602028345e-05,balanced,log_loss,17,0.8,13,9,best,0.7429133873413223,0.00904761524719578,"[0.7316153027943901, 0.7581406280445459, 0.7395645590811828, 0.7382415517092039, 0.7470048950772886]",COMPLETE
64,0.7464848315707732,2026-08-26 23:53:17.144878,2026-08-26 23:53:18.192734,0 days 00:00:01.047856,0.00012845624087521942,balanced,log_loss,16,0.8,4,26,best,0.7464848315707732,0.006248597866495082,"[0.7483012731180629, 0.7420581839504564, 0.7367343395119192, 0.7533227074016214, 0.752007653871806]",COMPLETE
65,0.7261546212803653,2026-08-26 23:53:18.193059,2026-08-26 23:53:18.683870,0 days 00:00:00.490811,6.326625150771534e-05,balanced,log_loss,21,0.4,10,16,best,0.7261546212803653,0.0074444647432634625,"[0.7167107648264247, 0.7339419990623061, 0.7320892941812481, 0.7304536443790246, 0.7175774039528234]",COMPLETE
66,0.7264177252605499,2026-08-26 23:53:18.684192,2026-08-26 23:53:19.658269,0 days 00:00:00.974077,0.0005178109417578055,balanced,log_loss,15,0.8,15,12,best,0.7264177252605499,0.0032584781052061407,"[0.7282282339659419, 0.7248600466199323, 0.7318559025608381, 0.724471259543523, 0.7226731836125145]",COMPLETE
67,0.7379205159328697,2026-08-26 23:53:19.658604,2026-08-26 23:53:20.589677,0 days 00:00:00.931073,0.00021078784616332996,balanced,gini,17,0.8,3,34,best,0.7379205159328697,0.004681013810464966,"[0.7373745667198787, 0.7395751704310826, 0.738936741438752, 0.729673583622337, 0.7440425174522981]",COMPLETE
68,0.718630333017308,2026-08-26 23:53:20.590006,2026-08-26 23:53:21.525508,0 days 00:00:00.935502,1.4174246471431852e-09,balanced,log_loss,19,0.8,23,8,best,0.718630333017308,0.0047406298943980865,"[0.7217296715441427, 0.7164374840847764, 0.7149122871943788, 0.7137045598099184, 0.726367662453324]",COMPLETE
69,0.688631455403785,2026-08-26 23:53:21.525831,2026-08-26 23:53:21.603181,0 days 00:00:00.077350,1.0252654503409948e-05,balanced,log_loss,23,0.6,7,19,random,0.688631455403785,0.004777932824469298,"[0.685116325612715, 0.6830010707697228, 0.6863809705342842, 0.6941211767629065, 0.6945377333392962]",COMPLETE
