number,value,datetime_start,datetime_complete,duration,params_bootstrap,params_class_weight,params_criterion,params_max_depth,params_max_features,params_min_samples_leaf,params_min_samples_split,params_n_estimators,user_attrs_cv_mean,user_attrs_cv_std,user_attrs_fold_scores,state
74,0.8713378469039161,2026-08-27 01:15:03.512432,2026-08-27 01:16:29.537094,0 days 00:01:26.024662,False,balanced,entropy,,0.5,2,7,800,0.8713378469039161,0.0028674704480103346,"[0.8714945743699195, 0.8748442917969269, 0.8674596586240376, 0.874065350504368, 0.868825359224329]",COMPLETE
75,0.8590039347846437,2026-08-27 01:16:29.537411,2026-08-27 01:17:22.372085,0 days 00:00:52.834674,True,balanced,entropy,,0.5,2,7,800,0.8590039347846437,0.0038589635400396757,"[0.859447496667299, 0.8645097304255476, 0.8615220001800293, 0.8557078230409517, 0.8538326236093909]",COMPLETE
76,0.8407658503228272,2026-08-27 01:17:22.372410,2026-08-27 01:17:54.775914,0 days 00:00:32.403504,False,balanced,entropy,16.0,sqrt,2,7,800,0.8407658503228272,0.004449644397333026,"[0.8429657987046631, 0.8485191885559225, 0.8370187570509824, 0.8370530308534976, 0.8382724764490712]",COMPLETE
77,0.8629962218149215,2026-08-27 01:17:54.776220,2026-08-27 01:19:19.794293,0 days 00:01:25.018073,False,balanced,log_loss,32.0,0.5,2,13,800,0.8629962218149215,0.0032688597674674874,"[0.8655746886979365, 0.8675710547635339, 0.8591107325385418, 0.8630075084855166, 0.859717124589079]",COMPLETE
78,0.8330917537926906,2026-08-27 01:19:19.794616,2026-08-27 01:20:36.836857,0 days 00:01:17.042241,False,balanced,entropy,,0.5,13,7,800,0.8330917537926906,0.0044641566630747595,"[0.8334707429020279, 0.8415809521510882, 0.8308540518318983, 0.8293051444329894, 0.8302478776454495]",COMPLETE
79,0.8727226484150323,2026-08-27 01:20:36.837168,2026-08-27 01:22:04.001384,0 days 00:01:27.164216,False,balanced,entropy,,0.5,1,5,800,0.8727226484150323,0.002461228363167821,"[0.8729229944654145, 0.8771695557804179, 0.8699501300658796, 0.8725025422848048, 0.8710680194786443]",COMPLETE
80,0.8727025259434237,2026-08-27 01:22:04.001709,2026-08-27 01:23:41.153101,0 days 00:01:37.151392,False,balanced,entropy,24.0,0.5,2,4,900,0.8727025259434237,0.0018614721821323605,"[0.8717423432002542, 0.8757079617069432, 0.870156004140109, 0.8723365608278532, 0.873569759841959]",COMPLETE
81,0.8656224974215878,2026-08-27 01:23:41.153415,2026-08-27 01:25:15.550230,0 days 00:01:34.396815,False,balanced,entropy,24.0,0.5,4,4,900,0.8656224974215878,0.0029077892408270176,"[0.8669385666948627, 0.8694036456552053, 0.860670000331373, 0.8664746294037545, 0.8646256450227434]",COMPLETE
82,0.8715353363836036,2026-08-27 01:25:15.550557,2026-08-27 01:26:41.639674,0 days 00:01:26.089117,False,balanced,entropy,24.0,0.5,2,6,800,0.8715353363836036,0.002248307745598137,"[0.8707524536619505, 0.8759769455953164, 0.8698916483207845, 0.8708454179175146, 0.8702102164224516]",COMPLETE
83,0.8734164168272811,2026-08-27 01:26:41.639984,2026-08-27 01:28:19.826344,0 days 00:01:38.186360,False,balanced,entropy,24.0,0.5,1,5,900,0.8734164168272811,0.0013723485061760752,"[0.8741382519929793, 0.8755096649849962, 0.8718083599404401, 0.8720384151019164, 0.8735873921160735]",COMPLETE
84,0.8700986161793628,2026-08-27 01:28:19.826664,2026-08-27 01:29:55.155956,0 days 00:01:35.329292,False,balanced,entropy,24.0,0.5,3,5,900,0.8700986161793628,0.0014678883394231982,"[0.8712212089138874, 0.8723297407281966, 0.8693554016870447, 0.8693298438106694, 0.8682568857570158]",COMPLETE
85,0.8669829278061666,2026-08-27 01:29:55.156269,2026-08-27 01:32:05.930546,0 days 00:02:10.774277,False,balanced,entropy,24.0,0.7,2,3,900,0.8669829278061666,0.0028488696311291107,"[0.8666724473753398, 0.8718580361930256, 0.8643530396011246, 0.8680066995719478, 0.8640244162893951]",COMPLETE
86,0.8635223536704029,2026-08-27 01:32:05.930864,2026-08-27 01:33:12.970204,0 days 00:01:07.039340,True,balanced,entropy,24.0,0.5,1,4,1000,0.8635223536704029,0.002158603224306465,"[0.8657881401244482, 0.865990776056862, 0.8630856495405196, 0.8625238096007224, 0.8602233930294627]",COMPLETE
87,0.7683939404689364,2026-08-27 01:33:12.970529,2026-08-27 01:35:39.848002,0 days 00:02:26.877473,False,balanced,gini,24.0,1.0,2,6,900,0.7683939404689364,0.012448556116730826,"[0.7665477893737475, 0.7758161219753189, 0.7804291791110459, 0.7451589898328744, 0.7740176220516957]",COMPLETE
88,0.8472358283180229,2026-08-27 01:35:39.848323,2026-08-27 01:35:52.135183,0 days 00:00:12.286860,False,balanced,entropy,24.0,log2,4,5,300,0.8472358283180229,0.003495165562052401,"[0.8494986785302855, 0.853051074246899, 0.8450205194437803, 0.844461922077088, 0.8441469472920616]",COMPLETE
89,0.8700986161793628,2026-08-27 01:35:52.135506,2026-08-27 01:37:27.517988,0 days 00:01:35.382482,False,balanced,entropy,24.0,0.5,3,2,900,0.8700986161793628,0.0014678883394231982,"[0.8712212089138874, 0.8723297407281966, 0.8693554016870447, 0.8693298438106694, 0.8682568857570158]",COMPLETE
90,0.8736401551881551,2026-08-27 01:37:27.518307,2026-08-27 01:38:54.962498,0 days 00:01:27.444191,False,balanced,log_loss,24.0,0.5,1,3,800,0.8736401551881551,0.003068277972565813,"[0.8739053490086278, 0.8779776932285727, 0.868471991360607, 0.873111295368696, 0.8747344469742716]",COMPLETE
91,0.8736401551881551,2026-08-27 01:38:54.962807,2026-08-27 01:40:22.141187,0 days 00:01:27.178380,False,balanced,log_loss,24.0,0.5,1,3,800,0.8736401551881551,0.003068277972565813,"[0.8739053490086278, 0.8779776932285727, 0.868471991360607, 0.873111295368696, 0.8747344469742716]",COMPLETE
92,0.8736401551881551,2026-08-27 01:40:22.141502,2026-08-27 01:41:49.211725,0 days 00:01:27.070223,False,balanced,log_loss,24.0,0.5,1,3,800,0.8736401551881551,0.003068277972565813,"[0.8739053490086278, 0.8779776932285727, 0.868471991360607, 0.873111295368696, 0.8747344469742716]",COMPLETE
93,0.8736401551881551,2026-08-27 01:41:49.212043,2026-08-27 01:43:16.511756,0 days 00:01:27.299713,False,balanced,log_loss,24.0,0.5,1,3,800,0.8736401551881551,0.003068277972565813,"[0.8739053490086278, 0.8779776932285727, 0.868471991360607, 0.873111295368696, 0.8747344469742716]",COMPLETE
94,0.8723440143881271,2026-08-27 01:43:16.512061,2026-08-27 01:44:42.471108,0 days 00:01:25.959047,False,balanced,log_loss,24.0,0.5,2,3,800,0.8723440143881271,0.0015605588695258217,"[0.8716522044759882, 0.8752918319908257, 0.870672756858817, 0.8719026053379709, 0.8722006732770337]",COMPLETE
95,0.8740465974107104,2026-08-27 01:44:42.471432,2026-08-27 01:46:20.649153,0 days 00:01:38.177721,False,balanced,log_loss,24.0,0.5,1,3,900,0.8740465974107104,0.002627947875283013,"[0.8740676071837452, 0.8781684549554291, 0.8698599913416135, 0.8739917457673522, 0.8741451878054122]",COMPLETE
96,0.8674331180400431,2026-08-27 01:46:20.649458,2026-08-27 01:47:16.225962,0 days 00:00:55.576504,False,balanced_subsample,log_loss,24.0,0.3,1,2,900,0.8674331180400431,0.003836463714985487,"[0.869983346401051, 0.872937817954206, 0.867821484018521, 0.8625073948222876, 0.8639155470041503]",COMPLETE
97,0.8580605840968267,2026-08-27 01:47:16.226274,2026-08-27 01:47:55.243683,0 days 00:00:39.017409,False,balanced,log_loss,24.0,sqrt,1,4,900,0.8580605840968267,0.0024987544489056476,"[0.8594322225329202, 0.8611595199957609, 0.8595205553997961, 0.8550034655188582, 0.8551871570367985]",COMPLETE
98,0.8248222269538514,2026-08-27 01:47:55.244017,2026-08-27 01:49:29.188593,0 days 00:01:33.944576,False,balanced,log_loss,24.0,0.5,16,4,1000,0.8248222269538514,0.004380798112101184,"[0.8262664295348626, 0.8326477819650817, 0.823042847021759, 0.821917530978474, 0.82023654526908]",COMPLETE
99,0.8575535655750913,2026-08-27 01:49:29.188912,2026-08-27 01:50:27.351269,0 days 00:00:58.162357,True,balanced,log_loss,24.0,0.5,3,3,900,0.8575535655750913,0.0026429510810187466,"[0.8567180618876319, 0.8615249494632633, 0.8594535146635808, 0.8560764200764726, 0.8539948817845082]",COMPLETE
100,0.8740465974107104,2026-08-27 01:50:27.351587,2026-08-27 01:52:05.193589,0 days 00:01:37.842002,False,balanced,log_loss,24.0,0.5,1,3,900,0.8740465974107104,0.002627947875283013,"[0.8740676071837452, 0.8781684549554291, 0.8698599913416135, 0.8739917457673522, 0.8741451878054122]",COMPLETE
101,0.8740465974107104,2026-08-27 01:52:05.193907,2026-08-27 01:53:43.236018,0 days 00:01:38.042111,False,balanced,log_loss,24.0,0.5,1,3,900,0.8740465974107104,0.002627947875283013,"[0.8740676071837452, 0.8781684549554291, 0.8698599913416135, 0.8739917457673522, 0.8741451878054122]",COMPLETE
102,0.8739491953342717,2026-08-27 01:53:43.236348,2026-08-27 01:55:21.144595,0 days 00:01:37.908247,False,balanced,log_loss,24.0,0.5,1,2,900,0.8739491953342717,0.0018638636226390088,"[0.8757455172525815, 0.8752121775448839, 0.8706230382490395, 0.8732314122863182, 0.8749338313385353]",COMPLETE
103,0.8739491953342717,2026-08-27 01:55:21.144920,2026-08-27 01:56:59.201635,0 days 00:01:38.056715,False,balanced,log_loss,24.0,0.5,1,2,900,0.8739491953342717,0.0018638636226390088,"[0.8757455172525815, 0.8752121775448839, 0.8706230382490395, 0.8732314122863182, 0.8749338313385353]",COMPLETE
104,0.8739491953342717,2026-08-27 01:56:59.201949,2026-08-27 01:58:37.683552,0 days 00:01:38.481603,False,balanced,log_loss,24.0,0.5,1,2,900,0.8739491953342717,0.0018638636226390088,"[0.8757455172525815, 0.8752121775448839, 0.8706230382490395, 0.8732314122863182, 0.8749338313385353]",COMPLETE
105,0.8724777971110873,2026-08-27 01:58:37.683872,2026-08-27 02:00:25.071876,0 days 00:01:47.388004,False,balanced,log_loss,24.0,0.5,2,2,1000,0.8724777971110873,0.00187100411966438,"[0.8721058473805524, 0.8757364652586824, 0.8698931229624014, 0.8722271216882055, 0.872426428265595]",COMPLETE
106,0.8739491953342717,2026-08-27 02:00:25.072207,2026-08-27 02:02:03.037021,0 days 00:01:37.964814,False,balanced,log_loss,24.0,0.5,1,2,900,0.8739491953342717,0.0018638636226390088,"[0.8757455172525815, 0.8752121775448839, 0.8706230382490395, 0.8732314122863182, 0.8749338313385353]",COMPLETE
107,0.8743013367938042,2026-08-27 02:02:03.037329,2026-08-27 02:03:51.981664,0 days 00:01:48.944335,False,balanced_subsample,log_loss,24.0,0.5,1,2,1000,0.8743013367938042,0.0020401968286680107,"[0.8769607747801466, 0.8759196919904483, 0.8710766811536036, 0.8734854773269687, 0.8740640587178538]",COMPLETE
108,0.7738479208989458,2026-08-27 02:03:51.981978,2026-08-27 02:07:19.866812,0 days 00:03:27.884834,False,balanced_subsample,log_loss,24.0,1.0,3,2,1000,0.7738479208989458,0.005452154049092753,"[0.7704768763308275, 0.7831613166725573, 0.7667953117026927, 0.7746954568717825, 0.7741106429168693]",COMPLETE
109,0.8743013367938042,2026-08-27 02:07:19.867114,2026-08-27 02:09:09.236096,0 days 00:01:49.368982,False,balanced_subsample,log_loss,24.0,0.5,1,2,1000,0.8743013367938042,0.0020401968286680107,"[0.8769607747801466, 0.8759196919904483, 0.8710766811536036, 0.8734854773269687, 0.8740640587178538]",COMPLETE
110,0.867402325619804,2026-08-27 02:09:09.236418,2026-08-27 02:11:34.080010,0 days 00:02:24.843592,False,balanced_subsample,log_loss,24.0,0.7,2,2,1000,0.867402325619804,0.0025357888863763744,"[0.8665191988369298, 0.8721314016490577, 0.866411040839249, 0.8673803142139419, 0.8645696725598423]",COMPLETE
111,0.8743013367938042,2026-08-27 02:11:34.080335,2026-08-27 02:13:23.186908,0 days 00:01:49.106573,False,balanced_subsample,log_loss,24.0,0.5,1,2,1000,0.8743013367938042,0.0020401968286680107,"[0.8769607747801466, 0.8759196919904483, 0.8710766811536036, 0.8734854773269687, 0.8740640587178538]",COMPLETE
112,0.8743013367938042,2026-08-27 02:13:23.187231,2026-08-27 02:15:12.247163,0 days 00:01:49.059932,False,balanced_subsample,log_loss,24.0,0.5,1,2,1000,0.8743013367938042,0.0020401968286680107,"[0.8769607747801466, 0.8759196919904483, 0.8710766811536036, 0.8734854773269687, 0.8740640587178538]",COMPLETE
113,0.8724777971110873,2026-08-27 02:15:12.247494,2026-08-27 02:16:59.649209,0 days 00:01:47.401715,False,balanced_subsample,log_loss,24.0,0.5,2,2,1000,0.8724777971110873,0.00187100411966438,"[0.8721058473805524, 0.8757364652586824, 0.8698931229624014, 0.8722271216882055, 0.872426428265595]",COMPLETE
114,0.8743013367938042,2026-08-27 02:16:59.649530,2026-08-27 02:18:49.187897,0 days 00:01:49.538367,False,balanced_subsample,log_loss,24.0,0.5,1,2,1000,0.8743013367938042,0.0020401968286680107,"[0.8769607747801466, 0.8759196919904483, 0.8710766811536036, 0.8734854773269687, 0.8740640587178538]",COMPLETE
115,0.8724777971110873,2026-08-27 02:18:49.188210,2026-08-27 02:20:36.665389,0 days 00:01:47.477179,False,balanced_subsample,log_loss,24.0,0.5,2,4,1000,0.8724777971110873,0.00187100411966438,"[0.8721058473805524, 0.8757364652586824, 0.8698931229624014, 0.8722271216882055, 0.872426428265595]",COMPLETE
116,0.8743013367938042,2026-08-27 02:20:36.665707,2026-08-27 02:22:25.490158,0 days 00:01:48.824451,False,balanced_subsample,log_loss,24.0,0.5,1,2,1000,0.8743013367938042,0.0020401968286680107,"[0.8769607747801466, 0.8759196919904483, 0.8710766811536036, 0.8734854773269687, 0.8740640587178538]",COMPLETE
117,0.8582856465574166,2026-08-27 02:22:25.490479,2026-08-27 02:23:08.448645,0 days 00:00:42.958166,False,balanced_subsample,log_loss,24.0,log2,1,4,1000,0.8582856465574166,0.0026774739872905398,"[0.859495332347064, 0.861886528356357, 0.859702307489945, 0.8550757784693596, 0.8552682861243571]",COMPLETE
118,0.8699988694903041,2026-08-27 02:23:08.448963,2026-08-27 02:24:54.444993,0 days 00:01:45.996030,False,balanced_subsample,log_loss,24.0,0.5,3,2,1000,0.8699988694903041,0.001784506174610061,"[0.8714029610040365, 0.8727833836327606, 0.868484154424746, 0.8690669626329618, 0.8682568857570158]",COMPLETE
119,0.8724777971110873,2026-08-27 02:24:54.445311,2026-08-27 02:26:41.919249,0 days 00:01:47.473938,False,balanced_subsample,log_loss,24.0,0.5,2,4,1000,0.8724777971110873,0.00187100411966438,"[0.8721058473805524, 0.8757364652586824, 0.8698931229624014, 0.8722271216882055, 0.872426428265595]",COMPLETE
120,0.6908092818165178,2026-08-27 02:26:41.919566,2026-08-27 02:27:26.060867,0 days 00:00:44.141301,True,balanced_subsample,log_loss,8.0,0.5,1,3,1000,0.6908092818165178,0.007730828533089711,"[0.6848095093286043, 0.6933673858431387, 0.6816052589435265, 0.7039003100763095, 0.6903639448910098]",COMPLETE
121,0.8743013367938042,2026-08-27 02:27:26.061187,2026-08-27 02:29:15.338977,0 days 00:01:49.277790,False,balanced_subsample,log_loss,24.0,0.5,1,2,1000,0.8743013367938042,0.0020401968286680107,"[0.8769607747801466, 0.8759196919904483, 0.8710766811536036, 0.8734854773269687, 0.8740640587178538]",COMPLETE
122,0.8743013367938042,2026-08-27 02:29:15.339287,2026-08-27 02:31:04.147897,0 days 00:01:48.808610,False,balanced_subsample,log_loss,24.0,0.5,1,2,1000,0.8743013367938042,0.0020401968286680107,"[0.8769607747801466, 0.8759196919904483, 0.8710766811536036, 0.8734854773269687, 0.8740640587178538]",COMPLETE
123,0.8742010558909055,2026-08-27 02:31:04.148228,2026-08-27 02:32:53.259373,0 days 00:01:49.111145,False,balanced_subsample,log_loss,24.0,0.5,1,3,1000,0.8742010558909055,0.0023256263713754017,"[0.8748382314434533, 0.8777433156026041, 0.8704773670629119, 0.8737288645896446, 0.8742175007559135]",COMPLETE
124,0.8712750017896042,2026-08-27 02:32:53.259687,2026-08-27 02:34:40.716730,0 days 00:01:47.457043,False,balanced_subsample,log_loss,24.0,0.5,2,5,1000,0.8712750017896042,0.0023046791293884696,"[0.8726842352717871, 0.8745273104417829, 0.8679613413525645, 0.8716271069544975, 0.8695750149273885]",COMPLETE
125,0.8724777971110873,2026-08-27 02:34:40.717062,2026-08-27 02:36:28.397741,0 days 00:01:47.680679,False,balanced_subsample,log_loss,24.0,0.5,2,3,1000,0.8724777971110873,0.00187100411966438,"[0.8721058473805524, 0.8757364652586824, 0.8698931229624014, 0.8722271216882055, 0.872426428265595]",COMPLETE
126,0.8582856465574166,2026-08-27 02:36:28.398059,2026-08-27 02:37:11.249054,0 days 00:00:42.850995,False,balanced_subsample,log_loss,24.0,sqrt,1,4,1000,0.8582856465574166,0.0026774739872905398,"[0.859495332347064, 0.861886528356357, 0.859702307489945, 0.8550757784693596, 0.8552682861243571]",COMPLETE
127,0.8646857654598341,2026-08-27 02:37:11.249373,2026-08-27 02:38:12.327232,0 days 00:01:01.077859,False,balanced_subsample,log_loss,48.0,0.3,2,6,1000,0.8646857654598341,0.00341272496373896,"[0.8681733604946511, 0.8690398949735175, 0.8641338166797209, 0.8613848489474698, 0.8606969062038113]",COMPLETE
128,0.8742010558909055,2026-08-27 02:38:12.327548,2026-08-27 02:40:01.003388,0 days 00:01:48.675840,False,balanced_subsample,log_loss,24.0,0.5,1,3,1000,0.8742010558909055,0.0023256263713754017,"[0.8748382314434533, 0.8777433156026041, 0.8704773670629119, 0.8737288645896446, 0.8742175007559135]",COMPLETE
129,0.8182478853443405,2026-08-27 02:40:01.003717,2026-08-27 02:41:32.987775,0 days 00:01:31.984058,False,balanced_subsample,log_loss,12.0,0.5,1,5,1000,0.8182478853443405,0.006175856345578798,"[0.8218876653107204, 0.8273647659294289, 0.8110530229240065, 0.8117854340432055, 0.8191485385143406]",COMPLETE
130,0.8724777971110873,2026-08-27 02:41:32.988085,2026-08-27 02:43:20.958689,0 days 00:01:47.970604,False,balanced_subsample,log_loss,24.0,0.5,2,3,1000,0.8724777971110873,0.00187100411966438,"[0.8721058473805524, 0.8757364652586824, 0.8698931229624014, 0.8722271216882055, 0.872426428265595]",COMPLETE
131,0.8743013367938042,2026-08-27 02:43:20.959021,2026-08-27 02:45:09.926270,0 days 00:01:48.967249,False,balanced_subsample,log_loss,24.0,0.5,1,2,1000,0.8743013367938042,0.0020401968286680107,"[0.8769607747801466, 0.8759196919904483, 0.8710766811536036, 0.8734854773269687, 0.8740640587178538]",COMPLETE
132,0.8439781016305081,2026-08-27 02:45:09.926593,2026-08-27 02:46:52.407325,0 days 00:01:42.480732,False,balanced_subsample,log_loss,24.0,0.5,1,33,1000,0.8439781016305081,0.005017896961463491,"[0.8420496650458333, 0.8530364549023052, 0.8376707390346853, 0.8436035491664925, 0.8435301000032247]",COMPLETE
133,0.8734427848234254,2026-08-27 02:46:52.407650,2026-08-27 02:48:41.458619,0 days 00:01:49.050969,False,balanced_subsample,log_loss,24.0,0.5,1,4,1000,0.8734427848234254,0.00281507684607551,"[0.8752723804329857, 0.8772777137780987, 0.8688895957183416, 0.8732188728674265, 0.8725553613202744]",COMPLETE
134,0.8729949608579087,2026-08-27 02:48:41.458935,2026-08-27 02:50:28.921629,0 days 00:01:47.462694,False,balanced_subsample,log_loss,32.0,0.5,2,3,1000,0.8729949608579087,0.003005993137354221,"[0.8737567285392666, 0.8776307336800725, 0.8684149842571287, 0.8735345730806038, 0.871637784732472]",COMPLETE
135,0.8743013367938042,2026-08-27 02:50:28.921945,2026-08-27 02:52:17.855039,0 days 00:01:48.933094,False,balanced_subsample,log_loss,24.0,0.5,1,2,1000,0.8743013367938042,0.0020401968286680107,"[0.8769607747801466, 0.8759196919904483, 0.8710766811536036, 0.8734854773269687, 0.8740640587178538]",COMPLETE
136,0.8724777971110873,2026-08-27 02:52:17.855359,2026-08-27 02:54:05.700079,0 days 00:01:47.844720,False,balanced_subsample,log_loss,24.0,0.5,2,2,1000,0.8724777971110873,0.00187100411966438,"[0.8721058473805524, 0.8757364652586824, 0.8698931229624014, 0.8722271216882055, 0.872426428265595]",COMPLETE
137,0.8734427848234254,2026-08-27 02:54:05.700400,2026-08-27 02:55:54.105799,0 days 00:01:48.405399,False,balanced_subsample,log_loss,24.0,0.5,1,4,1000,0.8734427848234254,0.00281507684607551,"[0.8752723804329857, 0.8772777137780987, 0.8688895957183416, 0.8732188728674265, 0.8725553613202744]",COMPLETE
138,0.8699988694903041,2026-08-27 02:55:54.106124,2026-08-27 02:57:40.337197,0 days 00:01:46.231073,False,balanced_subsample,log_loss,24.0,0.5,3,3,1000,0.8699988694903041,0.001784506174610061,"[0.8714029610040365, 0.8727833836327606, 0.868484154424746, 0.8690669626329618, 0.8682568857570158]",COMPLETE
139,0.8622063268690795,2026-08-27 02:57:40.337508,2026-08-27 02:59:24.854951,0 days 00:01:44.517443,False,balanced_subsample,log_loss,16.0,0.5,1,2,1000,0.8622063268690795,0.0028634204842510045,"[0.8635631679277743, 0.8669536366850435, 0.8588629213510152, 0.8617283671452073, 0.8599235412363567]",COMPLETE
140,0.8473237550172916,2026-08-27 02:59:24.855271,2026-08-27 03:01:45.228164,0 days 00:02:20.372893,False,balanced_subsample,log_loss,24.0,0.7,2,24,1000,0.8473237550172916,0.0034023009809913984,"[0.8456544821540684, 0.8540112744504281, 0.845047794855292, 0.8451073870694708, 0.846797836557199]",COMPLETE
141,0.8742010558909055,2026-08-27 03:01:45.228490,2026-08-27 03:03:34.428957,0 days 00:01:49.200467,False,balanced_subsample,log_loss,24.0,0.5,1,3,1000,0.8742010558909055,0.0023256263713754017,"[0.8748382314434533, 0.8777433156026041, 0.8704773670629119, 0.8737288645896446, 0.8742175007559135]",COMPLETE
142,0.8734427848234254,2026-08-27 03:03:34.429284,2026-08-27 03:05:23.138205,0 days 00:01:48.708921,False,balanced_subsample,log_loss,24.0,0.5,1,4,1000,0.8734427848234254,0.00281507684607551,"[0.8752723804329857, 0.8772777137780987, 0.8688895957183416, 0.8732188728674265, 0.8725553613202744]",COMPLETE
143,0.8732184002196902,2026-08-27 03:05:23.138527,2026-08-27 03:07:11.919713,0 days 00:01:48.781186,False,balanced_subsample,log_loss,24.0,0.5,1,5,1000,0.8732184002196902,0.0017195567286354173,"[0.8742193810805382, 0.8756629135234061, 0.8707373413145776, 0.871966102151415, 0.8735062630285148]",COMPLETE
144,0.8742010558909055,2026-08-27 03:07:11.920037,2026-08-27 03:09:01.074824,0 days 00:01:49.154787,False,balanced_subsample,log_loss,24.0,0.5,1,3,1000,0.8742010558909055,0.0023256263713754017,"[0.8748382314434533, 0.8777433156026041, 0.8704773670629119, 0.8737288645896446, 0.8742175007559135]",COMPLETE
145,0.8724777971110873,2026-08-27 03:09:01.075148,2026-08-27 03:10:48.661704,0 days 00:01:47.586556,False,balanced_subsample,log_loss,24.0,0.5,2,2,1000,0.8724777971110873,0.00187100411966438,"[0.8721058473805524, 0.8757364652586824, 0.8698931229624014, 0.8722271216882055, 0.872426428265595]",COMPLETE
