number,value,datetime_start,datetime_complete,duration,params_bootstrap,params_class_weight,params_criterion,params_max_depth,params_max_features,params_min_samples_leaf,params_min_samples_split,params_n_estimators,user_attrs_cv_mean,user_attrs_cv_std,user_attrs_fold_scores,state
0,0.8079387017336854,2026-08-26 23:55:50.742990,2026-08-26 23:56:13.386632,0 days 00:00:22.643642,True,,log_loss,32.0,0.7,15,3,300,0.8079387017336854,0.005563415132879258,"[0.8032600024493286, 0.8180579764910441, 0.8079150737709752, 0.8080405458120009, 0.8024199101450781]",COMPLETE
1,0.7797815416509644,2026-08-26 23:56:13.386955,2026-08-26 23:56:24.328505,0 days 00:00:10.941550,True,balanced,gini,16.0,sqrt,13,20,600,0.7797815416509644,0.003731797684575424,"[0.7801671645090825, 0.7865784951326579, 0.7755781870002441, 0.77752439679548, 0.7790594648173571]",COMPLETE
2,0.6869162115321914,2026-08-26 23:56:24.328803,2026-08-26 23:56:59.459271,0 days 00:00:35.130468,True,balanced,entropy,8.0,0.7,15,28,600,0.6869162115321914,0.007227010840945487,"[0.6819613475585481, 0.6913800717714406, 0.6807549802378766, 0.6990906287911924, 0.6813940293018993]",COMPLETE
3,0.7922159070523682,2026-08-26 23:56:59.459573,2026-08-26 23:57:27.730760,0 days 00:00:28.271187,False,,log_loss,24.0,sqrt,20,25,800,0.7922159070523682,0.003970346284589914,"[0.7911165215247707, 0.7996550235540877, 0.7924668812457552, 0.7894142445966685, 0.7884268643405589]",COMPLETE
4,0.7757903459100138,2026-08-26 23:57:27.731081,2026-08-26 23:57:49.985612,0 days 00:00:22.254531,True,,entropy,16.0,sqrt,15,31,1000,0.7757903459100138,0.004089591906024426,"[0.7750072950219485, 0.7820962042549239, 0.7752191447352678, 0.7693991041944724, 0.7772299813434563]",COMPLETE
5,0.8485377988444963,2026-08-26 23:57:49.985922,2026-08-26 23:58:26.392594,0 days 00:00:36.406672,False,balanced,gini,48.0,0.3,3,18,800,0.8485377988444963,0.0036877419782015293,"[0.8482865744301522, 0.8555838910904338, 0.8475833568378631, 0.8460178535873851, 0.8452173182766473]",COMPLETE
6,0.8211442723800781,2026-08-26 23:58:26.392901,2026-08-26 23:58:51.602729,0 days 00:00:25.209828,True,balanced,entropy,48.0,0.5,1,34,400,0.8211442723800781,0.003961625794451061,"[0.8233644988031434, 0.8276291217487532, 0.8201903460412359, 0.8177881125127245, 0.8167492827945336]",COMPLETE
7,0.8200060537421251,2026-08-26 23:58:51.603040,2026-08-26 23:59:44.798749,0 days 00:00:53.195709,False,balanced,log_loss,32.0,0.3,15,19,1000,0.8200060537421251,0.004690992946964311,"[0.8220800711079611, 0.8278888494990294, 0.8188294596847352, 0.8169680832869549, 0.8142638051319451]",COMPLETE
8,0.7218438484098519,2026-08-26 23:59:44.799070,2026-08-27 00:01:50.712332,0 days 00:02:05.913262,False,balanced_subsample,gini,24.0,1.0,19,40,900,0.7218438484098519,0.007260618801556251,"[0.7171694517301943, 0.7274453195705193, 0.7310569441781581, 0.7106883790144005, 0.7228591475559875]",COMPLETE
9,0.8617510634496609,2026-08-27 00:01:50.712647,2026-08-27 00:02:27.486537,0 days 00:00:36.773890,False,balanced_subsample,log_loss,,0.3,1,10,600,0.8617510634496609,0.004454306646660715,"[0.8669205897786396, 0.8667957600775854, 0.8598121866306325, 0.859738402358154, 0.855488378403293]",COMPLETE
10,0.8371053069360942,2026-08-27 00:02:27.486868,2026-08-27 00:02:47.249577,0 days 00:00:19.762709,False,balanced_subsample,log_loss,,log2,7,2,500,0.8371053069360942,0.003459276792913207,"[0.839354632384373, 0.8409708649234909, 0.838692081407962, 0.8352109231817527, 0.8312980327828917]",COMPLETE
11,0.8573333470952615,2026-08-27 00:02:47.249905,2026-08-27 00:03:20.947675,0 days 00:00:33.697770,False,balanced_subsample,gini,48.0,0.3,1,12,700,0.8573333470952615,0.005307341387291998,"[0.86003641119405, 0.8665194876955113, 0.8522187724574719, 0.8538029439839135, 0.8540891201453613]",COMPLETE
12,0.7984065704508485,2026-08-27 00:03:20.947992,2026-08-27 00:03:48.281277,0 days 00:00:27.333285,False,balanced_subsample,gini,12.0,0.3,5,11,700,0.7984065704508485,0.007595114228848656,"[0.7928366119332536, 0.8122235211266157, 0.7907064912442779, 0.8000113392286066, 0.7962548887214892]",COMPLETE
13,0.8608149862464064,2026-08-27 00:03:48.281602,2026-08-27 00:04:24.969433,0 days 00:00:36.687831,False,balanced_subsample,log_loss,,0.3,1,11,600,0.8608149862464064,0.004863503006041649,"[0.8639794247154674, 0.8679915236901184, 0.8603920491634843, 0.857778117196578, 0.8539338164663842]",COMPLETE
14,0.843778998222659,2026-08-27 00:04:24.969738,2026-08-27 00:04:53.282318,0 days 00:00:28.312580,False,balanced_subsample,log_loss,,0.3,8,9,500,0.843778998222659,0.004371861267691852,"[0.8461474441044693, 0.85111949678126, 0.8414965849217143, 0.8387836821709297, 0.841347783134922]",COMPLETE
15,0.8651108493569024,2026-08-27 00:04:53.282634,2026-08-27 00:05:45.898410,0 days 00:00:52.615776,False,balanced_subsample,log_loss,,0.5,4,7,500,0.8651108493569024,0.0025411812914571024,"[0.8654755403369631, 0.869740120925381, 0.8625462494793483, 0.8646697257080298, 0.8631226103347899]",COMPLETE
16,0.8472248494562462,2026-08-27 00:05:45.898744,2026-08-27 00:06:16.194356,0 days 00:00:30.295612,False,balanced_subsample,log_loss,,0.5,9,6,300,0.8472248494562462,0.003978260240296639,"[0.8484802007258588, 0.8543567170001195, 0.8434870947780359, 0.8458783205416053, 0.8439219142356119]",COMPLETE
17,0.8569981895822728,2026-08-27 00:06:16.194670,2026-08-27 00:06:58.188255,0 days 00:00:41.993585,False,balanced_subsample,log_loss,,0.5,4,16,400,0.8569981895822728,0.0029017281389578983,"[0.8608308262220653, 0.8592491575881601, 0.8541793041204375, 0.85749525003631, 0.8532364099443915]",COMPLETE
18,0.676447676465042,2026-08-27 00:06:58.188580,2026-08-27 00:07:11.397761,0 days 00:00:13.209181,False,balanced_subsample,log_loss,8.0,log2,6,7,500,0.676447676465042,0.009034417296749487,"[0.6758282222460128, 0.677620520094771, 0.6632071805770082, 0.6914674076354114, 0.6741150517720067]",COMPLETE
19,0.7136584571040443,2026-08-27 00:07:11.398092,2026-08-27 00:08:22.970205,0 days 00:01:11.572113,False,balanced_subsample,log_loss,12.0,1.0,10,15,400,0.7136584571040443,0.010701892206874394,"[0.7158194882891232, 0.731919385947947, 0.7052430566538769, 0.714423604193032, 0.7008867504362427]",COMPLETE
20,0.8689628538531503,2026-08-27 00:08:22.970523,2026-08-27 00:09:35.914212,0 days 00:01:12.943689,False,,entropy,,0.5,3,5,700,0.8689628538531503,0.0024451060790409945,"[0.8714117241393543, 0.8705285179571144, 0.8647075765019071, 0.8703693211701372, 0.8677971294972385]",COMPLETE
21,0.8689628538531503,2026-08-27 00:09:35.914525,2026-08-27 00:10:48.749776,0 days 00:01:12.835251,False,,entropy,,0.5,3,5,700,0.8689628538531503,0.0024451060790409945,"[0.8714117241393543, 0.8705285179571144, 0.8647075765019071, 0.8703693211701372, 0.8677971294972385]",COMPLETE
22,0.8689628538531503,2026-08-27 00:10:48.750100,2026-08-27 00:12:01.857265,0 days 00:01:13.107165,False,,entropy,,0.5,3,5,700,0.8689628538531503,0.0024451060790409945,"[0.8714117241393543, 0.8705285179571144, 0.8647075765019071, 0.8703693211701372, 0.8677971294972385]",COMPLETE
23,0.8690244868967678,2026-08-27 00:12:01.857599,2026-08-27 00:13:25.601789,0 days 00:01:23.744190,False,,entropy,,0.5,3,3,800,0.8690244868967678,0.002696791722630638,"[0.8717287054944983, 0.87105428031253, 0.8644446953241994, 0.8703516888960227, 0.867543064456588]",COMPLETE
24,0.8690244868967678,2026-08-27 00:13:25.602108,2026-08-27 00:14:48.774273,0 days 00:01:23.172165,False,,entropy,,0.5,3,2,800,0.8690244868967678,0.002696791722630638,"[0.8717287054944983, 0.87105428031253, 0.8644446953241994, 0.8703516888960227, 0.867543064456588]",COMPLETE
25,0.8573369438769219,2026-08-27 00:14:48.774584,2026-08-27 00:16:09.234185,0 days 00:01:20.459601,False,,entropy,,0.5,6,2,800,0.8573369438769219,0.0038195031627885896,"[0.8568286761657674, 0.8637057704008538, 0.8562368547129745, 0.8580857267008489, 0.8518276914041651]",COMPLETE
26,0.8452599206369611,2026-08-27 00:16:09.234505,2026-08-27 00:17:04.920660,0 days 00:00:55.686155,True,,entropy,,0.5,5,2,900,0.8452599206369611,0.004186620579435354,"[0.8425477437013412, 0.8524334943814028, 0.8472688317631736, 0.8434130622221995, 0.8406364711166884]",COMPLETE
27,0.8023932661484812,2026-08-27 00:17:04.920986,2026-08-27 00:18:24.129221,0 days 00:01:19.208235,False,,entropy,12.0,0.5,11,8,900,0.8023932661484812,0.007982853550659417,"[0.7924862480892113, 0.8139556117205515, 0.7945174669186029, 0.8071493398484962, 0.8038576641655443]",COMPLETE
28,0.8555837484317952,2026-08-27 00:18:24.129548,2026-08-27 00:19:44.128404,0 days 00:01:19.998856,False,,entropy,16.0,0.5,3,13,800,0.8555837484317952,0.004508979771484096,"[0.8557171527110327, 0.8642405423929768, 0.8524409870193015, 0.8534206713167345, 0.8520993887189302]",COMPLETE
29,0.8384656676617575,2026-08-27 00:19:44.128727,2026-08-27 00:20:57.035271,0 days 00:01:12.906544,True,,entropy,32.0,0.7,7,4,900,0.8384656676617575,0.0050161579438552425,"[0.8380952659549168, 0.8472825541833132, 0.8381522307012034, 0.8371160390954522, 0.8316822483739013]",COMPLETE
30,0.690159151959606,2026-08-27 00:20:57.035577,2026-08-27 00:21:51.418418,0 days 00:00:54.382841,False,,entropy,8.0,0.5,2,4,800,0.690159151959606,0.005175031034093827,"[0.6917903789020325, 0.6978969335917946, 0.6822490891328248, 0.6913965560293295, 0.6874628021420484]",COMPLETE
31,0.8659026475288227,2026-08-27 00:21:51.418738,2026-08-27 00:23:06.105483,0 days 00:01:14.686745,False,,entropy,,0.5,4,5,700,0.8659026475288227,0.0018863705114214046,"[0.8655608044907908, 0.8695281441404864, 0.8640616972288697, 0.865406120060086, 0.8649564717238803]",COMPLETE
32,0.8679116261995524,2026-08-27 00:23:06.105804,2026-08-27 00:24:21.142605,0 days 00:01:15.036801,False,,entropy,,0.5,3,8,700,0.8679116261995524,0.0021091649437901126,"[0.8672928147370637, 0.8706352436703703, 0.8647075765019071, 0.8697976164885183, 0.8671248795999033]",COMPLETE
33,0.8570801083815709,2026-08-27 00:24:21.142917,2026-08-27 00:25:56.723173,0 days 00:01:35.580256,False,,entropy,,0.7,5,4,700,0.8570801083815709,0.005229134140303244,"[0.857533241328098, 0.8649555918336316, 0.8541188970881378, 0.8594618455487884, 0.8493309661091994]",COMPLETE
34,0.8591558823346069,2026-08-27 00:25:56.723482,2026-08-27 00:26:48.659592,0 days 00:00:51.936110,True,,entropy,32.0,0.5,2,2,800,0.8591558823346069,0.0032117953391502117,"[0.8608772296174051, 0.8639189329687841, 0.8588040313175244, 0.8579605169280039, 0.8542187008413177]",COMPLETE
35,0.8350716324499701,2026-08-27 00:26:48.659909,2026-08-27 00:27:12.669889,0 days 00:00:24.009980,False,,entropy,24.0,sqrt,2,22,600,0.8350716324499701,0.006370572846418448,"[0.8313100739442948, 0.8462955715710514, 0.8376790515244156, 0.83166396845851, 0.8284094967515783]",COMPLETE
36,0.8104659153499206,2026-08-27 00:27:12.670207,2026-08-27 00:27:31.747838,0 days 00:00:19.077631,True,,entropy,16.0,log2,6,6,800,0.8104659153499206,0.004068681626584478,"[0.807865728734163, 0.8180804196893097, 0.8113191378768088, 0.8077409527258017, 0.8073233377235196]",COMPLETE
37,0.7673601376859244,2026-08-27 00:27:31.748145,2026-08-27 00:30:30.563740,0 days 00:02:58.815595,False,,entropy,,1.0,4,14,900,0.7673601376859244,0.004786732247571511,"[0.766271108703278, 0.7745332536361372, 0.7710688248551959, 0.7621314267375462, 0.7627960744974646]",COMPLETE
38,0.6785853581197806,2026-08-27 00:30:30.564049,2026-08-27 00:30:46.425441,0 days 00:00:15.861392,False,balanced,entropy,8.0,sqrt,2,9,600,0.6785853581197806,0.00943293296496256,"[0.6745228259941817, 0.6817109259453225, 0.6656196763587231, 0.6943081431956434, 0.6767652191050324]",COMPLETE
39,0.8357180439949881,2026-08-27 00:30:46.425753,2026-08-27 00:31:46.759209,0 days 00:01:00.333456,True,,entropy,24.0,0.5,7,4,1000,0.8357180439949881,0.0053992013986608285,"[0.8329984259342638, 0.8448415548498591, 0.8380711016136447, 0.8337105533497411, 0.8289685842274315]",COMPLETE
40,0.8647065368595708,2026-08-27 00:31:46.759525,2026-08-27 00:33:39.036153,0 days 00:01:52.276628,False,,entropy,48.0,0.7,3,6,800,0.8647065368595708,0.003479926399845224,"[0.8608094070198291, 0.8701830330502313, 0.8622575675317457, 0.8672619811503631, 0.8630206955456852]",COMPLETE
41,0.8689628538531503,2026-08-27 00:33:39.036482,2026-08-27 00:34:51.920996,0 days 00:01:12.884514,False,,entropy,,0.5,3,6,700,0.8689628538531503,0.0024451060790409945,"[0.8714117241393543, 0.8705285179571144, 0.8647075765019071, 0.8703693211701372, 0.8677971294972385]",COMPLETE
42,0.8659026475288227,2026-08-27 00:34:51.921327,2026-08-27 00:36:04.002064,0 days 00:01:12.080737,False,,entropy,,0.5,4,4,700,0.8659026475288227,0.0018863705114214046,"[0.8655608044907908, 0.8695281441404864, 0.8640616972288697, 0.865406120060086, 0.8649564717238803]",COMPLETE
43,0.8172816592968133,2026-08-27 00:36:04.002389,2026-08-27 00:37:08.086018,0 days 00:01:04.083629,False,,entropy,,0.5,18,10,700,0.8172816592968133,0.005112108918610451,"[0.815851065924977, 0.8273729166321532, 0.8135572124192674, 0.8154191875557112, 0.8142079139519572]",COMPLETE
44,0.8673149094354626,2026-08-27 00:37:08.086347,2026-08-27 00:38:16.155086,0 days 00:01:08.068739,False,balanced,gini,,0.5,1,2,800,0.8673149094354626,0.003962034935049014,"[0.8670180169966066, 0.8743333952874949, 0.8649449034111094, 0.8624880564810038, 0.8677901750010983]",COMPLETE
45,0.861374562163147,2026-08-27 00:38:16.155404,2026-08-27 00:39:17.252657,0 days 00:01:01.097253,False,,entropy,,0.5,5,8,600,0.861374562163147,0.002884887208071626,"[0.8605735971094356, 0.8664727183689678, 0.859245757659339, 0.8623025033221463, 0.8582782343558465]",COMPLETE
46,0.8291758845194058,2026-08-27 00:39:17.252981,2026-08-27 00:40:25.485299,0 days 00:01:08.232318,False,,entropy,16.0,0.5,2,40,700,0.8291758845194058,0.0051666763276001304,"[0.8265585917589493, 0.8388135111801952, 0.8246898776060645, 0.8256280426554271, 0.8301893993963935]",COMPLETE
47,0.7406441078875265,2026-08-27 00:40:25.485627,2026-08-27 00:41:58.785243,0 days 00:01:33.299616,False,balanced,gini,,1.0,3,37,600,0.7406441078875265,0.009281336839325374,"[0.7384607400503058, 0.7416708042874677, 0.7547456159326118, 0.7257378903072645, 0.7426054888599828]",COMPLETE
48,0.8294319998864472,2026-08-27 00:41:58.785574,2026-08-27 00:42:34.363315,0 days 00:00:35.577741,False,,entropy,48.0,sqrt,1,28,900,0.8294319998864472,0.0055151979248268135,"[0.8246809950409326, 0.8393390693914128, 0.8308231723473675, 0.8281579374970826, 0.8241588251554401]",COMPLETE
49,0.8416190667938193,2026-08-27 00:42:34.363634,2026-08-27 00:43:06.166280,0 days 00:00:31.802646,False,,entropy,32.0,log2,5,12,800,0.8416190667938193,0.0036202292549257333,"[0.8395539954595413, 0.8484541958117662, 0.8421794843804191, 0.8390672747593486, 0.838840383558021]",COMPLETE
50,0.823878742492874,2026-08-27 00:43:06.166612,2026-08-27 00:43:38.389292,0 days 00:00:32.222680,True,,gini,,0.5,8,5,700,0.823878742492874,0.005267829585613598,"[0.82206577861242, 0.8343067291121367, 0.8202583684162889, 0.8221364127538088, 0.8206264235697152]",COMPLETE
51,0.8689628538531503,2026-08-27 00:43:38.389609,2026-08-27 00:44:51.288511,0 days 00:01:12.898902,False,,entropy,,0.5,3,6,700,0.8689628538531503,0.0024451060790409945,"[0.8714117241393543, 0.8705285179571144, 0.8647075765019071, 0.8703693211701372, 0.8677971294972385]",COMPLETE
52,0.8689628538531503,2026-08-27 00:44:51.288839,2026-08-27 00:46:04.208234,0 days 00:01:12.919395,False,,entropy,,0.5,3,3,700,0.8689628538531503,0.0024451060790409945,"[0.8714117241393543, 0.8705285179571144, 0.8647075765019071, 0.8703693211701372, 0.8677971294972385]",COMPLETE
53,0.8659276352260867,2026-08-27 00:46:04.208537,2026-08-27 00:47:05.794080,0 days 00:01:01.585543,False,,entropy,,0.5,4,7,600,0.8659276352260867,0.001691014240789956,"[0.8660775572094987, 0.8690113914217784, 0.8645784499475776, 0.8657501303253522, 0.8642206472262272]",COMPLETE
54,0.8680178444130486,2026-08-27 00:47:05.794402,2026-08-27 00:48:29.817552,0 days 00:01:24.023150,False,,entropy,,0.5,2,10,800,0.8680178444130486,0.0023549710682772436,"[0.8682166875351817, 0.8725039154660633, 0.8660490536577597, 0.866648135211249, 0.8666714301949892]",COMPLETE
55,0.8130548860402204,2026-08-27 00:48:29.817870,2026-08-27 00:49:32.490502,0 days 00:01:02.672632,False,,entropy,12.0,0.5,6,5,700,0.8130548860402204,0.007415792688473866,"[0.8051930469148231, 0.823416223047788, 0.8039135785044627, 0.8166789127678626, 0.8160726689661656]",COMPLETE
56,0.8733681785024416,2026-08-27 00:49:32.490809,2026-08-27 00:50:59.695992,0 days 00:01:27.205183,False,balanced,entropy,,0.5,1,3,800,0.8733681785024416,0.003180621833164007,"[0.8742673785473091, 0.8784238011380463, 0.8685095045490536, 0.8728767242430774, 0.8727634840347213]",COMPLETE
57,0.8738380472245174,2026-08-27 00:50:59.696305,2026-08-27 00:52:27.196109,0 days 00:01:27.499804,False,balanced,entropy,,0.5,1,2,800,0.8738380472245174,0.0016914496491535415,"[0.8736153965636061, 0.8770328518738059, 0.8720741480441898, 0.8735559286365527, 0.8729119110044324]",COMPLETE
58,0.8677367932329748,2026-08-27 00:52:27.196422,2026-08-27 00:53:23.093215,0 days 00:00:55.896793,False,balanced,entropy,24.0,0.3,1,3,900,0.8677367932329748,0.0028983780205828658,"[0.8700824947620246, 0.8722724447661366, 0.865743988865365, 0.8653569465195768, 0.8652280912517715]",COMPLETE
59,0.867289626809875,2026-08-27 00:53:23.093541,2026-08-27 00:54:39.566750,0 days 00:01:16.473209,False,balanced,gini,,0.5,1,2,900,0.867289626809875,0.0038549325484636067,"[0.8668452745431651, 0.8742522661999361, 0.8643560312415502, 0.8631955709265681, 0.8677989911381557]",COMPLETE
60,0.6265831114316098,2026-08-27 00:54:39.567070,2026-08-27 00:56:27.744038,0 days 00:01:48.176968,False,balanced,entropy,8.0,1.0,2,3,800,0.6265831114316098,0.009399338912899216,"[0.6197776087868471, 0.6415910023336969, 0.6298991543121153, 0.6276375929537412, 0.6140101987716484]",COMPLETE
61,0.8721956782467413,2026-08-27 00:56:27.744345,2026-08-27 00:57:54.233847,0 days 00:01:26.489502,False,balanced,entropy,,0.5,2,5,800,0.8721956782467413,0.0025631155646802747,"[0.8725565833590746, 0.8762593206880557, 0.8686327748941075, 0.8730176268622457, 0.8705120854302227]",COMPLETE
62,0.8720393248819699,2026-08-27 00:57:54.234170,2026-08-27 00:59:20.882918,0 days 00:01:26.648748,False,balanced,entropy,,0.5,1,7,800,0.8720393248819699,0.0023112005122389754,"[0.8732655724462558, 0.8747916662611074, 0.8679959052577774, 0.8728710615334517, 0.8712724189112567]",COMPLETE
63,0.871381390360195,2026-08-27 00:59:20.883229,2026-08-27 01:00:47.397853,0 days 00:01:26.514624,False,balanced,entropy,,0.5,1,8,800,0.871381390360195,0.0030523123091323406,"[0.8738814735259371, 0.8749885306986295, 0.8672598872604738, 0.8724333827617351, 0.8683436775542]",COMPLETE
64,0.8704894215547953,2026-08-27 01:00:47.398190,2026-08-27 01:02:13.761817,0 days 00:01:26.363627,False,balanced,entropy,,0.5,1,9,800,0.8704894215547953,0.0018990525717222499,"[0.8703168300308013, 0.8736005307176229, 0.8687200066923314, 0.871406367034285, 0.8684033732989356]",COMPLETE
65,0.8704894215547953,2026-08-27 01:02:13.762147,2026-08-27 01:03:40.392184,0 days 00:01:26.630037,False,balanced,entropy,,0.5,1,9,800,0.8704894215547953,0.0018990525717222499,"[0.8703168300308013, 0.8736005307176229, 0.8687200066923314, 0.871406367034285, 0.8684033732989356]",COMPLETE
66,0.8509617289164659,2026-08-27 01:03:40.392506,2026-08-27 01:04:18.214850,0 days 00:00:37.822344,False,balanced,entropy,,log2,1,11,900,0.8509617289164659,0.0038116116268164667,"[0.854499319473199, 0.8560012489467786, 0.8503140197577576, 0.848195647454868, 0.8457984089497264]",COMPLETE
67,0.8562884720953073,2026-08-27 01:04:18.215163,2026-08-27 01:06:13.500553,0 days 00:01:55.285390,False,balanced,log_loss,48.0,0.7,1,16,800,0.8562884720953073,0.004144280088645148,"[0.8539237537936225, 0.8640363894617539, 0.853491241232713, 0.857126808574537, 0.8528641674139101]",COMPLETE
68,0.8699774545329733,2026-08-27 01:06:13.500872,2026-08-27 01:08:01.433245,0 days 00:01:47.932373,False,balanced,entropy,,0.5,1,9,1000,0.8699774545329733,0.0021151964787963604,"[0.8712407028289192, 0.8730011742697394, 0.8675858782523252, 0.870464281463102, 0.8675952358507809]",COMPLETE
69,0.8640404739587335,2026-08-27 01:08:01.433562,2026-08-27 01:09:26.586534,0 days 00:01:25.152972,False,balanced,entropy,,0.5,2,12,800,0.8640404739587335,0.0019429995156374394,"[0.8652411627109945, 0.8671924382358629, 0.8617500285939429, 0.8632615735261671, 0.8627571667267007]",COMPLETE
70,0.8109275038281026,2026-08-27 01:09:26.586853,2026-08-27 01:10:13.040098,0 days 00:00:46.453245,False,balanced,entropy,12.0,0.3,1,8,900,0.8109275038281026,0.006755307052184353,"[0.8090188971685729, 0.8236861082273359, 0.8036759671033996, 0.8102873366367268, 0.8079692100044786]",COMPLETE
71,0.8689356244016413,2026-08-27 01:10:13.040420,2026-08-27 01:12:00.437888,0 days 00:01:47.397468,False,balanced,entropy,,0.5,1,10,1000,0.8689356244016413,0.002899241790726223,"[0.8706143174709134, 0.8727548800810215, 0.8647121622137638, 0.8700266026913853, 0.8665701595511219]",COMPLETE
72,0.8688218367509437,2026-08-27 01:12:00.438201,2026-08-27 01:13:36.819953,0 days 00:01:36.381752,False,balanced,entropy,,0.5,2,9,900,0.8688218367509437,0.002859337034652719,"[0.8704310907391476, 0.8729186128977556, 0.8649180362879932, 0.8694442202317919, 0.8663972235980303]",COMPLETE
73,0.8720393248819699,2026-08-27 01:13:36.820282,2026-08-27 01:15:03.512118,0 days 00:01:26.691836,False,balanced,entropy,,0.5,1,7,800,0.8720393248819699,0.0023112005122389754,"[0.8732655724462558, 0.8747916662611074, 0.8679959052577774, 0.8728710615334517, 0.8712724189112567]",COMPLETE
