number,value,datetime_start,datetime_complete,duration,params_colsample_bytree,params_gamma,params_learning_rate,params_max_depth,params_min_child_weight,params_reg_alpha,params_reg_lambda,params_subsample,user_attrs_cv_mean,user_attrs_cv_std,user_attrs_fold_best_iterations,user_attrs_fold_scores,state
50,0.8636542529096559,2026-08-27 04:56:40.126485,2026-08-27 04:56:49.925491,0 days 00:00:09.799006,0.9658990165166388,0.41143336456876567,0.13682073175176343,10,2.3398718093754414,0.8683903791671097,0.14045428498665705,0.9782615168572638,0.8636542529096559,0.0025392683142090337,"[1001, 713, 795, 749, 1473]","[0.8586663034148828, 0.8655972513260162, 0.8652366540717601, 0.8644597413526657, 0.8643113143829545]",COMPLETE
51,0.8887230141067107,2026-08-27 04:56:49.925808,2026-08-27 04:57:02.195683,0 days 00:00:12.269875,0.9829442284660533,0.024966085978646618,0.17531537056403002,10,2.5495776294159476,0.43620392234348565,0.21643903997663397,0.9859838838934933,0.8887230141067107,0.0017275830397506132,"[679, 753, 574, 423, 642]","[0.8869127463445916, 0.8914506500318499, 0.8868525858136816, 0.8895552019288515, 0.8888438864145787]",COMPLETE
52,0.8847329273026304,2026-08-27 04:57:02.196006,2026-08-27 04:57:14.769968,0 days 00:00:12.573962,0.987527219971211,0.07400565195106214,0.18440743299848614,10,2.566961487960785,0.5817318772046954,0.25546795203129197,0.9851952327023921,0.8847329273026304,0.003046643320066721,"[417, 1463, 1500, 1473, 1102]","[0.885539858710958, 0.8895595773950832, 0.8801033476355055, 0.884743503429069, 0.8837183493425362]",COMPLETE
53,0.8882773226816214,2026-08-27 04:57:14.770293,2026-08-27 04:57:33.942136,0 days 00:00:19.171843,0.9576507778410408,0.0027860695959327185,0.14314908746504434,10,1.7772738997220554,0.005080100708765903,0.17135943330283868,0.9822735041838427,0.8882773226816214,0.0027470242391430476,"[242, 263, 240, 331, 299]","[0.8830747373934235, 0.8896331714875513, 0.8879610752707988, 0.8901852327818177, 0.8905323964745158]",COMPLETE
54,0.8701266433902914,2026-08-27 04:57:33.942454,2026-08-27 04:57:44.751090,0 days 00:00:10.808636,0.9541585810621673,0.3345628820439396,0.1356426445283608,10,1.1387401737779863,0.013823295716832683,0.1445212196274243,0.9795314848869332,0.8701266433902914,0.0016435269167776527,"[1497, 941, 867, 1473, 385]","[0.8687923302873806, 0.8718280156424778, 0.8676820773300649, 0.8717557035153961, 0.8705750901761381]",COMPLETE
55,0.88491267336544,2026-08-27 04:57:44.751409,2026-08-27 04:57:59.573066,0 days 00:00:14.821657,0.9834913083086079,0.09816359950333488,0.176209391356019,10,3.2265769001136637,0.06652118988946268,0.10397766960804257,0.9678581761459671,0.88491267336544,0.0011913791396620888,"[1497, 1495, 1260, 1498, 1480]","[0.8847916352923235, 0.8867219422605433, 0.8857274670103829, 0.8837397826853591, 0.8835825395785908]",COMPLETE
56,0.8701627797942695,2026-08-27 04:57:59.573380,2026-08-27 04:58:12.193306,0 days 00:00:12.619926,0.9547449377676452,0.4756480052091074,0.12673725240069605,10,1.890135624431051,0.004769902916925229,0.31690481917739977,0.9416532893803071,0.8701627797942695,0.0018611423716687577,"[1456, 1443, 1497, 1481, 1499]","[0.8686736880113752, 0.8686225371171727, 0.8727504137989789, 0.8686608251276396, 0.8721064349161806]",COMPLETE
57,0.8035434477561096,2026-08-27 04:58:12.193612,2026-08-27 04:58:18.437586,0 days 00:00:06.243974,0.9954289610547422,2.361620380308734,0.19560408873839497,10,1.3727783197042849,4.85013397400929,0.2268959195538635,0.985445275620999,0.8035434477561096,0.003489261045737421,"[519, 249, 795, 668, 949]","[0.8042899428958767, 0.8067193568823546, 0.8043501457839785, 0.7967972249251267, 0.8055605682932115]",COMPLETE
58,0.8454062867554193,2026-08-27 04:58:18.437903,2026-08-27 04:58:32.829890,0 days 00:00:14.391987,0.9356517075403351,0.2822278584832243,0.14335590825612704,4,1.6973059336930498,0.0035123484312103246,0.1549995047029102,0.9893960371966747,0.8454062867554193,0.0055447264697962495,"[1475, 1497, 1500, 1498, 1473]","[0.8411990127672183, 0.8533862790196555, 0.8375220762081321, 0.846533171525448, 0.8483908942566424]",COMPLETE
59,0.886288710168686,2026-08-27 04:58:32.830210,2026-08-27 04:58:51.469559,0 days 00:00:18.639349,0.9764613733992396,0.002107347531954986,0.16582398434236406,10,2.697923940056106,0.0001988415639221131,0.29713713488218774,0.9744284652256296,0.886288710168686,0.001432041357565749,"[240, 327, 241, 293, 288]","[0.8851176262841749, 0.8875676352543366, 0.8844205961169349, 0.88611825270362, 0.8882194404843643]",COMPLETE
60,0.8393020984816604,2026-08-27 04:58:51.469875,2026-08-27 04:58:58.989315,0 days 00:00:07.519440,0.9783096724968678,1.6269006920858553,0.16901133630567713,10,1.007679777563205,0.00047363624148622695,0.37473583914096714,0.9660114924133001,0.8393020984816604,0.003092515718794458,"[606, 508, 749, 1430, 763]","[0.8364915200539501, 0.8430590484991689, 0.8381455546400959, 0.8429032225776902, 0.8359111466373962]",COMPLETE
61,0.878377157656136,2026-08-27 04:58:58.989636,2026-08-27 04:59:12.764555,0 days 00:00:13.774919,0.9627823429396818,0.10009594878277857,0.11445135039527016,10,2.5990211637833274,7.494661075272037e-05,0.2525612452373217,0.9998324045342603,0.878377157656136,0.0022629050751195342,"[1495, 1206, 1015, 909, 765]","[0.8809626783350547, 0.8807433706992672, 0.8785786861050789, 0.8758244674476371, 0.8757765856936423]",COMPLETE
62,0.8863154757644788,2026-08-27 04:59:12.764870,2026-08-27 04:59:28.405609,0 days 00:00:15.640739,0.999277547630931,0.02796952637597763,0.16048746248872384,10,3.410845775080109,2.0856810256836806e-05,0.16516829653451043,0.9472599114031485,0.8863154757644788,0.0015763077560109872,"[279, 333, 263, 302, 315]","[0.8851807360983188, 0.8872520861836176, 0.88469248693135, 0.8854988218417543, 0.8889532477673524]",COMPLETE
63,0.8770582180854858,2026-08-27 04:59:28.405924,2026-08-27 04:59:41.166395,0 days 00:00:12.760471,0.9997220197845127,0.30195466498187257,0.16461365382189205,10,2.0724395040317267,2.6089860096548362e-05,0.1271086982286393,0.9368506978608174,0.8770582180854858,0.0012669663930733276,"[1456, 1360, 1431, 1480, 1465]","[0.8755069198459601, 0.8778848093652704, 0.8755488146020657, 0.8784601559339799, 0.8778903906801522]",COMPLETE
64,0.878514408362995,2026-08-27 04:59:41.166714,2026-08-27 05:00:14.327305,0 days 00:00:33.160591,0.9801362217099566,0.26463309154237785,0.023036775169511192,10,3.6305793783757268,0.0001382438202044904,0.19271970994805177,0.9446920431895404,0.878514408362995,0.0024962159747174023,"[1497, 1500, 1500, 1488, 1489]","[0.8742887130351614, 0.8810318485026721, 0.8772929879124775, 0.8792117510648306, 0.8807467412998334]",COMPLETE
65,0.881135364758143,2026-08-27 05:00:14.327626,2026-08-27 05:00:28.234965,0 days 00:00:13.907339,0.9459714657794233,0.13930737589924844,0.1832648903567856,10,4.307106053540316,0.0002638117205799226,0.28941792766863705,0.9548857799161492,0.881135364758143,0.0031754899785429625,"[1121, 1494, 859, 1480, 1480]","[0.8796827939945372, 0.8870238112683144, 0.8775181517575409, 0.8810543508041043, 0.8803977159662185]",COMPLETE
66,0.8873826180064823,2026-08-27 05:00:28.235283,2026-08-27 05:00:44.885417,0 days 00:00:16.650134,0.972966186646197,0.0038953423277592438,0.19948972657309016,10,2.685303462531957,3.3939112202108594e-06,0.39684931781983734,0.9721076699389749,0.8873826180064823,0.0017247431938265372,"[223, 233, 227, 216, 217]","[0.8875045254401926, 0.890017644224498, 0.8855666834768824, 0.8854672805753597, 0.8883569563154788]",COMPLETE
67,0.869874552375973,2026-08-27 05:00:44.885735,2026-08-27 05:00:54.993492,0 days 00:00:10.107757,0.9351912523654633,0.38466434468490124,0.19780776504438552,10,1.566790482004452,1.3228112529954788e-07,0.46717190529928276,0.9640958658791187,0.869874552375973,0.00380771093741715,"[1465, 635, 1332, 1472, 727]","[0.8646643688911907, 0.8748895441246618, 0.8694907927390455, 0.8733169865878229, 0.8670110695371442]",COMPLETE
68,0.8824757791867501,2026-08-27 05:00:54.993797,2026-08-27 05:01:09.526213,0 days 00:00:14.532416,0.9918506632670132,0.23917887175932276,0.1417510781646529,10,2.1830562265266886,9.91577184587746e-07,0.3690725899267971,0.9019706728186827,0.8824757791867501,0.0025104643672901523,"[1456, 1463, 1493, 1500, 1434]","[0.8828990880139399, 0.8867926294269693, 0.8814733283430972, 0.8821411400631641, 0.8790727100865796]",COMPLETE
69,0.8653028512982355,2026-08-27 05:01:09.526538,2026-08-27 05:01:21.965370,0 days 00:00:12.438832,0.9567427267103454,0.5380648160492592,0.12082645130551407,9,1.799610874481826,2.1814855315286086e-06,0.21050894663261596,0.9519864644996936,0.8653028512982355,0.005145313564524637,"[1260, 1494, 1493, 1495, 1480]","[0.8610322340142519, 0.8741986166680872, 0.8608188249449321, 0.8625044712594386, 0.8679601096044673]",COMPLETE
70,0.8833092420311914,2026-08-27 05:01:21.965691,2026-08-27 05:01:36.406930,0 days 00:00:14.441239,0.9724744510604821,0.11446847135660926,0.1827781190038948,9,4.803713472871307,6.3904351993267744e-06,0.12129289373672512,0.9209698682188696,0.8833092420311914,0.002578405956795931,"[493, 1494, 441, 1058, 1238]","[0.8786537124819721, 0.8865777457160328, 0.8836874850456734, 0.883473100438943, 0.8841541664733357]",COMPLETE
71,0.888018471944085,2026-08-27 05:01:36.407255,2026-08-27 05:01:55.638666,0 days 00:00:19.231411,0.9876852516838225,0.0015851295627513284,0.15759193043592665,10,2.7306641601229265,2.266091166673843e-05,0.16480889912551958,0.9679309854977439,0.888018471944085,0.0015627421106057305,"[305, 313, 280, 289, 287]","[0.8865506744487185, 0.8879325717190597, 0.8885334028085601, 0.8906877779403669, 0.8863879328037197]",COMPLETE
72,0.8766635575840038,2026-08-27 05:01:55.639010,2026-08-27 05:02:09.683638,0 days 00:00:14.044628,0.9873899140852489,0.20875457402502787,0.12828186460907945,10,3.251864966344467,1.7973142456947262e-05,0.16898048194246904,0.9745192818707028,0.8766635575840038,0.0026480949440979276,"[1456, 1495, 1418, 1159, 1499]","[0.8749119449657355, 0.8808695903275549, 0.8741954208834638, 0.8746441652558751, 0.8786966664873898]",COMPLETE
73,0.8867215195011278,2026-08-27 05:02:09.683968,2026-08-27 05:02:28.603567,0 days 00:00:18.919599,0.9459268766083504,0.005128334528774089,0.15929350327728364,10,2.833168371628963,4.5454933755020267e-07,0.23943569415869148,0.9884932382042622,0.8867215195011278,0.0023649126347890827,"[243, 334, 252, 302, 318]","[0.8858701889132764, 0.8900100668722156, 0.8829363547009969, 0.8866245211440037, 0.8881664658751466]",COMPLETE
74,0.8800840231336646,2026-08-27 05:02:28.603879,2026-08-27 05:02:42.380057,0 days 00:00:13.776178,0.8917338403913877,0.11571607142168272,0.14523035100201107,10,2.838315877343828,4.3289070235367835e-07,0.4043567599178524,0.991228464360009,0.8800840231336646,0.0021834649383123132,"[1332, 1360, 732, 1235, 1348]","[0.8773049044752268, 0.8831558664809821, 0.8792486873621966, 0.8786475707337548, 0.8820630866161632]",COMPLETE
75,0.8765933596746956,2026-08-27 05:02:42.380372,2026-08-27 05:02:54.304718,0 days 00:00:11.924346,0.9470376800507926,0.22512413854105068,0.1823759416392353,10,2.3855860702790648,3.0042393874395554e-08,0.23405284702975146,0.9756760057828429,0.8765933596746956,0.0029154430300011285,"[1369, 1295, 947, 1159, 1473]","[0.8776503893821102, 0.8805511766879857, 0.8738048877930434, 0.8726995729406224, 0.8782607715697163]",COMPLETE
76,0.872615219105499,2026-08-27 05:02:54.305037,2026-08-27 05:03:07.250824,0 days 00:00:12.945787,0.9108650573454075,0.34788372961866526,0.1370678106731541,9,3.0345759373227716,1.6569639813143529e-07,0.2760699323553981,0.9621839729152735,0.872615219105499,0.0041235687290922165,"[1227, 1494, 1497, 1473, 1489]","[0.8661515172331707, 0.8781191869912389, 0.8700826141918386, 0.8738957235524558, 0.8748270535587904]",COMPLETE
77,0.878763101564488,2026-08-27 05:03:07.251149,2026-08-27 05:03:21.862734,0 days 00:00:14.611585,0.9374021411428706,0.11924392016474351,0.11555176827887592,10,2.0509867886929176,1.1301890901494234e-06,0.11813504753467877,0.9882252853724972,0.878763101564488,0.002338435936442841,"[1479, 1482, 1085, 776, 1472]","[0.8759815313071729, 0.8793117548191486, 0.8821042994129596, 0.8762691785023679, 0.8801487437807909]",COMPLETE
78,0.8836107710681803,2026-08-27 05:03:21.863048,2026-08-27 05:03:42.461413,0 days 00:00:20.598365,0.956567857514941,0.005657017592843268,0.15996295775510064,9,4.3377792766976455,3.9454294861679694e-07,0.5683774765355238,0.9992681634696967,0.8836107710681803,0.0021177116705533208,"[412, 471, 324, 427, 405]","[0.8800477728164523, 0.8849928812975043, 0.8835507811390614, 0.8831027195493789, 0.8863597005385047]",COMPLETE
79,0.8637020688626265,2026-08-27 05:03:42.461735,2026-08-27 05:03:53.961538,0 days 00:00:11.499803,0.9669005816649805,0.4190398868877062,0.12974779600136196,10,1.6231699218509377,0.8480743190499188,0.2015998565115579,0.9684912953801446,0.8637020688626265,0.0015816651930464602,"[1456, 731, 1303, 1193, 1473]","[0.8617967979204865, 0.8649994118769414, 0.8660448338771066, 0.8631522899602674, 0.8625170106783303]",COMPLETE
80,0.8649438900148952,2026-08-27 05:03:53.961869,2026-08-27 05:04:05.095646,0 days 00:00:11.133777,0.8755239609661043,0.6184756128741993,0.19690369947699707,9,1.3410473773561564,0.10867173981666334,0.4025151350760301,0.9383514914982397,0.8649438900148952,0.002897180281432961,"[1456, 1494, 1431, 1495, 1400]","[0.8600045847861119, 0.8667974388633999, 0.8674810778262737, 0.8671608660802438, 0.8632754825184471]",COMPLETE
81,0.8850341656249153,2026-08-27 05:04:05.095991,2026-08-27 05:04:19.807122,0 days 00:00:14.711131,0.9902419910796533,0.08092316787017284,0.1617769521772704,10,3.411917506327562,9.05077062001478e-06,0.15201058984565138,0.9506048611006872,0.8850341656249153,0.002244266603998969,"[545, 1122, 741, 825, 1301]","[0.8842583379418176, 0.8871770598067243, 0.8810316443584744, 0.8858535098849951, 0.8868502761325651]",COMPLETE
82,0.8867661589283115,2026-08-27 05:04:19.807436,2026-08-27 05:04:39.584432,0 days 00:00:19.776996,0.9727010121284484,0.0019473375715846012,0.15097426796115943,10,2.7935590224613134,2.3252082510100807e-06,0.23023626637352343,0.9795250454130979,0.8867661589283115,0.0012269619831450063,"[332, 323, 287, 287, 318]","[0.8864335068143303, 0.887668258256927, 0.8844970547782531, 0.8876848619918917, 0.887547112800155]",COMPLETE
83,0.8781978599358681,2026-08-27 05:04:39.584766,2026-08-27 05:04:53.725122,0 days 00:00:14.140356,0.9334822997911078,0.1863724090306243,0.10991798209720541,10,1.9423478740285034,3.226398460741135e-06,0.22762336622921614,0.9813030585751341,0.8781978599358681,0.0024728510769063588,"[1416, 858, 1260, 1473, 1473]","[0.8745891074013157, 0.8805540836140276, 0.8758643213155928, 0.880240628433198, 0.8797411589152064]",COMPLETE
84,0.883480851942708,2026-08-27 05:04:53.725457,2026-08-27 05:05:08.799418,0 days 00:00:15.073961,0.9732450512587518,0.178205523876651,0.14937597463856828,10,2.805400441382647,4.7098875787581105e-07,0.3327628815199898,0.6962632740818928,0.883480851942708,0.0031551472001473033,"[606, 750, 409, 883, 728]","[0.8773439346624823, 0.8858641285598029, 0.8845331780394665, 0.8839157942790087, 0.885747224172779]",COMPLETE
85,0.8850838460911202,2026-08-27 05:05:08.799745,2026-08-27 05:05:21.780064,0 days 00:00:12.980319,0.9464270415859768,0.0839843757271911,0.17374131105008805,10,2.4954477050346635,1.3831079214269654e-06,0.1861031798747512,0.9625923425426357,0.8850838460911202,0.0019560983218633978,"[1456, 909, 505, 1400, 500]","[0.8817632384309272, 0.886134587089793, 0.8839849724857857, 0.8865238981414132, 0.8870125343076823]",COMPLETE
86,0.8665782242700517,2026-08-27 05:05:21.780383,2026-08-27 05:05:31.767371,0 days 00:00:09.986988,0.9632560961359274,0.2655314439184076,0.1411558756923393,10,2.161524640545382,1.2267839919860482,0.1353143155118478,0.9909931982429878,0.8665782242700517,0.002344233904508788,"[461, 1184, 339, 1264, 1295]","[0.8640365512487599, 0.8700692229874724, 0.8670271460631281, 0.8678349776184963, 0.8639232234324018]",COMPLETE
87,0.8791121360687495,2026-08-27 05:05:31.767692,2026-08-27 05:05:52.490784,0 days 00:00:20.723092,0.9825833190461085,0.016356532097186207,0.122804938505108,10,3.6153611436388062,3.870837019264649,0.8261387393738923,0.9776200444655349,0.8791121360687495,0.0030009272840956984,"[1477, 1480, 1491, 1388, 1482]","[0.8738229070664584, 0.8826571330356892, 0.8808754465368307, 0.878273310988608, 0.8799318827161606]",COMPLETE
88,0.8818251881022752,2026-08-27 05:05:52.491147,2026-08-27 05:06:06.229918,0 days 00:00:13.738771,0.9140694714130208,0.15489053562128374,0.18562866285404733,9,2.220762081094391,0.47706599788332044,0.2724866853857179,0.9295311374285606,0.8818251881022752,0.0022604753074015106,"[1456, 1322, 1450, 1500, 1478]","[0.8780979719332006, 0.8846564483845203, 0.8806427476966768, 0.883067532788024, 0.882661239708954]",COMPLETE
89,0.8704739243812314,2026-08-27 05:06:06.230218,2026-08-27 05:06:18.579322,0 days 00:00:12.349104,0.953226472748595,0.32882352530853337,0.15418228431255931,10,3.021281693785403,5.0513731254863285e-06,0.10808823158605833,0.969915896546847,0.8704739243812314,0.0024878317828468635,"[1456, 1292, 1480, 1480, 1474]","[0.8671969815905278, 0.8745711304850928, 0.8698287426508383, 0.8716089826128542, 0.8691637845668437]",COMPLETE
90,0.8786742100393218,2026-08-27 05:06:18.579640,2026-08-27 05:06:33.171692,0 days 00:00:14.592052,0.9688024841787479,0.0854569527072043,0.17309652252302143,9,3.94537832586713,2.711369457371875,0.2434524803652663,0.9593123651092565,0.8786742100393218,0.0029242955115794454,"[1500, 1445, 1454, 1495, 1486]","[0.8741355068539435, 0.882747314117147, 0.8807163417891449, 0.8781638718489604, 0.8776080155874127]",COMPLETE
91,0.8869008024074286,2026-08-27 05:06:33.172020,2026-08-27 05:06:51.030473,0 days 00:00:17.858453,0.9908080622423634,0.014453759114421231,0.15701687794437147,10,2.7354236239524075,3.37950743439877e-05,0.1688511167624772,0.947695985317146,0.8869008024074286,0.0018076940274951235,"[267, 260, 243, 291, 314]","[0.8847270508365628, 0.8868074529157609, 0.8858370996496806, 0.886996763674485, 0.8901356449606537]",COMPLETE
92,0.8848189005579993,2026-08-27 05:06:51.030785,2026-08-27 05:07:06.907707,0 days 00:00:15.876922,0.9861105915243591,0.07383873282744766,0.1322388073006952,10,2.439689521081919,5.361112690523782e-05,0.17125388466588098,0.9831480072439402,0.8848189005579993,0.0018976801329766836,"[1500, 1467, 1271, 1430, 654]","[0.8879567360603318, 0.8845363314668981, 0.8857274670103829, 0.8826442550761162, 0.8832297131762671]",COMPLETE
93,0.8886159405933286,2026-08-27 05:07:06.908036,2026-08-27 05:07:25.790517,0 days 00:00:18.882481,0.9764076084974282,0.0033938228988607613,0.1487275651526842,10,1.818325832743539,9.73692807020242e-06,0.1450689228897229,0.9906380131801658,0.8886159405933286,0.0014219383588008599,"[271, 302, 233, 275, 269]","[0.8907146743917381, 0.8876952871670492, 0.8868298961140265, 0.8880589661632902, 0.8897808791305389]",COMPLETE
94,0.8742503149598988,2026-08-27 05:07:25.790828,2026-08-27 05:07:42.272746,0 days 00:00:16.481918,0.9763305590312977,0.21668788401242364,0.14620003081588784,10,0.5472392229358148,1.154213294002459e-05,24.479620688243813,0.9716267824995896,0.8742503149598988,0.00370764364507598,"[1437, 1495, 1419, 1473, 1499]","[0.8719783572548456, 0.8814119396719599, 0.87361265142457, 0.8733151249469057, 0.8709335015012133]",COMPLETE
95,0.8769109189006364,2026-08-27 05:07:42.273065,2026-08-27 05:07:51.710754,0 days 00:00:09.437689,0.990454467678903,0.1484576098940977,0.17071337839921796,10,1.8132187664643014,2.509758972610621e-06,0.14461404116635462,0.9936272887888654,0.8769109189006364,0.0019982173994164978,"[936, 345, 784, 496, 817]","[0.8796828363517291, 0.8779313321904244, 0.8745769443371767, 0.8777193941548518, 0.8746440874690009]",COMPLETE
96,0.8857158787884268,2026-08-27 05:07:51.711079,2026-08-27 05:08:04.475982,0 days 00:00:12.764903,0.9613915244458161,0.06976672233456552,0.19061028469802954,10,1.474747731998044,3.5303148620876684e-05,0.1979570512090906,0.9561528970696735,0.8857158787884268,0.001803194592140403,"[756, 1494, 797, 514, 1238]","[0.8891719935878967, 0.8856192666555099, 0.8839954567641098, 0.884883192048597, 0.884909484886021]",COMPLETE
97,0.8872490691127679,2026-08-27 05:08:04.476311,2026-08-27 05:08:29.753958,0 days 00:00:25.277647,0.9282718592888104,0.0007784527565023263,0.09622847480715256,9,2.6188531721176274,0.0018664873534120006,0.11591293505172968,0.9422379472432508,0.8872490691127679,0.0018634368198740512,"[535, 583, 435, 504, 601]","[0.886271248639213, 0.8881835363340179, 0.8840599988626788, 0.888602438579694, 0.8891281231482354]",COMPLETE
98,0.8786658565595292,2026-08-27 05:08:29.754281,2026-08-27 05:08:44.822186,0 days 00:00:15.067905,0.9260840028056992,0.2534878711758183,0.10824252600485251,9,2.0027761022872808,0.060019074562498095,0.10198457745276343,0.9358755030748619,0.8786658565595292,0.0030797972945199757,"[1469, 1497, 1434, 1486, 1480]","[0.8769594619255355, 0.8835013513878653, 0.8783504111897759, 0.8801808549015883, 0.8743372033928809]",COMPLETE
99,0.8856053373353457,2026-08-27 05:08:44.822509,2026-08-27 05:09:00.311443,0 days 00:00:15.488934,0.9525392259701227,0.1506554472981261,0.13737357042057477,9,1.187483728355715,0.001275718824770492,0.12488461112691182,0.9077419826562628,0.8856053373353457,0.002715056295120867,"[1475, 1494, 1497, 1495, 1404]","[0.8848367258330524, 0.8907777418486901, 0.8833856160379021, 0.8855623186551984, 0.8834642843018857]",COMPLETE
100,0.8582489486718237,2026-08-27 05:09:00.311759,2026-08-27 05:09:20.136399,0 days 00:00:19.824640,0.9998742240007588,0.30127090357193914,0.09718353630032533,4,1.7394295043520658,8.628750981170467e-05,0.14216030054465106,0.9201110945335106,0.8582489486718237,0.005317437231144082,"[1499, 1500, 1500, 1500, 1499]","[0.8514632181879449, 0.8611538679306828, 0.8528034672035701, 0.8655339134059599, 0.8602902766309604]",COMPLETE
