number,value,datetime_start,datetime_complete,duration,params_colsample_bytree,params_gamma,params_learning_rate,params_max_depth,params_min_child_weight,params_reg_alpha,params_reg_lambda,params_subsample,user_attrs_cv_mean,user_attrs_cv_std,user_attrs_fold_best_iterations,user_attrs_fold_scores,state
0,0.8309371670651698,2026-08-27 04:40:57.166060,2026-08-27 04:41:15.575840,0 days 00:00:18.409780,0.7442003345025142,1.8277151418544553,0.019677977348166304,9,2.1771032186203514,8.665537597324885e-06,1.0311514495138399,0.8978561926718072,0.8309371670651698,0.004207320002884028,"[1477, 1498, 1497, 1495, 1499]","[0.8255198849020428, 0.837695149877347, 0.8320605462241454, 0.827561228268515, 0.8318490260537992]",COMPLETE
1,0.8499635522299238,2026-08-27 04:41:15.576181,2026-08-27 04:41:30.900456,0 days 00:00:15.324275,0.7826484435755748,0.3403911033599112,0.09439831569936806,7,2.880043790954131,1.5100408408589772e-07,23.538263110950048,0.9842104900822669,0.8499635522299238,0.0023966120803201414,"[1416, 1500, 1500, 1473, 1499]","[0.8519142006678567, 0.852660991802066, 0.8503324896767598, 0.8458872144655366, 0.8490228645373997]",COMPLETE
2,0.8705289719295306,2026-08-27 04:41:30.900782,2026-08-27 04:41:47.191945,0 days 00:00:16.291163,0.6855299248522434,0.41743875595471047,0.14726161255504092,10,6.781935357780796,3.864031899313156e-05,14.610499699549097,0.8585642249613574,0.8705289719295306,0.0008628957427529355,"[1495, 1486, 1483, 1476, 1431]","[0.8709119243408399, 0.8717605242606751, 0.8698121980190404, 0.8708360319260544, 0.8693241811010437]",COMPLETE
3,0.84684086783254,2026-08-27 04:41:47.192273,2026-08-27 04:42:02.956522,0 days 00:00:15.764249,0.6595392252176876,0.4774657914394431,0.08394754752250128,5,5.011643571251018,5.357340695323986e-08,0.18099954688158187,0.9450697344147837,0.84684086783254,0.0017976172164655994,"[1494, 1494, 1500, 1486, 1499]","[0.8457387223118668, 0.848070131363215, 0.845399340115649, 0.8452079322851872, 0.8497882130867827]",COMPLETE
4,0.7998871006231227,2026-08-27 04:42:02.956844,2026-08-27 04:42:18.621546,0 days 00:00:15.664702,0.9963290723923126,1.1322462171492673,0.048769840070943336,4,13.502442798764482,0.00014367270092871558,0.1399264351773497,0.9178299664912868,0.7998871006231227,0.0035145128094246974,"[1494, 1498, 1500, 1489, 1500]","[0.8011262744122934, 0.8039552311258992, 0.7936188638971297, 0.8017677948119729, 0.7989673388683186]",COMPLETE
5,0.7868993525630612,2026-08-27 04:42:18.621881,2026-08-27 04:42:36.876936,0 days 00:00:18.255055,0.8904231274266234,2.130692051488852,0.018099146987238985,8,15.164258427643505,0.009425386803829051,20.136195700340338,0.953044632771952,0.7868993525630612,0.00476276986830849,"[1493, 1455, 1434, 1477, 1499]","[0.7839716682664978, 0.7942771180202656, 0.7855148844303104, 0.7806867286391371, 0.7900463634590954]",COMPLETE
6,0.8400498956270003,2026-08-27 04:42:36.877240,2026-08-27 04:43:10.096024,0 days 00:00:33.218784,0.7970893967426577,0.46120338258524907,0.01918354750824495,10,0.7811624819629674,6.963704487425356,0.47063847559435423,0.782598566894961,0.8400498956270003,0.0019287298978352344,"[1499, 1500, 1500, 1497, 1498]","[0.8414607505190824, 0.8391640748017144, 0.8411949624153326, 0.8366536922705676, 0.8417759981283046]",COMPLETE
7,0.8524069854188573,2026-08-27 04:43:10.096363,2026-08-27 04:43:34.020485,0 days 00:00:23.924122,0.7269413610677277,1.266165560263202,0.022953302153308094,10,1.7604099383967902,2.041568273325791e-06,2.5538276254965817,0.6529433178954122,0.8524069854188573,0.0029300522394721975,"[1499, 1500, 1500, 1498, 1500]","[0.8532347092670604, 0.8570546989448137, 0.8532332346254434, 0.8490310330331802, 0.8494812512237885]",COMPLETE
8,0.825698853754715,2026-08-27 04:43:34.020819,2026-08-27 04:43:52.996223,0 days 00:00:18.975404,0.9645659651689448,0.047573401053791486,0.11851328676362981,3,20.063522776432464,0.34420918881100815,4.715832950352583,0.7074625481911713,0.825698853754715,0.0013811129444137944,"[1496, 1498, 1499, 1497, 1499]","[0.823039362378554, 0.8256758362222968, 0.8266135085131768, 0.8267626323855684, 0.8264029292739786]",COMPLETE
9,0.725322325680499,2026-08-27 04:43:52.996531,2026-08-27 04:44:07.822819,0 days 00:00:14.826288,0.837631051781117,1.8972954750065205,0.033391708755025735,3,8.12005959578132,2.437950567013768,6.697837558293906,0.8256997968048689,0.725322325680499,0.005065283426265269,"[1499, 1500, 1500, 1500, 1500]","[0.7155863855272949, 0.7296965508244369, 0.7253869144107202, 0.7283765731512518, 0.7275652044887914]",COMPLETE
10,0.7806728194152078,2026-08-27 04:44:07.823143,2026-08-27 04:44:17.909488,0 days 00:00:10.086345,0.6025554256995838,2.9869578392012968,0.17115128841996644,6,0.8625345056254972,1.239446148413562e-09,0.9684799729031198,0.8154186866999962,0.7806728194152078,0.0053044512680905775,"[1456, 1500, 1444, 1466, 1485]","[0.775360065147492, 0.7905219592996625, 0.7770037001696971, 0.7793401338429272, 0.7811382386162599]",COMPLETE
11,0.855577405767691,2026-08-27 04:44:17.909800,2026-08-27 04:44:38.317289,0 days 00:00:20.407489,0.7068708218135153,1.1015819037394388,0.04809950013571818,10,2.000151976177787,4.514632609962317e-05,5.019540607508096,0.6132599083973347,0.855577405767691,0.003296739835880358,"[1499, 1498, 1500, 1500, 1500]","[0.8541554286377467, 0.8618660104452958, 0.8521741325623303, 0.8550916233933917, 0.854599833799691]",COMPLETE
12,0.8523819630924319,2026-08-27 04:44:38.317601,2026-08-27 04:44:58.682152,0 days 00:00:20.364551,0.6782743329282878,1.0252076108694772,0.05449774578204275,9,5.024974615071706,0.0009910433108845519,8.210034909208419,0.6446773085991204,0.8523819630924319,0.0007096512966581492,"[1499, 1500, 1500, 1500, 1500]","[0.8512697960364358, 0.8533548261846825, 0.8519638769204422, 0.8527081383067819, 0.8526131780138173]",COMPLETE
13,0.8621288094084342,2026-08-27 04:44:58.682489,2026-08-27 04:45:15.088385,0 days 00:00:16.405896,0.6725320077667093,0.7848649789462945,0.19639010434181664,10,1.334503164197373,6.501336646332095e-05,11.389015447500912,0.6021768360536973,0.8621288094084342,0.003677843031397463,"[1439, 1500, 1464, 1488, 1446]","[0.857566823594473, 0.8675575788447838, 0.8649092307954834, 0.861523320071318, 0.8590870937361128]",COMPLETE
14,0.8594792985887171,2026-08-27 04:45:15.088694,2026-08-27 04:45:30.256337,0 days 00:00:15.167643,0.6067985020666221,0.7357192839349284,0.1748224970113755,8,0.5629506277333849,0.007366281502087388,15.167077457961938,0.7251257998024343,0.8594792985887171,0.004204691285366651,"[1456, 1500, 1500, 1497, 1441]","[0.8543761262007675, 0.8620971922866408, 0.8578040657892916, 0.8568670030373869, 0.8662521056294987]",COMPLETE
15,0.8664305822992168,2026-08-27 04:45:30.256661,2026-08-27 04:45:59.397862,0 days 00:00:29.141201,0.6536074054839038,0.014190871821646578,0.19817774165410926,9,27.489547649192218,7.749040818304145e-07,11.633131249215683,0.8690856269930812,0.8664305822992168,0.003221798539986879,"[742, 775, 706, 774, 757]","[0.8602102123589516, 0.8691450613307729, 0.8684361146007834, 0.8665930402542074, 0.8677684829513687]",COMPLETE
16,0.8635484001383708,2026-08-27 04:45:59.398177,2026-08-27 04:46:35.879704,0 days 00:00:36.481527,0.6390519450381702,0.020524823242183767,0.13177796734730307,8,29.266819628702436,2.2588770720502548e-07,3.0830473334047306,0.8586927017191538,0.8635484001383708,0.005284640843285428,"[1175, 1275, 1022, 1138, 1116]","[0.8538530242700046, 0.8699427568577951, 0.865511494169409, 0.8642056763120154, 0.8642290490826295]",COMPLETE
17,0.8750890212014643,2026-08-27 04:46:35.880028,2026-08-27 04:46:54.718001,0 days 00:00:18.837973,0.7462766269481121,0.262938132752185,0.11559880571167458,9,8.540761076488415,2.172213690433863e-09,2.083558458304227,0.8864095686072445,0.8750890212014643,0.001836492635583828,"[1456, 1356, 1438, 1498, 1448]","[0.8720278293632334, 0.877243311659892, 0.8750846874191772, 0.874440902036029, 0.8766483755289892]",COMPLETE
18,0.8337050363892743,2026-08-27 04:46:54.718332,2026-08-27 04:47:08.447375,0 days 00:00:13.729043,0.7685876627442525,1.4557408989094207,0.0782463128351522,6,7.513754202666461,3.0898501493733272e-09,1.1357101578547972,0.7667214138864583,0.8337050363892743,0.0033563797825895293,"[1498, 1500, 1500, 1500, 1490]","[0.8348286799752946, 0.8395367927629177, 0.8311125514419472, 0.8330753483586388, 0.8299718094075733]",COMPLETE
19,0.8339082702362663,2026-08-27 04:47:08.447702,2026-08-27 04:47:17.730016,0 days 00:00:09.282314,0.8425310595120723,0.7312884368852899,0.13279314941400044,7,4.053989981004542,1.3760240810671025e-08,0.35425072033627353,0.9967124142755496,0.8339082702362663,0.005739261001173555,"[1141, 1400, 1122, 877, 373]","[0.8300982510609815, 0.8443134980009951, 0.8342790844943804, 0.8274663457624243, 0.8333841718625502]",COMPLETE
20,0.8738338150445074,2026-08-27 04:47:17.730327,2026-08-27 04:47:41.765264,0 days 00:00:24.034937,0.705568621452069,0.31089772099195145,0.06418949709826452,9,9.115994902439157,0.09095647740042732,2.2641434467107167,0.8681238025780942,0.8738338150445074,0.0036197223723601277,"[1499, 1500, 1497, 1495, 1500]","[0.8674072795896078, 0.877130772094552, 0.8745725627695178, 0.8772583426125209, 0.8728001181563387]",COMPLETE
21,0.8707419853410616,2026-08-27 04:47:41.765587,2026-08-27 04:48:02.294038,0 days 00:00:20.528451,0.7156866437123837,0.34181595694196115,0.06857798114488887,9,8.748670161501403,0.48317265512657953,1.9422836377699944,0.8782041330301507,0.8707419853410616,0.0029184940062849125,"[1476, 1500, 1489, 1495, 1500]","[0.8654213554451428, 0.8728646745073253, 0.8712513065370576, 0.8738037611131747, 0.8703688291026084]",COMPLETE
22,0.8696105782425281,2026-08-27 04:48:02.294357,2026-08-27 04:48:23.825093,0 days 00:00:21.530736,0.739912759336613,0.34106308655449113,0.06651217468208913,9,11.554094959194167,0.15851927368239083,1.9222542302610328,0.900149073766403,0.8696105782425281,0.003591492073685975,"[1488, 1497, 1497, 1475, 1478]","[0.8624697061036463, 0.8708803097188609, 0.8716313977063455, 0.8719793635024183, 0.8710921141813701]",COMPLETE
23,0.874165314689672,2026-08-27 04:48:23.825405,2026-08-27 04:48:47.992761,0 days 00:00:24.167356,0.8161400869086647,0.2298959367723586,0.10357567616016997,8,9.825653021639553,0.03367336652018941,1.616281742805327,0.8224550556193101,0.874165314689672,0.0019471328307613521,"[1353, 1492, 1440, 1498, 1467]","[0.870976262295211, 0.8758762802355341, 0.8747782326995494, 0.8761962179105897, 0.8729995803074764]",COMPLETE
24,0.8631252767140254,2026-08-27 04:48:47.993089,2026-08-27 04:49:04.487624,0 days 00:00:16.494535,0.8500368212761793,0.6478612884614297,0.10408414139034529,7,11.4194089410537,0.011601566918598627,0.6463820045841848,0.8172555698933346,0.8631252767140254,0.002532073935494102,"[1459, 1500, 1500, 1497, 1498]","[0.8602555070438783, 0.8669672320336078, 0.8609104383108152, 0.8624459895143435, 0.865047216667482]",COMPLETE
25,0.8641723682409594,2026-08-27 04:49:04.487936,2026-08-27 04:49:45.735654,0 days 00:00:41.247718,0.8156322899320291,0.19348598583840332,0.03376207213703955,8,16.79796399788668,0.0544165872863283,1.386114759754914,0.7615666242320015,0.8641723682409594,0.004055739213461674,"[1500, 1500, 1500, 1500, 1500]","[0.8563978000334806, 0.8657398114419039, 0.8656993489702233, 0.8647716404971346, 0.8682532402620552]",COMPLETE
26,0.8581847782022303,2026-08-27 04:49:45.735981,2026-08-27 04:49:59.061545,0 days 00:00:13.325564,0.8981480418851177,0.949955346389509,0.10264804653521425,8,3.707821157244363,0.0003824362507556758,3.271475386017675,0.8380099865899632,0.8581847782022303,0.0014643316524585734,"[1495, 1500, 1500, 1495, 1467]","[0.8557911550918963, 0.859659431095002, 0.8588122634595917, 0.8594216402230451, 0.8572394011416162]",COMPLETE
27,0.8669677243053607,2026-08-27 04:49:59.061851,2026-08-27 04:50:23.602963,0 days 00:00:24.541112,0.7600053655625387,0.5912999703320375,0.039562476336283556,7,5.984494598696171,0.0011105988818385128,0.6872518464735312,0.7895756603797992,0.8669677243053607,0.002156591556363364,"[1498, 1500, 1500, 1500, 1498]","[0.8647350137004249, 0.8700197508790845, 0.8685430868154288, 0.8644277080187422, 0.867113062113123]",COMPLETE
28,0.8759823653487171,2026-08-27 04:50:23.603357,2026-08-27 04:50:51.582916,0 days 00:00:27.979559,0.9035571214411334,0.16307760375610608,0.06440850471552748,9,9.356929348314193,0.03078720565945149,1.7914082629340526,0.92788520711102,0.8759823653487171,0.003115812958568258,"[1498, 1500, 1497, 1495, 1424]","[0.8712467208252009, 0.8808169647917353, 0.8764726874001837, 0.8767665530188201, 0.874608900707646]",COMPLETE
29,0.8759012178756664,2026-08-27 04:50:51.583270,2026-08-27 04:51:12.032015,0 days 00:00:20.448745,0.9177835330770112,0.174106856033297,0.08240518340999604,9,10.099523253467344,1.5900935063071773,1.4202338879009222,0.9241458984244015,0.8759012178756664,0.002599398178824397,"[1475, 1497, 1462, 1495, 1499]","[0.871063494093435, 0.877513770189882, 0.876903929463674, 0.8755452457823293, 0.8784796498490116]",COMPLETE
30,0.8422666173429768,2026-08-27 04:51:12.032339,2026-08-27 04:51:25.009499,0 days 00:00:12.977160,0.9256774211214311,0.8704176806234408,0.0867007426495319,9,17.615678469659315,0.912619853645507,0.2565511024442974,0.9279628822484165,0.8422666173429768,0.0038530008015732484,"[1456, 1463, 1494, 1477, 1481]","[0.834640867531672, 0.8452027645367085, 0.8439348814733242, 0.8435452229951452, 0.8440093501780338]",COMPLETE
31,0.8444892536820395,2026-08-27 04:51:25.009818,2026-08-27 04:51:38.369343,0 days 00:00:13.359525,0.8900715317553145,0.17942344583682485,0.11321933353495126,8,11.870956011452801,7.899617664387512,1.5208346220440563,0.9649585431081329,0.8444892536820395,0.0023454628545513147,"[1500, 1472, 1500, 1495, 1489]","[0.8484548082443594, 0.8425934890318554, 0.8458785796459103, 0.8423899218542926, 0.8431294696337804]",COMPLETE
32,0.8685140538192939,2026-08-27 04:51:38.369678,2026-08-27 04:52:08.755869,0 days 00:00:30.386191,0.942676755303653,0.21161042326574936,0.07423148918991787,9,22.165997395137644,0.031315264630833645,0.9314326575690436,0.909675369976811,0.8685140538192939,0.003401811741248094,"[1500, 1483, 1500, 1473, 1459]","[0.8627715751114176, 0.8702387696562904, 0.8675663419801016, 0.868912950740499, 0.8730806316081611]",COMPLETE
33,0.8683792456264028,2026-08-27 04:52:08.756184,2026-08-27 04:52:26.447147,0 days 00:00:17.690963,0.9103274874490116,0.45624620808148064,0.09241418546947341,8,9.89521112813443,0.0023840731945147815,4.02067526434441,0.884449035166676,0.8683792456264028,0.0032475268336318703,"[1495, 1494, 1497, 1495, 1494]","[0.8629894081055881, 0.8726108453235168, 0.86990839709678, 0.866896045474745, 0.8694915321313839]",COMPLETE
34,0.8582389528214728,2026-08-27 04:52:26.447473,2026-08-27 04:52:37.473184,0 days 00:00:11.025711,0.86212959718046,0.5654177682075594,0.1518842040197946,10,6.099993119114918,1.3727077453139833e-05,1.561814380642602,0.972546088847288,0.8582389528214728,0.0038580852013213596,"[1458, 1495, 772, 1499, 1499]","[0.8523571127927068, 0.861942469106614, 0.8588750844151541, 0.8555087498241841, 0.8625113479687047]",COMPLETE
35,0.8722002712315845,2026-08-27 04:52:37.473496,2026-08-27 04:52:58.766003,0 days 00:00:21.292507,0.8100029298045003,0.17607982394743638,0.057010858584817074,7,3.971121098849584,1.7576291074546322,0.683470361192524,0.9424240064805532,0.8722002712315845,0.003177800267574092,"[1497, 1497, 1500, 1485, 1499]","[0.8666517253200806, 0.8748264766677099, 0.8730147272611116, 0.8754817489688852, 0.8710266779401348]",COMPLETE
36,0.780443126057452,2026-08-27 04:52:58.766326,2026-08-27 04:53:09.494296,0 days 00:00:10.727970,0.9817231978849792,2.7487401913156297,0.08982640409595438,6,2.990249280584988,4.132132693963929e-06,1.2355485254037823,0.9140461488336601,0.780443126057452,0.0028068367214458424,"[1418, 1458, 1489, 1477, 1499]","[0.7803365841063252, 0.782549928598831, 0.7785809872359432, 0.776407669204036, 0.7843404611421247]",COMPLETE
37,0.8667746128218073,2026-08-27 04:53:09.494625,2026-08-27 04:53:22.851195,0 days 00:00:13.356570,0.8674037391984981,0.49783530413082216,0.12276122262746605,10,5.2572706663202045,0.02562594847196976,2.8622239421249454,0.932375805011315,0.8667746128218073,0.0028249760510775097,"[1494, 1497, 1493, 1480, 1377]","[0.8626846321717748, 0.8694472191971254, 0.870135239727658, 0.8646093045351432, 0.8669966684773353]",COMPLETE
38,0.8771675086250916,2026-08-27 04:53:22.851522,2026-08-27 04:53:41.065225,0 days 00:00:18.213703,0.93813156925849,0.2736613551856823,0.10031978723371286,9,6.815700128823182,0.14729646187469195,0.46788856796196493,0.8924225652853496,0.8771675086250916,0.0037481109568515054,"[1460, 1500, 1497, 1500, 1449]","[0.8702131730305932, 0.8810437650654214, 0.8766244612969766, 0.879012366700567, 0.8789437770319002]",COMPLETE
39,0.8709363869372642,2026-08-27 04:53:41.065547,2026-08-27 04:54:01.222344,0 days 00:00:20.156797,0.9483657085002307,0.3907145241727707,0.07876808535802723,9,13.861935169574851,4.864594119581704e-08,0.1255083073345048,0.8878213075673229,0.8709363869372642,0.0027116823912514483,"[1495, 1500, 1454, 1500, 1500]","[0.8659893014152452, 0.8719693476181383, 0.8737720026736454, 0.8703347785540196, 0.8726165044252725]",COMPLETE
40,0.839738182940445,2026-08-27 04:54:01.222664,2026-08-27 04:54:14.962006,0 days 00:00:13.739342,0.9986174516811182,1.347971371267619,0.05561247359334463,10,7.016721571809928,2.0122101247024515,0.325677351616332,0.8462516264518701,0.839738182940445,0.0035286445604775936,"[1481, 1498, 1500, 1495, 1482]","[0.8357194211526249, 0.8399227401414814, 0.8409951910517689, 0.8364896502414071, 0.8455639121149424]",COMPLETE
41,0.8786872697443442,2026-08-27 04:54:14.962333,2026-08-27 04:54:33.664992,0 days 00:00:18.702659,0.9255517550827884,0.151445675225869,0.10307203944162678,9,7.060975218534914,0.19146783899566103,0.5207717991609646,0.9588046540630358,0.8786872697443442,0.003933908320236887,"[1498, 1494, 1454, 1474, 1499]","[0.8726061748972764, 0.8785021850865687, 0.8776263097552217, 0.8798613536197027, 0.8848403253629512]",COMPLETE
42,0.8810320172295689,2026-08-27 04:54:33.665288,2026-08-27 04:54:50.938817,0 days 00:00:17.273529,0.9214776573823018,0.10642662702366446,0.15327631216486937,9,7.013110183282827,0.30746871869994175,0.18455137497022647,0.9529213709820022,0.8810320172295689,0.0024118302610277734,"[1414, 1467, 1497, 1472, 1499]","[0.8810888556061505, 0.8833481028494555, 0.8793312487341804, 0.8774866846701501, 0.8839051942879083]",COMPLETE
43,0.8819465402331472,2026-08-27 04:54:50.939142,2026-08-27 04:55:12.474937,0 days 00:00:21.535795,0.9248488050803509,0.0028172764960247287,0.15569158037441488,9,6.479833233524313,0.24979500393990256,0.21239121810304054,0.9539029439494215,0.8819465402331472,0.003318768330687482,"[447, 516, 372, 418, 419]","[0.8768527362122797, 0.8858071214563245, 0.8793341980174142, 0.8838404056879496, 0.8838982397917681]",COMPLETE
44,0.8861343607023449,2026-08-27 04:55:12.475264,2026-08-27 04:55:28.599855,0 days 00:00:16.124591,0.9610443932753171,0.04484555459140935,0.14677224838042968,10,3.2055025879334256,0.20172518317120286,0.16478488521827642,0.9851398025911507,0.8861343607023449,0.0018221630360538024,"[1223, 1351, 460, 1213, 1403]","[0.8831843700327213, 0.8889015350579066, 0.8860834361955904, 0.8859258228354965, 0.8865766393900089]",COMPLETE
45,0.8883825126099829,2026-08-27 04:55:28.600198,2026-08-27 04:55:44.274916,0 days 00:00:15.674718,0.9722037697949377,0.008931907202626266,0.14762515896056433,10,2.461889341097133,0.18309087346287928,0.16920015134750324,0.98472289760005,0.8883825126099829,0.002187905065740601,"[281, 321, 245, 296, 264]","[0.8894107104243322, 0.8920410392002177, 0.8860773334849249, 0.8863723177442705, 0.8880111621961694]",COMPLETE
46,0.8850207291910401,2026-08-27 04:55:44.275246,2026-08-27 04:55:58.371415,0 days 00:00:14.096169,0.9695673687651456,0.033949120465310595,0.15406256161095544,10,2.327966353268698,0.3289873033179792,0.18302234886341742,0.9968163177634469,0.8850207291910401,0.0010432610875975702,"[364, 1401, 685, 1493, 1427]","[0.8850350225549994, 0.8867609300906069, 0.8850289622015258, 0.8847950306780245, 0.8834837004300434]",COMPLETE
47,0.8869229676644472,2026-08-27 04:55:58.371736,2026-08-27 04:56:12.724073,0 days 00:00:14.352337,0.9741778130684731,0.04007029345848031,0.15507758072671712,10,2.6348447187185493,0.6752129962673824,0.16279881372894608,0.9888059261710743,0.8869229676644472,0.0013623900581145713,"[1437, 953, 695, 1480, 1066]","[0.8860385497990592, 0.8892501733922215, 0.8874518999043732, 0.8852818052033763, 0.8865924100232062]",COMPLETE
48,0.8753832566006752,2026-08-27 04:56:12.724400,2026-08-27 04:56:25.230433,0 days 00:00:12.506033,0.9708703637889466,0.025005388090370666,0.16695325848924206,10,1.5116804587139485,4.133181301930363,0.10417228621425464,0.998439823259808,0.8753832566006752,0.0021358814404175363,"[638, 664, 1460, 1075, 1461]","[0.8752847476413225, 0.8793900193378571, 0.873566128599416, 0.8751307064206048, 0.8735446810041755]",COMPLETE
49,0.8876818984032537,2026-08-27 04:56:25.230745,2026-08-27 04:56:40.126172,0 days 00:00:14.895427,0.9560253403399127,0.02102543446041491,0.1398625477652813,10,2.4733402838574143,0.703279929419113,0.18613840213232655,0.9806477731181086,0.8876818984032537,0.0014788428501773133,"[391, 1496, 268, 692, 955]","[0.8854180206503294, 0.8899801310360514, 0.8881428697181396, 0.8871238350882472, 0.8877446355235014]",COMPLETE
