number,value,datetime_start,datetime_complete,duration,params_colsample_bytree,params_gamma,params_learning_rate,params_max_depth,params_min_child_weight,params_reg_alpha,params_reg_lambda,params_subsample,user_attrs_cv_mean,user_attrs_cv_std,user_attrs_fold_best_iterations,user_attrs_fold_scores,state
152,0.888282219164877,2026-08-27 05:24:47.626789,2026-08-27 05:25:00.430907,0 days 00:00:12.804118,0.9809634397990065,0.056619369245358216,0.15541716429207675,10,0.9973968095547238,3.805018866422894e-05,0.15502381191779935,0.9572652882085493,0.888282219164877,0.0014872697983401727,"[462, 564, 902, 664, 922]","[0.8906577096454517, 0.8890998741370456, 0.88681650490966, 0.8866741867520416, 0.8881628203801862]",COMPLETE
153,0.8899927672824506,2026-08-27 05:25:00.431234,2026-08-27 05:25:20.070000,0 days 00:00:19.638766,0.9662144916158231,0.00048470687203623066,0.12858219537075985,10,1.0002453247523115,0.0023356625736865922,0.14904185802792747,0.9590182060645756,0.8899927672824506,0.0024620662494661176,"[276, 295, 246, 260, 242]","[0.8907207771024036, 0.89382567498231, 0.8903000193172375, 0.8888124229350581, 0.8863049420752439]",COMPLETE
154,0.8865228828083987,2026-08-27 05:25:20.070328,2026-08-27 05:25:34.019223,0 days 00:00:13.948895,0.9518955892167476,0.06250496375194944,0.14242311633198526,10,0.6084982567955851,0.001833041866772911,0.14759895898731615,0.9582817466355729,0.8865228828083987,0.0019482632639313262,"[384, 1497, 1332, 1097, 537]","[0.8834743224777432, 0.8878214644381449, 0.8877432846338201, 0.8850031533924713, 0.8885721890998138]",COMPLETE
155,0.8838548531305876,2026-08-27 05:25:34.019553,2026-08-27 05:25:49.422694,0 days 00:00:15.403141,0.9660609397365902,0.1700076010842296,0.12015448959848211,10,0.9969785054973593,0.0009163705818019401,0.12755676095132937,0.9241260247388744,0.8838548531305876,0.0014715166127566045,"[1456, 1497, 1433, 1480, 1480]","[0.8815125626745504, 0.8853729724667921, 0.8827697149582208, 0.8849428100064586, 0.8846762055469166]",COMPLETE
156,0.8838283428769307,2026-08-27 05:25:49.423016,2026-08-27 05:26:03.920145,0 days 00:00:14.497129,0.9812282009620608,0.12288001818702535,0.1311171393866117,10,0.9129021125639207,0.0037997035211318198,0.22416031593822838,0.9638175256673905,0.8838283428769307,0.0016894831159346292,"[1134, 1455, 889, 1480, 1480]","[0.8842524817325419, 0.8834126873052162, 0.8830852216717479, 0.8816366554768238, 0.8867546681983235]",COMPLETE
157,0.8747814689825795,2026-08-27 05:26:03.920471,2026-08-27 05:26:14.550442,0 days 00:00:10.629971,0.9616541359522071,0.23292361200183564,0.19005415460562766,10,1.217749130795716,0.0021867151134124393,0.18647927995211833,0.9775286185833238,0.8747814689825795,0.0004596873864721528,"[1497, 1495, 1450, 590, 705]","[0.8749840644165868, 0.874555975780528, 0.8754691601561239, 0.8748170234220928, 0.8740811211375653]",COMPLETE
158,0.8872566109496312,2026-08-27 05:26:14.550751,2026-08-27 05:26:33.169979,0 days 00:00:18.619228,0.9737000410702037,0.059959141127467364,0.10287234537712936,9,0.9915359222101736,0.00900114985758874,0.15618701315435643,0.9561038046832617,0.8872566109496312,0.0016567726454900535,"[461, 1153, 1303, 1480, 1404]","[0.8852002300133505, 0.8869712280896868, 0.8887226898937995, 0.885839523105841, 0.8895493836454779]",COMPLETE
159,0.8887349898266784,2026-08-27 05:26:33.170300,2026-08-27 05:26:50.422067,0 days 00:00:17.251767,0.9992990126654266,0.06784830587152561,0.10514490581578627,10,0.9817737513547615,0.010753093398878864,0.1432174583867239,0.8012569325236186,0.8887349898266784,0.002026784133388359,"[606, 570, 511, 906, 334]","[0.8895250134898705, 0.8892860077948533, 0.8847480193932115, 0.8897299995228606, 0.8903859089325957]",COMPLETE
160,0.8864508430291675,2026-08-27 05:26:50.422379,2026-08-27 05:27:05.020448,0 days 00:00:14.598069,0.9997600503688965,0.083814545323499,0.1255261632288057,10,1.0642092326126642,0.01244985025639987,0.14954648633423132,0.6920140795379914,0.8864508430291675,0.002074941186416302,"[411, 303, 239, 336, 505]","[0.8868060206313357, 0.8901363288576952, 0.8840690508565782, 0.885001291751554, 0.8862415230486738]",COMPLETE
161,0.890386647255753,2026-08-27 05:27:05.020773,2026-08-27 05:27:23.190039,0 days 00:00:18.169266,0.9822948290138583,0.05388146342528346,0.0983206021014603,10,0.8715770440015672,0.005308433011224737,0.13267513095982522,0.7888020533689747,0.890386647255753,0.0028056904626976207,"[398, 423, 313, 506, 724]","[0.8870779538029426, 0.8894032177864335, 0.8880844303302363, 0.8941321737292673, 0.893235460629885]",COMPLETE
162,0.8876724057948436,2026-08-27 05:27:23.190356,2026-08-27 05:27:40.384311,0 days 00:00:17.193955,0.984920523513084,0.06489865586681187,0.10448066453175217,10,1.022680679067376,0.00919343594987502,0.1538634569801855,0.7211845791988534,0.8876724057948436,0.0019235978877281028,"[338, 357, 329, 346, 388]","[0.8864861747073416, 0.8901737996889499, 0.8898449017710565, 0.8857955202074287, 0.8860616325994419]",COMPLETE
163,0.8859869720746723,2026-08-27 05:27:40.384639,2026-08-27 05:27:57.370241,0 days 00:00:16.985602,0.9840019573847079,0.16712406346053454,0.11145869377926407,10,0.8319731897472991,0.006967241753692928,0.13379267660934532,0.7981082668268665,0.8859869720746723,0.00243398076092265,"[1500, 1500, 1107, 837, 1383]","[0.8849524611830156, 0.8900237469351636, 0.886498091270091, 0.8859365006134711, 0.8825240603716201]",COMPLETE
164,0.8894428258575328,2026-08-27 05:27:57.370569,2026-08-27 05:28:15.069642,0 days 00:00:17.699073,0.9865791616501238,0.1119683271785933,0.1145008055131577,10,0.9217985296942085,0.00540081614468781,0.19973587985372973,0.7500602114118419,0.8894428258575328,0.0020367289010555997,"[744, 1242, 706, 630, 1463]","[0.8898434694866314, 0.8890803802220137, 0.8871424959015116, 0.8930838024458683, 0.888063981231639]",COMPLETE
165,0.8870433964532696,2026-08-27 05:28:15.069966,2026-08-27 05:28:31.272576,0 days 00:00:16.202610,0.9995334782383276,0.1027835920824488,0.1201155535703822,10,0.76808925050002,0.008246455353619207,0.197634625708976,0.7404856698922498,0.8870433964532696,0.0023181886976936087,"[868, 1146, 693, 422, 502]","[0.8847000642836323, 0.8906620912131106, 0.8859002094638244, 0.8851107308912017, 0.8888438864145787]",COMPLETE
166,0.8858199147742036,2026-08-27 05:28:31.272902,2026-08-27 05:28:56.836360,0 days 00:00:25.563458,0.9911560626685034,0.21296822154179298,0.052787246553873304,10,0.6758400545118902,0.004996250910532813,0.25750130538453286,0.7436543111444871,0.8858199147742036,0.0010828009151493839,"[1469, 1500, 1483, 1496, 1473]","[0.8838483109363655, 0.8864169621825323, 0.8860639422805586, 0.8857069445562011, 0.8870634139153607]",COMPLETE
167,0.8869917760600294,2026-08-27 05:28:56.836690,2026-08-27 05:29:15.023796,0 days 00:00:18.187106,0.9815673548759203,0.14285849251791613,0.0999464252789866,10,0.9291033949613386,0.016301148741060534,0.21953973165061197,0.8094057644000369,0.8869917760600294,0.0018896312962415809,"[1009, 1494, 1305, 960, 983]","[0.8855096340162123, 0.8892682350228283, 0.8841126667556901, 0.8881118629856338, 0.8879564815197826]",COMPLETE
168,0.8239798183012471,2026-08-27 05:29:15.024127,2026-08-27 05:29:25.925445,0 days 00:00:10.901318,0.9879473455432831,2.9635541474349454,0.11478046947289422,10,0.8942119152764232,0.005623156646233146,0.18525920026436926,0.7544678317371055,0.8239798183012471,0.0041660695650179436,"[1439, 1500, 1445, 1435, 1316]","[0.8244037757354513, 0.8311172642253792, 0.8187738425084902, 0.8211018691797763, 0.8245023398571384]",COMPLETE
169,0.8877323164398891,2026-08-27 05:29:25.925758,2026-08-27 05:29:39.678481,0 days 00:00:13.752723,0.9702095737763647,0.0650910341086776,0.12803434968855984,10,1.0609265152782548,0.024746139904948578,0.16411041415428357,0.7763076643612401,0.8877323164398891,0.003432336387074122,"[234, 302, 414, 273, 280]","[0.8836005421060307, 0.8930881823433895, 0.8844700682253227, 0.88828852222056, 0.8892142673041429]",COMPLETE
170,0.8886338566390611,2026-08-27 05:29:39.678805,2026-08-27 05:29:56.448246,0 days 00:00:16.769441,0.9693432286044064,0.06628885915281961,0.10679477646137384,10,1.063881579423861,0.01820064815369921,0.13353387239614495,0.7202159906072463,0.8886338566390611,0.003016282367959084,"[358, 367, 278, 553, 284]","[0.8889736968659497, 0.8938076557088953, 0.8889526859521092, 0.8865823798865083, 0.8848528647818427]",COMPLETE
171,0.8902440576105815,2026-08-27 05:29:56.448559,2026-08-27 05:30:12.276430,0 days 00:00:15.827871,0.9705869074284004,0.06484432680777659,0.11347050690514661,10,1.2716705732878424,0.024665069007918657,0.14196283918974187,0.7794136963977637,0.8902440576105815,0.0031245774615094872,"[268, 470, 333, 336, 492]","[0.8862892679126279, 0.8949071778864969, 0.8875420809858312, 0.8922757427845874, 0.8902060184833639]",COMPLETE
172,0.8882267984021361,2026-08-27 05:30:12.276762,2026-08-27 05:30:29.494336,0 days 00:00:17.217574,0.9665265451719156,0.08357439811463438,0.1051440130870472,10,1.057096405740226,0.028680099739529893,0.12703730254350176,0.7708965681542228,0.8882267984021361,0.0023327009139829497,"[432, 575, 430, 725, 963]","[0.886361387363479, 0.8917932703698829, 0.8855381799251433, 0.8900034806916688, 0.8874376736605072]",COMPLETE
173,0.8876765242352229,2026-08-27 05:30:29.494653,2026-08-27 05:30:46.095926,0 days 00:00:16.601273,0.9689166173556106,0.11945666977041094,0.1067809140944257,10,0.819883425092805,0.02321718247241093,0.12826461995380165,0.7752801739229614,0.8876765242352229,0.001560424142167854,"[731, 668, 451, 1092, 1116]","[0.8861046088964368, 0.889108883773753, 0.8883127052455393, 0.8893155379480101, 0.8855408853123755]",COMPLETE
174,0.8857480902516759,2026-08-27 05:30:46.096237,2026-08-27 05:31:03.844431,0 days 00:00:17.748194,0.9598901900791816,0.17945916880989043,0.1166544525869287,10,1.264217364448463,0.0478320256753694,0.10097694041667847,0.7853310063045901,0.8857480902516759,0.0017463374665974672,"[1495, 1454, 1304, 1470, 1365]","[0.885418063007521, 0.8881384881504809, 0.8827607053215133, 0.8864005500094855, 0.8860226447693784]",COMPLETE
175,0.8845749803241351,2026-08-27 05:31:03.844761,2026-08-27 05:31:20.426039,0 days 00:00:16.581278,0.972043404003878,0.23619815291610993,0.12340192869976976,10,1.1166423113506974,0.02818037331380529,0.13752903407838415,0.7736664084325654,0.8845749803241351,0.0009329533975823621,"[1456, 1425, 1500, 1467, 1365]","[0.8844011022019033, 0.8855247887207769, 0.8843935672068127, 0.8855446085942099, 0.883010834896972]",COMPLETE
176,0.889255479442736,2026-08-27 05:31:20.426347,2026-08-27 05:31:39.780522,0 days 00:00:19.354175,0.9664783179171428,0.06914258284129927,0.09985451350141723,10,1.0582865674985895,0.01939966156982198,0.12149074392469532,0.7961927370977466,0.889255479442736,0.0018842408699601507,"[723, 472, 557, 1042, 1039]","[0.8878200745109117, 0.8894738625956679, 0.8865475633784787, 0.8917694743442038, 0.890666422384418]",COMPLETE
177,0.8884477360798181,2026-08-27 05:31:39.780845,2026-08-27 05:31:59.477511,0 days 00:00:19.696666,0.9763615606253833,0.09252974808046456,0.09971940912781525,10,1.0697489976402905,0.06690348409428747,0.11734511565468554,0.7926536460034961,0.8884477360798181,0.003649244814163158,"[424, 1222, 984, 1150, 1384]","[0.8831422287752262, 0.8882586050681031, 0.8864681130767349, 0.8939945023244048, 0.8903752311546212]",COMPLETE
178,0.884969921826231,2026-08-27 05:31:59.477836,2026-08-27 05:32:16.948457,0 days 00:00:17.470621,0.9774338458917963,0.2930775026165854,0.09222834954371024,10,1.3017878477433655,0.05003431443162089,0.12164849309274905,0.7936054405887994,0.884969921826231,0.00317736155012408,"[1500, 1500, 1436, 1500, 1467]","[0.8795191458921868, 0.8883007463255982, 0.8848172319180208, 0.884226479423837, 0.887986005571512]",COMPLETE
179,0.8882326885413653,2026-08-27 05:32:16.948779,2026-08-27 05:32:35.659130,0 days 00:00:18.710351,0.9664531622863848,0.10890761375620607,0.10074787379214037,10,0.9425530438659525,0.01587772250912145,0.11279800691901273,0.8057833656752751,0.8882326885413653,0.0013247067198678773,"[1341, 1426, 1029, 905, 709]","[0.8871965960789479, 0.8898074309398017, 0.8863779743524688, 0.8882143476291414, 0.8895670937064665]",COMPLETE
180,0.8879343972305543,2026-08-27 05:32:35.659447,2026-08-27 05:32:54.419342,0 days 00:00:18.759895,0.9766205961756724,0.1479362819204892,0.10013146631087906,10,0.9161453938936961,0.06754759834741751,0.10763203741007195,0.8047790493345532,0.8879343972305543,0.0012217177978475315,"[1341, 1426, 1410, 1498, 1053]","[0.8871125600653472, 0.8860700026340322, 0.8896061425774291, 0.8884752893790578, 0.8884079914969053]",COMPLETE
181,0.8878032998344038,2026-08-27 05:32:54.419668,2026-08-27 05:33:13.063012,0 days 00:00:18.643344,0.9760768374070177,0.11963935935334488,0.09744852998238154,10,0.9587150275833581,0.08199883357352657,0.10886443701044551,0.8068511532308137,0.8878032998344038,0.0018083077316234863,"[995, 1257, 1003, 980, 934]","[0.8858702312704683, 0.8902880603972964, 0.8860804869123565, 0.8872087652445142, 0.8895689553473837]",COMPLETE
182,0.8862020471563495,2026-08-27 05:33:13.063327,2026-08-27 05:33:31.094521,0 days 00:00:18.031194,0.9694184343083668,0.1828551966391458,0.10043705956801774,10,1.1200410201313464,0.014449007525655831,0.11378035048982686,0.823228359541379,0.8862020471563495,0.0013817999885476259,"[1499, 1245, 1321, 1387, 1365]","[0.8867385716067249, 0.8876578163357944, 0.8845843289336691, 0.8875068331835769, 0.8845226857219827]",COMPLETE
183,0.8873207535066925,2026-08-27 05:33:31.094839,2026-08-27 05:33:47.733304,0 days 00:00:16.638465,0.9946195614350904,0.09131877816345317,0.10909171422745156,10,0.8822653836847035,0.06913756202515334,0.12590030417092124,0.7891490093227095,0.8873207535066925,0.0032973475064615354,"[708, 538, 604, 725, 1029]","[0.8920470995536913, 0.8832893746029707, 0.8852272589234728, 0.8903016264176055, 0.8857384080357219]",COMPLETE
184,0.8868046181878558,2026-08-27 05:33:47.733622,2026-08-27 05:34:06.202514,0 days 00:00:18.468892,0.9657157939171254,0.14812345554088613,0.10425826885520756,10,0.6697890556259534,0.03666987245055951,0.10267180899455207,0.7991742823554094,0.8868046181878558,0.0014393203338057873,"[1359, 1500, 1454, 1435, 1396]","[0.8884810237741303, 0.8874219640682091, 0.8842554310157755, 0.8874961554056026, 0.8863685166755619]",COMPLETE
185,0.8832235251470664,2026-08-27 05:34:06.202835,2026-08-27 05:34:25.035762,0 days 00:00:18.832927,0.9775706325155101,0.22832051166866907,0.09161572093632024,10,0.820245419516595,0.01626290313934569,0.13922598113338236,0.7577679210044044,0.8832235251470664,0.00220769838864741,"[1481, 1404, 1500, 1500, 1482]","[0.8794290071679208, 0.8858176057346488, 0.8841681992175516, 0.8844277254290178, 0.8822750881861925]",COMPLETE
186,0.8890271311983419,2026-08-27 05:34:25.036086,2026-08-27 05:34:42.141835,0 days 00:00:17.105749,0.9549384321147837,0.07119719303541436,0.11190161603914121,10,0.9333662259347172,0.002880890017039354,0.11291883721237242,0.8290082099938844,0.8890271311983419,0.0017989099799912392,"[436, 953, 685, 485, 1240]","[0.8855352729991012, 0.8905675285639938, 0.8898748799644126, 0.8899576161523391, 0.8892003583118627]",COMPLETE
187,0.8882015219762271,2026-08-27 05:34:42.142172,2026-08-27 05:34:57.818140,0 days 00:00:15.675968,0.9545032971219077,0.06576492979255147,0.11163097074813506,10,1.051345890572173,0.012016325455656302,0.12562824036921683,0.7672924128350292,0.8882015219762271,0.0017911997862888117,"[319, 479, 271, 338, 496]","[0.8869862980798678, 0.8896555723286251, 0.8852662467535363, 0.8898657314999321, 0.8892337612191746]",COMPLETE
188,0.8893415455124893,2026-08-27 05:34:57.818458,2026-08-27 05:35:16.666428,0 days 00:00:18.847970,0.9488640373204709,0.06904578820379535,0.11262136233238404,10,1.0350832052053904,0.0025451471645488075,0.11450253373086663,0.8361800825342058,0.8893415455124893,0.0021448231037588,"[819, 953, 693, 1466, 1213]","[0.8865280271062552, 0.8907687745691746, 0.8870913450073089, 0.8919883526234992, 0.8903312282562089]",COMPLETE
189,0.8889499065942241,2026-08-27 05:35:16.666748,2026-08-27 05:35:33.540548,0 days 00:00:16.873800,0.9454456688389126,0.06652689099799002,0.10619783422152633,10,1.370628945459197,0.0025601925495405435,0.11361849188806657,0.8346818688475061,0.8889499065942241,0.002157672433575393,"[446, 423, 423, 747, 633]","[0.8883382595140447, 0.89087082985619, 0.8859376802950791, 0.8877168953258151, 0.8918858679799916]",COMPLETE
190,0.8873142038389874,2026-08-27 05:35:33.540865,2026-08-27 05:35:49.388032,0 days 00:00:15.847167,0.943104082990543,0.05783182830166344,0.11536677164286234,10,1.3074096371689474,0.0031147143358076146,0.11525082264970851,0.840095289060528,0.8873142038389874,0.0019273590661352388,"[312, 479, 292, 754, 398]","[0.8854616789066331, 0.8902023032406893, 0.8848966822197646, 0.8879796987166487, 0.8880306561112011]",COMPLETE
191,0.8883129659005627,2026-08-27 05:35:49.388357,2026-08-27 05:36:06.661126,0 days 00:00:17.272769,0.9484274746374928,0.08272921123491216,0.10600118427655134,10,1.1956525810912204,0.005662669921684432,0.13780728917509216,0.8439957223304203,0.8883129659005627,0.0010750240375213991,"[1103, 506, 564, 831, 893]","[0.8872341092673945, 0.8885124342519114, 0.886953208816272, 0.8891017525239375, 0.8897633246432983]",COMPLETE
192,0.8863026616875018,2026-08-27 05:36:06.661445,2026-08-27 05:36:24.132605,0 days 00:00:17.471160,0.9480518374724605,0.11839110584386003,0.10730594955665887,10,1.179641457839004,0.0013855305762675103,0.14500399553662277,0.8526931060740695,0.8863026616875018,0.002404847975305693,"[827, 1500, 1141, 833, 1382]","[0.8856088247343776, 0.8901618831262005, 0.8826615569605399, 0.8868326438584505, 0.8862483997579398]",COMPLETE
193,0.8608313791378516,2026-08-27 05:36:24.132927,2026-08-27 05:36:36.243135,0 days 00:00:12.110208,0.9543568190073709,1.1198356936609062,0.11232286830006286,10,1.417523396467219,0.0028658829588628387,0.11207717503131139,0.824768530739184,0.8608313791378516,0.0018676725976409412,"[1480, 1500, 1500, 1495, 1478]","[0.8622626462463816, 0.8633982493280047, 0.8597928968597985, 0.8580582163677456, 0.8606448868873272]",COMPLETE
194,0.8894412464156816,2026-08-27 05:36:36.243443,2026-08-27 05:36:55.554584,0 days 00:00:19.311141,0.935817589524667,0.05801058930380705,0.09521105706227709,10,0.9654462038945266,0.004937722217237762,0.13538696630520522,0.8152388647592267,0.8894412464156816,0.0018493263773549339,"[457, 845, 511, 453, 1030]","[0.8886087180440349, 0.8905643751365622, 0.8862922171958617, 0.8916267100841183, 0.8901142116178308]",COMPLETE
195,0.8887442881920306,2026-08-27 05:36:55.554916,2026-08-27 05:37:14.643969,0 days 00:00:19.089053,0.934007494880981,0.055843094437313785,0.09400384727674996,10,1.1904805256224034,0.004128421420304277,0.13916632889895927,0.8129479222125056,0.8887442881920306,0.0017743542788512296,"[457, 469, 458, 694, 491]","[0.8905058933914668, 0.8904427835773231, 0.8883307245189541, 0.8856491104523828, 0.8887929290200264]",COMPLETE
196,0.8858467523135852,2026-08-27 05:37:14.644285,2026-08-27 05:37:32.958630,0 days 00:00:18.314345,0.9345170302797506,0.19463020729463787,0.09309537890690366,10,1.2110222249435607,0.0043972980733310695,0.13814849166120563,0.8349675772200864,0.8858467523135852,0.0023680458534983337,"[1357, 1500, 1500, 1438, 1396]","[0.8854616365494413, 0.8892350610448486, 0.8819766898574387, 0.8855535025181411, 0.8870068715980567]",COMPLETE
197,0.8903558040484209,2026-08-27 05:37:32.958941,2026-08-27 05:37:51.865004,0 days 00:00:18.906063,0.9243898286439156,0.04673339677819218,0.0965039578744038,10,1.1175513902740162,0.006311567363265485,0.10005679746902742,0.8170094187656018,0.8903558040484209,0.0013678036965838055,"[360, 380, 532, 500, 379]","[0.8901348542160782, 0.8924406242845374, 0.889775731603439, 0.8910920538047717, 0.8883357563332779]",COMPLETE
198,0.8916152721459213,2026-08-27 05:37:51.865332,2026-08-27 05:38:11.741500,0 days 00:00:19.876168,0.9220448488657702,0.061977076391204165,0.08919201556684427,10,1.1144873993654265,0.0027094548268723523,0.1022681668168412,0.8170496804076604,0.8916152721459213,0.0016285166683193844,"[559, 804, 564, 630, 585]","[0.890686170839999, 0.8929934155500749, 0.8912163147630733, 0.893863707628808, 0.8893167519476505]",COMPLETE
199,0.8857904509794936,2026-08-27 05:38:11.741827,2026-08-27 05:38:31.218204,0 days 00:00:19.476377,0.9094570380936426,0.16235719774793209,0.08822029224490416,10,1.1211968682387234,0.002956820257439705,0.10253398999528217,0.8171843755499035,0.8857904509794936,0.002026598598602208,"[1348, 1500, 1122, 1401, 1367]","[0.8826135594937689, 0.8868359988246919, 0.8844595839469984, 0.8884117925656138, 0.8866313200663957]",COMPLETE
